2026-04-20 09:27:18,150 [toolkit.py] => config: configs/ewcdlora/imagenet-r.json
2026-04-20 09:27:18,151 [toolkit.py] => device: [device(type='cuda', index=0)]
2026-04-20 09:27:18,154 [toolkit.py] => debug: False
2026-04-20 09:27:18,155 [toolkit.py] => save_ckp: False
2026-04-20 09:27:18,155 [toolkit.py] => seed: 0
2026-04-20 09:27:18,156 [toolkit.py] => dataset: imagenet-r
2026-04-20 09:27:18,156 [toolkit.py] => data_path: data/imagenet-r
2026-04-20 09:27:18,156 [toolkit.py] => load: vit_base_patch16_224_in21k
2026-04-20 09:27:18,156 [toolkit.py] => init_cls: 20
2026-04-20 09:27:18,157 [toolkit.py] => increment: 20
2026-04-20 09:27:18,157 [toolkit.py] => sessions: 10
2026-04-20 09:27:18,157 [toolkit.py] => shuffle: False
2026-04-20 09:27:18,158 [toolkit.py] => method: ewcdlora
2026-04-20 09:27:18,158 [toolkit.py] => optimizer: adam
2026-04-20 09:27:18,158 [toolkit.py] => scheduler: cosine
2026-04-20 09:27:18,158 [toolkit.py] => epochs: 50
2026-04-20 09:27:18,158 [toolkit.py] => lrate: 0.0005
2026-04-20 09:27:18,159 [toolkit.py] => fc_lrate: 0.0005
2026-04-20 09:27:18,159 [toolkit.py] => weight_decay: 0.005
2026-04-20 09:27:18,159 [toolkit.py] => batch_size: 128
2026-04-20 09:27:18,160 [toolkit.py] => rank: 10
2026-04-20 09:27:18,160 [toolkit.py] => num_workers: 4
2026-04-20 09:27:18,160 [toolkit.py] => gamma: 1.0
2026-04-20 09:27:18,160 [toolkit.py] => lambda: 10000000.0
2026-04-20 09:27:18,161 [toolkit.py] => logdir: logs/ewcdlora-l10000000.0-g1.0/imagenet-r/t10
2026-04-20 09:27:18,161 [toolkit.py] => logfilename: logs/ewcdlora-l10000000.0-g1.0/imagenet-r/t10/seed0
2026-04-20 09:27:18,848 [data_manager.py] => Class index order: 0, 1, 2, 3, 4, ..., 195, 196, 197, 198, 199
2026-04-20 09:27:22,779 [trainer.py] => ================================================================================
2026-04-20 09:27:22,781 [base.py] => Task 0 learning on class 0-20
2026-04-20 09:27:24,304 [toolkit.py] => Total params:     103,487,003
2026-04-20 09:27:24,305 [toolkit.py] => Trainable params: 384,020
2026-04-20 09:27:24,305 [toolkit.py] => Trainable ratio:  0.3711%
2026-04-20 09:41:18,715 [ewcdlora.py] => Task 0, Epoch 50/50 => Loss 0.197, Train_accy 94.82
2026-04-20 09:41:18,716 [trainer.py] => Training time: 0h 13m 55s
2026-04-20 09:41:21,251 [trainer.py] => Evaluation time: 0h 0m 2s
2026-04-20 09:41:37,654 [trainer.py] => Accuracy: {'total': 90.09, '00-19': 90.09, 'old': 0, 'new': 90.09}
2026-04-20 09:41:37,655 [trainer.py] => (curve) top1 Acc: [90.09]
2026-04-20 09:41:37,655 [trainer.py] => (curve) top1 Acc with task: [90.09]
2026-04-20 09:41:37,655 [trainer.py] => (curve) top1 Acc task: [100.0]
2026-04-20 09:41:37,656 [trainer.py] => ================================================================================
2026-04-20 09:41:37,656 [trainer.py] => ================================================================================
2026-04-20 09:41:37,657 [base.py] => Task 1 learning on class 20-40
2026-04-20 09:41:37,661 [toolkit.py] => Total params:     103,487,003
2026-04-20 09:41:37,661 [toolkit.py] => Trainable params: 384,020
2026-04-20 09:41:37,661 [toolkit.py] => Trainable ratio:  0.3711%
2026-04-20 09:57:07,775 [ewcdlora.py] => Task 1, Epoch 50/50 => Loss 0.233, Train_accy 93.14
2026-04-20 09:57:07,776 [trainer.py] => Training time: 0h 15m 30s
2026-04-20 09:57:12,119 [trainer.py] => Evaluation time: 0h 0m 4s
2026-04-20 09:57:30,245 [trainer.py] => Accuracy: {'total': 84.7, '00-19': 88.08, '20-39': 81.67, 'old': 88.08, 'new': 81.67}
2026-04-20 09:57:30,245 [trainer.py] => (curve) top1 Acc: [90.09, 84.7]
2026-04-20 09:57:30,246 [trainer.py] => (curve) top1 Acc with task: [90.09, 90.34]
2026-04-20 09:57:30,246 [trainer.py] => (curve) top1 Acc task: [100.0, 90.12]
2026-04-20 09:57:30,246 [trainer.py] => ================================================================================
2026-04-20 09:57:30,246 [trainer.py] => ================================================================================
2026-04-20 09:57:30,247 [base.py] => Task 2 learning on class 40-60
2026-04-20 09:57:30,251 [toolkit.py] => Total params:     103,487,003
2026-04-20 09:57:30,252 [toolkit.py] => Trainable params: 384,020
2026-04-20 09:57:30,252 [toolkit.py] => Trainable ratio:  0.3711%
2026-04-20 10:07:14,308 [ewcdlora.py] => Task 2, Epoch 50/50 => Loss 0.320, Train_accy 90.45
2026-04-20 10:07:14,310 [trainer.py] => Training time: 0h 9m 44s
2026-04-20 10:07:19,652 [trainer.py] => Evaluation time: 0h 0m 5s
2026-04-20 10:07:30,934 [trainer.py] => Accuracy: {'total': 81.52, '00-19': 87.31, '20-39': 80.28, '40-59': 75.0, 'old': 83.6, 'new': 75.0}
2026-04-20 10:07:30,935 [trainer.py] => (curve) top1 Acc: [90.09, 84.7, 81.52]
2026-04-20 10:07:30,935 [trainer.py] => (curve) top1 Acc with task: [90.09, 90.34, 88.68]
2026-04-20 10:07:30,935 [trainer.py] => (curve) top1 Acc task: [100.0, 90.12, 87.51]
2026-04-20 10:07:30,935 [trainer.py] => ================================================================================
2026-04-20 10:07:30,935 [trainer.py] => ================================================================================
2026-04-20 10:07:30,937 [base.py] => Task 3 learning on class 60-80
2026-04-20 10:07:30,941 [toolkit.py] => Total params:     103,487,003
2026-04-20 10:07:30,941 [toolkit.py] => Trainable params: 384,020
2026-04-20 10:07:30,941 [toolkit.py] => Trainable ratio:  0.3711%
2026-04-20 10:20:16,318 [ewcdlora.py] => Task 3, Epoch 50/50 => Loss 0.230, Train_accy 93.52
2026-04-20 10:20:16,319 [trainer.py] => Training time: 0h 12m 45s
2026-04-20 10:20:22,919 [trainer.py] => Evaluation time: 0h 0m 6s
2026-04-20 10:20:37,946 [trainer.py] => Accuracy: {'total': 78.38, '00-19': 86.07, '20-39': 78.89, '40-59': 70.41, '60-79': 75.21, 'old': 79.41, 'new': 75.21}
2026-04-20 10:20:37,947 [trainer.py] => (curve) top1 Acc: [90.09, 84.7, 81.52, 78.38]
2026-04-20 10:20:37,947 [trainer.py] => (curve) top1 Acc with task: [90.09, 90.34, 88.68, 87.91]
2026-04-20 10:20:37,947 [trainer.py] => (curve) top1 Acc task: [100.0, 90.12, 87.51, 83.73]
2026-04-20 10:20:37,947 [trainer.py] => ================================================================================
2026-04-20 10:20:37,947 [trainer.py] => ================================================================================
2026-04-20 10:20:37,949 [base.py] => Task 4 learning on class 80-100
2026-04-20 10:20:37,952 [toolkit.py] => Total params:     103,487,003
2026-04-20 10:20:37,953 [toolkit.py] => Trainable params: 384,020
2026-04-20 10:20:37,953 [toolkit.py] => Trainable ratio:  0.3711%
2026-04-20 10:35:47,956 [ewcdlora.py] => Task 4, Epoch 50/50 => Loss 0.264, Train_accy 93.00
2026-04-20 10:35:47,958 [trainer.py] => Training time: 0h 15m 10s
2026-04-20 10:35:56,076 [trainer.py] => Evaluation time: 0h 0m 8s
2026-04-20 10:36:13,497 [trainer.py] => Accuracy: {'total': 76.24, '00-19': 84.83, '20-39': 77.92, '40-59': 69.04, '60-79': 73.01, '80-99': 73.83, 'old': 76.96, 'new': 73.83}
2026-04-20 10:36:13,498 [trainer.py] => (curve) top1 Acc: [90.09, 84.7, 81.52, 78.38, 76.24]
2026-04-20 10:36:13,498 [trainer.py] => (curve) top1 Acc with task: [90.09, 90.34, 88.68, 87.91, 87.27]
2026-04-20 10:36:13,498 [trainer.py] => (curve) top1 Acc task: [100.0, 90.12, 87.51, 83.73, 81.38]
2026-04-20 10:36:13,498 [trainer.py] => ================================================================================
2026-04-20 10:36:13,498 [trainer.py] => ================================================================================
2026-04-20 10:36:13,500 [base.py] => Task 5 learning on class 100-120
2026-04-20 10:36:13,504 [toolkit.py] => Total params:     103,487,003
2026-04-20 10:36:13,504 [toolkit.py] => Trainable params: 384,020
2026-04-20 10:36:13,504 [toolkit.py] => Trainable ratio:  0.3711%
2026-04-20 10:48:22,152 [ewcdlora.py] => Task 5, Epoch 50/50 => Loss 0.284, Train_accy 92.33
2026-04-20 10:48:22,154 [trainer.py] => Training time: 0h 12m 8s
2026-04-20 10:48:31,504 [trainer.py] => Evaluation time: 0h 0m 9s
2026-04-20 10:48:45,739 [trainer.py] => Accuracy: {'total': 75.03, '00-19': 84.67, '20-39': 77.5, '40-59': 68.58, '60-79': 71.82, '80-99': 73.4, '100-119': 71.17, 'old': 75.73, 'new': 71.17}
2026-04-20 10:48:45,740 [trainer.py] => (curve) top1 Acc: [90.09, 84.7, 81.52, 78.38, 76.24, 75.03]
2026-04-20 10:48:45,740 [trainer.py] => (curve) top1 Acc with task: [90.09, 90.34, 88.68, 87.91, 87.27, 86.76]
2026-04-20 10:48:45,740 [trainer.py] => (curve) top1 Acc task: [100.0, 90.12, 87.51, 83.73, 81.38, 79.86]
2026-04-20 10:48:45,740 [trainer.py] => ================================================================================
2026-04-20 10:48:45,740 [trainer.py] => ================================================================================
2026-04-20 10:48:45,742 [base.py] => Task 6 learning on class 120-140
2026-04-20 10:48:45,745 [toolkit.py] => Total params:     103,487,003
2026-04-20 10:48:45,745 [toolkit.py] => Trainable params: 384,020
2026-04-20 10:48:45,746 [toolkit.py] => Trainable ratio:  0.3711%
2026-04-20 11:01:15,378 [ewcdlora.py] => Task 6, Epoch 50/50 => Loss 0.362, Train_accy 90.41
2026-04-20 11:01:15,380 [trainer.py] => Training time: 0h 12m 29s
2026-04-20 11:01:26,030 [trainer.py] => Evaluation time: 0h 0m 10s
2026-04-20 11:01:40,399 [trainer.py] => Accuracy: {'total': 73.54, '00-19': 84.21, '20-39': 75.83, '40-59': 68.35, '60-79': 70.97, '80-99': 73.26, '100-119': 70.63, '120-139': 68.31, 'old': 74.35, 'new': 68.31}
2026-04-20 11:01:40,399 [trainer.py] => (curve) top1 Acc: [90.09, 84.7, 81.52, 78.38, 76.24, 75.03, 73.54]
2026-04-20 11:01:40,399 [trainer.py] => (curve) top1 Acc with task: [90.09, 90.34, 88.68, 87.91, 87.27, 86.76, 85.94]
2026-04-20 11:01:40,400 [trainer.py] => (curve) top1 Acc task: [100.0, 90.12, 87.51, 83.73, 81.38, 79.86, 78.35]
2026-04-20 11:01:40,400 [trainer.py] => ================================================================================
2026-04-20 11:01:40,400 [trainer.py] => ================================================================================
2026-04-20 11:01:40,401 [base.py] => Task 7 learning on class 140-160
2026-04-20 11:01:40,405 [toolkit.py] => Total params:     103,487,003
2026-04-20 11:01:40,405 [toolkit.py] => Trainable params: 384,020
2026-04-20 11:01:40,405 [toolkit.py] => Trainable ratio:  0.3711%
2026-04-20 11:11:46,281 [ewcdlora.py] => Task 7, Epoch 50/50 => Loss 0.316, Train_accy 91.49
2026-04-20 11:11:46,283 [trainer.py] => Training time: 0h 10m 5s
2026-04-20 11:11:58,025 [trainer.py] => Evaluation time: 0h 0m 11s
2026-04-20 11:12:09,884 [trainer.py] => Accuracy: {'total': 72.61, '00-19': 83.59, '20-39': 76.11, '40-59': 67.89, '60-79': 70.8, '80-99': 72.83, '100-119': 70.63, '120-139': 66.9, '140-159': 67.54, 'old': 73.16, 'new': 67.54}
2026-04-20 11:12:09,885 [trainer.py] => (curve) top1 Acc: [90.09, 84.7, 81.52, 78.38, 76.24, 75.03, 73.54, 72.61]
2026-04-20 11:12:09,885 [trainer.py] => (curve) top1 Acc with task: [90.09, 90.34, 88.68, 87.91, 87.27, 86.76, 85.94, 85.66]
2026-04-20 11:12:09,886 [trainer.py] => (curve) top1 Acc task: [100.0, 90.12, 87.51, 83.73, 81.38, 79.86, 78.35, 77.25]
2026-04-20 11:12:09,886 [trainer.py] => ================================================================================
2026-04-20 11:12:09,886 [trainer.py] => ================================================================================
2026-04-20 11:12:09,888 [base.py] => Task 8 learning on class 160-180
2026-04-20 11:12:09,891 [toolkit.py] => Total params:     103,487,003
2026-04-20 11:12:09,892 [toolkit.py] => Trainable params: 384,020
2026-04-20 11:12:09,892 [toolkit.py] => Trainable ratio:  0.3711%
2026-04-20 11:25:38,319 [ewcdlora.py] => Task 8, Epoch 50/50 => Loss 0.181, Train_accy 94.82
2026-04-20 11:25:38,322 [trainer.py] => Training time: 0h 13m 28s
2026-04-20 11:25:51,346 [trainer.py] => Evaluation time: 0h 0m 13s
2026-04-20 11:26:07,018 [trainer.py] => Accuracy: {'total': 72.95, '00-19': 83.59, '20-39': 76.11, '40-59': 67.43, '60-79': 70.12, '80-99': 72.69, '100-119': 69.73, '120-139': 64.79, '140-159': 65.35, '160-179': 81.0, 'old': 71.88, 'new': 81.0}
2026-04-20 11:26:07,019 [trainer.py] => (curve) top1 Acc: [90.09, 84.7, 81.52, 78.38, 76.24, 75.03, 73.54, 72.61, 72.95]
2026-04-20 11:26:07,019 [trainer.py] => (curve) top1 Acc with task: [90.09, 90.34, 88.68, 87.91, 87.27, 86.76, 85.94, 85.66, 86.17]
2026-04-20 11:26:07,019 [trainer.py] => (curve) top1 Acc task: [100.0, 90.12, 87.51, 83.73, 81.38, 79.86, 78.35, 77.25, 77.16]
2026-04-20 11:26:07,019 [trainer.py] => ================================================================================
2026-04-20 11:26:07,020 [trainer.py] => ================================================================================
2026-04-20 11:26:07,021 [base.py] => Task 9 learning on class 180-200
2026-04-20 11:26:07,026 [toolkit.py] => Total params:     103,487,003
2026-04-20 11:26:07,026 [toolkit.py] => Trainable params: 384,020
2026-04-20 11:26:07,026 [toolkit.py] => Trainable ratio:  0.3711%
2026-04-20 11:41:19,765 [ewcdlora.py] => Task 9, Epoch 50/50 => Loss 0.263, Train_accy 92.65
2026-04-20 11:41:19,766 [trainer.py] => Training time: 0h 15m 12s
2026-04-20 11:41:34,602 [trainer.py] => Evaluation time: 0h 0m 14s
2026-04-20 11:41:52,571 [trainer.py] => Accuracy: {'total': 72.68, '00-19': 83.59, '20-39': 75.97, '40-59': 67.43, '60-79': 70.46, '80-99': 72.4, '100-119': 69.01, '120-139': 63.03, '140-159': 64.69, '160-179': 80.84, '180-199': 73.37, 'old': 72.59, 'new': 73.37}
2026-04-20 11:41:52,572 [trainer.py] => (curve) top1 Acc: [90.09, 84.7, 81.52, 78.38, 76.24, 75.03, 73.54, 72.61, 72.95, 72.68]
2026-04-20 11:41:52,572 [trainer.py] => (curve) top1 Acc with task: [90.09, 90.34, 88.68, 87.91, 87.27, 86.76, 85.94, 85.66, 86.17, 86.6]
2026-04-20 11:41:52,572 [trainer.py] => (curve) top1 Acc task: [100.0, 90.12, 87.51, 83.73, 81.38, 79.86, 78.35, 77.25, 77.16, 76.43]
2026-04-20 11:41:52,572 [trainer.py] => ================================================================================
