2026-04-19 07:32:41,675 [toolkit.py] => config: configs/actmat-c-l1.0/cifar100.json
2026-04-19 07:32:41,675 [toolkit.py] => device: [device(type='cuda', index=0)]
2026-04-19 07:32:41,675 [toolkit.py] => debug: False
2026-04-19 07:32:41,676 [toolkit.py] => save_ckp: False
2026-04-19 07:32:41,676 [toolkit.py] => seed: 0
2026-04-19 07:32:41,676 [toolkit.py] => dataset: cifar100
2026-04-19 07:32:41,676 [toolkit.py] => data_path: data/cifar100
2026-04-19 07:32:41,676 [toolkit.py] => load: vit_base_patch16_224_in21k
2026-04-19 07:32:41,676 [toolkit.py] => init_cls: 10
2026-04-19 07:32:41,676 [toolkit.py] => increment: 10
2026-04-19 07:32:41,676 [toolkit.py] => sessions: 10
2026-04-19 07:32:41,676 [toolkit.py] => shuffle: False
2026-04-19 07:32:41,677 [toolkit.py] => method: actmat-c
2026-04-19 07:32:41,677 [toolkit.py] => optimizer: adam
2026-04-19 07:32:41,677 [toolkit.py] => scheduler: cosine
2026-04-19 07:32:41,677 [toolkit.py] => epochs: 20
2026-04-19 07:32:41,677 [toolkit.py] => lrate: 0.0005
2026-04-19 07:32:41,677 [toolkit.py] => fc_lrate: 0.005
2026-04-19 07:32:41,677 [toolkit.py] => weight_decay: 0.0
2026-04-19 07:32:41,677 [toolkit.py] => batch_size: 128
2026-04-19 07:32:41,677 [toolkit.py] => rank: 10
2026-04-19 07:32:41,678 [toolkit.py] => num_workers: 16
2026-04-19 07:32:41,678 [toolkit.py] => lambda: 1.0
2026-04-19 07:32:41,678 [toolkit.py] => gamma: 1.0
2026-04-19 07:32:41,678 [toolkit.py] => logdir: logs/actmat-c-l1.0-g1.0/cifar100/t10
2026-04-19 07:32:41,678 [toolkit.py] => logfilename: logs/actmat-c-l1.0-g1.0/cifar100/t10/seed0
2026-04-19 07:32:43,942 [data_manager.py] => Class index order: 0, 1, 2, 3, 4, ..., 95, 96, 97, 98, 99
2026-04-19 07:32:47,469 [trainer.py] => ================================================================================
2026-04-19 07:32:47,482 [base.py] => Task 0 learning on class 0-10
2026-04-19 07:32:48,635 [toolkit.py] => Total params:     103,410,103
2026-04-19 07:32:48,635 [toolkit.py] => Trainable params: 376,330
2026-04-19 07:32:48,635 [toolkit.py] => Trainable ratio:  0.3639%
2026-04-19 07:43:44,853 [actmat_c.py] => Task 0, Epoch 20/20 => Loss 0.094, Train_accy 96.82
2026-04-19 07:43:44,854 [trainer.py] => Training time: 0h 10m 57s
2026-04-19 07:43:49,510 [trainer.py] => Evaluation time: 0h 0m 4s
2026-04-19 07:44:03,406 [trainer.py] => Accuracy: {'total': 99.5, '00-09': 99.5, 'old': 0, 'new': 99.5}
2026-04-19 07:44:03,406 [trainer.py] => (curve) top1 Acc: [99.5]
2026-04-19 07:44:03,406 [trainer.py] => (curve) top1 Acc with task: [99.5]
2026-04-19 07:44:03,406 [trainer.py] => (curve) top1 Acc task: [100.0]
2026-04-19 07:44:03,406 [trainer.py] => ================================================================================
2026-04-19 07:44:03,406 [trainer.py] => ================================================================================
2026-04-19 07:44:03,420 [base.py] => Task 1 learning on class 10-20
2026-04-19 07:44:03,424 [toolkit.py] => Total params:     103,410,103
2026-04-19 07:44:03,424 [toolkit.py] => Trainable params: 376,330
2026-04-19 07:44:03,424 [toolkit.py] => Trainable ratio:  0.3639%
2026-04-19 07:55:02,953 [actmat_c.py] => Task 1, Epoch 20/20 => Loss 0.138, Train_accy 95.72
2026-04-19 07:55:02,954 [trainer.py] => Training time: 0h 10m 59s
2026-04-19 07:55:10,189 [trainer.py] => Evaluation time: 0h 0m 7s
2026-04-19 07:55:24,313 [trainer.py] => Accuracy: {'total': 96.8, '00-09': 96.9, '10-19': 96.7, 'old': 96.9, 'new': 96.7}
2026-04-19 07:55:24,313 [trainer.py] => (curve) top1 Acc: [99.5, 96.8]
2026-04-19 07:55:24,313 [trainer.py] => (curve) top1 Acc with task: [99.5, 99.0]
2026-04-19 07:55:24,313 [trainer.py] => (curve) top1 Acc task: [100.0, 97.5]
2026-04-19 07:55:24,313 [trainer.py] => ================================================================================
2026-04-19 07:55:24,313 [trainer.py] => ================================================================================
2026-04-19 07:55:24,325 [base.py] => Task 2 learning on class 20-30
2026-04-19 07:55:24,329 [toolkit.py] => Total params:     103,410,103
2026-04-19 07:55:24,329 [toolkit.py] => Trainable params: 376,330
2026-04-19 07:55:24,329 [toolkit.py] => Trainable ratio:  0.3639%
2026-04-19 08:06:25,777 [actmat_c.py] => Task 2, Epoch 20/20 => Loss 0.124, Train_accy 96.12
2026-04-19 08:06:25,778 [trainer.py] => Training time: 0h 11m 1s
2026-04-19 08:06:35,660 [trainer.py] => Evaluation time: 0h 0m 9s
2026-04-19 08:06:49,980 [trainer.py] => Accuracy: {'total': 95.3, '00-09': 95.5, '10-19': 95.8, '20-29': 94.6, 'old': 95.65, 'new': 94.6}
2026-04-19 08:06:49,980 [trainer.py] => (curve) top1 Acc: [99.5, 96.8, 95.3]
2026-04-19 08:06:49,980 [trainer.py] => (curve) top1 Acc with task: [99.5, 99.0, 98.6]
2026-04-19 08:06:49,981 [trainer.py] => (curve) top1 Acc task: [100.0, 97.5, 96.13]
2026-04-19 08:06:49,981 [trainer.py] => ================================================================================
2026-04-19 08:06:49,981 [trainer.py] => ================================================================================
2026-04-19 08:06:49,991 [base.py] => Task 3 learning on class 30-40
2026-04-19 08:06:49,995 [toolkit.py] => Total params:     103,410,103
2026-04-19 08:06:49,995 [toolkit.py] => Trainable params: 376,330
2026-04-19 08:06:49,995 [toolkit.py] => Trainable ratio:  0.3639%
2026-04-19 08:17:52,017 [actmat_c.py] => Task 3, Epoch 20/20 => Loss 0.116, Train_accy 96.02
2026-04-19 08:17:52,019 [trainer.py] => Training time: 0h 11m 2s
2026-04-19 08:18:03,932 [trainer.py] => Evaluation time: 0h 0m 11s
2026-04-19 08:18:18,401 [trainer.py] => Accuracy: {'total': 93.32, '00-09': 95.2, '10-19': 93.7, '20-29': 94.5, '30-39': 89.9, 'old': 94.47, 'new': 89.9}
2026-04-19 08:18:18,401 [trainer.py] => (curve) top1 Acc: [99.5, 96.8, 95.3, 93.32]
2026-04-19 08:18:18,401 [trainer.py] => (curve) top1 Acc with task: [99.5, 99.0, 98.6, 98.65]
2026-04-19 08:18:18,402 [trainer.py] => (curve) top1 Acc task: [100.0, 97.5, 96.13, 93.97]
2026-04-19 08:18:18,402 [trainer.py] => ================================================================================
2026-04-19 08:18:18,402 [trainer.py] => ================================================================================
2026-04-19 08:18:18,412 [base.py] => Task 4 learning on class 40-50
2026-04-19 08:18:18,416 [toolkit.py] => Total params:     103,410,103
2026-04-19 08:18:18,416 [toolkit.py] => Trainable params: 376,330
2026-04-19 08:18:18,416 [toolkit.py] => Trainable ratio:  0.3639%
2026-04-19 08:29:18,510 [actmat_c.py] => Task 4, Epoch 20/20 => Loss 0.113, Train_accy 96.36
2026-04-19 08:29:18,511 [trainer.py] => Training time: 0h 11m 0s
2026-04-19 08:29:32,669 [trainer.py] => Evaluation time: 0h 0m 14s
2026-04-19 08:29:46,929 [trainer.py] => Accuracy: {'total': 92.54, '00-09': 94.7, '10-19': 93.0, '20-29': 92.8, '30-39': 88.4, '40-49': 93.8, 'old': 92.22, 'new': 93.8}
2026-04-19 08:29:46,929 [trainer.py] => (curve) top1 Acc: [99.5, 96.8, 95.3, 93.32, 92.54]
2026-04-19 08:29:46,929 [trainer.py] => (curve) top1 Acc with task: [99.5, 99.0, 98.6, 98.65, 98.7]
2026-04-19 08:29:46,930 [trainer.py] => (curve) top1 Acc task: [100.0, 97.5, 96.13, 93.97, 93.08]
2026-04-19 08:29:46,930 [trainer.py] => ================================================================================
2026-04-19 08:29:46,930 [trainer.py] => ================================================================================
2026-04-19 08:29:46,938 [base.py] => Task 5 learning on class 50-60
2026-04-19 08:29:46,941 [toolkit.py] => Total params:     103,410,103
2026-04-19 08:29:46,942 [toolkit.py] => Trainable params: 376,330
2026-04-19 08:29:46,942 [toolkit.py] => Trainable ratio:  0.3639%
2026-04-19 08:40:47,383 [actmat_c.py] => Task 5, Epoch 20/20 => Loss 0.143, Train_accy 95.06
2026-04-19 08:40:47,384 [trainer.py] => Training time: 0h 11m 0s
2026-04-19 08:41:03,906 [trainer.py] => Evaluation time: 0h 0m 16s
2026-04-19 08:41:18,195 [trainer.py] => Accuracy: {'total': 90.25, '00-09': 93.3, '10-19': 92.7, '20-29': 92.1, '30-39': 86.4, '40-49': 93.4, '50-59': 83.6, 'old': 91.58, 'new': 83.6}
2026-04-19 08:41:18,195 [trainer.py] => (curve) top1 Acc: [99.5, 96.8, 95.3, 93.32, 92.54, 90.25]
2026-04-19 08:41:18,196 [trainer.py] => (curve) top1 Acc with task: [99.5, 99.0, 98.6, 98.65, 98.7, 98.53]
2026-04-19 08:41:18,196 [trainer.py] => (curve) top1 Acc task: [100.0, 97.5, 96.13, 93.97, 93.08, 90.72]
2026-04-19 08:41:18,196 [trainer.py] => ================================================================================
2026-04-19 08:41:18,196 [trainer.py] => ================================================================================
2026-04-19 08:41:18,205 [base.py] => Task 6 learning on class 60-70
2026-04-19 08:41:18,209 [toolkit.py] => Total params:     103,410,103
2026-04-19 08:41:18,209 [toolkit.py] => Trainable params: 376,330
2026-04-19 08:41:18,209 [toolkit.py] => Trainable ratio:  0.3639%
2026-04-19 08:52:18,180 [actmat_c.py] => Task 6, Epoch 20/20 => Loss 0.141, Train_accy 95.34
2026-04-19 08:52:18,181 [trainer.py] => Training time: 0h 10m 59s
2026-04-19 08:52:37,128 [trainer.py] => Evaluation time: 0h 0m 18s
2026-04-19 08:52:51,406 [trainer.py] => Accuracy: {'total': 89.39, '00-09': 92.7, '10-19': 91.7, '20-29': 91.2, '30-39': 85.5, '40-49': 92.7, '50-59': 83.0, '60-69': 88.9, 'old': 89.47, 'new': 88.9}
2026-04-19 08:52:51,406 [trainer.py] => (curve) top1 Acc: [99.5, 96.8, 95.3, 93.32, 92.54, 90.25, 89.39]
2026-04-19 08:52:51,406 [trainer.py] => (curve) top1 Acc with task: [99.5, 99.0, 98.6, 98.65, 98.7, 98.53, 98.43]
2026-04-19 08:52:51,406 [trainer.py] => (curve) top1 Acc task: [100.0, 97.5, 96.13, 93.97, 93.08, 90.72, 89.91]
2026-04-19 08:52:51,406 [trainer.py] => ================================================================================
2026-04-19 08:52:51,407 [trainer.py] => ================================================================================
2026-04-19 08:52:51,415 [base.py] => Task 7 learning on class 70-80
2026-04-19 08:52:51,419 [toolkit.py] => Total params:     103,410,103
2026-04-19 08:52:51,419 [toolkit.py] => Trainable params: 376,330
2026-04-19 08:52:51,419 [toolkit.py] => Trainable ratio:  0.3639%
2026-04-19 09:03:54,624 [actmat_c.py] => Task 7, Epoch 20/20 => Loss 0.138, Train_accy 95.34
2026-04-19 09:03:54,625 [trainer.py] => Training time: 0h 11m 3s
2026-04-19 09:04:15,764 [trainer.py] => Evaluation time: 0h 0m 21s
2026-04-19 09:04:29,990 [trainer.py] => Accuracy: {'total': 88.78, '00-09': 92.6, '10-19': 91.2, '20-29': 90.7, '30-39': 85.2, '40-49': 92.4, '50-59': 82.4, '60-69': 87.3, '70-79': 88.4, 'old': 88.83, 'new': 88.4}
2026-04-19 09:04:29,991 [trainer.py] => (curve) top1 Acc: [99.5, 96.8, 95.3, 93.32, 92.54, 90.25, 89.39, 88.78]
2026-04-19 09:04:29,991 [trainer.py] => (curve) top1 Acc with task: [99.5, 99.0, 98.6, 98.65, 98.7, 98.53, 98.43, 98.48]
2026-04-19 09:04:29,991 [trainer.py] => (curve) top1 Acc task: [100.0, 97.5, 96.13, 93.97, 93.08, 90.72, 89.91, 89.2]
2026-04-19 09:04:29,991 [trainer.py] => ================================================================================
2026-04-19 09:04:29,991 [trainer.py] => ================================================================================
2026-04-19 09:04:30,003 [base.py] => Task 8 learning on class 80-90
2026-04-19 09:04:30,007 [toolkit.py] => Total params:     103,410,103
2026-04-19 09:04:30,007 [toolkit.py] => Trainable params: 376,330
2026-04-19 09:04:30,007 [toolkit.py] => Trainable ratio:  0.3639%
2026-04-19 09:15:28,806 [actmat_c.py] => Task 8, Epoch 20/20 => Loss 0.115, Train_accy 96.24
2026-04-19 09:15:28,807 [trainer.py] => Training time: 0h 10m 58s
2026-04-19 09:15:52,174 [trainer.py] => Evaluation time: 0h 0m 23s
2026-04-19 09:16:06,736 [trainer.py] => Accuracy: {'total': 88.59, '00-09': 92.0, '10-19': 90.6, '20-29': 90.2, '30-39': 84.5, '40-49': 91.4, '50-59': 82.4, '60-69': 86.0, '70-79': 88.3, '80-89': 91.9, 'old': 88.18, 'new': 91.9}
2026-04-19 09:16:06,736 [trainer.py] => (curve) top1 Acc: [99.5, 96.8, 95.3, 93.32, 92.54, 90.25, 89.39, 88.78, 88.59]
2026-04-19 09:16:06,737 [trainer.py] => (curve) top1 Acc with task: [99.5, 99.0, 98.6, 98.65, 98.7, 98.53, 98.43, 98.48, 98.51]
2026-04-19 09:16:06,737 [trainer.py] => (curve) top1 Acc task: [100.0, 97.5, 96.13, 93.97, 93.08, 90.72, 89.91, 89.2, 89.01]
2026-04-19 09:16:06,737 [trainer.py] => ================================================================================
2026-04-19 09:16:06,737 [trainer.py] => ================================================================================
2026-04-19 09:16:06,744 [base.py] => Task 9 learning on class 90-100
2026-04-19 09:16:06,748 [toolkit.py] => Total params:     103,410,103
2026-04-19 09:16:06,748 [toolkit.py] => Trainable params: 376,330
2026-04-19 09:16:06,748 [toolkit.py] => Trainable ratio:  0.3639%
2026-04-19 09:27:06,512 [actmat_c.py] => Task 9, Epoch 20/20 => Loss 0.086, Train_accy 96.96
2026-04-19 09:27:06,513 [trainer.py] => Training time: 0h 10m 59s
2026-04-19 09:27:31,776 [trainer.py] => Evaluation time: 0h 0m 25s
2026-04-19 09:27:46,080 [trainer.py] => Accuracy: {'total': 87.72, '00-09': 91.7, '10-19': 90.3, '20-29': 89.9, '30-39': 82.3, '40-49': 90.7, '50-59': 81.0, '60-69': 85.2, '70-79': 85.2, '80-89': 90.5, '90-99': 90.4, 'old': 87.42, 'new': 90.4}
2026-04-19 09:27:46,080 [trainer.py] => (curve) top1 Acc: [99.5, 96.8, 95.3, 93.32, 92.54, 90.25, 89.39, 88.78, 88.59, 87.72]
2026-04-19 09:27:46,080 [trainer.py] => (curve) top1 Acc with task: [99.5, 99.0, 98.6, 98.65, 98.7, 98.53, 98.43, 98.48, 98.51, 98.62]
2026-04-19 09:27:46,080 [trainer.py] => (curve) top1 Acc task: [100.0, 97.5, 96.13, 93.97, 93.08, 90.72, 89.91, 89.2, 89.01, 88.09]
2026-04-19 09:27:46,081 [trainer.py] => ================================================================================
