2026-04-19 10:33:00,021 [toolkit.py] => config: configs/actmat-c-l10.0/cifar100.json
2026-04-19 10:33:00,022 [toolkit.py] => device: [device(type='cuda', index=0)]
2026-04-19 10:33:00,022 [toolkit.py] => debug: False
2026-04-19 10:33:00,023 [toolkit.py] => save_ckp: False
2026-04-19 10:33:00,023 [toolkit.py] => seed: 0
2026-04-19 10:33:00,023 [toolkit.py] => dataset: cifar100
2026-04-19 10:33:00,023 [toolkit.py] => data_path: data/cifar100
2026-04-19 10:33:00,024 [toolkit.py] => load: vit_base_patch16_224_in21k
2026-04-19 10:33:00,024 [toolkit.py] => init_cls: 10
2026-04-19 10:33:00,024 [toolkit.py] => increment: 10
2026-04-19 10:33:00,024 [toolkit.py] => sessions: 10
2026-04-19 10:33:00,024 [toolkit.py] => shuffle: False
2026-04-19 10:33:00,024 [toolkit.py] => method: actmat-c
2026-04-19 10:33:00,025 [toolkit.py] => optimizer: adam
2026-04-19 10:33:00,025 [toolkit.py] => scheduler: cosine
2026-04-19 10:33:00,025 [toolkit.py] => epochs: 20
2026-04-19 10:33:00,025 [toolkit.py] => lrate: 0.0005
2026-04-19 10:33:00,025 [toolkit.py] => fc_lrate: 0.005
2026-04-19 10:33:00,026 [toolkit.py] => weight_decay: 0.0
2026-04-19 10:33:00,026 [toolkit.py] => batch_size: 128
2026-04-19 10:33:00,026 [toolkit.py] => rank: 10
2026-04-19 10:33:00,026 [toolkit.py] => num_workers: 16
2026-04-19 10:33:00,026 [toolkit.py] => lambda: 10.0
2026-04-19 10:33:00,026 [toolkit.py] => gamma: 1.0
2026-04-19 10:33:00,026 [toolkit.py] => logdir: logs/actmat-c-l10.0-g1.0/cifar100/t10
2026-04-19 10:33:00,026 [toolkit.py] => logfilename: logs/actmat-c-l10.0-g1.0/cifar100/t10/seed0
2026-04-19 10:33:02,385 [data_manager.py] => Class index order: 0, 1, 2, 3, 4, ..., 95, 96, 97, 98, 99
2026-04-19 10:33:06,114 [trainer.py] => ================================================================================
2026-04-19 10:33:06,126 [base.py] => Task 0 learning on class 0-10
2026-04-19 10:33:07,279 [toolkit.py] => Total params:     103,410,103
2026-04-19 10:33:07,279 [toolkit.py] => Trainable params: 376,330
2026-04-19 10:33:07,280 [toolkit.py] => Trainable ratio:  0.3639%
2026-04-19 10:44:01,078 [actmat_c.py] => Task 0, Epoch 20/20 => Loss 0.094, Train_accy 96.82
2026-04-19 10:44:01,080 [trainer.py] => Training time: 0h 10m 54s
2026-04-19 10:44:05,762 [trainer.py] => Evaluation time: 0h 0m 4s
2026-04-19 10:44:19,765 [trainer.py] => Accuracy: {'total': 99.5, '00-09': 99.5, 'old': 0, 'new': 99.5}
2026-04-19 10:44:19,766 [trainer.py] => (curve) top1 Acc: [99.5]
2026-04-19 10:44:19,766 [trainer.py] => (curve) top1 Acc with task: [99.5]
2026-04-19 10:44:19,766 [trainer.py] => (curve) top1 Acc task: [100.0]
2026-04-19 10:44:19,766 [trainer.py] => ================================================================================
2026-04-19 10:44:19,766 [trainer.py] => ================================================================================
2026-04-19 10:44:19,781 [base.py] => Task 1 learning on class 10-20
2026-04-19 10:44:19,785 [toolkit.py] => Total params:     103,410,103
2026-04-19 10:44:19,785 [toolkit.py] => Trainable params: 376,330
2026-04-19 10:44:19,785 [toolkit.py] => Trainable ratio:  0.3639%
2026-04-19 10:55:21,323 [actmat_c.py] => Task 1, Epoch 20/20 => Loss 0.141, Train_accy 95.70
2026-04-19 10:55:21,325 [trainer.py] => Training time: 0h 11m 1s
2026-04-19 10:55:28,515 [trainer.py] => Evaluation time: 0h 0m 7s
2026-04-19 10:55:42,797 [trainer.py] => Accuracy: {'total': 96.85, '00-09': 97.0, '10-19': 96.7, 'old': 97.0, 'new': 96.7}
2026-04-19 10:55:42,798 [trainer.py] => (curve) top1 Acc: [99.5, 96.85]
2026-04-19 10:55:42,799 [trainer.py] => (curve) top1 Acc with task: [99.5, 99.05]
2026-04-19 10:55:42,799 [trainer.py] => (curve) top1 Acc task: [100.0, 97.5]
2026-04-19 10:55:42,800 [trainer.py] => ================================================================================
2026-04-19 10:55:42,800 [trainer.py] => ================================================================================
2026-04-19 10:55:42,814 [base.py] => Task 2 learning on class 20-30
2026-04-19 10:55:42,818 [toolkit.py] => Total params:     103,410,103
2026-04-19 10:55:42,818 [toolkit.py] => Trainable params: 376,330
2026-04-19 10:55:42,818 [toolkit.py] => Trainable ratio:  0.3639%
2026-04-19 11:06:43,979 [actmat_c.py] => Task 2, Epoch 20/20 => Loss 0.126, Train_accy 96.04
2026-04-19 11:06:43,981 [trainer.py] => Training time: 0h 11m 1s
2026-04-19 11:06:53,575 [trainer.py] => Evaluation time: 0h 0m 9s
2026-04-19 11:07:07,861 [trainer.py] => Accuracy: {'total': 95.5, '00-09': 95.6, '10-19': 95.9, '20-29': 95.0, 'old': 95.75, 'new': 95.0}
2026-04-19 11:07:07,862 [trainer.py] => (curve) top1 Acc: [99.5, 96.85, 95.5]
2026-04-19 11:07:07,862 [trainer.py] => (curve) top1 Acc with task: [99.5, 99.05, 98.63]
2026-04-19 11:07:07,862 [trainer.py] => (curve) top1 Acc task: [100.0, 97.5, 96.33]
2026-04-19 11:07:07,862 [trainer.py] => ================================================================================
2026-04-19 11:07:07,862 [trainer.py] => ================================================================================
2026-04-19 11:07:07,876 [base.py] => Task 3 learning on class 30-40
2026-04-19 11:07:07,880 [toolkit.py] => Total params:     103,410,103
2026-04-19 11:07:07,880 [toolkit.py] => Trainable params: 376,330
2026-04-19 11:07:07,880 [toolkit.py] => Trainable ratio:  0.3639%
2026-04-19 11:18:06,230 [actmat_c.py] => Task 3, Epoch 20/20 => Loss 0.117, Train_accy 96.02
2026-04-19 11:18:06,232 [trainer.py] => Training time: 0h 10m 58s
2026-04-19 11:18:17,914 [trainer.py] => Evaluation time: 0h 0m 11s
2026-04-19 11:18:31,966 [trainer.py] => Accuracy: {'total': 93.42, '00-09': 95.0, '10-19': 93.8, '20-29': 94.8, '30-39': 90.1, 'old': 94.53, 'new': 90.1}
2026-04-19 11:18:31,967 [trainer.py] => (curve) top1 Acc: [99.5, 96.85, 95.5, 93.42]
2026-04-19 11:18:31,967 [trainer.py] => (curve) top1 Acc with task: [99.5, 99.05, 98.63, 98.65]
2026-04-19 11:18:31,967 [trainer.py] => (curve) top1 Acc task: [100.0, 97.5, 96.33, 94.12]
2026-04-19 11:18:31,968 [trainer.py] => ================================================================================
2026-04-19 11:18:31,968 [trainer.py] => ================================================================================
2026-04-19 11:18:31,980 [base.py] => Task 4 learning on class 40-50
2026-04-19 11:18:31,984 [toolkit.py] => Total params:     103,410,103
2026-04-19 11:18:31,984 [toolkit.py] => Trainable params: 376,330
2026-04-19 11:18:31,984 [toolkit.py] => Trainable ratio:  0.3639%
2026-04-19 11:29:32,965 [actmat_c.py] => Task 4, Epoch 20/20 => Loss 0.116, Train_accy 96.12
2026-04-19 11:29:32,967 [trainer.py] => Training time: 0h 11m 0s
2026-04-19 11:29:47,224 [trainer.py] => Evaluation time: 0h 0m 14s
2026-04-19 11:30:01,504 [trainer.py] => Accuracy: {'total': 92.44, '00-09': 94.8, '10-19': 92.7, '20-29': 92.5, '30-39': 88.7, '40-49': 93.5, 'old': 92.18, 'new': 93.5}
2026-04-19 11:30:01,504 [trainer.py] => (curve) top1 Acc: [99.5, 96.85, 95.5, 93.42, 92.44]
2026-04-19 11:30:01,504 [trainer.py] => (curve) top1 Acc with task: [99.5, 99.05, 98.63, 98.65, 98.64]
2026-04-19 11:30:01,505 [trainer.py] => (curve) top1 Acc task: [100.0, 97.5, 96.33, 94.12, 93.06]
2026-04-19 11:30:01,505 [trainer.py] => ================================================================================
2026-04-19 11:30:01,505 [trainer.py] => ================================================================================
2026-04-19 11:30:01,516 [base.py] => Task 5 learning on class 50-60
2026-04-19 11:30:01,520 [toolkit.py] => Total params:     103,410,103
2026-04-19 11:30:01,520 [toolkit.py] => Trainable params: 376,330
2026-04-19 11:30:01,520 [toolkit.py] => Trainable ratio:  0.3639%
2026-04-19 11:41:01,116 [actmat_c.py] => Task 5, Epoch 20/20 => Loss 0.144, Train_accy 94.82
2026-04-19 11:41:01,118 [trainer.py] => Training time: 0h 10m 59s
2026-04-19 11:41:17,879 [trainer.py] => Evaluation time: 0h 0m 16s
2026-04-19 11:41:31,958 [trainer.py] => Accuracy: {'total': 90.07, '00-09': 93.3, '10-19': 92.0, '20-29': 92.0, '30-39': 86.7, '40-49': 92.7, '50-59': 83.7, 'old': 91.34, 'new': 83.7}
2026-04-19 11:41:31,958 [trainer.py] => (curve) top1 Acc: [99.5, 96.85, 95.5, 93.42, 92.44, 90.07]
2026-04-19 11:41:31,959 [trainer.py] => (curve) top1 Acc with task: [99.5, 99.05, 98.63, 98.65, 98.64, 98.5]
2026-04-19 11:41:31,959 [trainer.py] => (curve) top1 Acc task: [100.0, 97.5, 96.33, 94.12, 93.06, 90.67]
2026-04-19 11:41:31,959 [trainer.py] => ================================================================================
2026-04-19 11:41:31,960 [trainer.py] => ================================================================================
2026-04-19 11:41:31,970 [base.py] => Task 6 learning on class 60-70
2026-04-19 11:41:31,974 [toolkit.py] => Total params:     103,410,103
2026-04-19 11:41:31,974 [toolkit.py] => Trainable params: 376,330
2026-04-19 11:41:31,974 [toolkit.py] => Trainable ratio:  0.3639%
2026-04-19 11:52:36,479 [actmat_c.py] => Task 6, Epoch 20/20 => Loss 0.143, Train_accy 95.22
2026-04-19 11:52:36,481 [trainer.py] => Training time: 0h 11m 4s
2026-04-19 11:52:55,165 [trainer.py] => Evaluation time: 0h 0m 18s
2026-04-19 11:53:09,576 [trainer.py] => Accuracy: {'total': 89.29, '00-09': 92.9, '10-19': 90.7, '20-29': 91.2, '30-39': 86.0, '40-49': 92.5, '50-59': 83.1, '60-69': 88.6, 'old': 89.4, 'new': 88.6}
2026-04-19 11:53:09,576 [trainer.py] => (curve) top1 Acc: [99.5, 96.85, 95.5, 93.42, 92.44, 90.07, 89.29]
2026-04-19 11:53:09,576 [trainer.py] => (curve) top1 Acc with task: [99.5, 99.05, 98.63, 98.65, 98.64, 98.5, 98.44]
2026-04-19 11:53:09,577 [trainer.py] => (curve) top1 Acc task: [100.0, 97.5, 96.33, 94.12, 93.06, 90.67, 89.84]
2026-04-19 11:53:09,577 [trainer.py] => ================================================================================
2026-04-19 11:53:09,577 [trainer.py] => ================================================================================
2026-04-19 11:53:09,590 [base.py] => Task 7 learning on class 70-80
2026-04-19 11:53:09,594 [toolkit.py] => Total params:     103,410,103
2026-04-19 11:53:09,594 [toolkit.py] => Trainable params: 376,330
2026-04-19 11:53:09,594 [toolkit.py] => Trainable ratio:  0.3639%
2026-04-19 12:04:09,289 [actmat_c.py] => Task 7, Epoch 20/20 => Loss 0.140, Train_accy 95.26
2026-04-19 12:04:09,290 [trainer.py] => Training time: 0h 10m 59s
2026-04-19 12:04:30,178 [trainer.py] => Evaluation time: 0h 0m 20s
2026-04-19 12:04:44,478 [trainer.py] => Accuracy: {'total': 88.74, '00-09': 92.5, '10-19': 90.5, '20-29': 90.5, '30-39': 85.6, '40-49': 92.2, '50-59': 82.2, '60-69': 86.9, '70-79': 89.5, 'old': 88.63, 'new': 89.5}
2026-04-19 12:04:44,479 [trainer.py] => (curve) top1 Acc: [99.5, 96.85, 95.5, 93.42, 92.44, 90.07, 89.29, 88.74]
2026-04-19 12:04:44,479 [trainer.py] => (curve) top1 Acc with task: [99.5, 99.05, 98.63, 98.65, 98.64, 98.5, 98.44, 98.41]
2026-04-19 12:04:44,479 [trainer.py] => (curve) top1 Acc task: [100.0, 97.5, 96.33, 94.12, 93.06, 90.67, 89.84, 89.22]
2026-04-19 12:04:44,479 [trainer.py] => ================================================================================
2026-04-19 12:04:44,479 [trainer.py] => ================================================================================
2026-04-19 12:04:44,492 [base.py] => Task 8 learning on class 80-90
2026-04-19 12:04:44,495 [toolkit.py] => Total params:     103,410,103
2026-04-19 12:04:44,495 [toolkit.py] => Trainable params: 376,330
2026-04-19 12:04:44,496 [toolkit.py] => Trainable ratio:  0.3639%
2026-04-19 12:15:44,668 [actmat_c.py] => Task 8, Epoch 20/20 => Loss 0.120, Train_accy 96.00
2026-04-19 12:15:44,670 [trainer.py] => Training time: 0h 11m 0s
2026-04-19 12:16:07,498 [trainer.py] => Evaluation time: 0h 0m 22s
2026-04-19 12:16:22,165 [trainer.py] => Accuracy: {'total': 88.56, '00-09': 92.2, '10-19': 89.7, '20-29': 89.8, '30-39': 84.9, '40-49': 91.0, '50-59': 82.3, '60-69': 86.3, '70-79': 89.1, '80-89': 91.7, 'old': 88.16, 'new': 91.7}
2026-04-19 12:16:22,165 [trainer.py] => (curve) top1 Acc: [99.5, 96.85, 95.5, 93.42, 92.44, 90.07, 89.29, 88.74, 88.56]
2026-04-19 12:16:22,166 [trainer.py] => (curve) top1 Acc with task: [99.5, 99.05, 98.63, 98.65, 98.64, 98.5, 98.44, 98.41, 98.46]
2026-04-19 12:16:22,166 [trainer.py] => (curve) top1 Acc task: [100.0, 97.5, 96.33, 94.12, 93.06, 90.67, 89.84, 89.22, 89.01]
2026-04-19 12:16:22,166 [trainer.py] => ================================================================================
2026-04-19 12:16:22,166 [trainer.py] => ================================================================================
2026-04-19 12:16:22,181 [base.py] => Task 9 learning on class 90-100
2026-04-19 12:16:22,185 [toolkit.py] => Total params:     103,410,103
2026-04-19 12:16:22,185 [toolkit.py] => Trainable params: 376,330
2026-04-19 12:16:22,185 [toolkit.py] => Trainable ratio:  0.3639%
2026-04-19 12:27:21,687 [actmat_c.py] => Task 9, Epoch 20/20 => Loss 0.086, Train_accy 96.94
2026-04-19 12:27:21,688 [trainer.py] => Training time: 0h 10m 59s
2026-04-19 12:27:47,731 [trainer.py] => Evaluation time: 0h 0m 26s
2026-04-19 12:28:02,002 [trainer.py] => Accuracy: {'total': 87.82, '00-09': 91.8, '10-19': 89.5, '20-29': 89.8, '30-39': 83.5, '40-49': 90.2, '50-59': 81.2, '60-69': 85.3, '70-79': 85.9, '80-89': 90.1, '90-99': 90.9, 'old': 87.48, 'new': 90.9}
2026-04-19 12:28:02,002 [trainer.py] => (curve) top1 Acc: [99.5, 96.85, 95.5, 93.42, 92.44, 90.07, 89.29, 88.74, 88.56, 87.82]
2026-04-19 12:28:02,003 [trainer.py] => (curve) top1 Acc with task: [99.5, 99.05, 98.63, 98.65, 98.64, 98.5, 98.44, 98.41, 98.46, 98.55]
2026-04-19 12:28:02,003 [trainer.py] => (curve) top1 Acc task: [100.0, 97.5, 96.33, 94.12, 93.06, 90.67, 89.84, 89.22, 89.01, 88.24]
2026-04-19 12:28:02,003 [trainer.py] => ================================================================================
