2026-04-20 20:36:37,973 [toolkit.py] => config: configs/ewcdlora/imagenet-r.json
2026-04-20 20:36:37,974 [toolkit.py] => device: [device(type='cuda', index=0)]
2026-04-20 20:36:37,974 [toolkit.py] => debug: False
2026-04-20 20:36:37,974 [toolkit.py] => save_ckp: False
2026-04-20 20:36:37,975 [toolkit.py] => seed: 0
2026-04-20 20:36:37,975 [toolkit.py] => dataset: imagenet-r
2026-04-20 20:36:37,975 [toolkit.py] => data_path: data/imagenet-r
2026-04-20 20:36:37,975 [toolkit.py] => load: vit_base_patch16_224_in21k
2026-04-20 20:36:37,975 [toolkit.py] => init_cls: 20
2026-04-20 20:36:37,975 [toolkit.py] => increment: 20
2026-04-20 20:36:37,976 [toolkit.py] => sessions: 10
2026-04-20 20:36:37,976 [toolkit.py] => shuffle: False
2026-04-20 20:36:37,976 [toolkit.py] => method: ewcdlora
2026-04-20 20:36:37,976 [toolkit.py] => optimizer: adam
2026-04-20 20:36:37,976 [toolkit.py] => scheduler: cosine
2026-04-20 20:36:37,976 [toolkit.py] => epochs: 50
2026-04-20 20:36:37,976 [toolkit.py] => lrate: 0.0005
2026-04-20 20:36:37,977 [toolkit.py] => fc_lrate: 0.0005
2026-04-20 20:36:37,977 [toolkit.py] => weight_decay: 0.005
2026-04-20 20:36:37,977 [toolkit.py] => batch_size: 128
2026-04-20 20:36:37,978 [toolkit.py] => rank: 10
2026-04-20 20:36:37,978 [toolkit.py] => num_workers: 4
2026-04-20 20:36:37,978 [toolkit.py] => gamma: 1.0
2026-04-20 20:36:37,978 [toolkit.py] => lambda: 10000000.0
2026-04-20 20:36:37,978 [toolkit.py] => logdir: logs/ewcdlora-l10000000.0-g1.0/imagenet-r/t10
2026-04-20 20:36:37,978 [toolkit.py] => logfilename: logs/ewcdlora-l10000000.0-g1.0/imagenet-r/t10/seed0
2026-04-20 20:36:39,343 [data_manager.py] => Class index order: 0, 1, 2, 3, 4, ..., 195, 196, 197, 198, 199
2026-04-20 20:37:03,925 [trainer.py] => ================================================================================
2026-04-20 20:37:03,928 [base.py] => Task 0 learning on class 0-20
2026-04-20 20:37:05,219 [toolkit.py] => Total params:     103,487,003
2026-04-20 20:37:05,220 [toolkit.py] => Trainable params: 384,020
2026-04-20 20:37:05,220 [toolkit.py] => Trainable ratio:  0.3711%
2026-04-20 20:51:47,876 [ewcdlora.py] => Task 0, Epoch 50/50 => Loss 0.197, Train_accy 94.82
2026-04-20 20:51:47,877 [trainer.py] => Training time: 0h 14m 43s
2026-04-20 20:51:51,101 [trainer.py] => Evaluation time: 0h 0m 3s
2026-04-20 20:51:51,110 [trainer.py] => Accuracy: {'total': 90.09, '00-19': 90.09, 'old': 0, 'new': 90.09}
2026-04-20 20:51:51,110 [trainer.py] => (curve) top1 Acc: [90.09]
2026-04-20 20:51:51,111 [trainer.py] => (curve) top1 Acc with task: [90.09]
2026-04-20 20:51:51,111 [trainer.py] => (curve) top1 Acc task: [100.0]
2026-04-20 20:51:51,111 [trainer.py] => ================================================================================
2026-04-20 20:51:51,111 [trainer.py] => ================================================================================
2026-04-20 20:51:51,113 [base.py] => Task 1 learning on class 20-40
2026-04-20 20:51:51,116 [toolkit.py] => Total params:     103,487,003
2026-04-20 20:51:51,116 [toolkit.py] => Trainable params: 384,020
2026-04-20 20:51:51,116 [toolkit.py] => Trainable ratio:  0.3711%
2026-04-20 21:08:18,770 [ewcdlora.py] => Task 1, Epoch 50/50 => Loss 0.221, Train_accy 93.94
2026-04-20 21:08:18,771 [trainer.py] => Training time: 0h 16m 27s
2026-04-20 21:08:24,094 [trainer.py] => Evaluation time: 0h 0m 5s
2026-04-20 21:08:24,103 [trainer.py] => Accuracy: {'total': 86.38, '00-19': 88.08, '20-39': 84.86, 'old': 88.08, 'new': 84.86}
2026-04-20 21:08:24,103 [trainer.py] => (curve) top1 Acc: [90.09, 86.38]
2026-04-20 21:08:24,103 [trainer.py] => (curve) top1 Acc with task: [90.09, 90.19]
2026-04-20 21:08:24,103 [trainer.py] => (curve) top1 Acc task: [100.0, 91.87]
2026-04-20 21:08:24,103 [trainer.py] => ================================================================================
2026-04-20 21:08:24,103 [trainer.py] => ================================================================================
2026-04-20 21:08:24,105 [base.py] => Task 2 learning on class 40-60
2026-04-20 21:08:24,108 [toolkit.py] => Total params:     103,487,003
2026-04-20 21:08:24,108 [toolkit.py] => Trainable params: 384,020
2026-04-20 21:08:24,108 [toolkit.py] => Trainable ratio:  0.3711%
2026-04-20 21:18:59,985 [ewcdlora.py] => Task 2, Epoch 50/50 => Loss 0.269, Train_accy 92.35
2026-04-20 21:18:59,986 [trainer.py] => Training time: 0h 10m 35s
2026-04-20 21:19:06,164 [trainer.py] => Evaluation time: 0h 0m 6s
2026-04-20 21:19:06,172 [trainer.py] => Accuracy: {'total': 81.91, '00-19': 85.6, '20-39': 80.69, '40-59': 78.44, 'old': 83.02, 'new': 78.44}
2026-04-20 21:19:06,172 [trainer.py] => (curve) top1 Acc: [90.09, 86.38, 81.91]
2026-04-20 21:19:06,173 [trainer.py] => (curve) top1 Acc with task: [90.09, 90.19, 88.51]
2026-04-20 21:19:06,173 [trainer.py] => (curve) top1 Acc task: [100.0, 91.87, 88.24]
2026-04-20 21:19:06,173 [trainer.py] => ================================================================================
2026-04-20 21:19:06,173 [trainer.py] => ================================================================================
2026-04-20 21:19:06,175 [base.py] => Task 3 learning on class 60-80
2026-04-20 21:19:06,178 [toolkit.py] => Total params:     103,487,003
2026-04-20 21:19:06,178 [toolkit.py] => Trainable params: 384,020
2026-04-20 21:19:06,179 [toolkit.py] => Trainable ratio:  0.3711%
2026-04-20 21:32:24,366 [ewcdlora.py] => Task 3, Epoch 50/50 => Loss 0.241, Train_accy 92.79
2026-04-20 21:32:24,368 [trainer.py] => Training time: 0h 13m 18s
2026-04-20 21:32:31,721 [trainer.py] => Evaluation time: 0h 0m 7s
2026-04-20 21:32:31,730 [trainer.py] => Accuracy: {'total': 79.26, '00-19': 82.66, '20-39': 76.81, '40-59': 76.61, '60-79': 80.48, 'old': 78.86, 'new': 80.48}
2026-04-20 21:32:31,730 [trainer.py] => (curve) top1 Acc: [90.09, 86.38, 81.91, 79.26]
2026-04-20 21:32:31,731 [trainer.py] => (curve) top1 Acc with task: [90.09, 90.19, 88.51, 88.04]
2026-04-20 21:32:31,731 [trainer.py] => (curve) top1 Acc task: [100.0, 91.87, 88.24, 84.86]
2026-04-20 21:32:31,731 [trainer.py] => ================================================================================
2026-04-20 21:32:31,731 [trainer.py] => ================================================================================
2026-04-20 21:32:31,733 [base.py] => Task 4 learning on class 80-100
2026-04-20 21:32:31,737 [toolkit.py] => Total params:     103,487,003
2026-04-20 21:32:31,737 [toolkit.py] => Trainable params: 384,020
2026-04-20 21:32:31,737 [toolkit.py] => Trainable ratio:  0.3711%
2026-04-20 21:48:29,296 [ewcdlora.py] => Task 4, Epoch 50/50 => Loss 0.255, Train_accy 92.93
2026-04-20 21:48:29,297 [trainer.py] => Training time: 0h 15m 57s
2026-04-20 21:48:38,403 [trainer.py] => Evaluation time: 0h 0m 9s
2026-04-20 21:48:38,411 [trainer.py] => Accuracy: {'total': 78.8, '00-19': 84.67, '20-39': 77.92, '40-59': 74.08, '60-79': 76.74, '80-99': 78.95, 'old': 78.75, 'new': 78.95}
2026-04-20 21:48:38,411 [trainer.py] => (curve) top1 Acc: [90.09, 86.38, 81.91, 79.26, 78.8]
2026-04-20 21:48:38,412 [trainer.py] => (curve) top1 Acc with task: [90.09, 90.19, 88.51, 88.04, 87.94]
2026-04-20 21:48:38,412 [trainer.py] => (curve) top1 Acc task: [100.0, 91.87, 88.24, 84.86, 83.9]
2026-04-20 21:48:38,412 [trainer.py] => ================================================================================
2026-04-20 21:48:38,412 [trainer.py] => ================================================================================
2026-04-20 21:48:38,414 [base.py] => Task 5 learning on class 100-120
2026-04-20 21:48:38,417 [toolkit.py] => Total params:     103,487,003
2026-04-20 21:48:38,417 [toolkit.py] => Trainable params: 384,020
2026-04-20 21:48:38,417 [toolkit.py] => Trainable ratio:  0.3711%
2026-04-20 22:01:30,070 [ewcdlora.py] => Task 5, Epoch 50/50 => Loss 0.231, Train_accy 94.22
2026-04-20 22:01:30,071 [trainer.py] => Training time: 0h 12m 51s
2026-04-20 22:01:50,433 [trainer.py] => Evaluation time: 0h 0m 20s
2026-04-20 22:01:50,442 [trainer.py] => Accuracy: {'total': 76.43, '00-19': 82.2, '20-39': 76.67, '40-59': 70.18, '60-79': 73.01, '80-99': 78.09, '100-119': 75.86, 'old': 76.54, 'new': 75.86}
2026-04-20 22:01:50,442 [trainer.py] => (curve) top1 Acc: [90.09, 86.38, 81.91, 79.26, 78.8, 76.43]
2026-04-20 22:01:50,442 [trainer.py] => (curve) top1 Acc with task: [90.09, 90.19, 88.51, 88.04, 87.94, 87.37]
2026-04-20 22:01:50,442 [trainer.py] => (curve) top1 Acc task: [100.0, 91.87, 88.24, 84.86, 83.9, 81.06]
2026-04-20 22:01:50,442 [trainer.py] => ================================================================================
2026-04-20 22:01:50,443 [trainer.py] => ================================================================================
2026-04-20 22:01:50,444 [base.py] => Task 6 learning on class 120-140
2026-04-20 22:01:50,448 [toolkit.py] => Total params:     103,487,003
2026-04-20 22:01:50,448 [toolkit.py] => Trainable params: 384,020
2026-04-20 22:01:50,449 [toolkit.py] => Trainable ratio:  0.3711%
2026-04-20 22:14:56,809 [ewcdlora.py] => Task 6, Epoch 50/50 => Loss 0.348, Train_accy 90.24
2026-04-20 22:14:56,811 [trainer.py] => Training time: 0h 13m 6s
2026-04-20 22:15:09,841 [trainer.py] => Evaluation time: 0h 0m 13s
2026-04-20 22:15:09,850 [trainer.py] => Accuracy: {'total': 73.23, '00-19': 80.34, '20-39': 71.81, '40-59': 69.04, '60-79': 67.57, '80-99': 77.67, '100-119': 71.71, '120-139': 72.01, 'old': 73.42, 'new': 72.01}
2026-04-20 22:15:09,850 [trainer.py] => (curve) top1 Acc: [90.09, 86.38, 81.91, 79.26, 78.8, 76.43, 73.23]
2026-04-20 22:15:09,850 [trainer.py] => (curve) top1 Acc with task: [90.09, 90.19, 88.51, 88.04, 87.94, 87.37, 85.63]
2026-04-20 22:15:09,850 [trainer.py] => (curve) top1 Acc task: [100.0, 91.87, 88.24, 84.86, 83.9, 81.06, 77.88]
2026-04-20 22:15:09,851 [trainer.py] => ================================================================================
2026-04-20 22:15:09,851 [trainer.py] => ================================================================================
2026-04-20 22:15:09,852 [base.py] => Task 7 learning on class 140-160
2026-04-20 22:15:09,855 [toolkit.py] => Total params:     103,487,003
2026-04-20 22:15:09,855 [toolkit.py] => Trainable params: 384,020
2026-04-20 22:15:09,856 [toolkit.py] => Trainable ratio:  0.3711%
2026-04-20 22:26:07,901 [ewcdlora.py] => Task 7, Epoch 50/50 => Loss 0.295, Train_accy 91.76
2026-04-20 22:26:07,902 [trainer.py] => Training time: 0h 10m 58s
2026-04-20 22:26:21,212 [trainer.py] => Evaluation time: 0h 0m 13s
2026-04-20 22:26:21,220 [trainer.py] => Accuracy: {'total': 72.12, '00-19': 80.5, '20-39': 70.42, '40-59': 67.66, '60-79': 68.08, '80-99': 75.53, '100-119': 71.17, '120-139': 67.78, '140-159': 73.68, 'old': 71.95, 'new': 73.68}
2026-04-20 22:26:21,221 [trainer.py] => (curve) top1 Acc: [90.09, 86.38, 81.91, 79.26, 78.8, 76.43, 73.23, 72.12]
2026-04-20 22:26:21,221 [trainer.py] => (curve) top1 Acc with task: [90.09, 90.19, 88.51, 88.04, 87.94, 87.37, 85.63, 85.08]
2026-04-20 22:26:21,221 [trainer.py] => (curve) top1 Acc task: [100.0, 91.87, 88.24, 84.86, 83.9, 81.06, 77.88, 76.65]
2026-04-20 22:26:21,221 [trainer.py] => ================================================================================
2026-04-20 22:26:21,221 [trainer.py] => ================================================================================
2026-04-20 22:26:21,223 [base.py] => Task 8 learning on class 160-180
2026-04-20 22:26:21,226 [toolkit.py] => Total params:     103,487,003
2026-04-20 22:26:21,226 [toolkit.py] => Trainable params: 384,020
2026-04-20 22:26:21,226 [toolkit.py] => Trainable ratio:  0.3711%
2026-04-20 22:40:23,095 [ewcdlora.py] => Task 8, Epoch 50/50 => Loss 0.187, Train_accy 94.98
2026-04-20 22:40:23,096 [trainer.py] => Training time: 0h 14m 1s
2026-04-20 22:40:36,959 [trainer.py] => Evaluation time: 0h 0m 13s
2026-04-20 22:40:36,968 [trainer.py] => Accuracy: {'total': 71.97, '00-19': 79.1, '20-39': 69.44, '40-59': 63.76, '60-79': 65.2, '80-99': 74.82, '100-119': 69.91, '120-139': 64.44, '140-159': 71.71, '160-179': 85.35, 'old': 70.19, 'new': 85.35}
2026-04-20 22:40:36,968 [trainer.py] => (curve) top1 Acc: [90.09, 86.38, 81.91, 79.26, 78.8, 76.43, 73.23, 72.12, 71.97]
2026-04-20 22:40:36,968 [trainer.py] => (curve) top1 Acc with task: [90.09, 90.19, 88.51, 88.04, 87.94, 87.37, 85.63, 85.08, 85.55]
2026-04-20 22:40:36,968 [trainer.py] => (curve) top1 Acc task: [100.0, 91.87, 88.24, 84.86, 83.9, 81.06, 77.88, 76.65, 76.05]
2026-04-20 22:40:36,968 [trainer.py] => ================================================================================
2026-04-20 22:40:36,968 [trainer.py] => ================================================================================
2026-04-20 22:40:36,970 [base.py] => Task 9 learning on class 180-200
2026-04-20 22:40:36,973 [toolkit.py] => Total params:     103,487,003
2026-04-20 22:40:36,973 [toolkit.py] => Trainable params: 384,020
2026-04-20 22:40:36,974 [toolkit.py] => Trainable ratio:  0.3711%
2026-04-20 22:56:38,130 [ewcdlora.py] => Task 9, Epoch 50/50 => Loss 0.262, Train_accy 92.79
2026-04-20 22:56:38,132 [trainer.py] => Training time: 0h 16m 1s
2026-04-20 22:56:53,632 [trainer.py] => Evaluation time: 0h 0m 15s
2026-04-20 22:56:53,640 [trainer.py] => Accuracy: {'total': 71.48, '00-19': 78.33, '20-39': 68.19, '40-59': 63.3, '60-79': 65.03, '80-99': 72.69, '100-119': 70.63, '120-139': 61.62, '140-159': 70.39, '160-179': 81.8, '180-199': 78.05, 'old': 70.61, 'new': 78.05}
2026-04-20 22:56:53,640 [trainer.py] => (curve) top1 Acc: [90.09, 86.38, 81.91, 79.26, 78.8, 76.43, 73.23, 72.12, 71.97, 71.48]
2026-04-20 22:56:53,641 [trainer.py] => (curve) top1 Acc with task: [90.09, 90.19, 88.51, 88.04, 87.94, 87.37, 85.63, 85.08, 85.55, 85.9]
2026-04-20 22:56:53,641 [trainer.py] => (curve) top1 Acc task: [100.0, 91.87, 88.24, 84.86, 83.9, 81.06, 77.88, 76.65, 76.05, 75.5]
2026-04-20 22:56:53,641 [trainer.py] => ================================================================================
