2026-04-19 18:36:49,553 [toolkit.py] => config: configs/actmat-c-l1000.0/imagenet-r.json
2026-04-19 18:36:49,553 [toolkit.py] => device: [device(type='cuda', index=0)]
2026-04-19 18:36:49,553 [toolkit.py] => debug: False
2026-04-19 18:36:49,553 [toolkit.py] => save_ckp: False
2026-04-19 18:36:49,553 [toolkit.py] => seed: 0
2026-04-19 18:36:49,554 [toolkit.py] => dataset: imagenet-r
2026-04-19 18:36:49,554 [toolkit.py] => data_path: data/imagenet-r
2026-04-19 18:36:49,554 [toolkit.py] => load: vit_base_patch16_224_in21k
2026-04-19 18:36:49,554 [toolkit.py] => init_cls: 20
2026-04-19 18:36:49,554 [toolkit.py] => increment: 20
2026-04-19 18:36:49,554 [toolkit.py] => sessions: 10
2026-04-19 18:36:49,554 [toolkit.py] => shuffle: False
2026-04-19 18:36:49,554 [toolkit.py] => method: actmat-c
2026-04-19 18:36:49,554 [toolkit.py] => optimizer: adam
2026-04-19 18:36:49,555 [toolkit.py] => scheduler: cosine
2026-04-19 18:36:49,555 [toolkit.py] => epochs: 50
2026-04-19 18:36:49,555 [toolkit.py] => lrate: 0.0005
2026-04-19 18:36:49,555 [toolkit.py] => fc_lrate: 0.0005
2026-04-19 18:36:49,555 [toolkit.py] => weight_decay: 0.005
2026-04-19 18:36:49,555 [toolkit.py] => batch_size: 128
2026-04-19 18:36:49,555 [toolkit.py] => rank: 10
2026-04-19 18:36:49,555 [toolkit.py] => num_workers: 16
2026-04-19 18:36:49,555 [toolkit.py] => lambda: 1000.0
2026-04-19 18:36:49,556 [toolkit.py] => gamma: 1.0
2026-04-19 18:36:49,556 [toolkit.py] => logdir: logs/actmat-c-l1000.0-g1.0/imagenet-r/t10
2026-04-19 18:36:49,556 [toolkit.py] => logfilename: logs/actmat-c-l1000.0-g1.0/imagenet-r/t10/seed0
2026-04-19 18:36:50,288 [data_manager.py] => Class index order: 0, 1, 2, 3, 4, ..., 195, 196, 197, 198, 199
2026-04-19 18:36:53,979 [trainer.py] => ================================================================================
2026-04-19 18:36:53,983 [base.py] => Task 0 learning on class 0-20
2026-04-19 18:36:55,123 [toolkit.py] => Total params:     103,487,003
2026-04-19 18:36:55,123 [toolkit.py] => Trainable params: 384,020
2026-04-19 18:36:55,123 [toolkit.py] => Trainable ratio:  0.3711%
2026-04-19 18:59:53,456 [actmat_c.py] => Task 0, Epoch 50/50 => Loss 0.183, Train_accy 95.01
2026-04-19 18:59:53,458 [trainer.py] => Training time: 0h 22m 59s
2026-04-19 18:59:57,607 [trainer.py] => Evaluation time: 0h 0m 4s
2026-04-19 19:00:08,515 [trainer.py] => Accuracy: {'total': 89.32, '00-19': 89.32, 'old': 0, 'new': 89.32}
2026-04-19 19:00:08,515 [trainer.py] => (curve) top1 Acc: [89.32]
2026-04-19 19:00:08,515 [trainer.py] => (curve) top1 Acc with task: [89.32]
2026-04-19 19:00:08,516 [trainer.py] => (curve) top1 Acc task: [100.0]
2026-04-19 19:00:08,516 [trainer.py] => ================================================================================
2026-04-19 19:00:08,516 [trainer.py] => ================================================================================
2026-04-19 19:00:08,518 [base.py] => Task 1 learning on class 20-40
2026-04-19 19:00:08,521 [toolkit.py] => Total params:     103,487,003
2026-04-19 19:00:08,521 [toolkit.py] => Trainable params: 384,020
2026-04-19 19:00:08,521 [toolkit.py] => Trainable ratio:  0.3711%
2026-04-19 19:24:28,476 [actmat_c.py] => Task 1, Epoch 50/50 => Loss 0.243, Train_accy 92.93
2026-04-19 19:24:28,477 [trainer.py] => Training time: 0h 24m 19s
2026-04-19 19:24:35,185 [trainer.py] => Evaluation time: 0h 0m 6s
2026-04-19 19:24:46,441 [trainer.py] => Accuracy: {'total': 84.55, '00-19': 87.77, '20-39': 81.67, 'old': 87.77, 'new': 81.67}
2026-04-19 19:24:46,441 [trainer.py] => (curve) top1 Acc: [89.32, 84.55]
2026-04-19 19:24:46,441 [trainer.py] => (curve) top1 Acc with task: [89.32, 89.75]
2026-04-19 19:24:46,441 [trainer.py] => (curve) top1 Acc task: [100.0, 90.41]
2026-04-19 19:24:46,442 [trainer.py] => ================================================================================
2026-04-19 19:24:46,442 [trainer.py] => ================================================================================
2026-04-19 19:24:46,443 [base.py] => Task 2 learning on class 40-60
2026-04-19 19:24:46,447 [toolkit.py] => Total params:     103,487,003
2026-04-19 19:24:46,447 [toolkit.py] => Trainable params: 384,020
2026-04-19 19:24:46,447 [toolkit.py] => Trainable ratio:  0.3711%
2026-04-19 19:40:52,222 [actmat_c.py] => Task 2, Epoch 50/50 => Loss 0.325, Train_accy 90.63
2026-04-19 19:40:52,223 [trainer.py] => Training time: 0h 16m 5s
2026-04-19 19:41:06,290 [trainer.py] => Evaluation time: 0h 0m 14s
2026-04-19 19:41:14,318 [trainer.py] => Accuracy: {'total': 81.08, '00-19': 87.0, '20-39': 80.69, '40-59': 72.94, 'old': 83.67, 'new': 72.94}
2026-04-19 19:41:14,319 [trainer.py] => (curve) top1 Acc: [89.32, 84.55, 81.08]
2026-04-19 19:41:14,319 [trainer.py] => (curve) top1 Acc with task: [89.32, 89.75, 87.9]
2026-04-19 19:41:14,319 [trainer.py] => (curve) top1 Acc task: [100.0, 90.41, 87.62]
2026-04-19 19:41:14,319 [trainer.py] => ================================================================================
2026-04-19 19:41:14,319 [trainer.py] => ================================================================================
2026-04-19 19:41:14,321 [base.py] => Task 3 learning on class 60-80
2026-04-19 19:41:14,324 [toolkit.py] => Total params:     103,487,003
2026-04-19 19:41:14,325 [toolkit.py] => Trainable params: 384,020
2026-04-19 19:41:14,325 [toolkit.py] => Trainable ratio:  0.3711%
2026-04-19 20:02:19,946 [actmat_c.py] => Task 3, Epoch 50/50 => Loss 0.263, Train_accy 92.36
2026-04-19 20:02:19,947 [trainer.py] => Training time: 0h 21m 5s
2026-04-19 20:02:41,326 [trainer.py] => Evaluation time: 0h 0m 21s
2026-04-19 20:02:56,978 [trainer.py] => Accuracy: {'total': 77.75, '00-19': 86.07, '20-39': 78.75, '40-59': 68.58, '60-79': 74.19, 'old': 78.91, 'new': 74.19}
2026-04-19 20:02:56,979 [trainer.py] => (curve) top1 Acc: [89.32, 84.55, 81.08, 77.75]
2026-04-19 20:02:56,979 [trainer.py] => (curve) top1 Acc with task: [89.32, 89.75, 87.9, 87.12]
2026-04-19 20:02:56,979 [trainer.py] => (curve) top1 Acc task: [100.0, 90.41, 87.62, 83.35]
2026-04-19 20:02:56,979 [trainer.py] => ================================================================================
2026-04-19 20:02:56,980 [trainer.py] => ================================================================================
2026-04-19 20:02:56,981 [base.py] => Task 4 learning on class 80-100
2026-04-19 20:02:56,985 [toolkit.py] => Total params:     103,487,003
2026-04-19 20:02:56,985 [toolkit.py] => Trainable params: 384,020
2026-04-19 20:02:56,985 [toolkit.py] => Trainable ratio:  0.3711%
2026-04-19 20:26:30,696 [actmat_c.py] => Task 4, Epoch 50/50 => Loss 0.251, Train_accy 92.68
2026-04-19 20:26:30,697 [trainer.py] => Training time: 0h 23m 33s
2026-04-19 20:26:42,072 [trainer.py] => Evaluation time: 0h 0m 11s
2026-04-19 20:27:11,814 [trainer.py] => Accuracy: {'total': 76.44, '00-19': 85.29, '20-39': 78.06, '40-59': 66.28, '60-79': 73.51, '80-99': 75.39, 'old': 76.75, 'new': 75.39}
2026-04-19 20:27:11,814 [trainer.py] => (curve) top1 Acc: [89.32, 84.55, 81.08, 77.75, 76.44]
2026-04-19 20:27:11,815 [trainer.py] => (curve) top1 Acc with task: [89.32, 89.75, 87.9, 87.12, 86.94]
2026-04-19 20:27:11,815 [trainer.py] => (curve) top1 Acc task: [100.0, 90.41, 87.62, 83.35, 81.58]
2026-04-19 20:27:11,815 [trainer.py] => ================================================================================
2026-04-19 20:27:11,815 [trainer.py] => ================================================================================
2026-04-19 20:27:11,817 [base.py] => Task 5 learning on class 100-120
2026-04-19 20:27:11,820 [toolkit.py] => Total params:     103,487,003
2026-04-19 20:27:11,820 [toolkit.py] => Trainable params: 384,020
2026-04-19 20:27:11,820 [toolkit.py] => Trainable ratio:  0.3711%
2026-04-19 20:48:27,828 [actmat_c.py] => Task 5, Epoch 50/50 => Loss 0.264, Train_accy 93.18
2026-04-19 20:48:27,830 [trainer.py] => Training time: 0h 21m 16s
2026-04-19 20:48:57,665 [trainer.py] => Evaluation time: 0h 0m 29s
2026-04-19 20:49:25,703 [trainer.py] => Accuracy: {'total': 74.65, '00-19': 84.83, '20-39': 76.53, '40-59': 66.97, '60-79': 72.33, '80-99': 73.83, '100-119': 69.91, 'old': 75.5, 'new': 69.91}
2026-04-19 20:49:25,703 [trainer.py] => (curve) top1 Acc: [89.32, 84.55, 81.08, 77.75, 76.44, 74.65]
2026-04-19 20:49:25,703 [trainer.py] => (curve) top1 Acc with task: [89.32, 89.75, 87.9, 87.12, 86.94, 86.33]
2026-04-19 20:49:25,703 [trainer.py] => (curve) top1 Acc task: [100.0, 90.41, 87.62, 83.35, 81.58, 79.25]
2026-04-19 20:49:25,704 [trainer.py] => ================================================================================
2026-04-19 20:49:25,704 [trainer.py] => ================================================================================
2026-04-19 20:49:25,705 [base.py] => Task 6 learning on class 120-140
2026-04-19 20:49:25,709 [toolkit.py] => Total params:     103,487,003
2026-04-19 20:49:25,709 [toolkit.py] => Trainable params: 384,020
2026-04-19 20:49:25,709 [toolkit.py] => Trainable ratio:  0.3711%
2026-04-19 21:09:38,362 [actmat_c.py] => Task 6, Epoch 50/50 => Loss 0.346, Train_accy 90.72
2026-04-19 21:09:38,364 [trainer.py] => Training time: 0h 20m 12s
2026-04-19 21:10:08,135 [trainer.py] => Evaluation time: 0h 0m 29s
2026-04-19 21:10:37,281 [trainer.py] => Accuracy: {'total': 73.04, '00-19': 84.06, '20-39': 74.86, '40-59': 66.74, '60-79': 71.48, '80-99': 73.83, '100-119': 68.83, '120-139': 67.78, 'old': 73.86, 'new': 67.78}
2026-04-19 21:10:37,281 [trainer.py] => (curve) top1 Acc: [89.32, 84.55, 81.08, 77.75, 76.44, 74.65, 73.04]
2026-04-19 21:10:37,281 [trainer.py] => (curve) top1 Acc with task: [89.32, 89.75, 87.9, 87.12, 86.94, 86.33, 85.8]
2026-04-19 21:10:37,281 [trainer.py] => (curve) top1 Acc task: [100.0, 90.41, 87.62, 83.35, 81.58, 79.25, 77.64]
2026-04-19 21:10:37,282 [trainer.py] => ================================================================================
2026-04-19 21:10:37,282 [trainer.py] => ================================================================================
2026-04-19 21:10:37,283 [base.py] => Task 7 learning on class 140-160
2026-04-19 21:10:37,287 [toolkit.py] => Total params:     103,487,003
2026-04-19 21:10:37,287 [toolkit.py] => Trainable params: 384,020
2026-04-19 21:10:37,287 [toolkit.py] => Trainable ratio:  0.3711%
2026-04-19 21:28:52,632 [actmat_c.py] => Task 7, Epoch 50/50 => Loss 0.293, Train_accy 91.93
2026-04-19 21:28:52,633 [trainer.py] => Training time: 0h 18m 15s
2026-04-19 21:29:23,420 [trainer.py] => Evaluation time: 0h 0m 30s
2026-04-19 21:29:31,497 [trainer.py] => Accuracy: {'total': 72.29, '00-19': 83.28, '20-39': 74.86, '40-59': 66.97, '60-79': 70.97, '80-99': 73.54, '100-119': 69.73, '120-139': 66.37, '140-159': 67.98, 'old': 72.75, 'new': 67.98}
2026-04-19 21:29:31,497 [trainer.py] => (curve) top1 Acc: [89.32, 84.55, 81.08, 77.75, 76.44, 74.65, 73.04, 72.29]
2026-04-19 21:29:31,498 [trainer.py] => (curve) top1 Acc with task: [89.32, 89.75, 87.9, 87.12, 86.94, 86.33, 85.8, 85.45]
2026-04-19 21:29:31,498 [trainer.py] => (curve) top1 Acc task: [100.0, 90.41, 87.62, 83.35, 81.58, 79.25, 77.64, 76.52]
2026-04-19 21:29:31,498 [trainer.py] => ================================================================================
2026-04-19 21:29:31,498 [trainer.py] => ================================================================================
2026-04-19 21:29:31,500 [base.py] => Task 8 learning on class 160-180
2026-04-19 21:29:31,503 [toolkit.py] => Total params:     103,487,003
2026-04-19 21:29:31,503 [toolkit.py] => Trainable params: 384,020
2026-04-19 21:29:31,503 [toolkit.py] => Trainable ratio:  0.3711%
2026-04-19 21:51:42,346 [actmat_c.py] => Task 8, Epoch 50/50 => Loss 0.173, Train_accy 95.14
2026-04-19 21:51:42,348 [trainer.py] => Training time: 0h 22m 10s
2026-04-19 21:51:58,792 [trainer.py] => Evaluation time: 0h 0m 16s
2026-04-19 21:52:22,094 [trainer.py] => Accuracy: {'total': 72.67, '00-19': 83.28, '20-39': 75.28, '40-59': 66.06, '60-79': 70.12, '80-99': 72.69, '100-119': 68.83, '120-139': 64.79, '140-159': 66.01, '160-179': 81.16, 'old': 71.54, 'new': 81.16}
2026-04-19 21:52:22,094 [trainer.py] => (curve) top1 Acc: [89.32, 84.55, 81.08, 77.75, 76.44, 74.65, 73.04, 72.29, 72.67]
2026-04-19 21:52:22,094 [trainer.py] => (curve) top1 Acc with task: [89.32, 89.75, 87.9, 87.12, 86.94, 86.33, 85.8, 85.45, 86.06]
2026-04-19 21:52:22,095 [trainer.py] => (curve) top1 Acc task: [100.0, 90.41, 87.62, 83.35, 81.58, 79.25, 77.64, 76.52, 76.65]
2026-04-19 21:52:22,095 [trainer.py] => ================================================================================
2026-04-19 21:52:22,095 [trainer.py] => ================================================================================
2026-04-19 21:52:22,097 [base.py] => Task 9 learning on class 180-200
2026-04-19 21:52:22,100 [toolkit.py] => Total params:     103,487,003
2026-04-19 21:52:22,100 [toolkit.py] => Trainable params: 384,020
2026-04-19 21:52:22,100 [toolkit.py] => Trainable ratio:  0.3711%
2026-04-19 22:15:48,569 [actmat_c.py] => Task 9, Epoch 50/50 => Loss 0.256, Train_accy 93.15
2026-04-19 22:15:48,571 [trainer.py] => Training time: 0h 23m 26s
2026-04-19 22:16:24,601 [trainer.py] => Evaluation time: 0h 0m 36s
2026-04-19 22:16:35,217 [trainer.py] => Accuracy: {'total': 72.32, '00-19': 83.59, '20-39': 74.72, '40-59': 66.06, '60-79': 70.46, '80-99': 72.69, '100-119': 68.11, '120-139': 63.2, '140-159': 64.47, '160-179': 80.35, '180-199': 73.23, 'old': 72.19, 'new': 73.23}
2026-04-19 22:16:35,218 [trainer.py] => (curve) top1 Acc: [89.32, 84.55, 81.08, 77.75, 76.44, 74.65, 73.04, 72.29, 72.67, 72.32]
2026-04-19 22:16:35,218 [trainer.py] => (curve) top1 Acc with task: [89.32, 89.75, 87.9, 87.12, 86.94, 86.33, 85.8, 85.45, 86.06, 86.4]
2026-04-19 22:16:35,218 [trainer.py] => (curve) top1 Acc task: [100.0, 90.41, 87.62, 83.35, 81.58, 79.25, 77.64, 76.52, 76.65, 76.05]
2026-04-19 22:16:35,218 [trainer.py] => ================================================================================
