2026-04-19 12:28:10,900 [toolkit.py] => config: configs/actmat-c-l10.0/imagenet-r.json
2026-04-19 12:28:10,900 [toolkit.py] => device: [device(type='cuda', index=0)]
2026-04-19 12:28:10,900 [toolkit.py] => debug: False
2026-04-19 12:28:10,901 [toolkit.py] => save_ckp: False
2026-04-19 12:28:10,901 [toolkit.py] => seed: 0
2026-04-19 12:28:10,901 [toolkit.py] => dataset: imagenet-r
2026-04-19 12:28:10,901 [toolkit.py] => data_path: data/imagenet-r
2026-04-19 12:28:10,901 [toolkit.py] => load: vit_base_patch16_224_in21k
2026-04-19 12:28:10,901 [toolkit.py] => init_cls: 20
2026-04-19 12:28:10,901 [toolkit.py] => increment: 20
2026-04-19 12:28:10,901 [toolkit.py] => sessions: 10
2026-04-19 12:28:10,901 [toolkit.py] => shuffle: False
2026-04-19 12:28:10,901 [toolkit.py] => method: actmat-c
2026-04-19 12:28:10,902 [toolkit.py] => optimizer: adam
2026-04-19 12:28:10,902 [toolkit.py] => scheduler: cosine
2026-04-19 12:28:10,902 [toolkit.py] => epochs: 50
2026-04-19 12:28:10,902 [toolkit.py] => lrate: 0.0005
2026-04-19 12:28:10,902 [toolkit.py] => fc_lrate: 0.0005
2026-04-19 12:28:10,902 [toolkit.py] => weight_decay: 0.005
2026-04-19 12:28:10,902 [toolkit.py] => batch_size: 128
2026-04-19 12:28:10,903 [toolkit.py] => rank: 10
2026-04-19 12:28:10,903 [toolkit.py] => num_workers: 16
2026-04-19 12:28:10,903 [toolkit.py] => lambda: 10.0
2026-04-19 12:28:10,903 [toolkit.py] => gamma: 1.0
2026-04-19 12:28:10,903 [toolkit.py] => logdir: logs/actmat-c-l10.0-g1.0/imagenet-r/t10
2026-04-19 12:28:10,903 [toolkit.py] => logfilename: logs/actmat-c-l10.0-g1.0/imagenet-r/t10/seed0
2026-04-19 12:28:11,543 [data_manager.py] => Class index order: 0, 1, 2, 3, 4, ..., 195, 196, 197, 198, 199
2026-04-19 12:28:15,097 [trainer.py] => ================================================================================
2026-04-19 12:28:15,101 [base.py] => Task 0 learning on class 0-20
2026-04-19 12:28:16,297 [toolkit.py] => Total params:     103,487,003
2026-04-19 12:28:16,297 [toolkit.py] => Trainable params: 384,020
2026-04-19 12:28:16,297 [toolkit.py] => Trainable ratio:  0.3711%
2026-04-19 12:50:34,960 [actmat_c.py] => Task 0, Epoch 50/50 => Loss 0.183, Train_accy 95.01
2026-04-19 12:50:34,961 [trainer.py] => Training time: 0h 22m 19s
2026-04-19 12:50:39,295 [trainer.py] => Evaluation time: 0h 0m 4s
2026-04-19 12:50:49,193 [trainer.py] => Accuracy: {'total': 89.32, '00-19': 89.32, 'old': 0, 'new': 89.32}
2026-04-19 12:50:49,193 [trainer.py] => (curve) top1 Acc: [89.32]
2026-04-19 12:50:49,193 [trainer.py] => (curve) top1 Acc with task: [89.32]
2026-04-19 12:50:49,194 [trainer.py] => (curve) top1 Acc task: [100.0]
2026-04-19 12:50:49,194 [trainer.py] => ================================================================================
2026-04-19 12:50:49,194 [trainer.py] => ================================================================================
2026-04-19 12:50:49,196 [base.py] => Task 1 learning on class 20-40
2026-04-19 12:50:49,199 [toolkit.py] => Total params:     103,487,003
2026-04-19 12:50:49,199 [toolkit.py] => Trainable params: 384,020
2026-04-19 12:50:49,199 [toolkit.py] => Trainable ratio:  0.3711%
2026-04-19 13:13:12,548 [actmat_c.py] => Task 1, Epoch 50/50 => Loss 0.243, Train_accy 93.07
2026-04-19 13:13:12,549 [trainer.py] => Training time: 0h 22m 23s
2026-04-19 13:13:19,440 [trainer.py] => Evaluation time: 0h 0m 6s
2026-04-19 13:13:30,074 [trainer.py] => Accuracy: {'total': 84.55, '00-19': 87.77, '20-39': 81.67, 'old': 87.77, 'new': 81.67}
2026-04-19 13:13:30,074 [trainer.py] => (curve) top1 Acc: [89.32, 84.55]
2026-04-19 13:13:30,074 [trainer.py] => (curve) top1 Acc with task: [89.32, 89.82]
2026-04-19 13:13:30,074 [trainer.py] => (curve) top1 Acc task: [100.0, 90.41]
2026-04-19 13:13:30,075 [trainer.py] => ================================================================================
2026-04-19 13:13:30,075 [trainer.py] => ================================================================================
2026-04-19 13:13:30,076 [base.py] => Task 2 learning on class 40-60
2026-04-19 13:13:30,080 [toolkit.py] => Total params:     103,487,003
2026-04-19 13:13:30,080 [toolkit.py] => Trainable params: 384,020
2026-04-19 13:13:30,080 [toolkit.py] => Trainable ratio:  0.3711%
2026-04-19 13:29:46,423 [actmat_c.py] => Task 2, Epoch 50/50 => Loss 0.324, Train_accy 91.03
2026-04-19 13:29:46,425 [trainer.py] => Training time: 0h 16m 16s
2026-04-19 13:29:54,500 [trainer.py] => Evaluation time: 0h 0m 8s
2026-04-19 13:30:12,180 [trainer.py] => Accuracy: {'total': 80.85, '00-19': 87.15, '20-39': 80.69, '40-59': 71.79, 'old': 83.75, 'new': 71.79}
2026-04-19 13:30:12,181 [trainer.py] => (curve) top1 Acc: [89.32, 84.55, 80.85]
2026-04-19 13:30:12,181 [trainer.py] => (curve) top1 Acc with task: [89.32, 89.82, 87.85]
2026-04-19 13:30:12,181 [trainer.py] => (curve) top1 Acc task: [100.0, 90.41, 87.35]
2026-04-19 13:30:12,181 [trainer.py] => ================================================================================
2026-04-19 13:30:12,181 [trainer.py] => ================================================================================
2026-04-19 13:30:12,183 [base.py] => Task 3 learning on class 60-80
2026-04-19 13:30:12,186 [toolkit.py] => Total params:     103,487,003
2026-04-19 13:30:12,186 [toolkit.py] => Trainable params: 384,020
2026-04-19 13:30:12,187 [toolkit.py] => Trainable ratio:  0.3711%
2026-04-19 13:51:27,150 [actmat_c.py] => Task 3, Epoch 50/50 => Loss 0.259, Train_accy 92.79
2026-04-19 13:51:27,151 [trainer.py] => Training time: 0h 21m 14s
2026-04-19 13:51:41,593 [trainer.py] => Evaluation time: 0h 0m 14s
2026-04-19 13:51:57,915 [trainer.py] => Accuracy: {'total': 77.5, '00-19': 85.91, '20-39': 79.44, '40-59': 66.74, '60-79': 73.85, 'old': 78.69, 'new': 73.85}
2026-04-19 13:51:57,916 [trainer.py] => (curve) top1 Acc: [89.32, 84.55, 80.85, 77.5]
2026-04-19 13:51:57,916 [trainer.py] => (curve) top1 Acc with task: [89.32, 89.82, 87.85, 87.03]
2026-04-19 13:51:57,916 [trainer.py] => (curve) top1 Acc task: [100.0, 90.41, 87.35, 83.27]
2026-04-19 13:51:57,916 [trainer.py] => ================================================================================
2026-04-19 13:51:57,916 [trainer.py] => ================================================================================
2026-04-19 13:51:57,918 [base.py] => Task 4 learning on class 80-100
2026-04-19 13:51:57,922 [toolkit.py] => Total params:     103,487,003
2026-04-19 13:51:57,922 [toolkit.py] => Trainable params: 384,020
2026-04-19 13:51:57,922 [toolkit.py] => Trainable ratio:  0.3711%
2026-04-19 14:15:42,015 [actmat_c.py] => Task 4, Epoch 50/50 => Loss 0.250, Train_accy 92.68
2026-04-19 14:15:42,016 [trainer.py] => Training time: 0h 23m 44s
2026-04-19 14:16:08,116 [trainer.py] => Evaluation time: 0h 0m 26s
2026-04-19 14:16:26,401 [trainer.py] => Accuracy: {'total': 76.24, '00-19': 85.45, '20-39': 78.19, '40-59': 64.91, '60-79': 73.17, '80-99': 75.39, 'old': 76.5, 'new': 75.39}
2026-04-19 14:16:26,401 [trainer.py] => (curve) top1 Acc: [89.32, 84.55, 80.85, 77.5, 76.24]
2026-04-19 14:16:26,401 [trainer.py] => (curve) top1 Acc with task: [89.32, 89.82, 87.85, 87.03, 86.85]
2026-04-19 14:16:26,402 [trainer.py] => (curve) top1 Acc task: [100.0, 90.41, 87.35, 83.27, 81.51]
2026-04-19 14:16:26,402 [trainer.py] => ================================================================================
2026-04-19 14:16:26,402 [trainer.py] => ================================================================================
2026-04-19 14:16:26,403 [base.py] => Task 5 learning on class 100-120
2026-04-19 14:16:26,407 [toolkit.py] => Total params:     103,487,003
2026-04-19 14:16:26,407 [toolkit.py] => Trainable params: 384,020
2026-04-19 14:16:26,407 [toolkit.py] => Trainable ratio:  0.3711%
2026-04-19 14:39:32,365 [actmat_c.py] => Task 5, Epoch 50/50 => Loss 0.260, Train_accy 93.14
2026-04-19 14:39:32,367 [trainer.py] => Training time: 0h 23m 5s
2026-04-19 14:39:54,952 [trainer.py] => Evaluation time: 0h 0m 22s
2026-04-19 14:40:04,658 [trainer.py] => Accuracy: {'total': 74.92, '00-19': 84.83, '20-39': 77.5, '40-59': 65.37, '60-79': 72.33, '80-99': 74.96, '100-119': 70.27, 'old': 75.76, 'new': 70.27}
2026-04-19 14:40:04,658 [trainer.py] => (curve) top1 Acc: [89.32, 84.55, 80.85, 77.5, 76.24, 74.92]
2026-04-19 14:40:04,658 [trainer.py] => (curve) top1 Acc with task: [89.32, 89.82, 87.85, 87.03, 86.85, 86.49]
2026-04-19 14:40:04,659 [trainer.py] => (curve) top1 Acc task: [100.0, 90.41, 87.35, 83.27, 81.51, 79.67]
2026-04-19 14:40:04,659 [trainer.py] => ================================================================================
2026-04-19 14:40:04,659 [trainer.py] => ================================================================================
2026-04-19 14:40:04,660 [base.py] => Task 6 learning on class 120-140
2026-04-19 14:40:04,664 [toolkit.py] => Total params:     103,487,003
2026-04-19 14:40:04,664 [toolkit.py] => Trainable params: 384,020
2026-04-19 14:40:04,664 [toolkit.py] => Trainable ratio:  0.3711%
2026-04-19 15:02:07,908 [actmat_c.py] => Task 6, Epoch 50/50 => Loss 0.346, Train_accy 90.68
2026-04-19 15:02:07,909 [trainer.py] => Training time: 0h 22m 3s
2026-04-19 15:02:39,681 [trainer.py] => Evaluation time: 0h 0m 31s
2026-04-19 15:02:53,437 [trainer.py] => Accuracy: {'total': 73.3, '00-19': 84.37, '20-39': 75.97, '40-59': 65.37, '60-79': 72.16, '80-99': 74.4, '100-119': 69.37, '120-139': 67.08, 'old': 74.27, 'new': 67.08}
2026-04-19 15:02:53,438 [trainer.py] => (curve) top1 Acc: [89.32, 84.55, 80.85, 77.5, 76.24, 74.92, 73.3]
2026-04-19 15:02:53,438 [trainer.py] => (curve) top1 Acc with task: [89.32, 89.82, 87.85, 87.03, 86.85, 86.49, 85.8]
2026-04-19 15:02:53,438 [trainer.py] => (curve) top1 Acc task: [100.0, 90.41, 87.35, 83.27, 81.51, 79.67, 77.95]
2026-04-19 15:02:53,438 [trainer.py] => ================================================================================
2026-04-19 15:02:53,438 [trainer.py] => ================================================================================
2026-04-19 15:02:53,440 [base.py] => Task 7 learning on class 140-160
2026-04-19 15:02:53,443 [toolkit.py] => Total params:     103,487,003
2026-04-19 15:02:53,443 [toolkit.py] => Trainable params: 384,020
2026-04-19 15:02:53,443 [toolkit.py] => Trainable ratio:  0.3711%
2026-04-19 15:19:55,195 [actmat_c.py] => Task 7, Epoch 50/50 => Loss 0.291, Train_accy 92.04
2026-04-19 15:19:55,196 [trainer.py] => Training time: 0h 17m 1s
2026-04-19 15:20:28,409 [trainer.py] => Evaluation time: 0h 0m 33s
2026-04-19 15:20:36,166 [trainer.py] => Accuracy: {'total': 72.37, '00-19': 84.06, '20-39': 75.97, '40-59': 64.68, '60-79': 71.65, '80-99': 74.25, '100-119': 69.01, '120-139': 66.2, '140-159': 67.32, 'old': 72.92, 'new': 67.32}
2026-04-19 15:20:36,167 [trainer.py] => (curve) top1 Acc: [89.32, 84.55, 80.85, 77.5, 76.24, 74.92, 73.3, 72.37]
2026-04-19 15:20:36,167 [trainer.py] => (curve) top1 Acc with task: [89.32, 89.82, 87.85, 87.03, 86.85, 86.49, 85.8, 85.34]
2026-04-19 15:20:36,167 [trainer.py] => (curve) top1 Acc task: [100.0, 90.41, 87.35, 83.27, 81.51, 79.67, 77.95, 76.78]
2026-04-19 15:20:36,167 [trainer.py] => ================================================================================
2026-04-19 15:20:36,167 [trainer.py] => ================================================================================
2026-04-19 15:20:36,169 [base.py] => Task 8 learning on class 160-180
2026-04-19 15:20:36,173 [toolkit.py] => Total params:     103,487,003
2026-04-19 15:20:36,173 [toolkit.py] => Trainable params: 384,020
2026-04-19 15:20:36,173 [toolkit.py] => Trainable ratio:  0.3711%
2026-04-19 15:42:56,094 [actmat_c.py] => Task 8, Epoch 50/50 => Loss 0.173, Train_accy 95.58
2026-04-19 15:42:56,095 [trainer.py] => Training time: 0h 22m 19s
2026-04-19 15:43:12,779 [trainer.py] => Evaluation time: 0h 0m 16s
2026-04-19 15:43:23,383 [trainer.py] => Accuracy: {'total': 72.95, '00-19': 84.06, '20-39': 75.83, '40-59': 64.91, '60-79': 71.31, '80-99': 73.97, '100-119': 68.65, '120-139': 65.32, '140-159': 65.57, '160-179': 80.35, 'old': 71.97, 'new': 80.35}
2026-04-19 15:43:23,384 [trainer.py] => (curve) top1 Acc: [89.32, 84.55, 80.85, 77.5, 76.24, 74.92, 73.3, 72.37, 72.95]
2026-04-19 15:43:23,384 [trainer.py] => (curve) top1 Acc with task: [89.32, 89.82, 87.85, 87.03, 86.85, 86.49, 85.8, 85.34, 86.14]
2026-04-19 15:43:23,384 [trainer.py] => (curve) top1 Acc task: [100.0, 90.41, 87.35, 83.27, 81.51, 79.67, 77.95, 76.78, 77.05]
2026-04-19 15:43:23,384 [trainer.py] => ================================================================================
2026-04-19 15:43:23,384 [trainer.py] => ================================================================================
2026-04-19 15:43:23,386 [base.py] => Task 9 learning on class 180-200
2026-04-19 15:43:23,390 [toolkit.py] => Total params:     103,487,003
2026-04-19 15:43:23,390 [toolkit.py] => Trainable params: 384,020
2026-04-19 15:43:23,390 [toolkit.py] => Trainable ratio:  0.3711%
2026-04-19 16:05:17,743 [actmat_c.py] => Task 9, Epoch 50/50 => Loss 0.254, Train_accy 93.32
2026-04-19 16:05:17,744 [trainer.py] => Training time: 0h 21m 54s
2026-04-19 16:05:36,368 [trainer.py] => Evaluation time: 0h 0m 18s
2026-04-19 16:05:46,705 [trainer.py] => Accuracy: {'total': 72.45, '00-19': 84.21, '20-39': 75.69, '40-59': 64.91, '60-79': 71.48, '80-99': 73.26, '100-119': 67.93, '120-139': 63.73, '140-159': 65.13, '160-179': 79.71, '180-199': 71.95, 'old': 72.52, 'new': 71.95}
2026-04-19 16:05:46,705 [trainer.py] => (curve) top1 Acc: [89.32, 84.55, 80.85, 77.5, 76.24, 74.92, 73.3, 72.37, 72.95, 72.45]
2026-04-19 16:05:46,705 [trainer.py] => (curve) top1 Acc with task: [89.32, 89.82, 87.85, 87.03, 86.85, 86.49, 85.8, 85.34, 86.14, 86.5]
2026-04-19 16:05:46,705 [trainer.py] => (curve) top1 Acc task: [100.0, 90.41, 87.35, 83.27, 81.51, 79.67, 77.95, 76.78, 77.05, 76.17]
2026-04-19 16:05:46,706 [trainer.py] => ================================================================================
