2026-04-19 13:06:14,780 [toolkit.py] => config: configs/actmat-c-l1.0/imagenet-a.json
2026-04-19 13:06:14,781 [toolkit.py] => device: [device(type='cuda', index=0)]
2026-04-19 13:06:14,781 [toolkit.py] => debug: False
2026-04-19 13:06:14,781 [toolkit.py] => save_ckp: False
2026-04-19 13:06:14,781 [toolkit.py] => seed: 0
2026-04-19 13:06:14,781 [toolkit.py] => dataset: imagenet-a
2026-04-19 13:06:14,781 [toolkit.py] => data_path: data/imagenet-a
2026-04-19 13:06:14,781 [toolkit.py] => load: vit_base_patch16_224_in21k
2026-04-19 13:06:14,781 [toolkit.py] => init_cls: 20
2026-04-19 13:06:14,781 [toolkit.py] => increment: 20
2026-04-19 13:06:14,782 [toolkit.py] => sessions: 10
2026-04-19 13:06:14,782 [toolkit.py] => shuffle: False
2026-04-19 13:06:14,782 [toolkit.py] => method: actmat-c
2026-04-19 13:06:14,782 [toolkit.py] => optimizer: adam
2026-04-19 13:06:14,782 [toolkit.py] => scheduler: cosine
2026-04-19 13:06:14,782 [toolkit.py] => epochs: 20
2026-04-19 13:06:14,782 [toolkit.py] => lrate: 0.0005
2026-04-19 13:06:14,782 [toolkit.py] => fc_lrate: 0.005
2026-04-19 13:06:14,782 [toolkit.py] => weight_decay: 0.0
2026-04-19 13:06:14,783 [toolkit.py] => batch_size: 128
2026-04-19 13:06:14,783 [toolkit.py] => rank: 10
2026-04-19 13:06:14,783 [toolkit.py] => num_workers: 16
2026-04-19 13:06:14,783 [toolkit.py] => lambda: 1.0
2026-04-19 13:06:14,783 [toolkit.py] => gamma: 1.0
2026-04-19 13:06:14,783 [toolkit.py] => logdir: logs/actmat-c-l1.0-g1.0/imagenet-a/t10
2026-04-19 13:06:14,783 [toolkit.py] => logfilename: logs/actmat-c-l1.0-g1.0/imagenet-a/t10/seed0
2026-04-19 13:06:15,290 [data_manager.py] => Class index order: 0, 1, 2, 3, 4, ..., 195, 196, 197, 198, 199
2026-04-19 13:06:18,682 [trainer.py] => ================================================================================
2026-04-19 13:06:18,687 [base.py] => Task 0 learning on class 0-20
2026-04-19 13:06:19,854 [toolkit.py] => Total params:     103,487,003
2026-04-19 13:06:19,854 [toolkit.py] => Trainable params: 384,020
2026-04-19 13:06:19,854 [toolkit.py] => Trainable ratio:  0.3711%
2026-04-19 13:10:32,092 [actmat_c.py] => Task 0, Epoch 20/20 => Loss 0.238, Train_accy 93.62
2026-04-19 13:10:32,093 [trainer.py] => Training time: 0h 4m 13s
2026-04-19 13:10:35,902 [trainer.py] => Evaluation time: 0h 0m 3s
2026-04-19 13:10:41,861 [trainer.py] => Accuracy: {'total': 84.98, '00-19': 84.98, 'old': 0, 'new': 84.98}
2026-04-19 13:10:41,861 [trainer.py] => (curve) top1 Acc: [84.98]
2026-04-19 13:10:41,861 [trainer.py] => (curve) top1 Acc with task: [84.98]
2026-04-19 13:10:41,862 [trainer.py] => (curve) top1 Acc task: [100.0]
2026-04-19 13:10:41,862 [trainer.py] => ================================================================================
2026-04-19 13:10:41,862 [trainer.py] => ================================================================================
2026-04-19 13:10:41,863 [base.py] => Task 1 learning on class 20-40
2026-04-19 13:10:41,866 [toolkit.py] => Total params:     103,487,003
2026-04-19 13:10:41,867 [toolkit.py] => Trainable params: 384,020
2026-04-19 13:10:41,867 [toolkit.py] => Trainable ratio:  0.3711%
2026-04-19 13:13:51,228 [actmat_c.py] => Task 1, Epoch 20/20 => Loss 0.141, Train_accy 95.50
2026-04-19 13:13:51,230 [trainer.py] => Training time: 0h 3m 9s
2026-04-19 13:13:55,915 [trainer.py] => Evaluation time: 0h 0m 4s
2026-04-19 13:14:05,706 [trainer.py] => Accuracy: {'total': 77.48, '00-19': 78.27, '20-39': 76.49, 'old': 78.27, 'new': 76.49}
2026-04-19 13:14:05,706 [trainer.py] => (curve) top1 Acc: [84.98, 77.48]
2026-04-19 13:14:05,706 [trainer.py] => (curve) top1 Acc with task: [84.98, 84.93]
2026-04-19 13:14:05,706 [trainer.py] => (curve) top1 Acc task: [100.0, 87.59]
2026-04-19 13:14:05,706 [trainer.py] => ================================================================================
2026-04-19 13:14:05,707 [trainer.py] => ================================================================================
2026-04-19 13:14:05,708 [base.py] => Task 2 learning on class 40-60
2026-04-19 13:14:05,711 [toolkit.py] => Total params:     103,487,003
2026-04-19 13:14:05,711 [toolkit.py] => Trainable params: 384,020
2026-04-19 13:14:05,712 [toolkit.py] => Trainable ratio:  0.3711%
2026-04-19 13:17:19,773 [actmat_c.py] => Task 2, Epoch 20/20 => Loss 0.202, Train_accy 94.20
2026-04-19 13:17:19,774 [trainer.py] => Training time: 0h 3m 14s
2026-04-19 13:17:24,571 [trainer.py] => Evaluation time: 0h 0m 4s
2026-04-19 13:17:29,651 [trainer.py] => Accuracy: {'total': 71.53, '00-19': 76.36, '20-39': 76.49, '40-59': 60.56, 'old': 76.42, 'new': 60.56}
2026-04-19 13:17:29,652 [trainer.py] => (curve) top1 Acc: [84.98, 77.48, 71.53]
2026-04-19 13:17:29,652 [trainer.py] => (curve) top1 Acc with task: [84.98, 84.93, 82.09]
2026-04-19 13:17:29,652 [trainer.py] => (curve) top1 Acc task: [100.0, 87.59, 81.35]
2026-04-19 13:17:29,652 [trainer.py] => ================================================================================
2026-04-19 13:17:29,652 [trainer.py] => ================================================================================
2026-04-19 13:17:29,653 [base.py] => Task 3 learning on class 60-80
2026-04-19 13:17:29,657 [toolkit.py] => Total params:     103,487,003
2026-04-19 13:17:29,657 [toolkit.py] => Trainable params: 384,020
2026-04-19 13:17:29,657 [toolkit.py] => Trainable ratio:  0.3711%
2026-04-19 13:19:43,986 [actmat_c.py] => Task 3, Epoch 20/20 => Loss 0.153, Train_accy 94.75
2026-04-19 13:19:43,987 [trainer.py] => Training time: 0h 2m 14s
2026-04-19 13:19:49,361 [trainer.py] => Evaluation time: 0h 0m 5s
2026-04-19 13:19:53,434 [trainer.py] => Accuracy: {'total': 69.67, '00-19': 73.48, '20-39': 74.5, '40-59': 56.18, '60-79': 76.16, 'old': 68.47, 'new': 76.16}
2026-04-19 13:19:53,434 [trainer.py] => (curve) top1 Acc: [84.98, 77.48, 71.53, 69.67]
2026-04-19 13:19:53,434 [trainer.py] => (curve) top1 Acc with task: [84.98, 84.93, 82.09, 83.23]
2026-04-19 13:19:53,434 [trainer.py] => (curve) top1 Acc task: [100.0, 87.59, 81.35, 77.43]
2026-04-19 13:19:53,435 [trainer.py] => ================================================================================
2026-04-19 13:19:53,435 [trainer.py] => ================================================================================
2026-04-19 13:19:53,436 [base.py] => Task 4 learning on class 80-100
2026-04-19 13:19:53,439 [toolkit.py] => Total params:     103,487,003
2026-04-19 13:19:53,439 [toolkit.py] => Trainable params: 384,020
2026-04-19 13:19:53,439 [toolkit.py] => Trainable ratio:  0.3711%
2026-04-19 13:21:46,122 [actmat_c.py] => Task 4, Epoch 20/20 => Loss 0.086, Train_accy 97.18
2026-04-19 13:21:46,124 [trainer.py] => Training time: 0h 1m 52s
2026-04-19 13:21:52,022 [trainer.py] => Evaluation time: 0h 0m 5s
2026-04-19 13:21:55,823 [trainer.py] => Accuracy: {'total': 66.2, '00-19': 72.84, '20-39': 73.71, '40-59': 56.18, '60-79': 75.5, '80-99': 38.24, 'old': 69.15, 'new': 38.24}
2026-04-19 13:21:55,823 [trainer.py] => (curve) top1 Acc: [84.98, 77.48, 71.53, 69.67, 66.2]
2026-04-19 13:21:55,823 [trainer.py] => (curve) top1 Acc with task: [84.98, 84.93, 82.09, 83.23, 80.24]
2026-04-19 13:21:55,823 [trainer.py] => (curve) top1 Acc task: [100.0, 87.59, 81.35, 77.43, 73.69]
2026-04-19 13:21:55,823 [trainer.py] => ================================================================================
2026-04-19 13:21:55,824 [trainer.py] => ================================================================================
2026-04-19 13:21:55,824 [base.py] => Task 5 learning on class 100-120
2026-04-19 13:21:55,828 [toolkit.py] => Total params:     103,487,003
2026-04-19 13:21:55,828 [toolkit.py] => Trainable params: 384,020
2026-04-19 13:21:55,828 [toolkit.py] => Trainable ratio:  0.3711%
2026-04-19 13:23:20,525 [actmat_c.py] => Task 5, Epoch 20/20 => Loss 0.108, Train_accy 96.96
2026-04-19 13:23:20,526 [trainer.py] => Training time: 0h 1m 24s
2026-04-19 13:23:26,624 [trainer.py] => Evaluation time: 0h 0m 6s
2026-04-19 13:23:29,758 [trainer.py] => Accuracy: {'total': 63.29, '00-19': 72.52, '20-39': 73.71, '40-59': 56.18, '60-79': 75.5, '80-99': 38.24, '100-119': 19.12, 'old': 66.1, 'new': 19.12}
2026-04-19 13:23:29,759 [trainer.py] => (curve) top1 Acc: [84.98, 77.48, 71.53, 69.67, 66.2, 63.29]
2026-04-19 13:23:29,759 [trainer.py] => (curve) top1 Acc with task: [84.98, 84.93, 82.09, 83.23, 80.24, 78.61]
2026-04-19 13:23:29,759 [trainer.py] => (curve) top1 Acc task: [100.0, 87.59, 81.35, 77.43, 73.69, 70.69]
2026-04-19 13:23:29,759 [trainer.py] => ================================================================================
2026-04-19 13:23:29,759 [trainer.py] => ================================================================================
2026-04-19 13:23:29,760 [base.py] => Task 6 learning on class 120-140
2026-04-19 13:23:29,764 [toolkit.py] => Total params:     103,487,003
2026-04-19 13:23:29,764 [toolkit.py] => Trainable params: 384,020
2026-04-19 13:23:29,764 [toolkit.py] => Trainable ratio:  0.3711%
2026-04-19 13:25:05,327 [actmat_c.py] => Task 6, Epoch 20/20 => Loss 0.118, Train_accy 97.15
2026-04-19 13:25:05,328 [trainer.py] => Training time: 0h 1m 35s
2026-04-19 13:25:11,717 [trainer.py] => Evaluation time: 0h 0m 6s
2026-04-19 13:25:15,170 [trainer.py] => Accuracy: {'total': 60.98, '00-19': 71.88, '20-39': 73.71, '40-59': 56.57, '60-79': 74.17, '80-99': 33.33, '100-119': 19.12, '120-139': 40.45, 'old': 62.59, 'new': 40.45}
2026-04-19 13:25:15,171 [trainer.py] => (curve) top1 Acc: [84.98, 77.48, 71.53, 69.67, 66.2, 63.29, 60.98]
2026-04-19 13:25:15,171 [trainer.py] => (curve) top1 Acc with task: [84.98, 84.93, 82.09, 83.23, 80.24, 78.61, 77.22]
2026-04-19 13:25:15,171 [trainer.py] => (curve) top1 Acc task: [100.0, 87.59, 81.35, 77.43, 73.69, 70.69, 68.0]
2026-04-19 13:25:15,171 [trainer.py] => ================================================================================
2026-04-19 13:25:15,171 [trainer.py] => ================================================================================
2026-04-19 13:25:15,172 [base.py] => Task 7 learning on class 140-160
2026-04-19 13:25:15,175 [toolkit.py] => Total params:     103,487,003
2026-04-19 13:25:15,176 [toolkit.py] => Trainable params: 384,020
2026-04-19 13:25:15,176 [toolkit.py] => Trainable ratio:  0.3711%
2026-04-19 13:27:02,048 [actmat_c.py] => Task 7, Epoch 20/20 => Loss 0.066, Train_accy 97.20
2026-04-19 13:27:02,049 [trainer.py] => Training time: 0h 1m 46s
2026-04-19 13:27:08,805 [trainer.py] => Evaluation time: 0h 0m 6s
2026-04-19 13:27:12,129 [trainer.py] => Accuracy: {'total': 58.65, '00-19': 70.61, '20-39': 73.31, '40-59': 56.57, '60-79': 74.17, '80-99': 33.33, '100-119': 19.12, '120-139': 33.71, '140-159': 37.04, 'old': 60.08, 'new': 37.04}
2026-04-19 13:27:12,130 [trainer.py] => (curve) top1 Acc: [84.98, 77.48, 71.53, 69.67, 66.2, 63.29, 60.98, 58.65]
2026-04-19 13:27:12,130 [trainer.py] => (curve) top1 Acc with task: [84.98, 84.93, 82.09, 83.23, 80.24, 78.61, 77.22, 76.11]
2026-04-19 13:27:12,130 [trainer.py] => (curve) top1 Acc task: [100.0, 87.59, 81.35, 77.43, 73.69, 70.69, 68.0, 65.7]
2026-04-19 13:27:12,130 [trainer.py] => ================================================================================
2026-04-19 13:27:12,130 [trainer.py] => ================================================================================
2026-04-19 13:27:12,131 [base.py] => Task 8 learning on class 160-180
2026-04-19 13:27:12,135 [toolkit.py] => Total params:     103,487,003
2026-04-19 13:27:12,135 [toolkit.py] => Trainable params: 384,020
2026-04-19 13:27:12,135 [toolkit.py] => Trainable ratio:  0.3711%
2026-04-19 13:29:08,944 [actmat_c.py] => Task 8, Epoch 20/20 => Loss 0.069, Train_accy 98.21
2026-04-19 13:29:08,945 [trainer.py] => Training time: 0h 1m 56s
2026-04-19 13:29:15,914 [trainer.py] => Evaluation time: 0h 0m 6s
2026-04-19 13:29:19,520 [trainer.py] => Accuracy: {'total': 56.09, '00-19': 70.29, '20-39': 72.91, '40-59': 55.78, '60-79': 73.51, '80-99': 30.39, '100-119': 17.65, '120-139': 33.71, '140-159': 35.8, '160-179': 31.96, 'old': 57.89, 'new': 31.96}
2026-04-19 13:29:19,520 [trainer.py] => (curve) top1 Acc: [84.98, 77.48, 71.53, 69.67, 66.2, 63.29, 60.98, 58.65, 56.09]
2026-04-19 13:29:19,520 [trainer.py] => (curve) top1 Acc with task: [84.98, 84.93, 82.09, 83.23, 80.24, 78.61, 77.22, 76.11, 74.98]
2026-04-19 13:29:19,520 [trainer.py] => (curve) top1 Acc task: [100.0, 87.59, 81.35, 77.43, 73.69, 70.69, 68.0, 65.7, 62.87]
2026-04-19 13:29:19,520 [trainer.py] => ================================================================================
2026-04-19 13:29:19,520 [trainer.py] => ================================================================================
2026-04-19 13:29:19,521 [base.py] => Task 9 learning on class 180-200
2026-04-19 13:29:19,525 [toolkit.py] => Total params:     103,487,003
2026-04-19 13:29:19,525 [toolkit.py] => Trainable params: 384,020
2026-04-19 13:29:19,525 [toolkit.py] => Trainable ratio:  0.3711%
2026-04-19 13:30:59,781 [actmat_c.py] => Task 9, Epoch 20/20 => Loss 0.061, Train_accy 97.92
2026-04-19 13:30:59,782 [trainer.py] => Training time: 0h 1m 40s
2026-04-19 13:31:06,967 [trainer.py] => Evaluation time: 0h 0m 7s
2026-04-19 13:31:10,367 [trainer.py] => Accuracy: {'total': 55.47, '00-19': 70.29, '20-39': 70.52, '40-59': 56.97, '60-79': 73.51, '80-99': 30.39, '100-119': 17.65, '120-139': 32.58, '140-159': 34.57, '160-179': 32.99, '180-199': 50.52, 'old': 55.81, 'new': 50.52}
2026-04-19 13:31:10,368 [trainer.py] => (curve) top1 Acc: [84.98, 77.48, 71.53, 69.67, 66.2, 63.29, 60.98, 58.65, 56.09, 55.47]
2026-04-19 13:31:10,368 [trainer.py] => (curve) top1 Acc with task: [84.98, 84.93, 82.09, 83.23, 80.24, 78.61, 77.22, 76.11, 74.98, 74.13]
2026-04-19 13:31:10,368 [trainer.py] => (curve) top1 Acc task: [100.0, 87.59, 81.35, 77.43, 73.69, 70.69, 68.0, 65.7, 62.87, 62.47]
2026-04-19 13:31:10,368 [trainer.py] => ================================================================================
