2026-02-13 13:16:45,644 [toolkit.py] => config: configs/ewclora/cifar100.json
2026-02-13 13:16:45,644 [toolkit.py] => device: [device(type='cuda', index=0)]
2026-02-13 13:16:45,644 [toolkit.py] => debug: False
2026-02-13 13:16:45,644 [toolkit.py] => save_ckp: False
2026-02-13 13:16:45,644 [toolkit.py] => seed: 0
2026-02-13 13:16:45,644 [toolkit.py] => dataset: cifar100
2026-02-13 13:16:45,644 [toolkit.py] => data_path: data/cifar100
2026-02-13 13:16:45,644 [toolkit.py] => load: vit_base_patch16_224_in21k
2026-02-13 13:16:45,645 [toolkit.py] => init_cls: 10
2026-02-13 13:16:45,645 [toolkit.py] => increment: 10
2026-02-13 13:16:45,645 [toolkit.py] => sessions: 10
2026-02-13 13:16:45,645 [toolkit.py] => shuffle: False
2026-02-13 13:16:45,645 [toolkit.py] => method: ewclora
2026-02-13 13:16:45,645 [toolkit.py] => optimizer: adam
2026-02-13 13:16:45,645 [toolkit.py] => scheduler: cosine
2026-02-13 13:16:45,645 [toolkit.py] => epochs: 20
2026-02-13 13:16:45,645 [toolkit.py] => lrate: 0.0005
2026-02-13 13:16:45,645 [toolkit.py] => fc_lrate: 0.005
2026-02-13 13:16:45,645 [toolkit.py] => weight_decay: 0.0
2026-02-13 13:16:45,645 [toolkit.py] => batch_size: 128
2026-02-13 13:16:45,645 [toolkit.py] => rank: 10
2026-02-13 13:16:45,645 [toolkit.py] => num_workers: 16
2026-02-13 13:16:45,645 [toolkit.py] => gamma: 1.0
2026-02-13 13:16:45,645 [toolkit.py] => lambda: 10000000.0
2026-02-13 13:16:45,645 [toolkit.py] => logdir: logs/ewclora/cifar100/t10
2026-02-13 13:16:45,645 [toolkit.py] => logfilename: logs/ewclora/cifar100/t10/seed0
2026-02-13 13:16:47,438 [data_manager.py] => Class index order: 0, 1, 2, 3, 4, ..., 95, 96, 97, 98, 99
2026-02-13 13:16:50,095 [trainer.py] => ================================================================================
2026-02-13 13:16:50,110 [base.py] => Task 0 learning on class 0-10
2026-02-13 13:16:54,693 [toolkit.py] => Total params:     103,410,103
2026-02-13 13:16:54,693 [toolkit.py] => Trainable params: 376,330
2026-02-13 13:16:54,693 [toolkit.py] => Trainable ratio:  0.3639%
2026-02-13 13:35:49,211 [ewclora.py] => Task 0, Epoch 20/20 => Loss 0.096, Train_accy 96.82
2026-02-13 13:35:49,212 [trainer.py] => Training time: 0h 18m 59s
2026-02-13 13:35:55,582 [trainer.py] => Evaluation time: 0h 0m 6s
2026-02-13 13:36:51,673 [trainer.py] => Accuracy: {'total': 99.6, '00-09': 99.6, 'old': 0, 'new': 99.6}
2026-02-13 13:36:51,673 [trainer.py] => (curve) top1 Acc: [99.6]
2026-02-13 13:36:51,673 [trainer.py] => (curve) top1 Acc with task: [99.6]
2026-02-13 13:36:51,673 [trainer.py] => (curve) top1 Acc task: [1.0]
2026-02-13 13:36:51,673 [trainer.py] => ================================================================================
2026-02-13 13:36:51,673 [trainer.py] => ================================================================================
2026-02-13 13:36:51,714 [base.py] => Task 1 learning on class 10-20
2026-02-13 13:36:51,719 [toolkit.py] => Total params:     103,410,103
2026-02-13 13:36:51,719 [toolkit.py] => Trainable params: 376,330
2026-02-13 13:36:51,719 [toolkit.py] => Trainable ratio:  0.3639%
2026-02-13 13:55:50,267 [ewclora.py] => Task 1, Epoch 20/20 => Loss 0.142, Train_accy 95.48
2026-02-13 13:55:50,268 [trainer.py] => Training time: 0h 18m 58s
2026-02-13 13:56:01,399 [trainer.py] => Evaluation time: 0h 0m 11s
2026-02-13 13:56:57,437 [trainer.py] => Accuracy: {'total': 96.9, '00-09': 97.1, '10-19': 96.7, 'old': 97.1, 'new': 96.7}
2026-02-13 13:56:57,437 [trainer.py] => (curve) top1 Acc: [99.6, 96.9]
2026-02-13 13:56:57,437 [trainer.py] => (curve) top1 Acc with task: [99.6, 99.05]
2026-02-13 13:56:57,438 [trainer.py] => (curve) top1 Acc task: [1.0, 0.9755]
2026-02-13 13:56:57,438 [trainer.py] => ================================================================================
2026-02-13 13:56:57,438 [trainer.py] => ================================================================================
2026-02-13 13:56:57,468 [base.py] => Task 2 learning on class 20-30
2026-02-13 13:56:57,473 [toolkit.py] => Total params:     103,410,103
2026-02-13 13:56:57,473 [toolkit.py] => Trainable params: 376,330
2026-02-13 13:56:57,473 [toolkit.py] => Trainable ratio:  0.3639%
2026-02-13 14:15:56,910 [ewclora.py] => Task 2, Epoch 20/20 => Loss 0.128, Train_accy 96.06
2026-02-13 14:15:56,912 [trainer.py] => Training time: 0h 18m 59s
2026-02-13 14:16:13,115 [trainer.py] => Evaluation time: 0h 0m 16s
2026-02-13 14:17:09,230 [trainer.py] => Accuracy: {'total': 95.23, '00-09': 95.4, '10-19': 95.4, '20-29': 94.9, 'old': 95.4, 'new': 94.9}
2026-02-13 14:17:09,231 [trainer.py] => (curve) top1 Acc: [99.6, 96.9, 95.23]
2026-02-13 14:17:09,231 [trainer.py] => (curve) top1 Acc with task: [99.6, 99.05, 98.63]
2026-02-13 14:17:09,231 [trainer.py] => (curve) top1 Acc task: [1.0, 0.9755, 0.9606666666666667]
2026-02-13 14:17:09,231 [trainer.py] => ================================================================================
2026-02-13 14:17:09,231 [trainer.py] => ================================================================================
2026-02-13 14:17:09,257 [base.py] => Task 3 learning on class 30-40
2026-02-13 14:17:09,262 [toolkit.py] => Total params:     103,410,103
2026-02-13 14:17:09,262 [toolkit.py] => Trainable params: 376,330
2026-02-13 14:17:09,262 [toolkit.py] => Trainable ratio:  0.3639%
2026-02-13 14:36:08,624 [ewclora.py] => Task 3, Epoch 20/20 => Loss 0.115, Train_accy 96.12
2026-02-13 14:36:08,626 [trainer.py] => Training time: 0h 18m 59s
2026-02-13 14:36:29,194 [trainer.py] => Evaluation time: 0h 0m 20s
2026-02-13 14:37:25,338 [trainer.py] => Accuracy: {'total': 93.45, '00-09': 95.2, '10-19': 93.7, '20-29': 94.8, '30-39': 90.1, 'old': 94.57, 'new': 90.1}
2026-02-13 14:37:25,338 [trainer.py] => (curve) top1 Acc: [99.6, 96.9, 95.23, 93.45]
2026-02-13 14:37:25,338 [trainer.py] => (curve) top1 Acc with task: [99.6, 99.05, 98.63, 98.68]
2026-02-13 14:37:25,338 [trainer.py] => (curve) top1 Acc task: [1.0, 0.9755, 0.9606666666666667, 0.941]
2026-02-13 14:37:25,338 [trainer.py] => ================================================================================
2026-02-13 14:37:25,338 [trainer.py] => ================================================================================
2026-02-13 14:37:25,366 [base.py] => Task 4 learning on class 40-50
2026-02-13 14:37:25,372 [toolkit.py] => Total params:     103,410,103
2026-02-13 14:37:25,372 [toolkit.py] => Trainable params: 376,330
2026-02-13 14:37:25,372 [toolkit.py] => Trainable ratio:  0.3639%
2026-02-13 14:56:23,708 [ewclora.py] => Task 4, Epoch 20/20 => Loss 0.115, Train_accy 96.24
2026-02-13 14:56:23,710 [trainer.py] => Training time: 0h 18m 58s
2026-02-13 14:56:48,961 [trainer.py] => Evaluation time: 0h 0m 25s
2026-02-13 14:57:45,063 [trainer.py] => Accuracy: {'total': 92.24, '00-09': 94.5, '10-19': 92.2, '20-29': 93.0, '30-39': 88.1, '40-49': 93.4, 'old': 91.95, 'new': 93.4}
2026-02-13 14:57:45,063 [trainer.py] => (curve) top1 Acc: [99.6, 96.9, 95.23, 93.45, 92.24]
2026-02-13 14:57:45,063 [trainer.py] => (curve) top1 Acc with task: [99.6, 99.05, 98.63, 98.68, 98.62]
2026-02-13 14:57:45,063 [trainer.py] => (curve) top1 Acc task: [1.0, 0.9755, 0.9606666666666667, 0.941, 0.9282]
2026-02-13 14:57:45,063 [trainer.py] => ================================================================================
2026-02-13 14:57:45,063 [trainer.py] => ================================================================================
2026-02-13 14:57:45,092 [base.py] => Task 5 learning on class 50-60
2026-02-13 14:57:45,097 [toolkit.py] => Total params:     103,410,103
2026-02-13 14:57:45,097 [toolkit.py] => Trainable params: 376,330
2026-02-13 14:57:45,097 [toolkit.py] => Trainable ratio:  0.3639%
2026-02-13 15:16:43,670 [ewclora.py] => Task 5, Epoch 20/20 => Loss 0.142, Train_accy 94.78
2026-02-13 15:16:43,671 [trainer.py] => Training time: 0h 18m 58s
2026-02-13 15:17:13,451 [trainer.py] => Evaluation time: 0h 0m 29s
2026-02-13 15:18:09,565 [trainer.py] => Accuracy: {'total': 89.97, '00-09': 93.5, '10-19': 91.3, '20-29': 92.2, '30-39': 85.9, '40-49': 92.6, '50-59': 84.3, 'old': 91.1, 'new': 84.3}
2026-02-13 15:18:09,566 [trainer.py] => (curve) top1 Acc: [99.6, 96.9, 95.23, 93.45, 92.24, 89.97]
2026-02-13 15:18:09,566 [trainer.py] => (curve) top1 Acc with task: [99.6, 99.05, 98.63, 98.68, 98.62, 98.52]
2026-02-13 15:18:09,566 [trainer.py] => (curve) top1 Acc task: [1.0, 0.9755, 0.9606666666666667, 0.941, 0.9282, 0.9055]
2026-02-13 15:18:09,566 [trainer.py] => ================================================================================
2026-02-13 15:18:09,566 [trainer.py] => ================================================================================
2026-02-13 15:18:09,592 [base.py] => Task 6 learning on class 60-70
2026-02-13 15:18:09,597 [toolkit.py] => Total params:     103,410,103
2026-02-13 15:18:09,597 [toolkit.py] => Trainable params: 376,330
2026-02-13 15:18:09,597 [toolkit.py] => Trainable ratio:  0.3639%
2026-02-13 15:37:08,304 [ewclora.py] => Task 6, Epoch 20/20 => Loss 0.145, Train_accy 95.06
2026-02-13 15:37:08,305 [trainer.py] => Training time: 0h 18m 58s
2026-02-13 15:37:42,921 [trainer.py] => Evaluation time: 0h 0m 34s
2026-02-13 15:38:39,019 [trainer.py] => Accuracy: {'total': 89.34, '00-09': 93.4, '10-19': 90.2, '20-29': 91.2, '30-39': 85.1, '40-49': 92.3, '50-59': 83.6, '60-69': 89.6, 'old': 89.3, 'new': 89.6}
2026-02-13 15:38:39,020 [trainer.py] => (curve) top1 Acc: [99.6, 96.9, 95.23, 93.45, 92.24, 89.97, 89.34]
2026-02-13 15:38:39,020 [trainer.py] => (curve) top1 Acc with task: [99.6, 99.05, 98.63, 98.68, 98.62, 98.52, 98.39]
2026-02-13 15:38:39,020 [trainer.py] => (curve) top1 Acc task: [1.0, 0.9755, 0.9606666666666667, 0.941, 0.9282, 0.9055, 0.8995714285714286]
2026-02-13 15:38:39,020 [trainer.py] => ================================================================================
2026-02-13 15:38:39,020 [trainer.py] => ================================================================================
2026-02-13 15:38:39,048 [base.py] => Task 7 learning on class 70-80
2026-02-13 15:38:39,054 [toolkit.py] => Total params:     103,410,103
2026-02-13 15:38:39,054 [toolkit.py] => Trainable params: 376,330
2026-02-13 15:38:39,054 [toolkit.py] => Trainable ratio:  0.3639%
2026-02-13 15:57:39,073 [ewclora.py] => Task 7, Epoch 20/20 => Loss 0.142, Train_accy 95.14
2026-02-13 15:57:39,074 [trainer.py] => Training time: 0h 19m 0s
2026-02-13 15:58:18,503 [trainer.py] => Evaluation time: 0h 0m 39s
2026-02-13 15:59:14,829 [trainer.py] => Accuracy: {'total': 88.95, '00-09': 92.7, '10-19': 90.0, '20-29': 90.6, '30-39': 85.0, '40-49': 92.2, '50-59': 82.6, '60-69': 88.0, '70-79': 90.5, 'old': 88.73, 'new': 90.5}
2026-02-13 15:59:14,830 [trainer.py] => (curve) top1 Acc: [99.6, 96.9, 95.23, 93.45, 92.24, 89.97, 89.34, 88.95]
2026-02-13 15:59:14,830 [trainer.py] => (curve) top1 Acc with task: [99.6, 99.05, 98.63, 98.68, 98.62, 98.52, 98.39, 98.38]
2026-02-13 15:59:14,830 [trainer.py] => (curve) top1 Acc task: [1.0, 0.9755, 0.9606666666666667, 0.941, 0.9282, 0.9055, 0.8995714285714286, 0.89475]
2026-02-13 15:59:14,830 [trainer.py] => ================================================================================
2026-02-13 15:59:14,830 [trainer.py] => ================================================================================
2026-02-13 15:59:14,858 [base.py] => Task 8 learning on class 80-90
2026-02-13 15:59:14,863 [toolkit.py] => Total params:     103,410,103
2026-02-13 15:59:14,863 [toolkit.py] => Trainable params: 376,330
2026-02-13 15:59:14,864 [toolkit.py] => Trainable ratio:  0.3639%
2026-02-13 16:18:14,253 [ewclora.py] => Task 8, Epoch 20/20 => Loss 0.122, Train_accy 95.72
2026-02-13 16:18:14,255 [trainer.py] => Training time: 0h 18m 59s
2026-02-13 16:18:58,256 [trainer.py] => Evaluation time: 0h 0m 44s
2026-02-13 16:19:54,637 [trainer.py] => Accuracy: {'total': 89.06, '00-09': 92.3, '10-19': 89.6, '20-29': 90.0, '30-39': 84.8, '40-49': 91.2, '50-59': 82.4, '60-69': 87.1, '70-79': 90.3, '80-89': 93.8, 'old': 88.46, 'new': 93.8}
2026-02-13 16:19:54,638 [trainer.py] => (curve) top1 Acc: [99.6, 96.9, 95.23, 93.45, 92.24, 89.97, 89.34, 88.95, 89.06]
2026-02-13 16:19:54,638 [trainer.py] => (curve) top1 Acc with task: [99.6, 99.05, 98.63, 98.68, 98.62, 98.52, 98.39, 98.38, 98.48]
2026-02-13 16:19:54,638 [trainer.py] => (curve) top1 Acc task: [1.0, 0.9755, 0.9606666666666667, 0.941, 0.9282, 0.9055, 0.8995714285714286, 0.89475, 0.8952222222222223]
2026-02-13 16:19:54,638 [trainer.py] => ================================================================================
2026-02-13 16:19:54,638 [trainer.py] => ================================================================================
2026-02-13 16:19:54,667 [base.py] => Task 9 learning on class 90-100
2026-02-13 16:19:54,672 [toolkit.py] => Total params:     103,410,103
2026-02-13 16:19:54,673 [toolkit.py] => Trainable params: 376,330
2026-02-13 16:19:54,673 [toolkit.py] => Trainable ratio:  0.3639%
2026-02-13 16:38:53,631 [ewclora.py] => Task 9, Epoch 20/20 => Loss 0.087, Train_accy 97.00
2026-02-13 16:38:53,633 [trainer.py] => Training time: 0h 18m 58s
2026-02-13 16:39:42,360 [trainer.py] => Evaluation time: 0h 0m 48s
2026-02-13 16:40:38,795 [trainer.py] => Accuracy: {'total': 88.07, '00-09': 92.1, '10-19': 89.0, '20-29': 89.5, '30-39': 82.6, '40-49': 89.3, '50-59': 81.0, '60-69': 86.2, '70-79': 87.0, '80-89': 91.7, '90-99': 92.3, 'old': 87.6, 'new': 92.3}
2026-02-13 16:40:38,795 [trainer.py] => (curve) top1 Acc: [99.6, 96.9, 95.23, 93.45, 92.24, 89.97, 89.34, 88.95, 89.06, 88.07]
2026-02-13 16:40:38,795 [trainer.py] => (curve) top1 Acc with task: [99.6, 99.05, 98.63, 98.68, 98.62, 98.52, 98.39, 98.38, 98.48, 98.62]
2026-02-13 16:40:38,795 [trainer.py] => (curve) top1 Acc task: [1.0, 0.9755, 0.9606666666666667, 0.941, 0.9282, 0.9055, 0.8995714285714286, 0.89475, 0.8952222222222223, 0.8846]
2026-02-13 16:40:38,795 [trainer.py] => ================================================================================
2026-04-18 07:42:04,784 [toolkit.py] => config: configs/ewclora/cifar100.json
2026-04-18 07:42:04,784 [toolkit.py] => device: [device(type='cuda', index=0)]
2026-04-18 07:42:04,785 [toolkit.py] => debug: False
2026-04-18 07:42:04,785 [toolkit.py] => save_ckp: False
2026-04-18 07:42:04,785 [toolkit.py] => seed: 0
2026-04-18 07:42:04,785 [toolkit.py] => dataset: cifar100
2026-04-18 07:42:04,785 [toolkit.py] => data_path: data/cifar100
2026-04-18 07:42:04,785 [toolkit.py] => load: vit_base_patch16_224_in21k
2026-04-18 07:42:04,785 [toolkit.py] => init_cls: 10
2026-04-18 07:42:04,785 [toolkit.py] => increment: 10
2026-04-18 07:42:04,785 [toolkit.py] => sessions: 10
2026-04-18 07:42:04,786 [toolkit.py] => shuffle: False
2026-04-18 07:42:04,786 [toolkit.py] => method: ewclora
2026-04-18 07:42:04,786 [toolkit.py] => optimizer: adam
2026-04-18 07:42:04,786 [toolkit.py] => scheduler: cosine
2026-04-18 07:42:04,786 [toolkit.py] => epochs: 20
2026-04-18 07:42:04,786 [toolkit.py] => lrate: 0.0005
2026-04-18 07:42:04,786 [toolkit.py] => fc_lrate: 0.005
2026-04-18 07:42:04,786 [toolkit.py] => weight_decay: 0.0
2026-04-18 07:42:04,786 [toolkit.py] => batch_size: 128
2026-04-18 07:42:04,786 [toolkit.py] => rank: 10
2026-04-18 07:42:04,787 [toolkit.py] => num_workers: 16
2026-04-18 07:42:04,787 [toolkit.py] => gamma: 1.0
2026-04-18 07:42:04,787 [toolkit.py] => lambda: 10000000.0
2026-04-18 07:42:04,787 [toolkit.py] => logdir: logs/ewclora/cifar100/t10
2026-04-18 07:42:04,787 [toolkit.py] => logfilename: logs/ewclora/cifar100/t10/seed0
2026-04-18 07:42:11,157 [data_manager.py] => Class index order: 0, 1, 2, 3, 4, ..., 95, 96, 97, 98, 99
2026-04-18 07:42:14,527 [hub.py] => Downloading: "https://storage.googleapis.com/vit_models/augreg/B_16-i21k-300ep-lr_0.001-aug_medium1-wd_0.1-do_0.0-sd_0.0.npz" to /home/mila/m/marawan.gamal/.cache/torch/hub/checkpoints/B_16-i21k-300ep-lr_0.001-aug_medium1-wd_0.1-do_0.0-sd_0.0.npz

2026-04-18 07:42:28,235 [trainer.py] => ================================================================================
2026-04-18 07:42:28,245 [base.py] => Task 0 learning on class 0-10
2026-04-18 07:42:29,077 [toolkit.py] => Total params:     103,410,103
2026-04-18 07:42:29,077 [toolkit.py] => Trainable params: 376,330
2026-04-18 07:42:29,077 [toolkit.py] => Trainable ratio:  0.3639%
2026-04-18 07:53:23,827 [ewclora.py] => Task 0, Epoch 20/20 => Loss 0.094, Train_accy 96.82
2026-04-18 07:53:23,828 [trainer.py] => Training time: 0h 10m 55s
2026-04-18 07:53:28,227 [trainer.py] => Evaluation time: 0h 0m 4s
2026-04-18 07:54:00,645 [trainer.py] => Accuracy: {'total': 99.5, '00-09': 99.5, 'old': 0, 'new': 99.5}
2026-04-18 07:54:00,645 [trainer.py] => (curve) top1 Acc: [99.5]
2026-04-18 07:54:00,645 [trainer.py] => (curve) top1 Acc with task: [99.5]
2026-04-18 07:54:00,645 [trainer.py] => (curve) top1 Acc task: [100.0]
2026-04-18 07:54:00,646 [trainer.py] => ================================================================================
2026-04-18 07:54:00,646 [trainer.py] => ================================================================================
2026-04-18 07:54:00,660 [base.py] => Task 1 learning on class 10-20
2026-04-18 07:54:00,663 [toolkit.py] => Total params:     103,410,103
2026-04-18 07:54:00,664 [toolkit.py] => Trainable params: 376,330
2026-04-18 07:54:00,664 [toolkit.py] => Trainable ratio:  0.3639%
2026-04-18 08:04:57,151 [ewclora.py] => Task 1, Epoch 20/20 => Loss 0.141, Train_accy 95.68
2026-04-18 08:04:57,152 [trainer.py] => Training time: 0h 10m 56s
2026-04-18 08:05:04,500 [trainer.py] => Evaluation time: 0h 0m 7s
2026-04-18 08:05:36,207 [trainer.py] => Accuracy: {'total': 96.85, '00-09': 97.0, '10-19': 96.7, 'old': 97.0, 'new': 96.7}
2026-04-18 08:05:36,207 [trainer.py] => (curve) top1 Acc: [99.5, 96.85]
2026-04-18 08:05:36,208 [trainer.py] => (curve) top1 Acc with task: [99.5, 99.05]
2026-04-18 08:05:36,208 [trainer.py] => (curve) top1 Acc task: [100.0, 97.5]
2026-04-18 08:05:36,208 [trainer.py] => ================================================================================
2026-04-18 08:05:36,208 [trainer.py] => ================================================================================
2026-04-18 08:05:36,221 [base.py] => Task 2 learning on class 20-30
2026-04-18 08:05:36,224 [toolkit.py] => Total params:     103,410,103
2026-04-18 08:05:36,224 [toolkit.py] => Trainable params: 376,330
2026-04-18 08:05:36,224 [toolkit.py] => Trainable ratio:  0.3639%
2026-04-18 08:16:32,808 [ewclora.py] => Task 2, Epoch 20/20 => Loss 0.127, Train_accy 95.96
2026-04-18 08:16:32,810 [trainer.py] => Training time: 0h 10m 56s
2026-04-18 08:16:42,379 [trainer.py] => Evaluation time: 0h 0m 9s
2026-04-18 08:17:14,707 [trainer.py] => Accuracy: {'total': 95.37, '00-09': 95.4, '10-19': 95.7, '20-29': 95.0, 'old': 95.55, 'new': 95.0}
2026-04-18 08:17:14,707 [trainer.py] => (curve) top1 Acc: [99.5, 96.85, 95.37]
2026-04-18 08:17:14,708 [trainer.py] => (curve) top1 Acc with task: [99.5, 99.05, 98.63]
2026-04-18 08:17:14,708 [trainer.py] => (curve) top1 Acc task: [100.0, 97.5, 96.2]
2026-04-18 08:17:14,708 [trainer.py] => ================================================================================
2026-04-18 08:17:14,708 [trainer.py] => ================================================================================
2026-04-18 08:17:14,720 [base.py] => Task 3 learning on class 30-40
2026-04-18 08:17:14,723 [toolkit.py] => Total params:     103,410,103
2026-04-18 08:17:14,723 [toolkit.py] => Trainable params: 376,330
2026-04-18 08:17:14,724 [toolkit.py] => Trainable ratio:  0.3639%
2026-04-18 08:28:11,697 [ewclora.py] => Task 3, Epoch 20/20 => Loss 0.116, Train_accy 96.00
2026-04-18 08:28:11,699 [trainer.py] => Training time: 0h 10m 56s
2026-04-18 08:28:23,441 [trainer.py] => Evaluation time: 0h 0m 11s
2026-04-18 08:28:55,708 [trainer.py] => Accuracy: {'total': 93.48, '00-09': 95.4, '10-19': 93.7, '20-29': 94.8, '30-39': 90.0, 'old': 94.63, 'new': 90.0}
2026-04-18 08:28:55,709 [trainer.py] => (curve) top1 Acc: [99.5, 96.85, 95.37, 93.48]
2026-04-18 08:28:55,709 [trainer.py] => (curve) top1 Acc with task: [99.5, 99.05, 98.63, 98.68]
2026-04-18 08:28:55,709 [trainer.py] => (curve) top1 Acc task: [100.0, 97.5, 96.2, 94.15]
2026-04-18 08:28:55,709 [trainer.py] => ================================================================================
2026-04-18 08:28:55,709 [trainer.py] => ================================================================================
2026-04-18 08:28:55,721 [base.py] => Task 4 learning on class 40-50
2026-04-18 08:28:55,725 [toolkit.py] => Total params:     103,410,103
2026-04-18 08:28:55,725 [toolkit.py] => Trainable params: 376,330
2026-04-18 08:28:55,725 [toolkit.py] => Trainable ratio:  0.3639%
2026-04-18 08:39:54,278 [ewclora.py] => Task 4, Epoch 20/20 => Loss 0.114, Train_accy 96.14
2026-04-18 08:39:54,280 [trainer.py] => Training time: 0h 10m 58s
2026-04-18 08:40:08,523 [trainer.py] => Evaluation time: 0h 0m 14s
2026-04-18 08:40:40,731 [trainer.py] => Accuracy: {'total': 92.44, '00-09': 95.0, '10-19': 92.1, '20-29': 93.0, '30-39': 88.4, '40-49': 93.7, 'old': 92.12, 'new': 93.7}
2026-04-18 08:40:40,731 [trainer.py] => (curve) top1 Acc: [99.5, 96.85, 95.37, 93.48, 92.44]
2026-04-18 08:40:40,732 [trainer.py] => (curve) top1 Acc with task: [99.5, 99.05, 98.63, 98.68, 98.6]
2026-04-18 08:40:40,732 [trainer.py] => (curve) top1 Acc task: [100.0, 97.5, 96.2, 94.15, 93.08]
2026-04-18 08:40:40,732 [trainer.py] => ================================================================================
2026-04-18 08:40:40,732 [trainer.py] => ================================================================================
2026-04-18 08:40:40,742 [base.py] => Task 5 learning on class 50-60
2026-04-18 08:40:40,746 [toolkit.py] => Total params:     103,410,103
2026-04-18 08:40:40,746 [toolkit.py] => Trainable params: 376,330
2026-04-18 08:40:40,746 [toolkit.py] => Trainable ratio:  0.3639%
2026-04-18 08:51:38,684 [ewclora.py] => Task 5, Epoch 20/20 => Loss 0.143, Train_accy 95.00
2026-04-18 08:51:38,686 [trainer.py] => Training time: 0h 10m 57s
2026-04-18 08:51:55,222 [trainer.py] => Evaluation time: 0h 0m 16s
2026-04-18 08:52:27,630 [trainer.py] => Accuracy: {'total': 90.23, '00-09': 93.5, '10-19': 91.8, '20-29': 92.3, '30-39': 86.8, '40-49': 93.1, '50-59': 83.9, 'old': 91.5, 'new': 83.9}
2026-04-18 08:52:27,630 [trainer.py] => (curve) top1 Acc: [99.5, 96.85, 95.37, 93.48, 92.44, 90.23]
2026-04-18 08:52:27,631 [trainer.py] => (curve) top1 Acc with task: [99.5, 99.05, 98.63, 98.68, 98.6, 98.52]
2026-04-18 08:52:27,631 [trainer.py] => (curve) top1 Acc task: [100.0, 97.5, 96.2, 94.15, 93.08, 90.8]
2026-04-18 08:52:27,631 [trainer.py] => ================================================================================
2026-04-18 08:52:27,631 [trainer.py] => ================================================================================
2026-04-18 08:52:27,645 [base.py] => Task 6 learning on class 60-70
2026-04-18 08:52:27,649 [toolkit.py] => Total params:     103,410,103
2026-04-18 08:52:27,649 [toolkit.py] => Trainable params: 376,330
2026-04-18 08:52:27,649 [toolkit.py] => Trainable ratio:  0.3639%
2026-04-18 09:03:29,502 [ewclora.py] => Task 6, Epoch 20/20 => Loss 0.145, Train_accy 95.10
2026-04-18 09:03:29,503 [trainer.py] => Training time: 0h 11m 1s
2026-04-18 09:03:48,462 [trainer.py] => Evaluation time: 0h 0m 18s
2026-04-18 09:04:20,987 [trainer.py] => Accuracy: {'total': 89.47, '00-09': 93.4, '10-19': 91.0, '20-29': 91.5, '30-39': 85.9, '40-49': 92.9, '50-59': 82.8, '60-69': 88.8, 'old': 89.58, 'new': 88.8}
2026-04-18 09:04:20,987 [trainer.py] => (curve) top1 Acc: [99.5, 96.85, 95.37, 93.48, 92.44, 90.23, 89.47]
2026-04-18 09:04:20,987 [trainer.py] => (curve) top1 Acc with task: [99.5, 99.05, 98.63, 98.68, 98.6, 98.52, 98.46]
2026-04-18 09:04:20,987 [trainer.py] => (curve) top1 Acc task: [100.0, 97.5, 96.2, 94.15, 93.08, 90.8, 90.06]
2026-04-18 09:04:20,988 [trainer.py] => ================================================================================
2026-04-18 09:04:20,988 [trainer.py] => ================================================================================
2026-04-18 09:04:20,998 [base.py] => Task 7 learning on class 70-80
2026-04-18 09:04:21,002 [toolkit.py] => Total params:     103,410,103
2026-04-18 09:04:21,002 [toolkit.py] => Trainable params: 376,330
2026-04-18 09:04:21,002 [toolkit.py] => Trainable ratio:  0.3639%
2026-04-18 09:15:20,912 [ewclora.py] => Task 7, Epoch 20/20 => Loss 0.140, Train_accy 95.22
2026-04-18 09:15:20,914 [trainer.py] => Training time: 0h 10m 59s
2026-04-18 09:15:41,768 [trainer.py] => Evaluation time: 0h 0m 20s
2026-04-18 09:16:14,237 [trainer.py] => Accuracy: {'total': 88.95, '00-09': 92.7, '10-19': 90.2, '20-29': 90.6, '30-39': 85.5, '40-49': 92.9, '50-59': 82.1, '60-69': 87.4, '70-79': 90.2, 'old': 88.77, 'new': 90.2}
2026-04-18 09:16:14,237 [trainer.py] => (curve) top1 Acc: [99.5, 96.85, 95.37, 93.48, 92.44, 90.23, 89.47, 88.95]
2026-04-18 09:16:14,237 [trainer.py] => (curve) top1 Acc with task: [99.5, 99.05, 98.63, 98.68, 98.6, 98.52, 98.46, 98.42]
2026-04-18 09:16:14,237 [trainer.py] => (curve) top1 Acc task: [100.0, 97.5, 96.2, 94.15, 93.08, 90.8, 90.06, 89.45]
2026-04-18 09:16:14,238 [trainer.py] => ================================================================================
2026-04-18 09:16:14,238 [trainer.py] => ================================================================================
2026-04-18 09:16:14,249 [base.py] => Task 8 learning on class 80-90
2026-04-18 09:16:14,253 [toolkit.py] => Total params:     103,410,103
2026-04-18 09:16:14,253 [toolkit.py] => Trainable params: 376,330
2026-04-18 09:16:14,253 [toolkit.py] => Trainable ratio:  0.3639%
2026-04-18 09:27:13,744 [ewclora.py] => Task 8, Epoch 20/20 => Loss 0.118, Train_accy 95.94
2026-04-18 09:27:13,746 [trainer.py] => Training time: 0h 10m 59s
2026-04-18 09:27:36,748 [trainer.py] => Evaluation time: 0h 0m 23s
2026-04-18 09:28:09,006 [trainer.py] => Accuracy: {'total': 88.86, '00-09': 91.9, '10-19': 90.1, '20-29': 90.3, '30-39': 84.9, '40-49': 91.6, '50-59': 81.4, '60-69': 87.0, '70-79': 89.7, '80-89': 92.8, 'old': 88.36, 'new': 92.8}
2026-04-18 09:28:09,006 [trainer.py] => (curve) top1 Acc: [99.5, 96.85, 95.37, 93.48, 92.44, 90.23, 89.47, 88.95, 88.86]
2026-04-18 09:28:09,006 [trainer.py] => (curve) top1 Acc with task: [99.5, 99.05, 98.63, 98.68, 98.6, 98.52, 98.46, 98.42, 98.48]
2026-04-18 09:28:09,006 [trainer.py] => (curve) top1 Acc task: [100.0, 97.5, 96.2, 94.15, 93.08, 90.8, 90.06, 89.45, 89.31]
2026-04-18 09:28:09,006 [trainer.py] => ================================================================================
2026-04-18 09:28:09,006 [trainer.py] => ================================================================================
2026-04-18 09:28:09,015 [base.py] => Task 9 learning on class 90-100
2026-04-18 09:28:09,019 [toolkit.py] => Total params:     103,410,103
2026-04-18 09:28:09,019 [toolkit.py] => Trainable params: 376,330
2026-04-18 09:28:09,019 [toolkit.py] => Trainable ratio:  0.3639%
2026-04-18 09:39:06,451 [ewclora.py] => Task 9, Epoch 20/20 => Loss 0.087, Train_accy 96.96
2026-04-18 09:39:06,453 [trainer.py] => Training time: 0h 10m 57s
2026-04-18 09:39:31,844 [trainer.py] => Evaluation time: 0h 0m 25s
2026-04-18 09:40:04,287 [trainer.py] => Accuracy: {'total': 87.96, '00-09': 91.7, '10-19': 89.0, '20-29': 90.1, '30-39': 83.0, '40-49': 90.6, '50-59': 80.1, '60-69': 85.8, '70-79': 86.8, '80-89': 91.2, '90-99': 91.3, 'old': 87.59, 'new': 91.3}
2026-04-18 09:40:04,288 [trainer.py] => (curve) top1 Acc: [99.5, 96.85, 95.37, 93.48, 92.44, 90.23, 89.47, 88.95, 88.86, 87.96]
2026-04-18 09:40:04,288 [trainer.py] => (curve) top1 Acc with task: [99.5, 99.05, 98.63, 98.68, 98.6, 98.52, 98.46, 98.42, 98.48, 98.55]
2026-04-18 09:40:04,288 [trainer.py] => (curve) top1 Acc task: [100.0, 97.5, 96.2, 94.15, 93.08, 90.8, 90.06, 89.45, 89.31, 88.36]
2026-04-18 09:40:04,288 [trainer.py] => ================================================================================
