2026-04-18 19:47:37,346 [toolkit.py] => config: configs/l2lora-l10.0/imagenet-a.json
2026-04-18 19:47:37,346 [toolkit.py] => device: [device(type='cuda', index=0)]
2026-04-18 19:47:37,346 [toolkit.py] => debug: False
2026-04-18 19:47:37,347 [toolkit.py] => save_ckp: False
2026-04-18 19:47:37,347 [toolkit.py] => seed: 0
2026-04-18 19:47:37,347 [toolkit.py] => dataset: imagenet-a
2026-04-18 19:47:37,347 [toolkit.py] => data_path: data/imagenet-a
2026-04-18 19:47:37,347 [toolkit.py] => load: vit_base_patch16_224_in21k
2026-04-18 19:47:37,347 [toolkit.py] => init_cls: 20
2026-04-18 19:47:37,347 [toolkit.py] => increment: 20
2026-04-18 19:47:37,347 [toolkit.py] => sessions: 10
2026-04-18 19:47:37,347 [toolkit.py] => shuffle: False
2026-04-18 19:47:37,348 [toolkit.py] => method: l2lora
2026-04-18 19:47:37,348 [toolkit.py] => optimizer: adam
2026-04-18 19:47:37,348 [toolkit.py] => scheduler: cosine
2026-04-18 19:47:37,348 [toolkit.py] => epochs: 20
2026-04-18 19:47:37,348 [toolkit.py] => lrate: 0.0005
2026-04-18 19:47:37,348 [toolkit.py] => fc_lrate: 0.005
2026-04-18 19:47:37,348 [toolkit.py] => weight_decay: 0.0
2026-04-18 19:47:37,348 [toolkit.py] => batch_size: 128
2026-04-18 19:47:37,348 [toolkit.py] => rank: 10
2026-04-18 19:47:37,349 [toolkit.py] => num_workers: 16
2026-04-18 19:47:37,349 [toolkit.py] => lambda: 10.0
2026-04-18 19:47:37,349 [toolkit.py] => logdir: logs/l2lora-l10.0/imagenet-a/t10
2026-04-18 19:47:37,349 [toolkit.py] => logfilename: logs/l2lora-l10.0/imagenet-a/t10/seed0
2026-04-18 19:47:37,642 [data_manager.py] => Class index order: 0, 1, 2, 3, 4, ..., 195, 196, 197, 198, 199
2026-04-18 19:47:40,932 [trainer.py] => ================================================================================
2026-04-18 19:47:40,936 [base.py] => Task 0 learning on class 0-20
2026-04-18 19:47:42,081 [toolkit.py] => Total params:     103,487,003
2026-04-18 19:47:42,081 [toolkit.py] => Trainable params: 384,020
2026-04-18 19:47:42,081 [toolkit.py] => Trainable ratio:  0.3711%
2026-04-18 19:51:24,972 [l2lora.py] => Task 0, Epoch 20/20 => Loss 0.238, Train_accy 93.62
2026-04-18 19:51:24,973 [trainer.py] => Training time: 0h 3m 44s
2026-04-18 19:51:28,580 [trainer.py] => Evaluation time: 0h 0m 3s
2026-04-18 19:51:28,582 [trainer.py] => Accuracy: {'total': 84.98, '00-19': 84.98, 'old': 0, 'new': 84.98}
2026-04-18 19:51:28,582 [trainer.py] => (curve) top1 Acc: [84.98]
2026-04-18 19:51:28,582 [trainer.py] => (curve) top1 Acc with task: [84.98]
2026-04-18 19:51:28,582 [trainer.py] => (curve) top1 Acc task: [100.0]
2026-04-18 19:51:28,582 [trainer.py] => ================================================================================
2026-04-18 19:51:28,582 [trainer.py] => ================================================================================
2026-04-18 19:51:28,584 [base.py] => Task 1 learning on class 20-40
2026-04-18 19:51:28,587 [toolkit.py] => Total params:     103,487,003
2026-04-18 19:51:28,587 [toolkit.py] => Trainable params: 384,020
2026-04-18 19:51:28,587 [toolkit.py] => Trainable ratio:  0.3711%
2026-04-18 19:54:32,376 [l2lora.py] => Task 1, Epoch 20/20 => Loss 0.147, Train_accy 95.20
2026-04-18 19:54:32,377 [trainer.py] => Training time: 0h 3m 3s
2026-04-18 19:54:36,723 [trainer.py] => Evaluation time: 0h 0m 4s
2026-04-18 19:54:36,725 [trainer.py] => Accuracy: {'total': 78.01, '00-19': 77.64, '20-39': 78.49, 'old': 77.64, 'new': 78.49}
2026-04-18 19:54:36,725 [trainer.py] => (curve) top1 Acc: [84.98, 78.01]
2026-04-18 19:54:36,725 [trainer.py] => (curve) top1 Acc with task: [84.98, 86.35]
2026-04-18 19:54:36,726 [trainer.py] => (curve) top1 Acc task: [100.0, 87.23]
2026-04-18 19:54:36,726 [trainer.py] => ================================================================================
2026-04-18 19:54:36,726 [trainer.py] => ================================================================================
2026-04-18 19:54:36,727 [base.py] => Task 2 learning on class 40-60
2026-04-18 19:54:36,730 [toolkit.py] => Total params:     103,487,003
2026-04-18 19:54:36,731 [toolkit.py] => Trainable params: 384,020
2026-04-18 19:54:36,731 [toolkit.py] => Trainable ratio:  0.3711%
2026-04-18 19:57:45,139 [l2lora.py] => Task 2, Epoch 20/20 => Loss 0.179, Train_accy 94.80
2026-04-18 19:57:45,141 [trainer.py] => Training time: 0h 3m 8s
2026-04-18 19:57:50,059 [trainer.py] => Evaluation time: 0h 0m 4s
2026-04-18 19:57:50,061 [trainer.py] => Accuracy: {'total': 70.8, '00-19': 76.36, '20-39': 76.89, '40-59': 57.77, 'old': 76.6, 'new': 57.77}
2026-04-18 19:57:50,061 [trainer.py] => (curve) top1 Acc: [84.98, 78.01, 70.8]
2026-04-18 19:57:50,061 [trainer.py] => (curve) top1 Acc with task: [84.98, 86.35, 82.7]
2026-04-18 19:57:50,061 [trainer.py] => (curve) top1 Acc task: [100.0, 87.23, 80.12]
2026-04-18 19:57:50,062 [trainer.py] => ================================================================================
2026-04-18 19:57:50,062 [trainer.py] => ================================================================================
2026-04-18 19:57:50,063 [base.py] => Task 3 learning on class 60-80
2026-04-18 19:57:50,066 [toolkit.py] => Total params:     103,487,003
2026-04-18 19:57:50,066 [toolkit.py] => Trainable params: 384,020
2026-04-18 19:57:50,066 [toolkit.py] => Trainable ratio:  0.3711%
2026-04-18 20:00:01,009 [l2lora.py] => Task 3, Epoch 20/20 => Loss 0.134, Train_accy 95.74
2026-04-18 20:00:01,011 [trainer.py] => Training time: 0h 2m 10s
2026-04-18 20:00:06,645 [trainer.py] => Evaluation time: 0h 0m 5s
2026-04-18 20:00:06,647 [trainer.py] => Accuracy: {'total': 68.63, '00-19': 73.48, '20-39': 72.51, '40-59': 55.78, '60-79': 73.51, 'old': 67.73, 'new': 73.51}
2026-04-18 20:00:06,647 [trainer.py] => (curve) top1 Acc: [84.98, 78.01, 70.8, 68.63]
2026-04-18 20:00:06,647 [trainer.py] => (curve) top1 Acc with task: [84.98, 86.35, 82.7, 83.44]
2026-04-18 20:00:06,647 [trainer.py] => (curve) top1 Acc task: [100.0, 87.23, 80.12, 76.19]
2026-04-18 20:00:06,647 [trainer.py] => ================================================================================
2026-04-18 20:00:06,647 [trainer.py] => ================================================================================
2026-04-18 20:00:06,648 [base.py] => Task 4 learning on class 80-100
2026-04-18 20:00:06,652 [toolkit.py] => Total params:     103,487,003
2026-04-18 20:00:06,652 [toolkit.py] => Trainable params: 384,020
2026-04-18 20:00:06,652 [toolkit.py] => Trainable ratio:  0.3711%
2026-04-18 20:01:49,640 [l2lora.py] => Task 4, Epoch 20/20 => Loss 0.133, Train_accy 96.71
2026-04-18 20:01:49,642 [trainer.py] => Training time: 0h 1m 42s
2026-04-18 20:01:55,528 [trainer.py] => Evaluation time: 0h 0m 5s
2026-04-18 20:01:55,530 [trainer.py] => Accuracy: {'total': 65.36, '00-19': 71.25, '20-39': 72.11, '40-59': 55.78, '60-79': 73.51, '80-99': 42.16, 'old': 67.81, 'new': 42.16}
2026-04-18 20:01:55,530 [trainer.py] => (curve) top1 Acc: [84.98, 78.01, 70.8, 68.63, 65.36]
2026-04-18 20:01:55,530 [trainer.py] => (curve) top1 Acc with task: [84.98, 86.35, 82.7, 83.44, 80.52]
2026-04-18 20:01:55,530 [trainer.py] => (curve) top1 Acc task: [100.0, 87.23, 80.12, 76.19, 73.03]
2026-04-18 20:01:55,531 [trainer.py] => ================================================================================
2026-04-18 20:01:55,531 [trainer.py] => ================================================================================
2026-04-18 20:01:55,531 [base.py] => Task 5 learning on class 100-120
2026-04-18 20:01:55,535 [toolkit.py] => Total params:     103,487,003
2026-04-18 20:01:55,535 [toolkit.py] => Trainable params: 384,020
2026-04-18 20:01:55,535 [toolkit.py] => Trainable ratio:  0.3711%
2026-04-18 20:03:21,096 [l2lora.py] => Task 5, Epoch 20/20 => Loss 0.079, Train_accy 97.34
2026-04-18 20:03:21,098 [trainer.py] => Training time: 0h 1m 25s
2026-04-18 20:03:27,088 [trainer.py] => Evaluation time: 0h 0m 5s
2026-04-18 20:03:27,090 [trainer.py] => Accuracy: {'total': 61.8, '00-19': 70.29, '20-39': 72.51, '40-59': 54.58, '60-79': 72.19, '80-99': 40.2, '100-119': 19.12, 'old': 64.51, 'new': 19.12}
2026-04-18 20:03:27,090 [trainer.py] => (curve) top1 Acc: [84.98, 78.01, 70.8, 68.63, 65.36, 61.8]
2026-04-18 20:03:27,090 [trainer.py] => (curve) top1 Acc with task: [84.98, 86.35, 82.7, 83.44, 80.52, 78.43]
2026-04-18 20:03:27,090 [trainer.py] => (curve) top1 Acc task: [100.0, 87.23, 80.12, 76.19, 73.03, 69.72]
2026-04-18 20:03:27,091 [trainer.py] => ================================================================================
2026-04-18 20:03:27,091 [trainer.py] => ================================================================================
2026-04-18 20:03:27,091 [base.py] => Task 6 learning on class 120-140
2026-04-18 20:03:27,095 [toolkit.py] => Total params:     103,487,003
2026-04-18 20:03:27,095 [toolkit.py] => Trainable params: 384,020
2026-04-18 20:03:27,095 [toolkit.py] => Trainable ratio:  0.3711%
2026-04-18 20:05:01,928 [l2lora.py] => Task 6, Epoch 20/20 => Loss 0.068, Train_accy 98.58
2026-04-18 20:05:01,929 [trainer.py] => Training time: 0h 1m 34s
2026-04-18 20:05:08,409 [trainer.py] => Evaluation time: 0h 0m 6s
2026-04-18 20:05:08,411 [trainer.py] => Accuracy: {'total': 60.08, '00-19': 70.61, '20-39': 71.71, '40-59': 54.58, '60-79': 72.19, '80-99': 37.25, '100-119': 17.65, '120-139': 43.82, 'old': 61.36, 'new': 43.82}
2026-04-18 20:05:08,411 [trainer.py] => (curve) top1 Acc: [84.98, 78.01, 70.8, 68.63, 65.36, 61.8, 60.08]
2026-04-18 20:05:08,411 [trainer.py] => (curve) top1 Acc with task: [84.98, 86.35, 82.7, 83.44, 80.52, 78.43, 76.73]
2026-04-18 20:05:08,412 [trainer.py] => (curve) top1 Acc task: [100.0, 87.23, 80.12, 76.19, 73.03, 69.72, 67.76]
2026-04-18 20:05:08,412 [trainer.py] => ================================================================================
2026-04-18 20:05:08,412 [trainer.py] => ================================================================================
2026-04-18 20:05:08,413 [base.py] => Task 7 learning on class 140-160
2026-04-18 20:05:08,416 [toolkit.py] => Total params:     103,487,003
2026-04-18 20:05:08,416 [toolkit.py] => Trainable params: 384,020
2026-04-18 20:05:08,416 [toolkit.py] => Trainable ratio:  0.3711%
2026-04-18 20:06:39,261 [l2lora.py] => Task 7, Epoch 20/20 => Loss 0.105, Train_accy 96.57
2026-04-18 20:06:39,262 [trainer.py] => Training time: 0h 1m 30s
2026-04-18 20:06:46,001 [trainer.py] => Evaluation time: 0h 0m 6s
2026-04-18 20:06:46,003 [trainer.py] => Accuracy: {'total': 58.19, '00-19': 71.57, '20-39': 70.92, '40-59': 54.58, '60-79': 72.85, '80-99': 37.25, '100-119': 17.65, '120-139': 40.45, '140-159': 30.86, 'old': 60.0, 'new': 30.86}
2026-04-18 20:06:46,003 [trainer.py] => (curve) top1 Acc: [84.98, 78.01, 70.8, 68.63, 65.36, 61.8, 60.08, 58.19]
2026-04-18 20:06:46,003 [trainer.py] => (curve) top1 Acc with task: [84.98, 86.35, 82.7, 83.44, 80.52, 78.43, 76.73, 75.8]
2026-04-18 20:06:46,003 [trainer.py] => (curve) top1 Acc task: [100.0, 87.23, 80.12, 76.19, 73.03, 69.72, 67.76, 64.78]
2026-04-18 20:06:46,003 [trainer.py] => ================================================================================
2026-04-18 20:06:46,003 [trainer.py] => ================================================================================
2026-04-18 20:06:46,004 [base.py] => Task 8 learning on class 160-180
2026-04-18 20:06:46,008 [toolkit.py] => Total params:     103,487,003
2026-04-18 20:06:46,008 [toolkit.py] => Trainable params: 384,020
2026-04-18 20:06:46,008 [toolkit.py] => Trainable ratio:  0.3711%
2026-04-18 20:08:25,739 [l2lora.py] => Task 8, Epoch 20/20 => Loss 0.114, Train_accy 96.68
2026-04-18 20:08:25,740 [trainer.py] => Training time: 0h 1m 39s
2026-04-18 20:08:32,834 [trainer.py] => Evaluation time: 0h 0m 7s
2026-04-18 20:08:32,836 [trainer.py] => Accuracy: {'total': 54.95, '00-19': 69.97, '20-39': 69.72, '40-59': 53.78, '60-79': 70.2, '80-99': 34.31, '100-119': 20.59, '120-139': 38.2, '140-159': 29.63, '160-179': 29.9, 'old': 56.81, 'new': 29.9}
2026-04-18 20:08:32,836 [trainer.py] => (curve) top1 Acc: [84.98, 78.01, 70.8, 68.63, 65.36, 61.8, 60.08, 58.19, 54.95]
2026-04-18 20:08:32,836 [trainer.py] => (curve) top1 Acc with task: [84.98, 86.35, 82.7, 83.44, 80.52, 78.43, 76.73, 75.8, 74.77]
2026-04-18 20:08:32,837 [trainer.py] => (curve) top1 Acc task: [100.0, 87.23, 80.12, 76.19, 73.03, 69.72, 67.76, 64.78, 61.3]
2026-04-18 20:08:32,837 [trainer.py] => ================================================================================
2026-04-18 20:08:32,837 [trainer.py] => ================================================================================
2026-04-18 20:08:32,838 [base.py] => Task 9 learning on class 180-200
2026-04-18 20:08:32,841 [toolkit.py] => Total params:     103,487,003
2026-04-18 20:08:32,841 [toolkit.py] => Trainable params: 384,020
2026-04-18 20:08:32,841 [toolkit.py] => Trainable ratio:  0.3711%
2026-04-18 20:10:13,162 [l2lora.py] => Task 9, Epoch 20/20 => Loss 0.060, Train_accy 97.92
2026-04-18 20:10:13,163 [trainer.py] => Training time: 0h 1m 40s
2026-04-18 20:10:25,444 [trainer.py] => Evaluation time: 0h 0m 12s
2026-04-18 20:10:25,446 [trainer.py] => Accuracy: {'total': 53.33, '00-19': 69.65, '20-39': 66.14, '40-59': 53.78, '60-79': 69.54, '80-99': 30.39, '100-119': 17.65, '120-139': 38.2, '140-159': 32.1, '160-179': 26.8, '180-199': 48.45, 'old': 53.67, 'new': 48.45}
2026-04-18 20:10:25,446 [trainer.py] => (curve) top1 Acc: [84.98, 78.01, 70.8, 68.63, 65.36, 61.8, 60.08, 58.19, 54.95, 53.33]
2026-04-18 20:10:25,446 [trainer.py] => (curve) top1 Acc with task: [84.98, 86.35, 82.7, 83.44, 80.52, 78.43, 76.73, 75.8, 74.77, 74.2]
2026-04-18 20:10:25,446 [trainer.py] => (curve) top1 Acc task: [100.0, 87.23, 80.12, 76.19, 73.03, 69.72, 67.76, 64.78, 61.3, 59.27]
2026-04-18 20:10:25,446 [trainer.py] => ================================================================================
