2026-04-18 16:19:03,555 [toolkit.py] => config: configs/l2lora-l1.0/imagenet-r.json
2026-04-18 16:19:03,555 [toolkit.py] => device: [device(type='cuda', index=0)]
2026-04-18 16:19:03,555 [toolkit.py] => debug: False
2026-04-18 16:19:03,555 [toolkit.py] => save_ckp: False
2026-04-18 16:19:03,555 [toolkit.py] => seed: 0
2026-04-18 16:19:03,556 [toolkit.py] => dataset: imagenet-r
2026-04-18 16:19:03,556 [toolkit.py] => data_path: data/imagenet-r
2026-04-18 16:19:03,556 [toolkit.py] => load: vit_base_patch16_224_in21k
2026-04-18 16:19:03,556 [toolkit.py] => init_cls: 20
2026-04-18 16:19:03,556 [toolkit.py] => increment: 20
2026-04-18 16:19:03,556 [toolkit.py] => sessions: 10
2026-04-18 16:19:03,556 [toolkit.py] => shuffle: False
2026-04-18 16:19:03,556 [toolkit.py] => method: l2lora
2026-04-18 16:19:03,556 [toolkit.py] => optimizer: adam
2026-04-18 16:19:03,557 [toolkit.py] => scheduler: cosine
2026-04-18 16:19:03,557 [toolkit.py] => epochs: 50
2026-04-18 16:19:03,557 [toolkit.py] => lrate: 0.0005
2026-04-18 16:19:03,557 [toolkit.py] => fc_lrate: 0.0005
2026-04-18 16:19:03,557 [toolkit.py] => weight_decay: 0.005
2026-04-18 16:19:03,557 [toolkit.py] => batch_size: 128
2026-04-18 16:19:03,557 [toolkit.py] => rank: 10
2026-04-18 16:19:03,557 [toolkit.py] => num_workers: 16
2026-04-18 16:19:03,558 [toolkit.py] => lambda: 1.0
2026-04-18 16:19:03,558 [toolkit.py] => logdir: logs/l2lora-l1.0/imagenet-r/t10
2026-04-18 16:19:03,558 [toolkit.py] => logfilename: logs/l2lora-l1.0/imagenet-r/t10/seed0
2026-04-18 16:20:33,547 [data_manager.py] => Class index order: 0, 1, 2, 3, 4, ..., 195, 196, 197, 198, 199
2026-04-18 16:20:36,472 [trainer.py] => ================================================================================
2026-04-18 16:20:36,477 [base.py] => Task 0 learning on class 0-20
2026-04-18 16:20:37,571 [toolkit.py] => Total params:     103,487,003
2026-04-18 16:20:37,571 [toolkit.py] => Trainable params: 384,020
2026-04-18 16:20:37,571 [toolkit.py] => Trainable ratio:  0.3711%
2026-04-18 16:22:11,927 [toolkit.py] => config: configs/l2lora-l1.0/imagenet-r.json
2026-04-18 16:22:11,927 [toolkit.py] => device: [device(type='cuda', index=0)]
2026-04-18 16:22:11,927 [toolkit.py] => debug: False
2026-04-18 16:22:11,927 [toolkit.py] => save_ckp: False
2026-04-18 16:22:11,927 [toolkit.py] => seed: 0
2026-04-18 16:22:11,927 [toolkit.py] => dataset: imagenet-r
2026-04-18 16:22:11,927 [toolkit.py] => data_path: data/imagenet-r
2026-04-18 16:22:11,928 [toolkit.py] => load: vit_base_patch16_224_in21k
2026-04-18 16:22:11,928 [toolkit.py] => init_cls: 20
2026-04-18 16:22:11,928 [toolkit.py] => increment: 20
2026-04-18 16:22:11,928 [toolkit.py] => sessions: 10
2026-04-18 16:22:11,928 [toolkit.py] => shuffle: False
2026-04-18 16:22:11,928 [toolkit.py] => method: l2lora
2026-04-18 16:22:11,928 [toolkit.py] => optimizer: adam
2026-04-18 16:22:11,928 [toolkit.py] => scheduler: cosine
2026-04-18 16:22:11,928 [toolkit.py] => epochs: 50
2026-04-18 16:22:11,928 [toolkit.py] => lrate: 0.0005
2026-04-18 16:22:11,929 [toolkit.py] => fc_lrate: 0.0005
2026-04-18 16:22:11,929 [toolkit.py] => weight_decay: 0.005
2026-04-18 16:22:11,929 [toolkit.py] => batch_size: 128
2026-04-18 16:22:11,929 [toolkit.py] => rank: 10
2026-04-18 16:22:11,929 [toolkit.py] => num_workers: 16
2026-04-18 16:22:11,929 [toolkit.py] => lambda: 1.0
2026-04-18 16:22:11,929 [toolkit.py] => logdir: logs/l2lora-l1.0/imagenet-r/t10
2026-04-18 16:22:11,929 [toolkit.py] => logfilename: logs/l2lora-l1.0/imagenet-r/t10/seed0
2026-04-18 16:22:12,321 [data_manager.py] => Class index order: 0, 1, 2, 3, 4, ..., 195, 196, 197, 198, 199
2026-04-18 16:22:15,255 [trainer.py] => ================================================================================
2026-04-18 16:22:15,259 [base.py] => Task 0 learning on class 0-20
2026-04-18 16:22:16,332 [toolkit.py] => Total params:     103,487,003
2026-04-18 16:22:16,332 [toolkit.py] => Trainable params: 384,020
2026-04-18 16:22:16,333 [toolkit.py] => Trainable ratio:  0.3711%
2026-04-18 16:43:47,258 [l2lora.py] => Task 0, Epoch 50/50 => Loss 0.183, Train_accy 95.01
2026-04-18 16:43:47,259 [trainer.py] => Training time: 0h 21m 32s
2026-04-18 16:43:51,869 [trainer.py] => Evaluation time: 0h 0m 4s
2026-04-18 16:43:51,872 [trainer.py] => Accuracy: {'total': 89.32, '00-19': 89.32, 'old': 0, 'new': 89.32}
2026-04-18 16:43:51,872 [trainer.py] => (curve) top1 Acc: [89.32]
2026-04-18 16:43:51,872 [trainer.py] => (curve) top1 Acc with task: [89.32]
2026-04-18 16:43:51,872 [trainer.py] => (curve) top1 Acc task: [100.0]
2026-04-18 16:43:51,872 [trainer.py] => ================================================================================
2026-04-18 16:43:51,873 [trainer.py] => ================================================================================
2026-04-18 16:43:51,874 [base.py] => Task 1 learning on class 20-40
2026-04-18 16:43:51,878 [toolkit.py] => Total params:     103,487,003
2026-04-18 16:43:51,878 [toolkit.py] => Trainable params: 384,020
2026-04-18 16:43:51,878 [toolkit.py] => Trainable ratio:  0.3711%
2026-04-18 17:05:50,139 [l2lora.py] => Task 1, Epoch 50/50 => Loss 0.255, Train_accy 92.90
2026-04-18 17:05:50,141 [trainer.py] => Training time: 0h 21m 58s
2026-04-18 17:05:57,240 [trainer.py] => Evaluation time: 0h 0m 7s
2026-04-18 17:05:57,242 [trainer.py] => Accuracy: {'total': 85.8, '00-19': 88.39, '20-39': 83.47, 'old': 88.39, 'new': 83.47}
2026-04-18 17:05:57,242 [trainer.py] => (curve) top1 Acc: [89.32, 85.8]
2026-04-18 17:05:57,242 [trainer.py] => (curve) top1 Acc with task: [89.32, 90.56]
2026-04-18 17:05:57,242 [trainer.py] => (curve) top1 Acc task: [100.0, 91.43]
2026-04-18 17:05:57,243 [trainer.py] => ================================================================================
2026-04-18 17:05:57,243 [trainer.py] => ================================================================================
2026-04-18 17:05:57,244 [base.py] => Task 2 learning on class 40-60
2026-04-18 17:05:57,248 [toolkit.py] => Total params:     103,487,003
2026-04-18 17:05:57,248 [toolkit.py] => Trainable params: 384,020
2026-04-18 17:05:57,248 [toolkit.py] => Trainable ratio:  0.3711%
2026-04-18 17:21:36,748 [l2lora.py] => Task 2, Epoch 50/50 => Loss 0.266, Train_accy 92.93
2026-04-18 17:21:36,750 [trainer.py] => Training time: 0h 15m 39s
2026-04-18 17:21:55,512 [trainer.py] => Evaluation time: 0h 0m 18s
2026-04-18 17:21:55,514 [trainer.py] => Accuracy: {'total': 82.08, '00-19': 85.91, '20-39': 81.94, '40-59': 76.61, 'old': 83.82, 'new': 76.61}
2026-04-18 17:21:55,514 [trainer.py] => (curve) top1 Acc: [89.32, 85.8, 82.08]
2026-04-18 17:21:55,514 [trainer.py] => (curve) top1 Acc with task: [89.32, 90.56, 88.68]
2026-04-18 17:21:55,515 [trainer.py] => (curve) top1 Acc task: [100.0, 91.43, 88.24]
2026-04-18 17:21:55,515 [trainer.py] => ================================================================================
2026-04-18 17:21:55,515 [trainer.py] => ================================================================================
2026-04-18 17:21:55,516 [base.py] => Task 3 learning on class 60-80
2026-04-18 17:21:55,520 [toolkit.py] => Total params:     103,487,003
2026-04-18 17:21:55,520 [toolkit.py] => Trainable params: 384,020
2026-04-18 17:21:55,520 [toolkit.py] => Trainable ratio:  0.3711%
2026-04-18 17:41:40,912 [l2lora.py] => Task 3, Epoch 50/50 => Loss 0.248, Train_accy 93.77
2026-04-18 17:41:40,915 [trainer.py] => Training time: 0h 19m 45s
2026-04-18 17:42:24,481 [trainer.py] => Evaluation time: 0h 0m 43s
2026-04-18 17:42:24,484 [trainer.py] => Accuracy: {'total': 78.8, '00-19': 83.44, '20-39': 78.06, '40-59': 74.77, '60-79': 77.59, 'old': 79.19, 'new': 77.59}
2026-04-18 17:42:24,484 [trainer.py] => (curve) top1 Acc: [89.32, 85.8, 82.08, 78.8]
2026-04-18 17:42:24,484 [trainer.py] => (curve) top1 Acc with task: [89.32, 90.56, 88.68, 88.0]
2026-04-18 17:42:24,484 [trainer.py] => (curve) top1 Acc task: [100.0, 91.43, 88.24, 83.9]
2026-04-18 17:42:24,484 [trainer.py] => ================================================================================
2026-04-18 17:42:24,484 [trainer.py] => ================================================================================
2026-04-18 17:42:24,486 [base.py] => Task 4 learning on class 80-100
2026-04-18 17:42:24,490 [toolkit.py] => Total params:     103,487,003
2026-04-18 17:42:24,491 [toolkit.py] => Trainable params: 384,020
2026-04-18 17:42:24,491 [toolkit.py] => Trainable ratio:  0.3711%
2026-04-18 18:05:19,878 [l2lora.py] => Task 4, Epoch 50/50 => Loss 0.260, Train_accy 92.72
2026-04-18 18:05:19,879 [trainer.py] => Training time: 0h 22m 55s
2026-04-18 18:05:45,414 [trainer.py] => Evaluation time: 0h 0m 25s
2026-04-18 18:05:45,415 [trainer.py] => Accuracy: {'total': 78.05, '00-19': 83.9, '20-39': 78.47, '40-59': 73.85, '60-79': 75.72, '80-99': 76.81, 'old': 78.42, 'new': 76.81}
2026-04-18 18:05:45,416 [trainer.py] => (curve) top1 Acc: [89.32, 85.8, 82.08, 78.8, 78.05]
2026-04-18 18:05:45,416 [trainer.py] => (curve) top1 Acc with task: [89.32, 90.56, 88.68, 88.0, 88.07]
2026-04-18 18:05:45,416 [trainer.py] => (curve) top1 Acc task: [100.0, 91.43, 88.24, 83.9, 82.64]
2026-04-18 18:05:45,416 [trainer.py] => ================================================================================
2026-04-18 18:05:45,416 [trainer.py] => ================================================================================
2026-04-18 18:05:45,418 [base.py] => Task 5 learning on class 100-120
2026-04-18 18:05:45,421 [toolkit.py] => Total params:     103,487,003
2026-04-18 18:05:45,421 [toolkit.py] => Trainable params: 384,020
2026-04-18 18:05:45,422 [toolkit.py] => Trainable ratio:  0.3711%
2026-04-18 18:25:33,058 [l2lora.py] => Task 5, Epoch 50/50 => Loss 0.234, Train_accy 93.91
2026-04-18 18:25:33,059 [trainer.py] => Training time: 0h 19m 47s
2026-04-18 18:25:46,567 [trainer.py] => Evaluation time: 0h 0m 13s
2026-04-18 18:25:46,569 [trainer.py] => Accuracy: {'total': 77.01, '00-19': 83.28, '20-39': 77.92, '40-59': 71.79, '60-79': 73.85, '80-99': 77.81, '100-119': 74.95, 'old': 77.38, 'new': 74.95}
2026-04-18 18:25:46,569 [trainer.py] => (curve) top1 Acc: [89.32, 85.8, 82.08, 78.8, 78.05, 77.01]
2026-04-18 18:25:46,570 [trainer.py] => (curve) top1 Acc with task: [89.32, 90.56, 88.68, 88.0, 88.07, 87.39]
2026-04-18 18:25:46,570 [trainer.py] => (curve) top1 Acc task: [100.0, 91.43, 88.24, 83.9, 82.64, 81.39]
2026-04-18 18:25:46,570 [trainer.py] => ================================================================================
2026-04-18 18:25:46,570 [trainer.py] => ================================================================================
2026-04-18 18:25:46,572 [base.py] => Task 6 learning on class 120-140
2026-04-18 18:25:46,575 [toolkit.py] => Total params:     103,487,003
2026-04-18 18:25:46,575 [toolkit.py] => Trainable params: 384,020
2026-04-18 18:25:46,575 [toolkit.py] => Trainable ratio:  0.3711%
2026-04-18 18:45:58,518 [l2lora.py] => Task 6, Epoch 50/50 => Loss 0.356, Train_accy 90.24
2026-04-18 18:45:58,519 [trainer.py] => Training time: 0h 20m 11s
2026-04-18 18:46:13,314 [trainer.py] => Evaluation time: 0h 0m 14s
2026-04-18 18:46:13,316 [trainer.py] => Accuracy: {'total': 73.63, '00-19': 80.03, '20-39': 74.17, '40-59': 68.81, '60-79': 69.1, '80-99': 76.67, '100-119': 73.33, '120-139': 70.6, 'old': 74.1, 'new': 70.6}
2026-04-18 18:46:13,316 [trainer.py] => (curve) top1 Acc: [89.32, 85.8, 82.08, 78.8, 78.05, 77.01, 73.63]
2026-04-18 18:46:13,316 [trainer.py] => (curve) top1 Acc with task: [89.32, 90.56, 88.68, 88.0, 88.07, 87.39, 85.84]
2026-04-18 18:46:13,316 [trainer.py] => (curve) top1 Acc task: [100.0, 91.43, 88.24, 83.9, 82.64, 81.39, 78.4]
2026-04-18 18:46:13,316 [trainer.py] => ================================================================================
2026-04-18 18:46:13,317 [trainer.py] => ================================================================================
2026-04-18 18:46:13,318 [base.py] => Task 7 learning on class 140-160
2026-04-18 18:46:13,322 [toolkit.py] => Total params:     103,487,003
2026-04-18 18:46:13,322 [toolkit.py] => Trainable params: 384,020
2026-04-18 18:46:13,322 [toolkit.py] => Trainable ratio:  0.3711%
2026-04-18 19:01:33,122 [l2lora.py] => Task 7, Epoch 50/50 => Loss 0.306, Train_accy 91.10
2026-04-18 19:01:33,124 [trainer.py] => Training time: 0h 15m 19s
2026-04-18 19:02:18,297 [trainer.py] => Evaluation time: 0h 0m 45s
2026-04-18 19:02:18,299 [trainer.py] => Accuracy: {'total': 72.05, '00-19': 79.41, '20-39': 73.47, '40-59': 65.37, '60-79': 66.55, '80-99': 75.96, '100-119': 71.89, '120-139': 67.43, '140-159': 72.81, 'old': 71.97, 'new': 72.81}
2026-04-18 19:02:18,299 [trainer.py] => (curve) top1 Acc: [89.32, 85.8, 82.08, 78.8, 78.05, 77.01, 73.63, 72.05]
2026-04-18 19:02:18,299 [trainer.py] => (curve) top1 Acc with task: [89.32, 90.56, 88.68, 88.0, 88.07, 87.39, 85.84, 85.3]
2026-04-18 19:02:18,299 [trainer.py] => (curve) top1 Acc task: [100.0, 91.43, 88.24, 83.9, 82.64, 81.39, 78.4, 76.67]
2026-04-18 19:02:18,300 [trainer.py] => ================================================================================
2026-04-18 19:02:18,300 [trainer.py] => ================================================================================
2026-04-18 19:02:18,301 [base.py] => Task 8 learning on class 160-180
2026-04-18 19:02:18,305 [toolkit.py] => Total params:     103,487,003
2026-04-18 19:02:18,305 [toolkit.py] => Trainable params: 384,020
2026-04-18 19:02:18,305 [toolkit.py] => Trainable ratio:  0.3711%
2026-04-18 19:21:50,418 [l2lora.py] => Task 8, Epoch 50/50 => Loss 0.180, Train_accy 95.46
2026-04-18 19:21:50,419 [trainer.py] => Training time: 0h 19m 32s
2026-04-18 19:22:32,453 [trainer.py] => Evaluation time: 0h 0m 42s
2026-04-18 19:22:32,455 [trainer.py] => Accuracy: {'total': 72.29, '00-19': 78.64, '20-39': 74.31, '40-59': 64.22, '60-79': 65.7, '80-99': 74.4, '100-119': 70.63, '120-139': 64.79, '140-159': 69.3, '160-179': 83.41, 'old': 70.81, 'new': 83.41}
2026-04-18 19:22:32,455 [trainer.py] => (curve) top1 Acc: [89.32, 85.8, 82.08, 78.8, 78.05, 77.01, 73.63, 72.05, 72.29]
2026-04-18 19:22:32,455 [trainer.py] => (curve) top1 Acc with task: [89.32, 90.56, 88.68, 88.0, 88.07, 87.39, 85.84, 85.3, 85.93]
2026-04-18 19:22:32,456 [trainer.py] => (curve) top1 Acc task: [100.0, 91.43, 88.24, 83.9, 82.64, 81.39, 78.4, 76.67, 76.31]
2026-04-18 19:22:32,456 [trainer.py] => ================================================================================
2026-04-18 19:22:32,456 [trainer.py] => ================================================================================
2026-04-18 19:22:32,458 [base.py] => Task 9 learning on class 180-200
2026-04-18 19:22:32,461 [toolkit.py] => Total params:     103,487,003
2026-04-18 19:22:32,461 [toolkit.py] => Trainable params: 384,020
2026-04-18 19:22:32,461 [toolkit.py] => Trainable ratio:  0.3711%
2026-04-18 19:44:34,765 [l2lora.py] => Task 9, Epoch 50/50 => Loss 0.241, Train_accy 94.00
2026-04-18 19:44:34,766 [trainer.py] => Training time: 0h 22m 2s
2026-04-18 19:44:52,806 [trainer.py] => Evaluation time: 0h 0m 18s
2026-04-18 19:44:52,808 [trainer.py] => Accuracy: {'total': 72.27, '00-19': 79.26, '20-39': 73.33, '40-59': 63.3, '60-79': 66.38, '80-99': 73.4, '100-119': 69.55, '120-139': 64.44, '140-159': 68.42, '160-179': 81.32, '180-199': 77.05, 'old': 71.63, 'new': 77.05}
2026-04-18 19:44:52,808 [trainer.py] => (curve) top1 Acc: [89.32, 85.8, 82.08, 78.8, 78.05, 77.01, 73.63, 72.05, 72.29, 72.27]
2026-04-18 19:44:52,808 [trainer.py] => (curve) top1 Acc with task: [89.32, 90.56, 88.68, 88.0, 88.07, 87.39, 85.84, 85.3, 85.93, 86.17]
2026-04-18 19:44:52,808 [trainer.py] => (curve) top1 Acc task: [100.0, 91.43, 88.24, 83.9, 82.64, 81.39, 78.4, 76.67, 76.31, 76.12]
2026-04-18 19:44:52,808 [trainer.py] => ================================================================================
