2026-04-18 12:43:58,239 [toolkit.py] => config: configs/l2lora/cifar100.json
2026-04-18 12:43:58,239 [toolkit.py] => device: [device(type='cuda', index=0)]
2026-04-18 12:43:58,239 [toolkit.py] => debug: False
2026-04-18 12:43:58,239 [toolkit.py] => save_ckp: False
2026-04-18 12:43:58,240 [toolkit.py] => seed: 0
2026-04-18 12:43:58,240 [toolkit.py] => dataset: cifar100
2026-04-18 12:43:58,240 [toolkit.py] => data_path: data/cifar100
2026-04-18 12:43:58,240 [toolkit.py] => load: vit_base_patch16_224_in21k
2026-04-18 12:43:58,240 [toolkit.py] => init_cls: 10
2026-04-18 12:43:58,240 [toolkit.py] => increment: 10
2026-04-18 12:43:58,240 [toolkit.py] => sessions: 10
2026-04-18 12:43:58,240 [toolkit.py] => shuffle: False
2026-04-18 12:43:58,240 [toolkit.py] => method: l2lora
2026-04-18 12:43:58,240 [toolkit.py] => optimizer: adam
2026-04-18 12:43:58,241 [toolkit.py] => scheduler: cosine
2026-04-18 12:43:58,241 [toolkit.py] => epochs: 20
2026-04-18 12:43:58,241 [toolkit.py] => lrate: 0.0005
2026-04-18 12:43:58,241 [toolkit.py] => fc_lrate: 0.005
2026-04-18 12:43:58,241 [toolkit.py] => weight_decay: 0.0
2026-04-18 12:43:58,241 [toolkit.py] => batch_size: 128
2026-04-18 12:43:58,241 [toolkit.py] => rank: 10
2026-04-18 12:43:58,241 [toolkit.py] => num_workers: 16
2026-04-18 12:43:58,241 [toolkit.py] => lambda: 10.0
2026-04-18 12:43:58,241 [toolkit.py] => logdir: logs/l2lora/cifar100/t10
2026-04-18 12:43:58,242 [toolkit.py] => logfilename: logs/l2lora/cifar100/t10/seed0
2026-04-18 12:44:00,452 [data_manager.py] => Class index order: 0, 1, 2, 3, 4, ..., 95, 96, 97, 98, 99
2026-04-18 12:44:04,014 [trainer.py] => ================================================================================
2026-04-18 12:44:04,025 [base.py] => Task 0 learning on class 0-10
2026-04-18 12:44:05,112 [toolkit.py] => Total params:     103,410,103
2026-04-18 12:44:05,113 [toolkit.py] => Trainable params: 376,330
2026-04-18 12:44:05,113 [toolkit.py] => Trainable ratio:  0.3639%
2026-04-18 12:54:59,908 [l2lora.py] => Task 0, Epoch 20/20 => Loss 0.094, Train_accy 96.82
2026-04-18 12:54:59,909 [trainer.py] => Training time: 0h 10m 55s
2026-04-18 12:55:04,616 [trainer.py] => Evaluation time: 0h 0m 4s
2026-04-18 12:55:04,618 [trainer.py] => Accuracy: {'total': 99.5, '00-09': 99.5, 'old': 0, 'new': 99.5}
2026-04-18 12:55:04,618 [trainer.py] => (curve) top1 Acc: [99.5]
2026-04-18 12:55:04,619 [trainer.py] => (curve) top1 Acc with task: [99.5]
2026-04-18 12:55:04,619 [trainer.py] => (curve) top1 Acc task: [100.0]
2026-04-18 12:55:04,619 [trainer.py] => ================================================================================
2026-04-18 12:55:04,619 [trainer.py] => ================================================================================
2026-04-18 12:55:04,633 [base.py] => Task 1 learning on class 10-20
2026-04-18 12:55:04,637 [toolkit.py] => Total params:     103,410,103
2026-04-18 12:55:04,637 [toolkit.py] => Trainable params: 376,330
2026-04-18 12:55:04,637 [toolkit.py] => Trainable ratio:  0.3639%
2026-04-18 13:06:02,154 [l2lora.py] => Task 1, Epoch 20/20 => Loss 0.135, Train_accy 95.78
2026-04-18 13:06:02,155 [trainer.py] => Training time: 0h 10m 57s
2026-04-18 13:06:09,567 [trainer.py] => Evaluation time: 0h 0m 7s
2026-04-18 13:06:09,568 [trainer.py] => Accuracy: {'total': 97.0, '00-09': 97.3, '10-19': 96.7, 'old': 97.3, 'new': 96.7}
2026-04-18 13:06:09,569 [trainer.py] => (curve) top1 Acc: [99.5, 97.0]
2026-04-18 13:06:09,569 [trainer.py] => (curve) top1 Acc with task: [99.5, 99.05]
2026-04-18 13:06:09,569 [trainer.py] => (curve) top1 Acc task: [100.0, 97.6]
2026-04-18 13:06:09,569 [trainer.py] => ================================================================================
2026-04-18 13:06:09,569 [trainer.py] => ================================================================================
2026-04-18 13:06:09,583 [base.py] => Task 2 learning on class 20-30
2026-04-18 13:06:09,587 [toolkit.py] => Total params:     103,410,103
2026-04-18 13:06:09,587 [toolkit.py] => Trainable params: 376,330
2026-04-18 13:06:09,587 [toolkit.py] => Trainable ratio:  0.3639%
2026-04-18 13:17:07,965 [l2lora.py] => Task 2, Epoch 20/20 => Loss 0.121, Train_accy 96.04
2026-04-18 13:17:07,967 [trainer.py] => Training time: 0h 10m 58s
2026-04-18 13:17:17,543 [trainer.py] => Evaluation time: 0h 0m 9s
2026-04-18 13:17:17,545 [trainer.py] => Accuracy: {'total': 95.27, '00-09': 95.7, '10-19': 95.5, '20-29': 94.6, 'old': 95.6, 'new': 94.6}
2026-04-18 13:17:17,545 [trainer.py] => (curve) top1 Acc: [99.5, 97.0, 95.27]
2026-04-18 13:17:17,545 [trainer.py] => (curve) top1 Acc with task: [99.5, 99.05, 98.53]
2026-04-18 13:17:17,545 [trainer.py] => (curve) top1 Acc task: [100.0, 97.6, 96.1]
2026-04-18 13:17:17,545 [trainer.py] => ================================================================================
2026-04-18 13:17:17,545 [trainer.py] => ================================================================================
2026-04-18 13:17:17,556 [base.py] => Task 3 learning on class 30-40
2026-04-18 13:17:17,560 [toolkit.py] => Total params:     103,410,103
2026-04-18 13:17:17,560 [toolkit.py] => Trainable params: 376,330
2026-04-18 13:17:17,560 [toolkit.py] => Trainable ratio:  0.3639%
2026-04-18 13:28:14,907 [l2lora.py] => Task 3, Epoch 20/20 => Loss 0.137, Train_accy 95.64
2026-04-18 13:28:14,908 [trainer.py] => Training time: 0h 10m 57s
2026-04-18 13:28:26,907 [trainer.py] => Evaluation time: 0h 0m 11s
2026-04-18 13:28:26,909 [trainer.py] => Accuracy: {'total': 93.18, '00-09': 95.2, '10-19': 93.3, '20-29': 94.5, '30-39': 89.7, 'old': 94.33, 'new': 89.7}
2026-04-18 13:28:26,909 [trainer.py] => (curve) top1 Acc: [99.5, 97.0, 95.27, 93.18]
2026-04-18 13:28:26,910 [trainer.py] => (curve) top1 Acc with task: [99.5, 99.05, 98.53, 98.6]
2026-04-18 13:28:26,910 [trainer.py] => (curve) top1 Acc task: [100.0, 97.6, 96.1, 93.9]
2026-04-18 13:28:26,910 [trainer.py] => ================================================================================
2026-04-18 13:28:26,910 [trainer.py] => ================================================================================
2026-04-18 13:28:26,922 [base.py] => Task 4 learning on class 40-50
2026-04-18 13:28:26,926 [toolkit.py] => Total params:     103,410,103
2026-04-18 13:28:26,926 [toolkit.py] => Trainable params: 376,330
2026-04-18 13:28:26,926 [toolkit.py] => Trainable ratio:  0.3639%
2026-04-18 13:39:24,751 [l2lora.py] => Task 4, Epoch 20/20 => Loss 0.132, Train_accy 95.72
2026-04-18 13:39:24,752 [trainer.py] => Training time: 0h 10m 57s
2026-04-18 13:39:39,226 [trainer.py] => Evaluation time: 0h 0m 14s
2026-04-18 13:39:39,228 [trainer.py] => Accuracy: {'total': 92.32, '00-09': 94.8, '10-19': 92.5, '20-29': 92.8, '30-39': 88.9, '40-49': 92.6, 'old': 92.25, 'new': 92.6}
2026-04-18 13:39:39,228 [trainer.py] => (curve) top1 Acc: [99.5, 97.0, 95.27, 93.18, 92.32]
2026-04-18 13:39:39,228 [trainer.py] => (curve) top1 Acc with task: [99.5, 99.05, 98.53, 98.6, 98.66]
2026-04-18 13:39:39,228 [trainer.py] => (curve) top1 Acc task: [100.0, 97.6, 96.1, 93.9, 92.94]
2026-04-18 13:39:39,228 [trainer.py] => ================================================================================
2026-04-18 13:39:39,229 [trainer.py] => ================================================================================
2026-04-18 13:39:39,238 [base.py] => Task 5 learning on class 50-60
2026-04-18 13:39:39,242 [toolkit.py] => Total params:     103,410,103
2026-04-18 13:39:39,242 [toolkit.py] => Trainable params: 376,330
2026-04-18 13:39:39,242 [toolkit.py] => Trainable ratio:  0.3639%
2026-04-18 13:50:34,716 [l2lora.py] => Task 5, Epoch 20/20 => Loss 0.146, Train_accy 94.62
2026-04-18 13:50:34,718 [trainer.py] => Training time: 0h 10m 55s
2026-04-18 13:50:51,555 [trainer.py] => Evaluation time: 0h 0m 16s
2026-04-18 13:50:51,557 [trainer.py] => Accuracy: {'total': 90.18, '00-09': 93.5, '10-19': 91.6, '20-29': 92.1, '30-39': 87.5, '40-49': 92.1, '50-59': 84.3, 'old': 91.36, 'new': 84.3}
2026-04-18 13:50:51,557 [trainer.py] => (curve) top1 Acc: [99.5, 97.0, 95.27, 93.18, 92.32, 90.18]
2026-04-18 13:50:51,557 [trainer.py] => (curve) top1 Acc with task: [99.5, 99.05, 98.53, 98.6, 98.66, 98.5]
2026-04-18 13:50:51,558 [trainer.py] => (curve) top1 Acc task: [100.0, 97.6, 96.1, 93.9, 92.94, 90.72]
2026-04-18 13:50:51,558 [trainer.py] => ================================================================================
2026-04-18 13:50:51,558 [trainer.py] => ================================================================================
2026-04-18 13:50:51,569 [base.py] => Task 6 learning on class 60-70
2026-04-18 13:50:51,573 [toolkit.py] => Total params:     103,410,103
2026-04-18 13:50:51,573 [toolkit.py] => Trainable params: 376,330
2026-04-18 13:50:51,573 [toolkit.py] => Trainable ratio:  0.3639%
2026-04-18 14:01:47,761 [l2lora.py] => Task 6, Epoch 20/20 => Loss 0.145, Train_accy 94.88
2026-04-18 14:01:47,762 [trainer.py] => Training time: 0h 10m 56s
2026-04-18 14:02:06,229 [trainer.py] => Evaluation time: 0h 0m 18s
2026-04-18 14:02:06,239 [trainer.py] => Accuracy: {'total': 89.63, '00-09': 93.5, '10-19': 90.3, '20-29': 91.3, '30-39': 87.2, '40-49': 91.9, '50-59': 83.9, '60-69': 89.3, 'old': 89.68, 'new': 89.3}
2026-04-18 14:02:06,240 [trainer.py] => (curve) top1 Acc: [99.5, 97.0, 95.27, 93.18, 92.32, 90.18, 89.63]
2026-04-18 14:02:06,240 [trainer.py] => (curve) top1 Acc with task: [99.5, 99.05, 98.53, 98.6, 98.66, 98.5, 98.39]
2026-04-18 14:02:06,240 [trainer.py] => (curve) top1 Acc task: [100.0, 97.6, 96.1, 93.9, 92.94, 90.72, 90.19]
2026-04-18 14:02:06,240 [trainer.py] => ================================================================================
2026-04-18 14:02:06,240 [trainer.py] => ================================================================================
2026-04-18 14:02:06,252 [base.py] => Task 7 learning on class 70-80
2026-04-18 14:02:06,258 [toolkit.py] => Total params:     103,410,103
2026-04-18 14:02:06,258 [toolkit.py] => Trainable params: 376,330
2026-04-18 14:02:06,258 [toolkit.py] => Trainable ratio:  0.3639%
2026-04-18 14:13:04,640 [l2lora.py] => Task 7, Epoch 20/20 => Loss 0.124, Train_accy 95.80
2026-04-18 14:13:04,642 [trainer.py] => Training time: 0h 10m 58s
2026-04-18 14:13:25,485 [trainer.py] => Evaluation time: 0h 0m 20s
2026-04-18 14:13:25,487 [trainer.py] => Accuracy: {'total': 89.21, '00-09': 92.8, '10-19': 90.4, '20-29': 90.8, '30-39': 87.1, '40-49': 91.9, '50-59': 82.8, '60-69': 88.2, '70-79': 89.7, 'old': 89.14, 'new': 89.7}
2026-04-18 14:13:25,487 [trainer.py] => (curve) top1 Acc: [99.5, 97.0, 95.27, 93.18, 92.32, 90.18, 89.63, 89.21]
2026-04-18 14:13:25,487 [trainer.py] => (curve) top1 Acc with task: [99.5, 99.05, 98.53, 98.6, 98.66, 98.5, 98.39, 98.44]
2026-04-18 14:13:25,487 [trainer.py] => (curve) top1 Acc task: [100.0, 97.6, 96.1, 93.9, 92.94, 90.72, 90.19, 89.67]
2026-04-18 14:13:25,488 [trainer.py] => ================================================================================
2026-04-18 14:13:25,488 [trainer.py] => ================================================================================
2026-04-18 14:13:25,502 [base.py] => Task 8 learning on class 80-90
2026-04-18 14:13:25,505 [toolkit.py] => Total params:     103,410,103
2026-04-18 14:13:25,505 [toolkit.py] => Trainable params: 376,330
2026-04-18 14:13:25,506 [toolkit.py] => Trainable ratio:  0.3639%
2026-04-18 14:24:23,424 [l2lora.py] => Task 8, Epoch 20/20 => Loss 0.103, Train_accy 96.76
2026-04-18 14:24:23,425 [trainer.py] => Training time: 0h 10m 57s
2026-04-18 14:24:47,008 [trainer.py] => Evaluation time: 0h 0m 23s
2026-04-18 14:24:47,010 [trainer.py] => Accuracy: {'total': 89.17, '00-09': 92.8, '10-19': 89.6, '20-29': 90.5, '30-39': 85.7, '40-49': 91.4, '50-59': 82.5, '60-69': 87.0, '70-79': 89.7, '80-89': 93.3, 'old': 88.65, 'new': 93.3}
2026-04-18 14:24:47,010 [trainer.py] => (curve) top1 Acc: [99.5, 97.0, 95.27, 93.18, 92.32, 90.18, 89.63, 89.21, 89.17]
2026-04-18 14:24:47,010 [trainer.py] => (curve) top1 Acc with task: [99.5, 99.05, 98.53, 98.6, 98.66, 98.5, 98.39, 98.44, 98.46]
2026-04-18 14:24:47,010 [trainer.py] => (curve) top1 Acc task: [100.0, 97.6, 96.1, 93.9, 92.94, 90.72, 90.19, 89.67, 89.62]
2026-04-18 14:24:47,010 [trainer.py] => ================================================================================
2026-04-18 14:24:47,010 [trainer.py] => ================================================================================
2026-04-18 14:24:47,018 [base.py] => Task 9 learning on class 90-100
2026-04-18 14:24:47,022 [toolkit.py] => Total params:     103,410,103
2026-04-18 14:24:47,022 [toolkit.py] => Trainable params: 376,330
2026-04-18 14:24:47,022 [toolkit.py] => Trainable ratio:  0.3639%
2026-04-18 14:35:45,423 [l2lora.py] => Task 9, Epoch 20/20 => Loss 0.098, Train_accy 97.12
2026-04-18 14:35:45,424 [trainer.py] => Training time: 0h 10m 58s
2026-04-18 14:36:11,249 [trainer.py] => Evaluation time: 0h 0m 25s
2026-04-18 14:36:11,251 [trainer.py] => Accuracy: {'total': 88.43, '00-09': 92.4, '10-19': 89.2, '20-29': 90.3, '30-39': 84.0, '40-49': 90.8, '50-59': 82.0, '60-69': 86.1, '70-79': 86.5, '80-89': 91.8, '90-99': 91.2, 'old': 88.12, 'new': 91.2}
2026-04-18 14:36:11,251 [trainer.py] => (curve) top1 Acc: [99.5, 97.0, 95.27, 93.18, 92.32, 90.18, 89.63, 89.21, 89.17, 88.43]
2026-04-18 14:36:11,251 [trainer.py] => (curve) top1 Acc with task: [99.5, 99.05, 98.53, 98.6, 98.66, 98.5, 98.39, 98.44, 98.46, 98.61]
2026-04-18 14:36:11,251 [trainer.py] => (curve) top1 Acc task: [100.0, 97.6, 96.1, 93.9, 92.94, 90.72, 90.19, 89.67, 89.62, 88.85]
2026-04-18 14:36:11,252 [trainer.py] => ================================================================================
