2026-04-19 09:27:54,099 [toolkit.py] => config: configs/actmat-c-l1.0/imagenet-r.json
2026-04-19 09:27:54,099 [toolkit.py] => device: [device(type='cuda', index=0)]
2026-04-19 09:27:54,099 [toolkit.py] => debug: False
2026-04-19 09:27:54,099 [toolkit.py] => save_ckp: False
2026-04-19 09:27:54,099 [toolkit.py] => seed: 0
2026-04-19 09:27:54,099 [toolkit.py] => dataset: imagenet-r
2026-04-19 09:27:54,099 [toolkit.py] => data_path: data/imagenet-r
2026-04-19 09:27:54,100 [toolkit.py] => load: vit_base_patch16_224_in21k
2026-04-19 09:27:54,100 [toolkit.py] => init_cls: 20
2026-04-19 09:27:54,100 [toolkit.py] => increment: 20
2026-04-19 09:27:54,100 [toolkit.py] => sessions: 10
2026-04-19 09:27:54,100 [toolkit.py] => shuffle: False
2026-04-19 09:27:54,100 [toolkit.py] => method: actmat-c
2026-04-19 09:27:54,100 [toolkit.py] => optimizer: adam
2026-04-19 09:27:54,100 [toolkit.py] => scheduler: cosine
2026-04-19 09:27:54,100 [toolkit.py] => epochs: 50
2026-04-19 09:27:54,100 [toolkit.py] => lrate: 0.0005
2026-04-19 09:27:54,101 [toolkit.py] => fc_lrate: 0.0005
2026-04-19 09:27:54,101 [toolkit.py] => weight_decay: 0.005
2026-04-19 09:27:54,101 [toolkit.py] => batch_size: 128
2026-04-19 09:27:54,101 [toolkit.py] => rank: 10
2026-04-19 09:27:54,101 [toolkit.py] => num_workers: 16
2026-04-19 09:27:54,101 [toolkit.py] => lambda: 1.0
2026-04-19 09:27:54,101 [toolkit.py] => gamma: 1.0
2026-04-19 09:27:54,101 [toolkit.py] => logdir: logs/actmat-c-l1.0-g1.0/imagenet-r/t10
2026-04-19 09:27:54,101 [toolkit.py] => logfilename: logs/actmat-c-l1.0-g1.0/imagenet-r/t10/seed0
2026-04-19 09:27:54,817 [data_manager.py] => Class index order: 0, 1, 2, 3, 4, ..., 195, 196, 197, 198, 199
2026-04-19 09:27:58,292 [trainer.py] => ================================================================================
2026-04-19 09:27:58,296 [base.py] => Task 0 learning on class 0-20
2026-04-19 09:27:59,384 [toolkit.py] => Total params:     103,487,003
2026-04-19 09:27:59,385 [toolkit.py] => Trainable params: 384,020
2026-04-19 09:27:59,385 [toolkit.py] => Trainable ratio:  0.3711%
2026-04-19 09:49:50,993 [actmat_c.py] => Task 0, Epoch 50/50 => Loss 0.183, Train_accy 95.01
2026-04-19 09:49:50,994 [trainer.py] => Training time: 0h 21m 52s
2026-04-19 09:49:55,349 [trainer.py] => Evaluation time: 0h 0m 4s
2026-04-19 09:50:06,825 [trainer.py] => Accuracy: {'total': 89.32, '00-19': 89.32, 'old': 0, 'new': 89.32}
2026-04-19 09:50:06,826 [trainer.py] => (curve) top1 Acc: [89.32]
2026-04-19 09:50:06,826 [trainer.py] => (curve) top1 Acc with task: [89.32]
2026-04-19 09:50:06,826 [trainer.py] => (curve) top1 Acc task: [100.0]
2026-04-19 09:50:06,826 [trainer.py] => ================================================================================
2026-04-19 09:50:06,826 [trainer.py] => ================================================================================
2026-04-19 09:50:06,828 [base.py] => Task 1 learning on class 20-40
2026-04-19 09:50:06,832 [toolkit.py] => Total params:     103,487,003
2026-04-19 09:50:06,832 [toolkit.py] => Trainable params: 384,020
2026-04-19 09:50:06,832 [toolkit.py] => Trainable ratio:  0.3711%
