2026-04-19 22:06:00,534 [toolkit.py] => config: configs/actmat-c-l100.0/imagenet-a.json
2026-04-19 22:06:00,535 [toolkit.py] => device: [device(type='cuda', index=0)]
2026-04-19 22:06:00,535 [toolkit.py] => debug: False
2026-04-19 22:06:00,535 [toolkit.py] => save_ckp: False
2026-04-19 22:06:00,535 [toolkit.py] => seed: 0
2026-04-19 22:06:00,535 [toolkit.py] => dataset: imagenet-a
2026-04-19 22:06:00,535 [toolkit.py] => data_path: data/imagenet-a
2026-04-19 22:06:00,535 [toolkit.py] => load: vit_base_patch16_224_in21k
2026-04-19 22:06:00,535 [toolkit.py] => init_cls: 20
2026-04-19 22:06:00,536 [toolkit.py] => increment: 20
2026-04-19 22:06:00,536 [toolkit.py] => sessions: 10
2026-04-19 22:06:00,536 [toolkit.py] => shuffle: False
2026-04-19 22:06:00,536 [toolkit.py] => method: actmat-c
2026-04-19 22:06:00,536 [toolkit.py] => optimizer: adam
2026-04-19 22:06:00,536 [toolkit.py] => scheduler: cosine
2026-04-19 22:06:00,536 [toolkit.py] => epochs: 20
2026-04-19 22:06:00,536 [toolkit.py] => lrate: 0.0005
2026-04-19 22:06:00,536 [toolkit.py] => fc_lrate: 0.005
2026-04-19 22:06:00,537 [toolkit.py] => weight_decay: 0.0
2026-04-19 22:06:00,537 [toolkit.py] => batch_size: 128
2026-04-19 22:06:00,537 [toolkit.py] => rank: 10
2026-04-19 22:06:00,537 [toolkit.py] => num_workers: 16
2026-04-19 22:06:00,537 [toolkit.py] => lambda: 100.0
2026-04-19 22:06:00,537 [toolkit.py] => gamma: 1.0
2026-04-19 22:06:00,537 [toolkit.py] => logdir: logs/actmat-c-l100.0-g1.0/imagenet-a/t10
2026-04-19 22:06:00,537 [toolkit.py] => logfilename: logs/actmat-c-l100.0-g1.0/imagenet-a/t10/seed0
2026-04-19 22:06:01,066 [data_manager.py] => Class index order: 0, 1, 2, 3, 4, ..., 195, 196, 197, 198, 199
2026-04-19 22:06:04,616 [trainer.py] => ================================================================================
2026-04-19 22:06:04,620 [base.py] => Task 0 learning on class 0-20
2026-04-19 22:06:05,787 [toolkit.py] => Total params:     103,487,003
2026-04-19 22:06:05,787 [toolkit.py] => Trainable params: 384,020
2026-04-19 22:06:05,787 [toolkit.py] => Trainable ratio:  0.3711%
2026-04-19 22:10:40,135 [actmat_c.py] => Task 0, Epoch 20/20 => Loss 0.238, Train_accy 93.62
2026-04-19 22:10:40,136 [trainer.py] => Training time: 0h 4m 35s
2026-04-19 22:10:43,939 [trainer.py] => Evaluation time: 0h 0m 3s
2026-04-19 22:10:50,282 [trainer.py] => Accuracy: {'total': 84.98, '00-19': 84.98, 'old': 0, 'new': 84.98}
2026-04-19 22:10:50,282 [trainer.py] => (curve) top1 Acc: [84.98]
2026-04-19 22:10:50,283 [trainer.py] => (curve) top1 Acc with task: [84.98]
2026-04-19 22:10:50,283 [trainer.py] => (curve) top1 Acc task: [100.0]
2026-04-19 22:10:50,283 [trainer.py] => ================================================================================
2026-04-19 22:10:50,283 [trainer.py] => ================================================================================
2026-04-19 22:10:50,284 [base.py] => Task 1 learning on class 20-40
2026-04-19 22:10:50,288 [toolkit.py] => Total params:     103,487,003
2026-04-19 22:10:50,288 [toolkit.py] => Trainable params: 384,020
2026-04-19 22:10:50,288 [toolkit.py] => Trainable ratio:  0.3711%
2026-04-19 22:14:27,419 [actmat_c.py] => Task 1, Epoch 20/20 => Loss 0.139, Train_accy 95.30
2026-04-19 22:14:27,421 [trainer.py] => Training time: 0h 3m 37s
2026-04-19 22:14:32,218 [trainer.py] => Evaluation time: 0h 0m 4s
2026-04-19 22:14:37,564 [trainer.py] => Accuracy: {'total': 77.3, '00-19': 78.27, '20-39': 76.1, 'old': 78.27, 'new': 76.1}
2026-04-19 22:14:37,565 [trainer.py] => (curve) top1 Acc: [84.98, 77.3]
2026-04-19 22:14:37,565 [trainer.py] => (curve) top1 Acc with task: [84.98, 84.93]
2026-04-19 22:14:37,565 [trainer.py] => (curve) top1 Acc task: [100.0, 87.94]
2026-04-19 22:14:37,565 [trainer.py] => ================================================================================
2026-04-19 22:14:37,565 [trainer.py] => ================================================================================
2026-04-19 22:14:37,566 [base.py] => Task 2 learning on class 40-60
2026-04-19 22:14:37,570 [toolkit.py] => Total params:     103,487,003
2026-04-19 22:14:37,570 [toolkit.py] => Trainable params: 384,020
2026-04-19 22:14:37,570 [toolkit.py] => Trainable ratio:  0.3711%
2026-04-19 22:17:49,240 [actmat_c.py] => Task 2, Epoch 20/20 => Loss 0.201, Train_accy 94.10
2026-04-19 22:17:49,242 [trainer.py] => Training time: 0h 3m 11s
2026-04-19 22:18:03,704 [trainer.py] => Evaluation time: 0h 0m 14s
2026-04-19 22:18:09,096 [trainer.py] => Accuracy: {'total': 70.67, '00-19': 75.72, '20-39': 74.9, '40-59': 60.16, 'old': 75.35, 'new': 60.16}
2026-04-19 22:18:09,096 [trainer.py] => (curve) top1 Acc: [84.98, 77.3, 70.67]
2026-04-19 22:18:09,097 [trainer.py] => (curve) top1 Acc with task: [84.98, 84.93, 81.96]
2026-04-19 22:18:09,097 [trainer.py] => (curve) top1 Acc task: [100.0, 87.94, 80.98]
2026-04-19 22:18:09,097 [trainer.py] => ================================================================================
2026-04-19 22:18:09,097 [trainer.py] => ================================================================================
2026-04-19 22:18:09,098 [base.py] => Task 3 learning on class 60-80
2026-04-19 22:18:09,102 [toolkit.py] => Total params:     103,487,003
2026-04-19 22:18:09,102 [toolkit.py] => Trainable params: 384,020
2026-04-19 22:18:09,102 [toolkit.py] => Trainable ratio:  0.3711%
2026-04-19 22:20:18,282 [actmat_c.py] => Task 3, Epoch 20/20 => Loss 0.153, Train_accy 94.43
2026-04-19 22:20:18,284 [trainer.py] => Training time: 0h 2m 9s
2026-04-19 22:20:23,911 [trainer.py] => Evaluation time: 0h 0m 5s
2026-04-19 22:20:27,842 [trainer.py] => Accuracy: {'total': 69.36, '00-19': 73.16, '20-39': 73.71, '40-59': 56.18, '60-79': 76.16, 'old': 68.1, 'new': 76.16}
2026-04-19 22:20:27,842 [trainer.py] => (curve) top1 Acc: [84.98, 77.3, 70.67, 69.36]
2026-04-19 22:20:27,842 [trainer.py] => (curve) top1 Acc with task: [84.98, 84.93, 81.96, 82.51]
2026-04-19 22:20:27,842 [trainer.py] => (curve) top1 Acc task: [100.0, 87.94, 80.98, 77.74]
2026-04-19 22:20:27,843 [trainer.py] => ================================================================================
2026-04-19 22:20:27,843 [trainer.py] => ================================================================================
2026-04-19 22:20:27,844 [base.py] => Task 4 learning on class 80-100
2026-04-19 22:20:27,847 [toolkit.py] => Total params:     103,487,003
2026-04-19 22:20:27,847 [toolkit.py] => Trainable params: 384,020
2026-04-19 22:20:27,847 [toolkit.py] => Trainable ratio:  0.3711%
2026-04-19 22:22:12,283 [actmat_c.py] => Task 4, Epoch 20/20 => Loss 0.085, Train_accy 96.95
2026-04-19 22:22:12,284 [trainer.py] => Training time: 0h 1m 44s
2026-04-19 22:22:18,300 [trainer.py] => Evaluation time: 0h 0m 6s
2026-04-19 22:22:21,655 [trainer.py] => Accuracy: {'total': 66.29, '00-19': 72.52, '20-39': 73.71, '40-59': 56.18, '60-79': 76.16, '80-99': 39.22, 'old': 69.15, 'new': 39.22}
2026-04-19 22:22:21,655 [trainer.py] => (curve) top1 Acc: [84.98, 77.3, 70.67, 69.36, 66.29]
2026-04-19 22:22:21,655 [trainer.py] => (curve) top1 Acc with task: [84.98, 84.93, 81.96, 82.51, 79.68]
2026-04-19 22:22:21,655 [trainer.py] => (curve) top1 Acc task: [100.0, 87.94, 80.98, 77.74, 74.72]
2026-04-19 22:22:21,656 [trainer.py] => ================================================================================
2026-04-19 22:22:21,656 [trainer.py] => ================================================================================
2026-04-19 22:22:21,657 [base.py] => Task 5 learning on class 100-120
2026-04-19 22:22:21,660 [toolkit.py] => Total params:     103,487,003
2026-04-19 22:22:21,660 [toolkit.py] => Trainable params: 384,020
2026-04-19 22:22:21,660 [toolkit.py] => Trainable ratio:  0.3711%
2026-04-19 22:23:45,305 [actmat_c.py] => Task 5, Epoch 20/20 => Loss 0.101, Train_accy 96.58
2026-04-19 22:23:45,306 [trainer.py] => Training time: 0h 1m 23s
2026-04-19 22:23:51,221 [trainer.py] => Evaluation time: 0h 0m 5s
2026-04-19 22:23:54,474 [trainer.py] => Accuracy: {'total': 63.38, '00-19': 71.57, '20-39': 73.71, '40-59': 56.57, '60-79': 75.5, '80-99': 39.22, '100-119': 22.06, 'old': 66.01, 'new': 22.06}
2026-04-19 22:23:54,474 [trainer.py] => (curve) top1 Acc: [84.98, 77.3, 70.67, 69.36, 66.29, 63.38]
2026-04-19 22:23:54,474 [trainer.py] => (curve) top1 Acc with task: [84.98, 84.93, 81.96, 82.51, 79.68, 78.08]
2026-04-19 22:23:54,474 [trainer.py] => (curve) top1 Acc task: [100.0, 87.94, 80.98, 77.74, 74.72, 71.65]
2026-04-19 22:23:54,475 [trainer.py] => ================================================================================
2026-04-19 22:23:54,475 [trainer.py] => ================================================================================
2026-04-19 22:23:54,476 [base.py] => Task 6 learning on class 120-140
2026-04-19 22:23:54,479 [toolkit.py] => Total params:     103,487,003
2026-04-19 22:23:54,479 [toolkit.py] => Trainable params: 384,020
2026-04-19 22:23:54,479 [toolkit.py] => Trainable ratio:  0.3711%
2026-04-19 22:25:31,021 [actmat_c.py] => Task 6, Epoch 20/20 => Loss 0.120, Train_accy 96.58
2026-04-19 22:25:31,022 [trainer.py] => Training time: 0h 1m 36s
2026-04-19 22:25:37,287 [trainer.py] => Evaluation time: 0h 0m 6s
2026-04-19 22:25:40,481 [trainer.py] => Accuracy: {'total': 61.47, '00-19': 70.93, '20-39': 73.71, '40-59': 56.97, '60-79': 74.17, '80-99': 36.27, '100-119': 20.59, '120-139': 44.94, 'old': 62.76, 'new': 44.94}
2026-04-19 22:25:40,482 [trainer.py] => (curve) top1 Acc: [84.98, 77.3, 70.67, 69.36, 66.29, 63.38, 61.47]
2026-04-19 22:25:40,482 [trainer.py] => (curve) top1 Acc with task: [84.98, 84.93, 81.96, 82.51, 79.68, 78.08, 77.14]
2026-04-19 22:25:40,482 [trainer.py] => (curve) top1 Acc task: [100.0, 87.94, 80.98, 77.74, 74.72, 71.65, 69.63]
2026-04-19 22:25:40,482 [trainer.py] => ================================================================================
2026-04-19 22:25:40,482 [trainer.py] => ================================================================================
2026-04-19 22:25:40,483 [base.py] => Task 7 learning on class 140-160
2026-04-19 22:25:40,487 [toolkit.py] => Total params:     103,487,003
2026-04-19 22:25:40,487 [toolkit.py] => Trainable params: 384,020
2026-04-19 22:25:40,487 [toolkit.py] => Trainable ratio:  0.3711%
2026-04-19 22:27:12,350 [actmat_c.py] => Task 7, Epoch 20/20 => Loss 0.075, Train_accy 96.88
2026-04-19 22:27:12,352 [trainer.py] => Training time: 0h 1m 31s
2026-04-19 22:27:18,860 [trainer.py] => Evaluation time: 0h 0m 6s
2026-04-19 22:27:22,093 [trainer.py] => Accuracy: {'total': 59.95, '00-19': 72.84, '20-39': 73.71, '40-59': 56.57, '60-79': 74.17, '80-99': 36.27, '100-119': 20.59, '120-139': 39.33, '140-159': 37.04, 'old': 61.47, 'new': 37.04}
2026-04-19 22:27:22,093 [trainer.py] => (curve) top1 Acc: [84.98, 77.3, 70.67, 69.36, 66.29, 63.38, 61.47, 59.95]
2026-04-19 22:27:22,093 [trainer.py] => (curve) top1 Acc with task: [84.98, 84.93, 81.96, 82.51, 79.68, 78.08, 77.14, 76.42]
2026-04-19 22:27:22,093 [trainer.py] => (curve) top1 Acc task: [100.0, 87.94, 80.98, 77.74, 74.72, 71.65, 69.63, 67.61]
2026-04-19 22:27:22,093 [trainer.py] => ================================================================================
2026-04-19 22:27:22,093 [trainer.py] => ================================================================================
2026-04-19 22:27:22,094 [base.py] => Task 8 learning on class 160-180
2026-04-19 22:27:22,098 [toolkit.py] => Total params:     103,487,003
2026-04-19 22:27:22,098 [toolkit.py] => Trainable params: 384,020
2026-04-19 22:27:22,098 [toolkit.py] => Trainable ratio:  0.3711%
2026-04-19 22:29:03,223 [actmat_c.py] => Task 8, Epoch 20/20 => Loss 0.080, Train_accy 98.21
2026-04-19 22:29:03,224 [trainer.py] => Training time: 0h 1m 41s
2026-04-19 22:29:10,489 [trainer.py] => Evaluation time: 0h 0m 7s
2026-04-19 22:29:13,771 [trainer.py] => Accuracy: {'total': 57.16, '00-19': 72.2, '20-39': 73.31, '40-59': 55.38, '60-79': 74.17, '80-99': 34.31, '100-119': 19.12, '120-139': 37.08, '140-159': 35.8, '160-179': 31.96, 'old': 59.04, 'new': 31.96}
2026-04-19 22:29:13,771 [trainer.py] => (curve) top1 Acc: [84.98, 77.3, 70.67, 69.36, 66.29, 63.38, 61.47, 59.95, 57.16]
2026-04-19 22:29:13,771 [trainer.py] => (curve) top1 Acc with task: [84.98, 84.93, 81.96, 82.51, 79.68, 78.08, 77.14, 76.42, 75.12]
2026-04-19 22:29:13,771 [trainer.py] => (curve) top1 Acc task: [100.0, 87.94, 80.98, 77.74, 74.72, 71.65, 69.63, 67.61, 64.36]
2026-04-19 22:29:13,772 [trainer.py] => ================================================================================
2026-04-19 22:29:13,772 [trainer.py] => ================================================================================
2026-04-19 22:29:13,773 [base.py] => Task 9 learning on class 180-200
2026-04-19 22:29:13,776 [toolkit.py] => Total params:     103,487,003
2026-04-19 22:29:13,776 [toolkit.py] => Trainable params: 384,020
2026-04-19 22:29:13,776 [toolkit.py] => Trainable ratio:  0.3711%
2026-04-19 22:30:53,283 [actmat_c.py] => Task 9, Epoch 20/20 => Loss 0.059, Train_accy 97.92
2026-04-19 22:30:53,284 [trainer.py] => Training time: 0h 1m 39s
2026-04-19 22:31:00,672 [trainer.py] => Evaluation time: 0h 0m 7s
2026-04-19 22:31:04,105 [trainer.py] => Accuracy: {'total': 56.33, '00-19': 72.2, '20-39': 71.71, '40-59': 55.38, '60-79': 74.17, '80-99': 34.31, '100-119': 19.12, '120-139': 38.2, '140-159': 35.8, '160-179': 31.96, '180-199': 47.42, 'old': 56.95, 'new': 47.42}
2026-04-19 22:31:04,106 [trainer.py] => (curve) top1 Acc: [84.98, 77.3, 70.67, 69.36, 66.29, 63.38, 61.47, 59.95, 57.16, 56.33]
2026-04-19 22:31:04,106 [trainer.py] => (curve) top1 Acc with task: [84.98, 84.93, 81.96, 82.51, 79.68, 78.08, 77.14, 76.42, 75.12, 74.67]
2026-04-19 22:31:04,106 [trainer.py] => (curve) top1 Acc task: [100.0, 87.94, 80.98, 77.74, 74.72, 71.65, 69.63, 67.61, 64.36, 63.0]
2026-04-19 22:31:04,106 [trainer.py] => ================================================================================
