2026-04-20 09:17:09,734 [toolkit.py] => config: configs/actmat-c-l1000.0/imagenet-r.json
2026-04-20 09:17:09,735 [toolkit.py] => device: [device(type='cuda', index=0)]
2026-04-20 09:17:09,735 [toolkit.py] => debug: False
2026-04-20 09:17:09,735 [toolkit.py] => save_ckp: False
2026-04-20 09:17:09,735 [toolkit.py] => seed: 0
2026-04-20 09:17:09,735 [toolkit.py] => dataset: imagenet-r
2026-04-20 09:17:09,736 [toolkit.py] => data_path: data/imagenet-r
2026-04-20 09:17:09,736 [toolkit.py] => load: vit_base_patch16_224_in21k
2026-04-20 09:17:09,736 [toolkit.py] => init_cls: 20
2026-04-20 09:17:09,736 [toolkit.py] => increment: 20
2026-04-20 09:17:09,736 [toolkit.py] => sessions: 10
2026-04-20 09:17:09,736 [toolkit.py] => shuffle: False
2026-04-20 09:17:09,737 [toolkit.py] => method: actmat-c
2026-04-20 09:17:09,737 [toolkit.py] => optimizer: adam
2026-04-20 09:17:09,737 [toolkit.py] => scheduler: cosine
2026-04-20 09:17:09,737 [toolkit.py] => epochs: 50
2026-04-20 09:17:09,737 [toolkit.py] => lrate: 0.0005
2026-04-20 09:17:09,737 [toolkit.py] => fc_lrate: 0.0005
2026-04-20 09:17:09,737 [toolkit.py] => weight_decay: 0.005
2026-04-20 09:17:09,737 [toolkit.py] => batch_size: 128
2026-04-20 09:17:09,738 [toolkit.py] => rank: 10
2026-04-20 09:17:09,738 [toolkit.py] => num_workers: 16
2026-04-20 09:17:09,738 [toolkit.py] => lambda: 1000.0
2026-04-20 09:17:09,738 [toolkit.py] => gamma: 0.0
2026-04-20 09:17:09,738 [toolkit.py] => logdir: logs/actmat-c-l1000.0-g0.0/imagenet-r/t10
2026-04-20 09:17:09,738 [toolkit.py] => logfilename: logs/actmat-c-l1000.0-g0.0/imagenet-r/t10/seed0
2026-04-20 09:17:10,427 [data_manager.py] => Class index order: 0, 1, 2, 3, 4, ..., 195, 196, 197, 198, 199
2026-04-20 09:17:14,107 [trainer.py] => ================================================================================
2026-04-20 09:17:14,111 [base.py] => Task 0 learning on class 0-20
2026-04-20 09:17:15,445 [toolkit.py] => Total params:     103,487,003
2026-04-20 09:17:15,446 [toolkit.py] => Trainable params: 384,020
2026-04-20 09:17:15,446 [toolkit.py] => Trainable ratio:  0.3711%
2026-04-20 09:39:19,294 [actmat_c.py] => Task 0, Epoch 50/50 => Loss 0.183, Train_accy 95.01
2026-04-20 09:39:19,295 [trainer.py] => Training time: 0h 22m 5s
2026-04-20 09:39:23,867 [trainer.py] => Evaluation time: 0h 0m 4s
2026-04-20 09:39:34,146 [trainer.py] => Accuracy: {'total': 89.32, '00-19': 89.32, 'old': 0, 'new': 89.32}
2026-04-20 09:39:34,147 [trainer.py] => (curve) top1 Acc: [89.32]
2026-04-20 09:39:34,147 [trainer.py] => (curve) top1 Acc with task: [89.32]
2026-04-20 09:39:34,147 [trainer.py] => (curve) top1 Acc task: [100.0]
2026-04-20 09:39:34,147 [trainer.py] => ================================================================================
2026-04-20 09:39:34,147 [trainer.py] => ================================================================================
2026-04-20 09:39:34,149 [base.py] => Task 1 learning on class 20-40
2026-04-20 09:39:34,152 [toolkit.py] => Total params:     103,487,003
2026-04-20 09:39:34,153 [toolkit.py] => Trainable params: 384,020
2026-04-20 09:39:34,153 [toolkit.py] => Trainable ratio:  0.3711%
2026-04-20 10:00:28,199 [actmat_c.py] => Task 1, Epoch 50/50 => Loss 0.243, Train_accy 92.93
2026-04-20 10:00:28,201 [trainer.py] => Training time: 0h 20m 54s
2026-04-20 10:00:34,938 [trainer.py] => Evaluation time: 0h 0m 6s
2026-04-20 10:00:55,510 [trainer.py] => Accuracy: {'total': 84.55, '00-19': 87.77, '20-39': 81.67, 'old': 87.77, 'new': 81.67}
2026-04-20 10:00:55,511 [trainer.py] => (curve) top1 Acc: [89.32, 84.55]
2026-04-20 10:00:55,511 [trainer.py] => (curve) top1 Acc with task: [89.32, 89.75]
2026-04-20 10:00:55,511 [trainer.py] => (curve) top1 Acc task: [100.0, 90.41]
2026-04-20 10:00:55,511 [trainer.py] => ================================================================================
2026-04-20 10:00:55,512 [trainer.py] => ================================================================================
2026-04-20 10:00:55,513 [base.py] => Task 2 learning on class 40-60
2026-04-20 10:00:55,517 [toolkit.py] => Total params:     103,487,003
2026-04-20 10:00:55,517 [toolkit.py] => Trainable params: 384,020
2026-04-20 10:00:55,517 [toolkit.py] => Trainable ratio:  0.3711%
2026-04-20 10:17:03,771 [actmat_c.py] => Task 2, Epoch 50/50 => Loss 0.325, Train_accy 90.63
2026-04-20 10:17:03,772 [trainer.py] => Training time: 0h 16m 8s
2026-04-20 10:17:11,789 [trainer.py] => Evaluation time: 0h 0m 8s
2026-04-20 10:17:24,273 [trainer.py] => Accuracy: {'total': 81.08, '00-19': 87.0, '20-39': 80.69, '40-59': 72.94, 'old': 83.67, 'new': 72.94}
2026-04-20 10:17:24,274 [trainer.py] => (curve) top1 Acc: [89.32, 84.55, 81.08]
2026-04-20 10:17:24,274 [trainer.py] => (curve) top1 Acc with task: [89.32, 89.75, 87.9]
2026-04-20 10:17:24,274 [trainer.py] => (curve) top1 Acc task: [100.0, 90.41, 87.62]
2026-04-20 10:17:24,274 [trainer.py] => ================================================================================
2026-04-20 10:17:24,275 [trainer.py] => ================================================================================
2026-04-20 10:17:24,276 [base.py] => Task 3 learning on class 60-80
2026-04-20 10:17:24,280 [toolkit.py] => Total params:     103,487,003
2026-04-20 10:17:24,281 [toolkit.py] => Trainable params: 384,020
2026-04-20 10:17:24,281 [toolkit.py] => Trainable ratio:  0.3711%
2026-04-20 10:39:17,500 [actmat_c.py] => Task 3, Epoch 50/50 => Loss 0.263, Train_accy 92.36
2026-04-20 10:39:17,501 [trainer.py] => Training time: 0h 21m 53s
2026-04-20 10:39:33,408 [trainer.py] => Evaluation time: 0h 0m 15s
2026-04-20 10:39:42,743 [trainer.py] => Accuracy: {'total': 77.88, '00-19': 86.07, '20-39': 78.89, '40-59': 69.04, '60-79': 74.19, 'old': 79.08, 'new': 74.19}
2026-04-20 10:39:42,744 [trainer.py] => (curve) top1 Acc: [89.32, 84.55, 81.08, 77.88]
2026-04-20 10:39:42,744 [trainer.py] => (curve) top1 Acc with task: [89.32, 89.75, 87.9, 87.08]
2026-04-20 10:39:42,745 [trainer.py] => (curve) top1 Acc task: [100.0, 90.41, 87.62, 83.48]
2026-04-20 10:39:42,745 [trainer.py] => ================================================================================
2026-04-20 10:39:42,745 [trainer.py] => ================================================================================
2026-04-20 10:39:42,747 [base.py] => Task 4 learning on class 80-100
2026-04-20 10:39:42,752 [toolkit.py] => Total params:     103,487,003
2026-04-20 10:39:42,752 [toolkit.py] => Trainable params: 384,020
2026-04-20 10:39:42,752 [toolkit.py] => Trainable ratio:  0.3711%
2026-04-20 11:03:20,572 [actmat_c.py] => Task 4, Epoch 50/50 => Loss 0.250, Train_accy 92.58
2026-04-20 11:03:20,574 [trainer.py] => Training time: 0h 23m 37s
2026-04-20 11:03:32,723 [trainer.py] => Evaluation time: 0h 0m 12s
2026-04-20 11:03:43,814 [trainer.py] => Accuracy: {'total': 76.44, '00-19': 85.14, '20-39': 77.92, '40-59': 66.97, '60-79': 73.17, '80-99': 75.53, 'old': 76.7, 'new': 75.53}
2026-04-20 11:03:43,814 [trainer.py] => (curve) top1 Acc: [89.32, 84.55, 81.08, 77.88, 76.44]
2026-04-20 11:03:43,815 [trainer.py] => (curve) top1 Acc with task: [89.32, 89.75, 87.9, 87.08, 86.97]
2026-04-20 11:03:43,815 [trainer.py] => (curve) top1 Acc task: [100.0, 90.41, 87.62, 83.48, 81.51]
2026-04-20 11:03:43,815 [trainer.py] => ================================================================================
2026-04-20 11:03:43,815 [trainer.py] => ================================================================================
2026-04-20 11:03:43,817 [base.py] => Task 5 learning on class 100-120
2026-04-20 11:03:43,820 [toolkit.py] => Total params:     103,487,003
2026-04-20 11:03:43,821 [toolkit.py] => Trainable params: 384,020
2026-04-20 11:03:43,821 [toolkit.py] => Trainable ratio:  0.3711%
2026-04-20 11:23:19,667 [actmat_c.py] => Task 5, Epoch 50/50 => Loss 0.263, Train_accy 93.18
2026-04-20 11:23:19,669 [trainer.py] => Training time: 0h 19m 35s
2026-04-20 11:23:47,038 [trainer.py] => Evaluation time: 0h 0m 27s
2026-04-20 11:24:05,325 [trainer.py] => Accuracy: {'total': 74.76, '00-19': 84.52, '20-39': 76.67, '40-59': 66.74, '60-79': 72.5, '80-99': 74.25, '100-119': 70.27, 'old': 75.57, 'new': 70.27}
2026-04-20 11:24:05,325 [trainer.py] => (curve) top1 Acc: [89.32, 84.55, 81.08, 77.88, 76.44, 74.76]
2026-04-20 11:24:05,326 [trainer.py] => (curve) top1 Acc with task: [89.32, 89.75, 87.9, 87.08, 86.97, 86.52]
2026-04-20 11:24:05,326 [trainer.py] => (curve) top1 Acc task: [100.0, 90.41, 87.62, 83.48, 81.51, 79.42]
2026-04-20 11:24:05,326 [trainer.py] => ================================================================================
2026-04-20 11:24:05,326 [trainer.py] => ================================================================================
2026-04-20 11:24:05,328 [base.py] => Task 6 learning on class 120-140
2026-04-20 11:24:05,332 [toolkit.py] => Total params:     103,487,003
2026-04-20 11:24:05,332 [toolkit.py] => Trainable params: 384,020
2026-04-20 11:24:05,333 [toolkit.py] => Trainable ratio:  0.3711%
2026-04-20 11:45:14,702 [actmat_c.py] => Task 6, Epoch 50/50 => Loss 0.345, Train_accy 90.72
2026-04-20 11:45:14,704 [trainer.py] => Training time: 0h 21m 9s
2026-04-20 11:45:29,171 [trainer.py] => Evaluation time: 0h 0m 14s
2026-04-20 11:45:38,709 [trainer.py] => Accuracy: {'total': 73.13, '00-19': 83.44, '20-39': 75.42, '40-59': 66.74, '60-79': 71.82, '80-99': 73.97, '100-119': 69.19, '120-139': 67.61, 'old': 73.99, 'new': 67.61}
2026-04-20 11:45:38,710 [trainer.py] => (curve) top1 Acc: [89.32, 84.55, 81.08, 77.88, 76.44, 74.76, 73.13]
2026-04-20 11:45:38,710 [trainer.py] => (curve) top1 Acc with task: [89.32, 89.75, 87.9, 87.08, 86.97, 86.52, 85.77]
2026-04-20 11:45:38,710 [trainer.py] => (curve) top1 Acc task: [100.0, 90.41, 87.62, 83.48, 81.51, 79.42, 77.61]
2026-04-20 11:45:38,710 [trainer.py] => ================================================================================
2026-04-20 11:45:38,710 [trainer.py] => ================================================================================
2026-04-20 11:45:38,712 [base.py] => Task 7 learning on class 140-160
2026-04-20 11:45:38,715 [toolkit.py] => Total params:     103,487,003
2026-04-20 11:45:38,715 [toolkit.py] => Trainable params: 384,020
2026-04-20 11:45:38,715 [toolkit.py] => Trainable ratio:  0.3711%
2026-04-20 12:02:33,395 [actmat_c.py] => Task 7, Epoch 50/50 => Loss 0.292, Train_accy 91.93
2026-04-20 12:02:33,396 [trainer.py] => Training time: 0h 16m 54s
2026-04-20 12:02:57,651 [trainer.py] => Evaluation time: 0h 0m 24s
2026-04-20 12:03:05,668 [trainer.py] => Accuracy: {'total': 72.01, '00-19': 82.51, '20-39': 75.0, '40-59': 66.97, '60-79': 70.63, '80-99': 73.4, '100-119': 69.19, '120-139': 66.55, '140-159': 67.11, 'old': 72.54, 'new': 67.11}
2026-04-20 12:03:05,668 [trainer.py] => (curve) top1 Acc: [89.32, 84.55, 81.08, 77.88, 76.44, 74.76, 73.13, 72.01]
2026-04-20 12:03:05,668 [trainer.py] => (curve) top1 Acc with task: [89.32, 89.75, 87.9, 87.08, 86.97, 86.52, 85.77, 85.23]
2026-04-20 12:03:05,668 [trainer.py] => (curve) top1 Acc task: [100.0, 90.41, 87.62, 83.48, 81.51, 79.42, 77.61, 76.42]
2026-04-20 12:03:05,669 [trainer.py] => ================================================================================
2026-04-20 12:03:05,669 [trainer.py] => ================================================================================
2026-04-20 12:03:05,670 [base.py] => Task 8 learning on class 160-180
2026-04-20 12:03:05,674 [toolkit.py] => Total params:     103,487,003
2026-04-20 12:03:05,674 [toolkit.py] => Trainable params: 384,020
2026-04-20 12:03:05,674 [toolkit.py] => Trainable ratio:  0.3711%
2026-04-20 12:26:17,761 [actmat_c.py] => Task 8, Epoch 50/50 => Loss 0.173, Train_accy 95.22
2026-04-20 12:26:17,764 [trainer.py] => Training time: 0h 23m 12s
2026-04-20 12:26:34,399 [trainer.py] => Evaluation time: 0h 0m 16s
2026-04-20 12:26:53,408 [trainer.py] => Accuracy: {'total': 72.65, '00-19': 82.66, '20-39': 75.28, '40-59': 66.06, '60-79': 70.46, '80-99': 72.83, '100-119': 68.11, '120-139': 65.49, '140-159': 65.13, '160-179': 81.8, 'old': 71.43, 'new': 81.8}
2026-04-20 12:26:53,408 [trainer.py] => (curve) top1 Acc: [89.32, 84.55, 81.08, 77.88, 76.44, 74.76, 73.13, 72.01, 72.65]
2026-04-20 12:26:53,409 [trainer.py] => (curve) top1 Acc with task: [89.32, 89.75, 87.9, 87.08, 86.97, 86.52, 85.77, 85.23, 86.04]
2026-04-20 12:26:53,409 [trainer.py] => (curve) top1 Acc task: [100.0, 90.41, 87.62, 83.48, 81.51, 79.42, 77.61, 76.42, 76.63]
2026-04-20 12:26:53,409 [trainer.py] => ================================================================================
2026-04-20 12:26:53,409 [trainer.py] => ================================================================================
2026-04-20 12:26:53,411 [base.py] => Task 9 learning on class 180-200
2026-04-20 12:26:53,415 [toolkit.py] => Total params:     103,487,003
2026-04-20 12:26:53,415 [toolkit.py] => Trainable params: 384,020
2026-04-20 12:26:53,415 [toolkit.py] => Trainable ratio:  0.3711%
2026-04-20 12:49:18,598 [actmat_c.py] => Task 9, Epoch 50/50 => Loss 0.254, Train_accy 93.39
2026-04-20 12:49:18,599 [trainer.py] => Training time: 0h 22m 25s
2026-04-20 12:49:46,045 [trainer.py] => Evaluation time: 0h 0m 27s
2026-04-20 12:50:05,438 [trainer.py] => Accuracy: {'total': 72.43, '00-19': 82.51, '20-39': 74.86, '40-59': 66.06, '60-79': 70.8, '80-99': 72.83, '100-119': 67.93, '120-139': 63.56, '140-159': 64.47, '160-179': 81.32, '180-199': 73.65, 'old': 72.27, 'new': 73.65}
2026-04-20 12:50:05,439 [trainer.py] => (curve) top1 Acc: [89.32, 84.55, 81.08, 77.88, 76.44, 74.76, 73.13, 72.01, 72.65, 72.43]
2026-04-20 12:50:05,439 [trainer.py] => (curve) top1 Acc with task: [89.32, 89.75, 87.9, 87.08, 86.97, 86.52, 85.77, 85.23, 86.04, 86.35]
2026-04-20 12:50:05,439 [trainer.py] => (curve) top1 Acc task: [100.0, 90.41, 87.62, 83.48, 81.51, 79.42, 77.61, 76.42, 76.63, 76.05]
2026-04-20 12:50:05,439 [trainer.py] => ================================================================================
