2026-04-18 16:27:31,745 [toolkit.py] => config: configs/l2lora-l10.0/imagenet-r.json
2026-04-18 16:27:31,745 [toolkit.py] => device: [device(type='cuda', index=0)]
2026-04-18 16:27:31,745 [toolkit.py] => debug: False
2026-04-18 16:27:31,745 [toolkit.py] => save_ckp: False
2026-04-18 16:27:31,745 [toolkit.py] => seed: 0
2026-04-18 16:27:31,746 [toolkit.py] => dataset: imagenet-r
2026-04-18 16:27:31,746 [toolkit.py] => data_path: data/imagenet-r
2026-04-18 16:27:31,746 [toolkit.py] => load: vit_base_patch16_224_in21k
2026-04-18 16:27:31,746 [toolkit.py] => init_cls: 20
2026-04-18 16:27:31,746 [toolkit.py] => increment: 20
2026-04-18 16:27:31,746 [toolkit.py] => sessions: 10
2026-04-18 16:27:31,746 [toolkit.py] => shuffle: False
2026-04-18 16:27:31,746 [toolkit.py] => method: l2lora
2026-04-18 16:27:31,746 [toolkit.py] => optimizer: adam
2026-04-18 16:27:31,747 [toolkit.py] => scheduler: cosine
2026-04-18 16:27:31,747 [toolkit.py] => epochs: 50
2026-04-18 16:27:31,747 [toolkit.py] => lrate: 0.0005
2026-04-18 16:27:31,747 [toolkit.py] => fc_lrate: 0.0005
2026-04-18 16:27:31,747 [toolkit.py] => weight_decay: 0.005
2026-04-18 16:27:31,747 [toolkit.py] => batch_size: 128
2026-04-18 16:27:31,747 [toolkit.py] => rank: 10
2026-04-18 16:27:31,747 [toolkit.py] => num_workers: 16
2026-04-18 16:27:31,747 [toolkit.py] => lambda: 10.0
2026-04-18 16:27:31,748 [toolkit.py] => logdir: logs/l2lora-l10.0/imagenet-r/t10
2026-04-18 16:27:31,748 [toolkit.py] => logfilename: logs/l2lora-l10.0/imagenet-r/t10/seed0
2026-04-18 16:27:32,182 [data_manager.py] => Class index order: 0, 1, 2, 3, 4, ..., 195, 196, 197, 198, 199
2026-04-18 16:27:35,512 [trainer.py] => ================================================================================
2026-04-18 16:27:35,517 [base.py] => Task 0 learning on class 0-20
2026-04-18 16:27:36,655 [toolkit.py] => Total params:     103,487,003
2026-04-18 16:27:36,656 [toolkit.py] => Trainable params: 384,020
2026-04-18 16:27:36,656 [toolkit.py] => Trainable ratio:  0.3711%
2026-04-18 16:47:33,525 [l2lora.py] => Task 0, Epoch 50/50 => Loss 0.183, Train_accy 95.01
2026-04-18 16:47:33,527 [trainer.py] => Training time: 0h 19m 58s
2026-04-18 16:47:38,221 [trainer.py] => Evaluation time: 0h 0m 4s
2026-04-18 16:47:38,224 [trainer.py] => Accuracy: {'total': 89.32, '00-19': 89.32, 'old': 0, 'new': 89.32}
2026-04-18 16:47:38,224 [trainer.py] => (curve) top1 Acc: [89.32]
2026-04-18 16:47:38,224 [trainer.py] => (curve) top1 Acc with task: [89.32]
2026-04-18 16:47:38,224 [trainer.py] => (curve) top1 Acc task: [100.0]
2026-04-18 16:47:38,224 [trainer.py] => ================================================================================
2026-04-18 16:47:38,224 [trainer.py] => ================================================================================
2026-04-18 16:47:38,226 [base.py] => Task 1 learning on class 20-40
2026-04-18 16:47:38,230 [toolkit.py] => Total params:     103,487,003
2026-04-18 16:47:38,230 [toolkit.py] => Trainable params: 384,020
2026-04-18 16:47:38,230 [toolkit.py] => Trainable ratio:  0.3711%
2026-04-18 17:09:18,689 [l2lora.py] => Task 1, Epoch 50/50 => Loss 0.261, Train_accy 92.52
2026-04-18 17:09:18,690 [trainer.py] => Training time: 0h 21m 40s
2026-04-18 17:09:25,666 [trainer.py] => Evaluation time: 0h 0m 6s
2026-04-18 17:09:25,667 [trainer.py] => Accuracy: {'total': 85.07, '00-19': 87.93, '20-39': 82.5, 'old': 87.93, 'new': 82.5}
2026-04-18 17:09:25,668 [trainer.py] => (curve) top1 Acc: [89.32, 85.07]
2026-04-18 17:09:25,668 [trainer.py] => (curve) top1 Acc with task: [89.32, 89.97]
2026-04-18 17:09:25,668 [trainer.py] => (curve) top1 Acc task: [100.0, 90.63]
2026-04-18 17:09:25,668 [trainer.py] => ================================================================================
2026-04-18 17:09:25,668 [trainer.py] => ================================================================================
2026-04-18 17:09:25,670 [base.py] => Task 2 learning on class 40-60
2026-04-18 17:09:25,673 [toolkit.py] => Total params:     103,487,003
2026-04-18 17:09:25,673 [toolkit.py] => Trainable params: 384,020
2026-04-18 17:09:25,673 [toolkit.py] => Trainable ratio:  0.3711%
2026-04-18 17:24:51,373 [l2lora.py] => Task 2, Epoch 50/50 => Loss 0.278, Train_accy 92.47
2026-04-18 17:24:51,374 [trainer.py] => Training time: 0h 15m 25s
2026-04-18 17:25:35,264 [trainer.py] => Evaluation time: 0h 0m 43s
2026-04-18 17:25:35,266 [trainer.py] => Accuracy: {'total': 81.41, '00-19': 86.84, '20-39': 81.67, '40-59': 72.94, 'old': 84.11, 'new': 72.94}
2026-04-18 17:25:35,266 [trainer.py] => (curve) top1 Acc: [89.32, 85.07, 81.41]
2026-04-18 17:25:35,266 [trainer.py] => (curve) top1 Acc with task: [89.32, 89.97, 88.07]
2026-04-18 17:25:35,267 [trainer.py] => (curve) top1 Acc task: [100.0, 90.63, 87.74]
2026-04-18 17:25:35,267 [trainer.py] => ================================================================================
2026-04-18 17:25:35,267 [trainer.py] => ================================================================================
2026-04-18 17:25:35,268 [base.py] => Task 3 learning on class 60-80
2026-04-18 17:25:35,272 [toolkit.py] => Total params:     103,487,003
2026-04-18 17:25:35,272 [toolkit.py] => Trainable params: 384,020
2026-04-18 17:25:35,272 [toolkit.py] => Trainable ratio:  0.3711%
2026-04-18 17:44:58,081 [l2lora.py] => Task 3, Epoch 50/50 => Loss 0.246, Train_accy 93.30
2026-04-18 17:44:58,083 [trainer.py] => Training time: 0h 19m 22s
2026-04-18 17:45:16,686 [trainer.py] => Evaluation time: 0h 0m 18s
2026-04-18 17:45:16,689 [trainer.py] => Accuracy: {'total': 78.46, '00-19': 85.91, '20-39': 80.42, '40-59': 69.5, '60-79': 74.53, 'old': 79.74, 'new': 74.53}
2026-04-18 17:45:16,689 [trainer.py] => (curve) top1 Acc: [89.32, 85.07, 81.41, 78.46]
2026-04-18 17:45:16,689 [trainer.py] => (curve) top1 Acc with task: [89.32, 89.97, 88.07, 87.87]
2026-04-18 17:45:16,689 [trainer.py] => (curve) top1 Acc task: [100.0, 90.63, 87.74, 83.52]
2026-04-18 17:45:16,689 [trainer.py] => ================================================================================
2026-04-18 17:45:16,689 [trainer.py] => ================================================================================
2026-04-18 17:45:16,691 [base.py] => Task 4 learning on class 80-100
2026-04-18 17:45:16,694 [toolkit.py] => Total params:     103,487,003
2026-04-18 17:45:16,695 [toolkit.py] => Trainable params: 384,020
2026-04-18 17:45:16,695 [toolkit.py] => Trainable ratio:  0.3711%
2026-04-18 18:08:41,760 [l2lora.py] => Task 4, Epoch 50/50 => Loss 0.259, Train_accy 92.79
2026-04-18 18:08:41,761 [trainer.py] => Training time: 0h 23m 25s
2026-04-18 18:08:54,602 [trainer.py] => Evaluation time: 0h 0m 12s
2026-04-18 18:08:54,603 [trainer.py] => Accuracy: {'total': 77.31, '00-19': 85.29, '20-39': 80.0, '40-59': 69.5, '60-79': 73.68, '80-99': 75.11, 'old': 77.96, 'new': 75.11}
2026-04-18 18:08:54,604 [trainer.py] => (curve) top1 Acc: [89.32, 85.07, 81.41, 78.46, 77.31]
2026-04-18 18:08:54,604 [trainer.py] => (curve) top1 Acc with task: [89.32, 89.97, 88.07, 87.87, 87.56]
2026-04-18 18:08:54,604 [trainer.py] => (curve) top1 Acc task: [100.0, 90.63, 87.74, 83.52, 81.97]
2026-04-18 18:08:54,604 [trainer.py] => ================================================================================
2026-04-18 18:08:54,604 [trainer.py] => ================================================================================
2026-04-18 18:08:54,606 [base.py] => Task 5 learning on class 100-120
2026-04-18 18:08:54,609 [toolkit.py] => Total params:     103,487,003
2026-04-18 18:08:54,609 [toolkit.py] => Trainable params: 384,020
2026-04-18 18:08:54,610 [toolkit.py] => Trainable ratio:  0.3711%
2026-04-18 18:28:41,252 [l2lora.py] => Task 5, Epoch 50/50 => Loss 0.240, Train_accy 93.63
2026-04-18 18:28:41,253 [trainer.py] => Training time: 0h 19m 46s
2026-04-18 18:28:53,927 [trainer.py] => Evaluation time: 0h 0m 12s
2026-04-18 18:28:53,929 [trainer.py] => Accuracy: {'total': 75.75, '00-19': 84.83, '20-39': 79.44, '40-59': 69.04, '60-79': 72.67, '80-99': 74.82, '100-119': 70.09, 'old': 76.76, 'new': 70.09}
2026-04-18 18:28:53,929 [trainer.py] => (curve) top1 Acc: [89.32, 85.07, 81.41, 78.46, 77.31, 75.75]
2026-04-18 18:28:53,929 [trainer.py] => (curve) top1 Acc with task: [89.32, 89.97, 88.07, 87.87, 87.56, 87.12]
2026-04-18 18:28:53,929 [trainer.py] => (curve) top1 Acc task: [100.0, 90.63, 87.74, 83.52, 81.97, 80.08]
2026-04-18 18:28:53,929 [trainer.py] => ================================================================================
2026-04-18 18:28:53,930 [trainer.py] => ================================================================================
2026-04-18 18:28:53,931 [base.py] => Task 6 learning on class 120-140
2026-04-18 18:28:53,935 [toolkit.py] => Total params:     103,487,003
2026-04-18 18:28:53,935 [toolkit.py] => Trainable params: 384,020
2026-04-18 18:28:53,935 [toolkit.py] => Trainable ratio:  0.3711%
2026-04-18 18:47:13,187 [l2lora.py] => Task 6, Epoch 50/50 => Loss 0.361, Train_accy 90.33
2026-04-18 18:47:13,188 [trainer.py] => Training time: 0h 18m 19s
2026-04-18 18:47:27,425 [trainer.py] => Evaluation time: 0h 0m 14s
2026-04-18 18:47:27,427 [trainer.py] => Accuracy: {'total': 73.77, '00-19': 83.59, '20-39': 77.64, '40-59': 68.12, '60-79': 71.31, '80-99': 74.82, '100-119': 69.19, '120-139': 67.78, 'old': 74.71, 'new': 67.78}
2026-04-18 18:47:27,428 [trainer.py] => (curve) top1 Acc: [89.32, 85.07, 81.41, 78.46, 77.31, 75.75, 73.77]
2026-04-18 18:47:27,428 [trainer.py] => (curve) top1 Acc with task: [89.32, 89.97, 88.07, 87.87, 87.56, 87.12, 86.51]
2026-04-18 18:47:27,428 [trainer.py] => (curve) top1 Acc task: [100.0, 90.63, 87.74, 83.52, 81.97, 80.08, 78.06]
2026-04-18 18:47:27,428 [trainer.py] => ================================================================================
2026-04-18 18:47:27,428 [trainer.py] => ================================================================================
2026-04-18 18:47:27,430 [base.py] => Task 7 learning on class 140-160
2026-04-18 18:47:27,433 [toolkit.py] => Total params:     103,487,003
2026-04-18 18:47:27,433 [toolkit.py] => Trainable params: 384,020
2026-04-18 18:47:27,433 [toolkit.py] => Trainable ratio:  0.3711%
2026-04-18 19:03:24,624 [l2lora.py] => Task 7, Epoch 50/50 => Loss 0.302, Train_accy 91.27
2026-04-18 19:03:24,625 [trainer.py] => Training time: 0h 15m 57s
2026-04-18 19:03:39,553 [trainer.py] => Evaluation time: 0h 0m 14s
2026-04-18 19:03:39,554 [trainer.py] => Accuracy: {'total': 72.78, '00-19': 83.28, '20-39': 77.22, '40-59': 67.2, '60-79': 69.95, '80-99': 74.68, '100-119': 69.01, '120-139': 67.08, '140-159': 68.64, 'old': 73.23, 'new': 68.64}
2026-04-18 19:03:39,555 [trainer.py] => (curve) top1 Acc: [89.32, 85.07, 81.41, 78.46, 77.31, 75.75, 73.77, 72.78]
2026-04-18 19:03:39,555 [trainer.py] => (curve) top1 Acc with task: [89.32, 89.97, 88.07, 87.87, 87.56, 87.12, 86.51, 86.09]
2026-04-18 19:03:39,555 [trainer.py] => (curve) top1 Acc task: [100.0, 90.63, 87.74, 83.52, 81.97, 80.08, 78.06, 76.93]
2026-04-18 19:03:39,555 [trainer.py] => ================================================================================
2026-04-18 19:03:39,555 [trainer.py] => ================================================================================
2026-04-18 19:03:39,557 [base.py] => Task 8 learning on class 160-180
2026-04-18 19:03:39,560 [toolkit.py] => Total params:     103,487,003
2026-04-18 19:03:39,560 [toolkit.py] => Trainable params: 384,020
2026-04-18 19:03:39,561 [toolkit.py] => Trainable ratio:  0.3711%
2026-04-18 19:23:21,328 [l2lora.py] => Task 8, Epoch 50/50 => Loss 0.172, Train_accy 95.50
2026-04-18 19:23:21,329 [trainer.py] => Training time: 0h 19m 41s
2026-04-18 19:23:58,606 [trainer.py] => Evaluation time: 0h 0m 37s
2026-04-18 19:23:58,608 [trainer.py] => Accuracy: {'total': 73.52, '00-19': 82.82, '20-39': 77.22, '40-59': 66.97, '60-79': 69.61, '80-99': 74.82, '100-119': 68.47, '120-139': 66.73, '140-159': 67.11, '160-179': 81.8, 'old': 72.42, 'new': 81.8}
2026-04-18 19:23:58,608 [trainer.py] => (curve) top1 Acc: [89.32, 85.07, 81.41, 78.46, 77.31, 75.75, 73.77, 72.78, 73.52]
2026-04-18 19:23:58,609 [trainer.py] => (curve) top1 Acc with task: [89.32, 89.97, 88.07, 87.87, 87.56, 87.12, 86.51, 86.09, 86.87]
2026-04-18 19:23:58,609 [trainer.py] => (curve) top1 Acc task: [100.0, 90.63, 87.74, 83.52, 81.97, 80.08, 78.06, 76.93, 77.37]
2026-04-18 19:23:58,609 [trainer.py] => ================================================================================
2026-04-18 19:23:58,609 [trainer.py] => ================================================================================
2026-04-18 19:23:58,611 [base.py] => Task 9 learning on class 180-200
2026-04-18 19:23:58,614 [toolkit.py] => Total params:     103,487,003
2026-04-18 19:23:58,614 [toolkit.py] => Trainable params: 384,020
2026-04-18 19:23:58,614 [toolkit.py] => Trainable ratio:  0.3711%
2026-04-18 19:46:58,970 [l2lora.py] => Task 9, Epoch 50/50 => Loss 0.237, Train_accy 93.61
2026-04-18 19:46:58,971 [trainer.py] => Training time: 0h 23m 0s
2026-04-18 19:47:31,312 [trainer.py] => Evaluation time: 0h 0m 32s
2026-04-18 19:47:31,314 [trainer.py] => Accuracy: {'total': 73.18, '00-19': 82.82, '20-39': 77.78, '40-59': 66.74, '60-79': 69.44, '80-99': 73.97, '100-119': 67.75, '120-139': 65.14, '140-159': 65.79, '160-179': 81.48, '180-199': 74.22, 'old': 73.04, 'new': 74.22}
2026-04-18 19:47:31,314 [trainer.py] => (curve) top1 Acc: [89.32, 85.07, 81.41, 78.46, 77.31, 75.75, 73.77, 72.78, 73.52, 73.18]
2026-04-18 19:47:31,314 [trainer.py] => (curve) top1 Acc with task: [89.32, 89.97, 88.07, 87.87, 87.56, 87.12, 86.51, 86.09, 86.87, 87.03]
2026-04-18 19:47:31,314 [trainer.py] => (curve) top1 Acc task: [100.0, 90.63, 87.74, 83.52, 81.97, 80.08, 78.06, 76.93, 77.37, 76.73]
2026-04-18 19:47:31,315 [trainer.py] => ================================================================================
