2026-04-19 16:39:47,560 [toolkit.py] => config: configs/actmat-c-l100.0/cifar100.json
2026-04-19 16:39:47,561 [toolkit.py] => device: [device(type='cuda', index=0)]
2026-04-19 16:39:47,561 [toolkit.py] => debug: False
2026-04-19 16:39:47,561 [toolkit.py] => save_ckp: False
2026-04-19 16:39:47,561 [toolkit.py] => seed: 0
2026-04-19 16:39:47,561 [toolkit.py] => dataset: cifar100
2026-04-19 16:39:47,561 [toolkit.py] => data_path: data/cifar100
2026-04-19 16:39:47,561 [toolkit.py] => load: vit_base_patch16_224_in21k
2026-04-19 16:39:47,561 [toolkit.py] => init_cls: 10
2026-04-19 16:39:47,562 [toolkit.py] => increment: 10
2026-04-19 16:39:47,562 [toolkit.py] => sessions: 10
2026-04-19 16:39:47,562 [toolkit.py] => shuffle: False
2026-04-19 16:39:47,562 [toolkit.py] => method: actmat-c
2026-04-19 16:39:47,562 [toolkit.py] => optimizer: adam
2026-04-19 16:39:47,562 [toolkit.py] => scheduler: cosine
2026-04-19 16:39:47,562 [toolkit.py] => epochs: 20
2026-04-19 16:39:47,562 [toolkit.py] => lrate: 0.0005
2026-04-19 16:39:47,562 [toolkit.py] => fc_lrate: 0.005
2026-04-19 16:39:47,563 [toolkit.py] => weight_decay: 0.0
2026-04-19 16:39:47,563 [toolkit.py] => batch_size: 128
2026-04-19 16:39:47,563 [toolkit.py] => rank: 10
2026-04-19 16:39:47,563 [toolkit.py] => num_workers: 16
2026-04-19 16:39:47,563 [toolkit.py] => lambda: 100.0
2026-04-19 16:39:47,563 [toolkit.py] => gamma: 1.0
2026-04-19 16:39:47,563 [toolkit.py] => logdir: logs/actmat-c-l100.0-g1.0/cifar100/t10
2026-04-19 16:39:47,563 [toolkit.py] => logfilename: logs/actmat-c-l100.0-g1.0/cifar100/t10/seed0
2026-04-19 16:39:49,859 [data_manager.py] => Class index order: 0, 1, 2, 3, 4, ..., 95, 96, 97, 98, 99
2026-04-19 16:39:53,455 [trainer.py] => ================================================================================
2026-04-19 16:39:53,466 [base.py] => Task 0 learning on class 0-10
2026-04-19 16:39:54,682 [toolkit.py] => Total params:     103,410,103
2026-04-19 16:39:54,682 [toolkit.py] => Trainable params: 376,330
2026-04-19 16:39:54,682 [toolkit.py] => Trainable ratio:  0.3639%
2026-04-19 16:50:50,030 [actmat_c.py] => Task 0, Epoch 20/20 => Loss 0.094, Train_accy 96.82
2026-04-19 16:50:50,031 [trainer.py] => Training time: 0h 10m 56s
2026-04-19 16:50:54,532 [trainer.py] => Evaluation time: 0h 0m 4s
2026-04-19 16:51:08,715 [trainer.py] => Accuracy: {'total': 99.5, '00-09': 99.5, 'old': 0, 'new': 99.5}
2026-04-19 16:51:08,716 [trainer.py] => (curve) top1 Acc: [99.5]
2026-04-19 16:51:08,716 [trainer.py] => (curve) top1 Acc with task: [99.5]
2026-04-19 16:51:08,716 [trainer.py] => (curve) top1 Acc task: [100.0]
2026-04-19 16:51:08,716 [trainer.py] => ================================================================================
2026-04-19 16:51:08,716 [trainer.py] => ================================================================================
2026-04-19 16:51:08,730 [base.py] => Task 1 learning on class 10-20
2026-04-19 16:51:08,734 [toolkit.py] => Total params:     103,410,103
2026-04-19 16:51:08,734 [toolkit.py] => Trainable params: 376,330
2026-04-19 16:51:08,734 [toolkit.py] => Trainable ratio:  0.3639%
2026-04-19 17:02:08,144 [actmat_c.py] => Task 1, Epoch 20/20 => Loss 0.142, Train_accy 95.58
2026-04-19 17:02:08,145 [trainer.py] => Training time: 0h 10m 59s
2026-04-19 17:02:15,105 [trainer.py] => Evaluation time: 0h 0m 6s
2026-04-19 17:02:29,174 [trainer.py] => Accuracy: {'total': 96.75, '00-09': 96.9, '10-19': 96.6, 'old': 96.9, 'new': 96.6}
2026-04-19 17:02:29,174 [trainer.py] => (curve) top1 Acc: [99.5, 96.75]
2026-04-19 17:02:29,174 [trainer.py] => (curve) top1 Acc with task: [99.5, 99.05]
2026-04-19 17:02:29,175 [trainer.py] => (curve) top1 Acc task: [100.0, 97.35]
2026-04-19 17:02:29,175 [trainer.py] => ================================================================================
2026-04-19 17:02:29,175 [trainer.py] => ================================================================================
2026-04-19 17:02:29,189 [base.py] => Task 2 learning on class 20-30
2026-04-19 17:02:29,192 [toolkit.py] => Total params:     103,410,103
2026-04-19 17:02:29,192 [toolkit.py] => Trainable params: 376,330
2026-04-19 17:02:29,193 [toolkit.py] => Trainable ratio:  0.3639%
2026-04-19 17:13:28,588 [actmat_c.py] => Task 2, Epoch 20/20 => Loss 0.128, Train_accy 96.00
2026-04-19 17:13:28,590 [trainer.py] => Training time: 0h 10m 59s
2026-04-19 17:13:37,913 [trainer.py] => Evaluation time: 0h 0m 9s
2026-04-19 17:13:51,857 [trainer.py] => Accuracy: {'total': 95.4, '00-09': 95.3, '10-19': 95.8, '20-29': 95.1, 'old': 95.55, 'new': 95.1}
2026-04-19 17:13:51,857 [trainer.py] => (curve) top1 Acc: [99.5, 96.75, 95.4]
2026-04-19 17:13:51,857 [trainer.py] => (curve) top1 Acc with task: [99.5, 99.05, 98.6]
2026-04-19 17:13:51,858 [trainer.py] => (curve) top1 Acc task: [100.0, 97.35, 96.27]
2026-04-19 17:13:51,858 [trainer.py] => ================================================================================
2026-04-19 17:13:51,858 [trainer.py] => ================================================================================
2026-04-19 17:13:51,870 [base.py] => Task 3 learning on class 30-40
2026-04-19 17:13:51,873 [toolkit.py] => Total params:     103,410,103
2026-04-19 17:13:51,874 [toolkit.py] => Trainable params: 376,330
2026-04-19 17:13:51,874 [toolkit.py] => Trainable ratio:  0.3639%
2026-04-19 17:24:50,850 [actmat_c.py] => Task 3, Epoch 20/20 => Loss 0.117, Train_accy 96.02
2026-04-19 17:24:50,852 [trainer.py] => Training time: 0h 10m 58s
2026-04-19 17:25:02,951 [trainer.py] => Evaluation time: 0h 0m 12s
2026-04-19 17:25:16,914 [trainer.py] => Accuracy: {'total': 93.4, '00-09': 95.1, '10-19': 93.7, '20-29': 94.8, '30-39': 90.0, 'old': 94.53, 'new': 90.0}
2026-04-19 17:25:16,915 [trainer.py] => (curve) top1 Acc: [99.5, 96.75, 95.4, 93.4]
2026-04-19 17:25:16,915 [trainer.py] => (curve) top1 Acc with task: [99.5, 99.05, 98.6, 98.62]
2026-04-19 17:25:16,915 [trainer.py] => (curve) top1 Acc task: [100.0, 97.35, 96.27, 94.1]
2026-04-19 17:25:16,915 [trainer.py] => ================================================================================
2026-04-19 17:25:16,915 [trainer.py] => ================================================================================
2026-04-19 17:25:16,926 [base.py] => Task 4 learning on class 40-50
2026-04-19 17:25:16,930 [toolkit.py] => Total params:     103,410,103
2026-04-19 17:25:16,930 [toolkit.py] => Trainable params: 376,330
2026-04-19 17:25:16,930 [toolkit.py] => Trainable ratio:  0.3639%
2026-04-19 17:36:15,863 [actmat_c.py] => Task 4, Epoch 20/20 => Loss 0.116, Train_accy 96.12
2026-04-19 17:36:15,864 [trainer.py] => Training time: 0h 10m 58s
2026-04-19 17:36:29,644 [trainer.py] => Evaluation time: 0h 0m 13s
2026-04-19 17:36:43,722 [trainer.py] => Accuracy: {'total': 92.42, '00-09': 94.9, '10-19': 92.3, '20-29': 92.8, '30-39': 88.6, '40-49': 93.5, 'old': 92.15, 'new': 93.5}
2026-04-19 17:36:43,722 [trainer.py] => (curve) top1 Acc: [99.5, 96.75, 95.4, 93.4, 92.42]
2026-04-19 17:36:43,722 [trainer.py] => (curve) top1 Acc with task: [99.5, 99.05, 98.6, 98.62, 98.56]
2026-04-19 17:36:43,722 [trainer.py] => (curve) top1 Acc task: [100.0, 97.35, 96.27, 94.1, 93.08]
2026-04-19 17:36:43,722 [trainer.py] => ================================================================================
2026-04-19 17:36:43,723 [trainer.py] => ================================================================================
2026-04-19 17:36:43,734 [base.py] => Task 5 learning on class 50-60
2026-04-19 17:36:43,738 [toolkit.py] => Total params:     103,410,103
2026-04-19 17:36:43,738 [toolkit.py] => Trainable params: 376,330
2026-04-19 17:36:43,738 [toolkit.py] => Trainable ratio:  0.3639%
2026-04-19 17:47:44,156 [actmat_c.py] => Task 5, Epoch 20/20 => Loss 0.143, Train_accy 94.70
2026-04-19 17:47:44,157 [trainer.py] => Training time: 0h 11m 0s
2026-04-19 17:48:00,815 [trainer.py] => Evaluation time: 0h 0m 16s
2026-04-19 17:48:14,806 [trainer.py] => Accuracy: {'total': 90.12, '00-09': 93.5, '10-19': 91.4, '20-29': 92.2, '30-39': 86.9, '40-49': 92.5, '50-59': 84.2, 'old': 91.3, 'new': 84.2}
2026-04-19 17:48:14,807 [trainer.py] => (curve) top1 Acc: [99.5, 96.75, 95.4, 93.4, 92.42, 90.12]
2026-04-19 17:48:14,807 [trainer.py] => (curve) top1 Acc with task: [99.5, 99.05, 98.6, 98.62, 98.56, 98.45]
2026-04-19 17:48:14,807 [trainer.py] => (curve) top1 Acc task: [100.0, 97.35, 96.27, 94.1, 93.08, 90.75]
2026-04-19 17:48:14,807 [trainer.py] => ================================================================================
2026-04-19 17:48:14,807 [trainer.py] => ================================================================================
2026-04-19 17:48:14,821 [base.py] => Task 6 learning on class 60-70
2026-04-19 17:48:14,825 [toolkit.py] => Total params:     103,410,103
2026-04-19 17:48:14,825 [toolkit.py] => Trainable params: 376,330
2026-04-19 17:48:14,825 [toolkit.py] => Trainable ratio:  0.3639%
2026-04-19 17:59:15,624 [actmat_c.py] => Task 6, Epoch 20/20 => Loss 0.145, Train_accy 94.98
2026-04-19 17:59:15,626 [trainer.py] => Training time: 0h 11m 0s
2026-04-19 17:59:34,177 [trainer.py] => Evaluation time: 0h 0m 18s
2026-04-19 17:59:47,967 [trainer.py] => Accuracy: {'total': 89.37, '00-09': 93.2, '10-19': 90.6, '20-29': 91.2, '30-39': 85.9, '40-49': 91.9, '50-59': 83.6, '60-69': 89.2, 'old': 89.4, 'new': 89.2}
2026-04-19 17:59:47,967 [trainer.py] => (curve) top1 Acc: [99.5, 96.75, 95.4, 93.4, 92.42, 90.12, 89.37]
2026-04-19 17:59:47,967 [trainer.py] => (curve) top1 Acc with task: [99.5, 99.05, 98.6, 98.62, 98.56, 98.45, 98.37]
2026-04-19 17:59:47,967 [trainer.py] => (curve) top1 Acc task: [100.0, 97.35, 96.27, 94.1, 93.08, 90.75, 89.96]
2026-04-19 17:59:47,967 [trainer.py] => ================================================================================
2026-04-19 17:59:47,967 [trainer.py] => ================================================================================
2026-04-19 17:59:47,977 [base.py] => Task 7 learning on class 70-80
2026-04-19 17:59:47,981 [toolkit.py] => Total params:     103,410,103
2026-04-19 17:59:47,981 [toolkit.py] => Trainable params: 376,330
2026-04-19 17:59:47,981 [toolkit.py] => Trainable ratio:  0.3639%
2026-04-19 18:10:46,802 [actmat_c.py] => Task 7, Epoch 20/20 => Loss 0.143, Train_accy 95.06
2026-04-19 18:10:46,804 [trainer.py] => Training time: 0h 10m 58s
2026-04-19 18:11:07,960 [trainer.py] => Evaluation time: 0h 0m 21s
2026-04-19 18:11:22,173 [trainer.py] => Accuracy: {'total': 88.74, '00-09': 92.6, '10-19': 90.5, '20-29': 90.1, '30-39': 85.3, '40-49': 91.8, '50-59': 82.4, '60-69': 87.5, '70-79': 89.7, 'old': 88.6, 'new': 89.7}
2026-04-19 18:11:22,173 [trainer.py] => (curve) top1 Acc: [99.5, 96.75, 95.4, 93.4, 92.42, 90.12, 89.37, 88.74]
2026-04-19 18:11:22,173 [trainer.py] => (curve) top1 Acc with task: [99.5, 99.05, 98.6, 98.62, 98.56, 98.45, 98.37, 98.34]
2026-04-19 18:11:22,173 [trainer.py] => (curve) top1 Acc task: [100.0, 97.35, 96.27, 94.1, 93.08, 90.75, 89.96, 89.21]
2026-04-19 18:11:22,174 [trainer.py] => ================================================================================
2026-04-19 18:11:22,174 [trainer.py] => ================================================================================
2026-04-19 18:11:22,190 [base.py] => Task 8 learning on class 80-90
2026-04-19 18:11:22,194 [toolkit.py] => Total params:     103,410,103
2026-04-19 18:11:22,194 [toolkit.py] => Trainable params: 376,330
2026-04-19 18:11:22,194 [toolkit.py] => Trainable ratio:  0.3639%
2026-04-19 18:22:22,767 [actmat_c.py] => Task 8, Epoch 20/20 => Loss 0.121, Train_accy 95.84
2026-04-19 18:22:22,768 [trainer.py] => Training time: 0h 11m 0s
2026-04-19 18:22:45,897 [trainer.py] => Evaluation time: 0h 0m 23s
2026-04-19 18:22:59,982 [trainer.py] => Accuracy: {'total': 88.6, '00-09': 92.4, '10-19': 89.5, '20-29': 89.9, '30-39': 84.7, '40-49': 90.8, '50-59': 82.2, '60-69': 86.6, '70-79': 89.1, '80-89': 92.2, 'old': 88.15, 'new': 92.2}
2026-04-19 18:22:59,983 [trainer.py] => (curve) top1 Acc: [99.5, 96.75, 95.4, 93.4, 92.42, 90.12, 89.37, 88.74, 88.6]
2026-04-19 18:22:59,983 [trainer.py] => (curve) top1 Acc with task: [99.5, 99.05, 98.6, 98.62, 98.56, 98.45, 98.37, 98.34, 98.43]
2026-04-19 18:22:59,983 [trainer.py] => (curve) top1 Acc task: [100.0, 97.35, 96.27, 94.1, 93.08, 90.75, 89.96, 89.21, 89.03]
2026-04-19 18:22:59,983 [trainer.py] => ================================================================================
2026-04-19 18:22:59,983 [trainer.py] => ================================================================================
2026-04-19 18:22:59,992 [base.py] => Task 9 learning on class 90-100
2026-04-19 18:22:59,996 [toolkit.py] => Total params:     103,410,103
2026-04-19 18:22:59,996 [toolkit.py] => Trainable params: 376,330
2026-04-19 18:22:59,997 [toolkit.py] => Trainable ratio:  0.3639%
2026-04-19 18:33:57,868 [actmat_c.py] => Task 9, Epoch 20/20 => Loss 0.089, Train_accy 97.00
2026-04-19 18:33:57,869 [trainer.py] => Training time: 0h 10m 57s
2026-04-19 18:34:23,336 [trainer.py] => Evaluation time: 0h 0m 25s
2026-04-19 18:34:37,554 [trainer.py] => Accuracy: {'total': 87.76, '00-09': 92.1, '10-19': 88.8, '20-29': 90.0, '30-39': 83.0, '40-49': 90.3, '50-59': 80.2, '60-69': 85.4, '70-79': 86.0, '80-89': 90.2, '90-99': 91.6, 'old': 87.33, 'new': 91.6}
2026-04-19 18:34:37,555 [trainer.py] => (curve) top1 Acc: [99.5, 96.75, 95.4, 93.4, 92.42, 90.12, 89.37, 88.74, 88.6, 87.76]
2026-04-19 18:34:37,555 [trainer.py] => (curve) top1 Acc with task: [99.5, 99.05, 98.6, 98.62, 98.56, 98.45, 98.37, 98.34, 98.43, 98.55]
2026-04-19 18:34:37,555 [trainer.py] => (curve) top1 Acc task: [100.0, 97.35, 96.27, 94.1, 93.08, 90.75, 89.96, 89.21, 89.03, 88.13]
2026-04-19 18:34:37,555 [trainer.py] => ================================================================================
