2026-04-18 19:44:59,231 [toolkit.py] => config: configs/l2lora-l1.0/imagenet-a.json
2026-04-18 19:44:59,232 [toolkit.py] => device: [device(type='cuda', index=0)]
2026-04-18 19:44:59,232 [toolkit.py] => debug: False
2026-04-18 19:44:59,232 [toolkit.py] => save_ckp: False
2026-04-18 19:44:59,232 [toolkit.py] => seed: 0
2026-04-18 19:44:59,232 [toolkit.py] => dataset: imagenet-a
2026-04-18 19:44:59,232 [toolkit.py] => data_path: data/imagenet-a
2026-04-18 19:44:59,232 [toolkit.py] => load: vit_base_patch16_224_in21k
2026-04-18 19:44:59,232 [toolkit.py] => init_cls: 20
2026-04-18 19:44:59,232 [toolkit.py] => increment: 20
2026-04-18 19:44:59,233 [toolkit.py] => sessions: 10
2026-04-18 19:44:59,233 [toolkit.py] => shuffle: False
2026-04-18 19:44:59,233 [toolkit.py] => method: l2lora
2026-04-18 19:44:59,233 [toolkit.py] => optimizer: adam
2026-04-18 19:44:59,233 [toolkit.py] => scheduler: cosine
2026-04-18 19:44:59,233 [toolkit.py] => epochs: 20
2026-04-18 19:44:59,233 [toolkit.py] => lrate: 0.0005
2026-04-18 19:44:59,233 [toolkit.py] => fc_lrate: 0.005
2026-04-18 19:44:59,233 [toolkit.py] => weight_decay: 0.0
2026-04-18 19:44:59,233 [toolkit.py] => batch_size: 128
2026-04-18 19:44:59,234 [toolkit.py] => rank: 10
2026-04-18 19:44:59,234 [toolkit.py] => num_workers: 16
2026-04-18 19:44:59,234 [toolkit.py] => lambda: 1.0
2026-04-18 19:44:59,234 [toolkit.py] => logdir: logs/l2lora-l1.0/imagenet-a/t10
2026-04-18 19:44:59,234 [toolkit.py] => logfilename: logs/l2lora-l1.0/imagenet-a/t10/seed0
2026-04-18 19:45:21,473 [data_manager.py] => Class index order: 0, 1, 2, 3, 4, ..., 195, 196, 197, 198, 199
2026-04-18 19:45:24,759 [trainer.py] => ================================================================================
2026-04-18 19:45:24,763 [base.py] => Task 0 learning on class 0-20
2026-04-18 19:45:25,896 [toolkit.py] => Total params:     103,487,003
2026-04-18 19:45:25,896 [toolkit.py] => Trainable params: 384,020
2026-04-18 19:45:25,896 [toolkit.py] => Trainable ratio:  0.3711%
2026-04-18 19:49:01,548 [l2lora.py] => Task 0, Epoch 20/20 => Loss 0.238, Train_accy 93.62
2026-04-18 19:49:01,549 [trainer.py] => Training time: 0h 3m 36s
2026-04-18 19:49:05,295 [trainer.py] => Evaluation time: 0h 0m 3s
2026-04-18 19:49:05,297 [trainer.py] => Accuracy: {'total': 84.98, '00-19': 84.98, 'old': 0, 'new': 84.98}
2026-04-18 19:49:05,297 [trainer.py] => (curve) top1 Acc: [84.98]
2026-04-18 19:49:05,297 [trainer.py] => (curve) top1 Acc with task: [84.98]
2026-04-18 19:49:05,297 [trainer.py] => (curve) top1 Acc task: [100.0]
2026-04-18 19:49:05,297 [trainer.py] => ================================================================================
2026-04-18 19:49:05,297 [trainer.py] => ================================================================================
2026-04-18 19:49:05,298 [base.py] => Task 1 learning on class 20-40
2026-04-18 19:49:05,302 [toolkit.py] => Total params:     103,487,003
2026-04-18 19:49:05,302 [toolkit.py] => Trainable params: 384,020
2026-04-18 19:49:05,302 [toolkit.py] => Trainable ratio:  0.3711%
2026-04-18 19:52:05,959 [l2lora.py] => Task 1, Epoch 20/20 => Loss 0.149, Train_accy 95.00
2026-04-18 19:52:05,960 [trainer.py] => Training time: 0h 3m 0s
2026-04-18 19:52:10,227 [trainer.py] => Evaluation time: 0h 0m 4s
2026-04-18 19:52:10,228 [trainer.py] => Accuracy: {'total': 78.37, '00-19': 77.96, '20-39': 78.88, 'old': 77.96, 'new': 78.88}
2026-04-18 19:52:10,229 [trainer.py] => (curve) top1 Acc: [84.98, 78.37]
2026-04-18 19:52:10,229 [trainer.py] => (curve) top1 Acc with task: [84.98, 86.52]
2026-04-18 19:52:10,229 [trainer.py] => (curve) top1 Acc task: [100.0, 87.77]
2026-04-18 19:52:10,229 [trainer.py] => ================================================================================
2026-04-18 19:52:10,229 [trainer.py] => ================================================================================
2026-04-18 19:52:10,230 [base.py] => Task 2 learning on class 40-60
2026-04-18 19:52:10,234 [toolkit.py] => Total params:     103,487,003
2026-04-18 19:52:10,234 [toolkit.py] => Trainable params: 384,020
2026-04-18 19:52:10,234 [toolkit.py] => Trainable ratio:  0.3711%
2026-04-18 19:55:10,726 [l2lora.py] => Task 2, Epoch 20/20 => Loss 0.182, Train_accy 94.90
2026-04-18 19:55:10,727 [trainer.py] => Training time: 0h 3m 0s
2026-04-18 19:55:15,698 [trainer.py] => Evaluation time: 0h 0m 4s
2026-04-18 19:55:15,700 [trainer.py] => Accuracy: {'total': 71.29, '00-19': 76.36, '20-39': 76.1, '40-59': 60.16, 'old': 76.24, 'new': 60.16}
2026-04-18 19:55:15,700 [trainer.py] => (curve) top1 Acc: [84.98, 78.37, 71.29]
2026-04-18 19:55:15,700 [trainer.py] => (curve) top1 Acc with task: [84.98, 86.52, 82.45]
2026-04-18 19:55:15,701 [trainer.py] => (curve) top1 Acc task: [100.0, 87.77, 81.1]
2026-04-18 19:55:15,701 [trainer.py] => ================================================================================
2026-04-18 19:55:15,701 [trainer.py] => ================================================================================
2026-04-18 19:55:15,702 [base.py] => Task 3 learning on class 60-80
2026-04-18 19:55:15,705 [toolkit.py] => Total params:     103,487,003
2026-04-18 19:55:15,705 [toolkit.py] => Trainable params: 384,020
2026-04-18 19:55:15,705 [toolkit.py] => Trainable ratio:  0.3711%
2026-04-18 19:57:22,632 [l2lora.py] => Task 3, Epoch 20/20 => Loss 0.145, Train_accy 95.25
2026-04-18 19:57:22,634 [trainer.py] => Training time: 0h 2m 6s
2026-04-18 19:57:28,387 [trainer.py] => Evaluation time: 0h 0m 5s
2026-04-18 19:57:28,389 [trainer.py] => Accuracy: {'total': 68.94, '00-19': 72.84, '20-39': 72.91, '40-59': 57.37, '60-79': 73.51, 'old': 68.1, 'new': 73.51}
2026-04-18 19:57:28,389 [trainer.py] => (curve) top1 Acc: [84.98, 78.37, 71.29, 68.94]
2026-04-18 19:57:28,389 [trainer.py] => (curve) top1 Acc with task: [84.98, 86.52, 82.45, 83.54]
2026-04-18 19:57:28,389 [trainer.py] => (curve) top1 Acc task: [100.0, 87.77, 81.1, 76.5]
2026-04-18 19:57:28,389 [trainer.py] => ================================================================================
2026-04-18 19:57:28,389 [trainer.py] => ================================================================================
2026-04-18 19:57:28,390 [base.py] => Task 4 learning on class 80-100
2026-04-18 19:57:28,394 [toolkit.py] => Total params:     103,487,003
2026-04-18 19:57:28,394 [toolkit.py] => Trainable params: 384,020
2026-04-18 19:57:28,394 [toolkit.py] => Trainable ratio:  0.3711%
2026-04-18 19:59:11,045 [l2lora.py] => Task 4, Epoch 20/20 => Loss 0.138, Train_accy 96.48
2026-04-18 19:59:11,046 [trainer.py] => Training time: 0h 1m 42s
2026-04-18 19:59:17,013 [trainer.py] => Evaluation time: 0h 0m 5s
2026-04-18 19:59:17,015 [trainer.py] => Accuracy: {'total': 65.82, '00-19': 71.88, '20-39': 72.91, '40-59': 55.78, '60-79': 73.51, '80-99': 43.14, 'old': 68.22, 'new': 43.14}
2026-04-18 19:59:17,015 [trainer.py] => (curve) top1 Acc: [84.98, 78.37, 71.29, 68.94, 65.82]
2026-04-18 19:59:17,015 [trainer.py] => (curve) top1 Acc with task: [84.98, 86.52, 82.45, 83.54, 80.24]
2026-04-18 19:59:17,015 [trainer.py] => (curve) top1 Acc task: [100.0, 87.77, 81.1, 76.5, 73.78]
2026-04-18 19:59:17,016 [trainer.py] => ================================================================================
2026-04-18 19:59:17,016 [trainer.py] => ================================================================================
2026-04-18 19:59:17,016 [base.py] => Task 5 learning on class 100-120
2026-04-18 19:59:17,020 [toolkit.py] => Total params:     103,487,003
2026-04-18 19:59:17,020 [toolkit.py] => Trainable params: 384,020
2026-04-18 19:59:17,020 [toolkit.py] => Trainable ratio:  0.3711%
2026-04-18 20:00:42,495 [l2lora.py] => Task 5, Epoch 20/20 => Loss 0.091, Train_accy 97.34
2026-04-18 20:00:42,496 [trainer.py] => Training time: 0h 1m 25s
2026-04-18 20:00:48,546 [trainer.py] => Evaluation time: 0h 0m 6s
2026-04-18 20:00:48,548 [trainer.py] => Accuracy: {'total': 61.97, '00-19': 70.61, '20-39': 71.71, '40-59': 55.38, '60-79': 72.19, '80-99': 41.18, '100-119': 19.12, 'old': 64.7, 'new': 19.12}
2026-04-18 20:00:48,548 [trainer.py] => (curve) top1 Acc: [84.98, 78.37, 71.29, 68.94, 65.82, 61.97]
2026-04-18 20:00:48,548 [trainer.py] => (curve) top1 Acc with task: [84.98, 86.52, 82.45, 83.54, 80.24, 77.73]
2026-04-18 20:00:48,548 [trainer.py] => (curve) top1 Acc task: [100.0, 87.77, 81.1, 76.5, 73.78, 69.72]
2026-04-18 20:00:48,548 [trainer.py] => ================================================================================
2026-04-18 20:00:48,548 [trainer.py] => ================================================================================
2026-04-18 20:00:48,549 [base.py] => Task 6 learning on class 120-140
2026-04-18 20:00:48,553 [toolkit.py] => Total params:     103,487,003
2026-04-18 20:00:48,553 [toolkit.py] => Trainable params: 384,020
2026-04-18 20:00:48,553 [toolkit.py] => Trainable ratio:  0.3711%
2026-04-18 20:02:21,975 [l2lora.py] => Task 6, Epoch 20/20 => Loss 0.066, Train_accy 98.29
2026-04-18 20:02:21,977 [trainer.py] => Training time: 0h 1m 33s
2026-04-18 20:02:28,352 [trainer.py] => Evaluation time: 0h 0m 6s
2026-04-18 20:02:28,354 [trainer.py] => Accuracy: {'total': 59.51, '00-19': 69.33, '20-39': 72.11, '40-59': 54.18, '60-79': 71.52, '80-99': 36.27, '100-119': 19.12, '120-139': 41.57, 'old': 60.92, 'new': 41.57}
2026-04-18 20:02:28,354 [trainer.py] => (curve) top1 Acc: [84.98, 78.37, 71.29, 68.94, 65.82, 61.97, 59.51]
2026-04-18 20:02:28,354 [trainer.py] => (curve) top1 Acc with task: [84.98, 86.52, 82.45, 83.54, 80.24, 77.73, 76.49]
2026-04-18 20:02:28,354 [trainer.py] => (curve) top1 Acc task: [100.0, 87.77, 81.1, 76.5, 73.78, 69.72, 67.18]
2026-04-18 20:02:28,354 [trainer.py] => ================================================================================
2026-04-18 20:02:28,354 [trainer.py] => ================================================================================
2026-04-18 20:02:28,355 [base.py] => Task 7 learning on class 140-160
2026-04-18 20:02:28,359 [toolkit.py] => Total params:     103,487,003
2026-04-18 20:02:28,359 [toolkit.py] => Trainable params: 384,020
2026-04-18 20:02:28,359 [toolkit.py] => Trainable ratio:  0.3711%
2026-04-18 20:03:58,302 [l2lora.py] => Task 7, Epoch 20/20 => Loss 0.105, Train_accy 96.88
2026-04-18 20:03:58,303 [trainer.py] => Training time: 0h 1m 29s
2026-04-18 20:04:04,863 [trainer.py] => Evaluation time: 0h 0m 6s
2026-04-18 20:04:04,864 [trainer.py] => Accuracy: {'total': 57.35, '00-19': 69.65, '20-39': 70.52, '40-59': 53.39, '60-79': 72.19, '80-99': 36.27, '100-119': 19.12, '120-139': 39.33, '140-159': 32.1, 'old': 59.02, 'new': 32.1}
2026-04-18 20:04:04,865 [trainer.py] => (curve) top1 Acc: [84.98, 78.37, 71.29, 68.94, 65.82, 61.97, 59.51, 57.35]
2026-04-18 20:04:04,865 [trainer.py] => (curve) top1 Acc with task: [84.98, 86.52, 82.45, 83.54, 80.24, 77.73, 76.49, 75.57]
2026-04-18 20:04:04,865 [trainer.py] => (curve) top1 Acc task: [100.0, 87.77, 81.1, 76.5, 73.78, 69.72, 67.18, 64.7]
2026-04-18 20:04:04,865 [trainer.py] => ================================================================================
2026-04-18 20:04:04,865 [trainer.py] => ================================================================================
2026-04-18 20:04:04,866 [base.py] => Task 8 learning on class 160-180
2026-04-18 20:04:04,869 [toolkit.py] => Total params:     103,487,003
2026-04-18 20:04:04,870 [toolkit.py] => Trainable params: 384,020
2026-04-18 20:04:04,870 [toolkit.py] => Trainable ratio:  0.3711%
2026-04-18 20:05:43,302 [l2lora.py] => Task 8, Epoch 20/20 => Loss 0.128, Train_accy 97.19
2026-04-18 20:05:43,304 [trainer.py] => Training time: 0h 1m 38s
2026-04-18 20:05:50,384 [trainer.py] => Evaluation time: 0h 0m 7s
2026-04-18 20:05:50,386 [trainer.py] => Accuracy: {'total': 54.74, '00-19': 68.37, '20-39': 70.92, '40-59': 53.39, '60-79': 72.19, '80-99': 33.33, '100-119': 17.65, '120-139': 35.96, '140-159': 30.86, '160-179': 30.93, 'old': 56.51, 'new': 30.93}
2026-04-18 20:05:50,386 [trainer.py] => (curve) top1 Acc: [84.98, 78.37, 71.29, 68.94, 65.82, 61.97, 59.51, 57.35, 54.74]
2026-04-18 20:05:50,386 [trainer.py] => (curve) top1 Acc with task: [84.98, 86.52, 82.45, 83.54, 80.24, 77.73, 76.49, 75.57, 73.98]
2026-04-18 20:05:50,386 [trainer.py] => (curve) top1 Acc task: [100.0, 87.77, 81.1, 76.5, 73.78, 69.72, 67.18, 64.7, 61.8]
2026-04-18 20:05:50,386 [trainer.py] => ================================================================================
2026-04-18 20:05:50,387 [trainer.py] => ================================================================================
2026-04-18 20:05:50,387 [base.py] => Task 9 learning on class 180-200
2026-04-18 20:05:50,391 [toolkit.py] => Total params:     103,487,003
2026-04-18 20:05:50,391 [toolkit.py] => Trainable params: 384,020
2026-04-18 20:05:50,391 [toolkit.py] => Trainable ratio:  0.3711%
2026-04-18 20:07:29,704 [l2lora.py] => Task 9, Epoch 20/20 => Loss 0.061, Train_accy 98.44
2026-04-18 20:07:29,705 [trainer.py] => Training time: 0h 1m 39s
2026-04-18 20:07:36,937 [trainer.py] => Evaluation time: 0h 0m 7s
2026-04-18 20:07:36,939 [trainer.py] => Accuracy: {'total': 52.8, '00-19': 65.81, '20-39': 67.73, '40-59': 51.39, '60-79': 72.19, '80-99': 31.37, '100-119': 17.65, '120-139': 37.08, '140-159': 30.86, '160-179': 29.9, '180-199': 48.45, 'old': 53.1, 'new': 48.45}
2026-04-18 20:07:36,939 [trainer.py] => (curve) top1 Acc: [84.98, 78.37, 71.29, 68.94, 65.82, 61.97, 59.51, 57.35, 54.74, 52.8]
2026-04-18 20:07:36,939 [trainer.py] => (curve) top1 Acc with task: [84.98, 86.52, 82.45, 83.54, 80.24, 77.73, 76.49, 75.57, 73.98, 73.4]
2026-04-18 20:07:36,939 [trainer.py] => (curve) top1 Acc task: [100.0, 87.77, 81.1, 76.5, 73.78, 69.72, 67.18, 64.7, 61.8, 59.6]
2026-04-18 20:07:36,940 [trainer.py] => ================================================================================
