2026-04-18 21:24:28,809 [toolkit.py] => config: configs/l2lora-l100.0/cifar100.json
2026-04-18 21:24:28,810 [toolkit.py] => device: [device(type='cuda', index=0)]
2026-04-18 21:24:28,811 [toolkit.py] => debug: False
2026-04-18 21:24:28,811 [toolkit.py] => save_ckp: False
2026-04-18 21:24:28,811 [toolkit.py] => seed: 0
2026-04-18 21:24:28,811 [toolkit.py] => dataset: cifar100
2026-04-18 21:24:28,811 [toolkit.py] => data_path: data/cifar100
2026-04-18 21:24:28,811 [toolkit.py] => load: vit_base_patch16_224_in21k
2026-04-18 21:24:28,811 [toolkit.py] => init_cls: 10
2026-04-18 21:24:28,811 [toolkit.py] => increment: 10
2026-04-18 21:24:28,811 [toolkit.py] => sessions: 10
2026-04-18 21:24:28,812 [toolkit.py] => shuffle: False
2026-04-18 21:24:28,812 [toolkit.py] => method: l2lora
2026-04-18 21:24:28,812 [toolkit.py] => optimizer: adam
2026-04-18 21:24:28,812 [toolkit.py] => scheduler: cosine
2026-04-18 21:24:28,812 [toolkit.py] => epochs: 20
2026-04-18 21:24:28,812 [toolkit.py] => lrate: 0.0005
2026-04-18 21:24:28,812 [toolkit.py] => fc_lrate: 0.005
2026-04-18 21:24:28,812 [toolkit.py] => weight_decay: 0.0
2026-04-18 21:24:28,812 [toolkit.py] => batch_size: 128
2026-04-18 21:24:28,812 [toolkit.py] => rank: 10
2026-04-18 21:24:28,813 [toolkit.py] => num_workers: 16
2026-04-18 21:24:28,813 [toolkit.py] => lambda: 100.0
2026-04-18 21:24:28,813 [toolkit.py] => logdir: logs/l2lora-l100.0/cifar100/t10
2026-04-18 21:24:28,813 [toolkit.py] => logfilename: logs/l2lora-l100.0/cifar100/t10/seed0
2026-04-18 21:24:31,031 [data_manager.py] => Class index order: 0, 1, 2, 3, 4, ..., 95, 96, 97, 98, 99
2026-04-18 21:24:34,433 [trainer.py] => ================================================================================
2026-04-18 21:24:34,443 [base.py] => Task 0 learning on class 0-10
2026-04-18 21:24:35,587 [toolkit.py] => Total params:     103,410,103
2026-04-18 21:24:35,587 [toolkit.py] => Trainable params: 376,330
2026-04-18 21:24:35,587 [toolkit.py] => Trainable ratio:  0.3639%
2026-04-18 21:35:30,879 [l2lora.py] => Task 0, Epoch 20/20 => Loss 0.094, Train_accy 96.82
2026-04-18 21:35:30,881 [trainer.py] => Training time: 0h 10m 56s
2026-04-18 21:35:35,794 [trainer.py] => Evaluation time: 0h 0m 4s
2026-04-18 21:35:35,797 [trainer.py] => Accuracy: {'total': 99.5, '00-09': 99.5, 'old': 0, 'new': 99.5}
2026-04-18 21:35:35,797 [trainer.py] => (curve) top1 Acc: [99.5]
2026-04-18 21:35:35,797 [trainer.py] => (curve) top1 Acc with task: [99.5]
2026-04-18 21:35:35,797 [trainer.py] => (curve) top1 Acc task: [100.0]
2026-04-18 21:35:35,798 [trainer.py] => ================================================================================
2026-04-18 21:35:35,798 [trainer.py] => ================================================================================
2026-04-18 21:35:35,812 [base.py] => Task 1 learning on class 10-20
2026-04-18 21:35:35,815 [toolkit.py] => Total params:     103,410,103
2026-04-18 21:35:35,815 [toolkit.py] => Trainable params: 376,330
2026-04-18 21:35:35,815 [toolkit.py] => Trainable ratio:  0.3639%
2026-04-18 21:46:33,913 [l2lora.py] => Task 1, Epoch 20/20 => Loss 0.136, Train_accy 95.66
2026-04-18 21:46:33,914 [trainer.py] => Training time: 0h 10m 58s
2026-04-18 21:46:41,051 [trainer.py] => Evaluation time: 0h 0m 7s
2026-04-18 21:46:41,053 [trainer.py] => Accuracy: {'total': 96.85, '00-09': 97.5, '10-19': 96.2, 'old': 97.5, 'new': 96.2}
2026-04-18 21:46:41,053 [trainer.py] => (curve) top1 Acc: [99.5, 96.85]
2026-04-18 21:46:41,053 [trainer.py] => (curve) top1 Acc with task: [99.5, 99.0]
2026-04-18 21:46:41,053 [trainer.py] => (curve) top1 Acc task: [100.0, 97.4]
2026-04-18 21:46:41,053 [trainer.py] => ================================================================================
2026-04-18 21:46:41,054 [trainer.py] => ================================================================================
2026-04-18 21:46:41,067 [base.py] => Task 2 learning on class 20-30
2026-04-18 21:46:41,071 [toolkit.py] => Total params:     103,410,103
2026-04-18 21:46:41,071 [toolkit.py] => Trainable params: 376,330
2026-04-18 21:46:41,071 [toolkit.py] => Trainable ratio:  0.3639%
2026-04-18 21:57:37,897 [l2lora.py] => Task 2, Epoch 20/20 => Loss 0.122, Train_accy 95.90
2026-04-18 21:57:37,898 [trainer.py] => Training time: 0h 10m 56s
2026-04-18 21:57:47,544 [trainer.py] => Evaluation time: 0h 0m 9s
2026-04-18 21:57:47,545 [trainer.py] => Accuracy: {'total': 95.3, '00-09': 95.7, '10-19': 95.2, '20-29': 95.0, 'old': 95.45, 'new': 95.0}
2026-04-18 21:57:47,546 [trainer.py] => (curve) top1 Acc: [99.5, 96.85, 95.3]
2026-04-18 21:57:47,546 [trainer.py] => (curve) top1 Acc with task: [99.5, 99.0, 98.57]
2026-04-18 21:57:47,546 [trainer.py] => (curve) top1 Acc task: [100.0, 97.4, 96.17]
2026-04-18 21:57:47,546 [trainer.py] => ================================================================================
2026-04-18 21:57:47,546 [trainer.py] => ================================================================================
2026-04-18 21:57:47,557 [base.py] => Task 3 learning on class 30-40
2026-04-18 21:57:47,561 [toolkit.py] => Total params:     103,410,103
2026-04-18 21:57:47,561 [toolkit.py] => Trainable params: 376,330
2026-04-18 21:57:47,561 [toolkit.py] => Trainable ratio:  0.3639%
2026-04-18 22:08:44,651 [l2lora.py] => Task 3, Epoch 20/20 => Loss 0.139, Train_accy 95.66
2026-04-18 22:08:44,652 [trainer.py] => Training time: 0h 10m 57s
2026-04-18 22:08:56,621 [trainer.py] => Evaluation time: 0h 0m 11s
2026-04-18 22:08:56,622 [trainer.py] => Accuracy: {'total': 93.3, '00-09': 95.7, '10-19': 92.8, '20-29': 94.7, '30-39': 90.0, 'old': 94.4, 'new': 90.0}
2026-04-18 22:08:56,623 [trainer.py] => (curve) top1 Acc: [99.5, 96.85, 95.3, 93.3]
2026-04-18 22:08:56,623 [trainer.py] => (curve) top1 Acc with task: [99.5, 99.0, 98.57, 98.6]
2026-04-18 22:08:56,623 [trainer.py] => (curve) top1 Acc task: [100.0, 97.4, 96.17, 94.0]
2026-04-18 22:08:56,623 [trainer.py] => ================================================================================
2026-04-18 22:08:56,623 [trainer.py] => ================================================================================
2026-04-18 22:08:56,635 [base.py] => Task 4 learning on class 40-50
2026-04-18 22:08:56,639 [toolkit.py] => Total params:     103,410,103
2026-04-18 22:08:56,639 [toolkit.py] => Trainable params: 376,330
2026-04-18 22:08:56,639 [toolkit.py] => Trainable ratio:  0.3639%
2026-04-18 22:19:52,900 [l2lora.py] => Task 4, Epoch 20/20 => Loss 0.133, Train_accy 95.64
2026-04-18 22:19:52,902 [trainer.py] => Training time: 0h 10m 56s
2026-04-18 22:20:07,066 [trainer.py] => Evaluation time: 0h 0m 14s
2026-04-18 22:20:07,068 [trainer.py] => Accuracy: {'total': 92.26, '00-09': 95.3, '10-19': 92.2, '20-29': 92.8, '30-39': 88.8, '40-49': 92.2, 'old': 92.28, 'new': 92.2}
2026-04-18 22:20:07,068 [trainer.py] => (curve) top1 Acc: [99.5, 96.85, 95.3, 93.3, 92.26]
2026-04-18 22:20:07,068 [trainer.py] => (curve) top1 Acc with task: [99.5, 99.0, 98.57, 98.6, 98.62]
2026-04-18 22:20:07,068 [trainer.py] => (curve) top1 Acc task: [100.0, 97.4, 96.17, 94.0, 92.94]
2026-04-18 22:20:07,069 [trainer.py] => ================================================================================
2026-04-18 22:20:07,069 [trainer.py] => ================================================================================
2026-04-18 22:20:07,077 [base.py] => Task 5 learning on class 50-60
2026-04-18 22:20:07,081 [toolkit.py] => Total params:     103,410,103
2026-04-18 22:20:07,081 [toolkit.py] => Trainable params: 376,330
2026-04-18 22:20:07,081 [toolkit.py] => Trainable ratio:  0.3639%
2026-04-18 22:31:05,428 [l2lora.py] => Task 5, Epoch 20/20 => Loss 0.149, Train_accy 94.66
2026-04-18 22:31:05,430 [trainer.py] => Training time: 0h 10m 58s
2026-04-18 22:31:21,873 [trainer.py] => Evaluation time: 0h 0m 16s
2026-04-18 22:31:21,875 [trainer.py] => Accuracy: {'total': 90.32, '00-09': 94.4, '10-19': 91.8, '20-29': 92.3, '30-39': 87.6, '40-49': 91.4, '50-59': 84.4, 'old': 91.5, 'new': 84.4}
2026-04-18 22:31:21,875 [trainer.py] => (curve) top1 Acc: [99.5, 96.85, 95.3, 93.3, 92.26, 90.32]
2026-04-18 22:31:21,875 [trainer.py] => (curve) top1 Acc with task: [99.5, 99.0, 98.57, 98.6, 98.62, 98.47]
2026-04-18 22:31:21,875 [trainer.py] => (curve) top1 Acc task: [100.0, 97.4, 96.17, 94.0, 92.94, 90.93]
2026-04-18 22:31:21,875 [trainer.py] => ================================================================================
2026-04-18 22:31:21,875 [trainer.py] => ================================================================================
2026-04-18 22:31:21,889 [base.py] => Task 6 learning on class 60-70
2026-04-18 22:31:21,892 [toolkit.py] => Total params:     103,410,103
2026-04-18 22:31:21,893 [toolkit.py] => Trainable params: 376,330
2026-04-18 22:31:21,893 [toolkit.py] => Trainable ratio:  0.3639%
2026-04-18 22:42:19,731 [l2lora.py] => Task 6, Epoch 20/20 => Loss 0.146, Train_accy 94.66
2026-04-18 22:42:19,733 [trainer.py] => Training time: 0h 10m 57s
2026-04-18 22:42:38,415 [trainer.py] => Evaluation time: 0h 0m 18s
2026-04-18 22:42:38,417 [trainer.py] => Accuracy: {'total': 89.53, '00-09': 94.1, '10-19': 90.8, '20-29': 91.7, '30-39': 87.0, '40-49': 91.1, '50-59': 83.4, '60-69': 88.6, 'old': 89.68, 'new': 88.6}
2026-04-18 22:42:38,417 [trainer.py] => (curve) top1 Acc: [99.5, 96.85, 95.3, 93.3, 92.26, 90.32, 89.53]
2026-04-18 22:42:38,418 [trainer.py] => (curve) top1 Acc with task: [99.5, 99.0, 98.57, 98.6, 98.62, 98.47, 98.26]
2026-04-18 22:42:38,418 [trainer.py] => (curve) top1 Acc task: [100.0, 97.4, 96.17, 94.0, 92.94, 90.93, 90.14]
2026-04-18 22:42:38,418 [trainer.py] => ================================================================================
2026-04-18 22:42:38,418 [trainer.py] => ================================================================================
2026-04-18 22:42:38,427 [base.py] => Task 7 learning on class 70-80
2026-04-18 22:42:38,430 [toolkit.py] => Total params:     103,410,103
2026-04-18 22:42:38,431 [toolkit.py] => Trainable params: 376,330
2026-04-18 22:42:38,431 [toolkit.py] => Trainable ratio:  0.3639%
2026-04-18 22:53:38,709 [l2lora.py] => Task 7, Epoch 20/20 => Loss 0.126, Train_accy 95.56
2026-04-18 22:53:38,710 [trainer.py] => Training time: 0h 11m 0s
2026-04-18 22:53:59,291 [trainer.py] => Evaluation time: 0h 0m 20s
2026-04-18 22:53:59,293 [trainer.py] => Accuracy: {'total': 88.99, '00-09': 93.6, '10-19': 90.6, '20-29': 90.8, '30-39': 86.7, '40-49': 91.3, '50-59': 82.1, '60-69': 87.7, '70-79': 89.1, 'old': 88.97, 'new': 89.1}
2026-04-18 22:53:59,293 [trainer.py] => (curve) top1 Acc: [99.5, 96.85, 95.3, 93.3, 92.26, 90.32, 89.53, 88.99]
2026-04-18 22:53:59,293 [trainer.py] => (curve) top1 Acc with task: [99.5, 99.0, 98.57, 98.6, 98.62, 98.47, 98.26, 98.34]
2026-04-18 22:53:59,293 [trainer.py] => (curve) top1 Acc task: [100.0, 97.4, 96.17, 94.0, 92.94, 90.93, 90.14, 89.49]
2026-04-18 22:53:59,293 [trainer.py] => ================================================================================
2026-04-18 22:53:59,294 [trainer.py] => ================================================================================
2026-04-18 22:53:59,306 [base.py] => Task 8 learning on class 80-90
2026-04-18 22:53:59,309 [toolkit.py] => Total params:     103,410,103
2026-04-18 22:53:59,309 [toolkit.py] => Trainable params: 376,330
2026-04-18 22:53:59,310 [toolkit.py] => Trainable ratio:  0.3639%
2026-04-18 23:04:58,722 [l2lora.py] => Task 8, Epoch 20/20 => Loss 0.103, Train_accy 96.64
2026-04-18 23:04:58,725 [trainer.py] => Training time: 0h 10m 59s
2026-04-18 23:05:21,704 [trainer.py] => Evaluation time: 0h 0m 22s
2026-04-18 23:05:21,707 [trainer.py] => Accuracy: {'total': 88.96, '00-09': 93.6, '10-19': 89.6, '20-29': 90.5, '30-39': 86.1, '40-49': 90.8, '50-59': 82.0, '60-69': 86.5, '70-79': 89.1, '80-89': 92.4, 'old': 88.52, 'new': 92.4}
2026-04-18 23:05:21,708 [trainer.py] => (curve) top1 Acc: [99.5, 96.85, 95.3, 93.3, 92.26, 90.32, 89.53, 88.99, 88.96]
2026-04-18 23:05:21,708 [trainer.py] => (curve) top1 Acc with task: [99.5, 99.0, 98.57, 98.6, 98.62, 98.47, 98.26, 98.34, 98.43]
2026-04-18 23:05:21,708 [trainer.py] => (curve) top1 Acc task: [100.0, 97.4, 96.17, 94.0, 92.94, 90.93, 90.14, 89.49, 89.43]
2026-04-18 23:05:21,708 [trainer.py] => ================================================================================
2026-04-18 23:05:21,708 [trainer.py] => ================================================================================
2026-04-18 23:05:21,715 [base.py] => Task 9 learning on class 90-100
2026-04-18 23:05:21,720 [toolkit.py] => Total params:     103,410,103
2026-04-18 23:05:21,720 [toolkit.py] => Trainable params: 376,330
2026-04-18 23:05:21,720 [toolkit.py] => Trainable ratio:  0.3639%
2026-04-18 23:16:20,065 [l2lora.py] => Task 9, Epoch 20/20 => Loss 0.100, Train_accy 96.82
2026-04-18 23:16:20,067 [trainer.py] => Training time: 0h 10m 58s
2026-04-18 23:16:45,675 [trainer.py] => Evaluation time: 0h 0m 25s
2026-04-18 23:16:45,677 [trainer.py] => Accuracy: {'total': 88.3, '00-09': 93.4, '10-19': 89.2, '20-29': 90.1, '30-39': 84.3, '40-49': 89.6, '50-59': 81.3, '60-69': 86.0, '70-79': 86.6, '80-89': 91.1, '90-99': 91.4, 'old': 87.96, 'new': 91.4}
2026-04-18 23:16:45,677 [trainer.py] => (curve) top1 Acc: [99.5, 96.85, 95.3, 93.3, 92.26, 90.32, 89.53, 88.99, 88.96, 88.3]
2026-04-18 23:16:45,678 [trainer.py] => (curve) top1 Acc with task: [99.5, 99.0, 98.57, 98.6, 98.62, 98.47, 98.26, 98.34, 98.43, 98.56]
2026-04-18 23:16:45,678 [trainer.py] => (curve) top1 Acc task: [100.0, 97.4, 96.17, 94.0, 92.94, 90.93, 90.14, 89.49, 89.43, 88.7]
2026-04-18 23:16:45,678 [trainer.py] => ================================================================================
