2026-04-19 22:16:52,697 [toolkit.py] => config: configs/actmat-c-l1000.0/imagenet-a.json
2026-04-19 22:16:52,698 [toolkit.py] => device: [device(type='cuda', index=0)]
2026-04-19 22:16:52,698 [toolkit.py] => debug: False
2026-04-19 22:16:52,698 [toolkit.py] => save_ckp: False
2026-04-19 22:16:52,699 [toolkit.py] => seed: 0
2026-04-19 22:16:52,699 [toolkit.py] => dataset: imagenet-a
2026-04-19 22:16:52,699 [toolkit.py] => data_path: data/imagenet-a
2026-04-19 22:16:52,699 [toolkit.py] => load: vit_base_patch16_224_in21k
2026-04-19 22:16:52,699 [toolkit.py] => init_cls: 20
2026-04-19 22:16:52,699 [toolkit.py] => increment: 20
2026-04-19 22:16:52,699 [toolkit.py] => sessions: 10
2026-04-19 22:16:52,699 [toolkit.py] => shuffle: False
2026-04-19 22:16:52,699 [toolkit.py] => method: actmat-c
2026-04-19 22:16:52,700 [toolkit.py] => optimizer: adam
2026-04-19 22:16:52,700 [toolkit.py] => scheduler: cosine
2026-04-19 22:16:52,700 [toolkit.py] => epochs: 20
2026-04-19 22:16:52,700 [toolkit.py] => lrate: 0.0005
2026-04-19 22:16:52,700 [toolkit.py] => fc_lrate: 0.005
2026-04-19 22:16:52,700 [toolkit.py] => weight_decay: 0.0
2026-04-19 22:16:52,700 [toolkit.py] => batch_size: 128
2026-04-19 22:16:52,700 [toolkit.py] => rank: 10
2026-04-19 22:16:52,701 [toolkit.py] => num_workers: 16
2026-04-19 22:16:52,701 [toolkit.py] => lambda: 1000.0
2026-04-19 22:16:52,701 [toolkit.py] => gamma: 1.0
2026-04-19 22:16:52,701 [toolkit.py] => logdir: logs/actmat-c-l1000.0-g1.0/imagenet-a/t10
2026-04-19 22:16:52,701 [toolkit.py] => logfilename: logs/actmat-c-l1000.0-g1.0/imagenet-a/t10/seed0
2026-04-19 22:16:53,197 [data_manager.py] => Class index order: 0, 1, 2, 3, 4, ..., 195, 196, 197, 198, 199
2026-04-19 22:16:56,786 [trainer.py] => ================================================================================
2026-04-19 22:16:56,791 [base.py] => Task 0 learning on class 0-20
2026-04-19 22:16:58,023 [toolkit.py] => Total params:     103,487,003
2026-04-19 22:16:58,023 [toolkit.py] => Trainable params: 384,020
2026-04-19 22:16:58,023 [toolkit.py] => Trainable ratio:  0.3711%
2026-04-19 22:20:39,548 [actmat_c.py] => Task 0, Epoch 20/20 => Loss 0.238, Train_accy 93.62
2026-04-19 22:20:39,549 [trainer.py] => Training time: 0h 3m 42s
2026-04-19 22:20:43,083 [trainer.py] => Evaluation time: 0h 0m 3s
2026-04-19 22:20:48,916 [trainer.py] => Accuracy: {'total': 84.98, '00-19': 84.98, 'old': 0, 'new': 84.98}
2026-04-19 22:20:48,916 [trainer.py] => (curve) top1 Acc: [84.98]
2026-04-19 22:20:48,916 [trainer.py] => (curve) top1 Acc with task: [84.98]
2026-04-19 22:20:48,917 [trainer.py] => (curve) top1 Acc task: [100.0]
2026-04-19 22:20:48,917 [trainer.py] => ================================================================================
2026-04-19 22:20:48,917 [trainer.py] => ================================================================================
2026-04-19 22:20:48,918 [base.py] => Task 1 learning on class 20-40
2026-04-19 22:20:48,921 [toolkit.py] => Total params:     103,487,003
2026-04-19 22:20:48,922 [toolkit.py] => Trainable params: 384,020
2026-04-19 22:20:48,922 [toolkit.py] => Trainable ratio:  0.3711%
2026-04-19 22:24:01,909 [actmat_c.py] => Task 1, Epoch 20/20 => Loss 0.138, Train_accy 95.30
2026-04-19 22:24:01,910 [trainer.py] => Training time: 0h 3m 12s
2026-04-19 22:24:06,050 [trainer.py] => Evaluation time: 0h 0m 4s
2026-04-19 22:24:11,295 [trainer.py] => Accuracy: {'total': 77.3, '00-19': 78.27, '20-39': 76.1, 'old': 78.27, 'new': 76.1}
2026-04-19 22:24:11,295 [trainer.py] => (curve) top1 Acc: [84.98, 77.3]
2026-04-19 22:24:11,295 [trainer.py] => (curve) top1 Acc with task: [84.98, 84.93]
2026-04-19 22:24:11,295 [trainer.py] => (curve) top1 Acc task: [100.0, 87.94]
2026-04-19 22:24:11,295 [trainer.py] => ================================================================================
2026-04-19 22:24:11,295 [trainer.py] => ================================================================================
2026-04-19 22:24:11,297 [base.py] => Task 2 learning on class 40-60
2026-04-19 22:24:11,300 [toolkit.py] => Total params:     103,487,003
2026-04-19 22:24:11,300 [toolkit.py] => Trainable params: 384,020
2026-04-19 22:24:11,301 [toolkit.py] => Trainable ratio:  0.3711%
2026-04-19 22:27:29,765 [actmat_c.py] => Task 2, Epoch 20/20 => Loss 0.201, Train_accy 94.00
2026-04-19 22:27:29,766 [trainer.py] => Training time: 0h 3m 18s
2026-04-19 22:27:34,997 [trainer.py] => Evaluation time: 0h 0m 5s
2026-04-19 22:27:40,215 [trainer.py] => Accuracy: {'total': 70.43, '00-19': 75.4, '20-39': 74.9, '40-59': 59.76, 'old': 75.18, 'new': 59.76}
2026-04-19 22:27:40,215 [trainer.py] => (curve) top1 Acc: [84.98, 77.3, 70.43]
2026-04-19 22:27:40,215 [trainer.py] => (curve) top1 Acc with task: [84.98, 84.93, 81.6]
2026-04-19 22:27:40,215 [trainer.py] => (curve) top1 Acc task: [100.0, 87.94, 80.98]
2026-04-19 22:27:40,215 [trainer.py] => ================================================================================
2026-04-19 22:27:40,216 [trainer.py] => ================================================================================
2026-04-19 22:27:40,217 [base.py] => Task 3 learning on class 60-80
2026-04-19 22:27:40,220 [toolkit.py] => Total params:     103,487,003
2026-04-19 22:27:40,220 [toolkit.py] => Trainable params: 384,020
2026-04-19 22:27:40,220 [toolkit.py] => Trainable ratio:  0.3711%
2026-04-19 22:29:50,197 [actmat_c.py] => Task 3, Epoch 20/20 => Loss 0.154, Train_accy 94.43
2026-04-19 22:29:50,198 [trainer.py] => Training time: 0h 2m 9s
2026-04-19 22:29:56,031 [trainer.py] => Evaluation time: 0h 0m 5s
2026-04-19 22:29:59,819 [trainer.py] => Accuracy: {'total': 69.25, '00-19': 73.16, '20-39': 73.31, '40-59': 56.18, '60-79': 76.16, 'old': 67.98, 'new': 76.16}
2026-04-19 22:29:59,819 [trainer.py] => (curve) top1 Acc: [84.98, 77.3, 70.43, 69.25]
2026-04-19 22:29:59,820 [trainer.py] => (curve) top1 Acc with task: [84.98, 84.93, 81.6, 82.3]
2026-04-19 22:29:59,820 [trainer.py] => (curve) top1 Acc task: [100.0, 87.94, 80.98, 77.85]
2026-04-19 22:29:59,820 [trainer.py] => ================================================================================
2026-04-19 22:29:59,820 [trainer.py] => ================================================================================
2026-04-19 22:29:59,821 [base.py] => Task 4 learning on class 80-100
2026-04-19 22:29:59,825 [toolkit.py] => Total params:     103,487,003
2026-04-19 22:29:59,825 [toolkit.py] => Trainable params: 384,020
2026-04-19 22:29:59,825 [toolkit.py] => Trainable ratio:  0.3711%
2026-04-19 22:31:43,474 [actmat_c.py] => Task 4, Epoch 20/20 => Loss 0.088, Train_accy 96.95
2026-04-19 22:31:43,476 [trainer.py] => Training time: 0h 1m 43s
2026-04-19 22:31:49,488 [trainer.py] => Evaluation time: 0h 0m 6s
2026-04-19 22:31:52,761 [trainer.py] => Accuracy: {'total': 66.29, '00-19': 72.52, '20-39': 73.31, '40-59': 56.57, '60-79': 76.16, '80-99': 39.22, 'old': 69.15, 'new': 39.22}
2026-04-19 22:31:52,762 [trainer.py] => (curve) top1 Acc: [84.98, 77.3, 70.43, 69.25, 66.29]
2026-04-19 22:31:52,762 [trainer.py] => (curve) top1 Acc with task: [84.98, 84.93, 81.6, 82.3, 79.87]
2026-04-19 22:31:52,762 [trainer.py] => (curve) top1 Acc task: [100.0, 87.94, 80.98, 77.85, 74.53]
2026-04-19 22:31:52,762 [trainer.py] => ================================================================================
2026-04-19 22:31:52,762 [trainer.py] => ================================================================================
2026-04-19 22:31:52,763 [base.py] => Task 5 learning on class 100-120
2026-04-19 22:31:52,767 [toolkit.py] => Total params:     103,487,003
2026-04-19 22:31:52,767 [toolkit.py] => Trainable params: 384,020
2026-04-19 22:31:52,768 [toolkit.py] => Trainable ratio:  0.3711%
2026-04-19 22:33:18,632 [actmat_c.py] => Task 5, Epoch 20/20 => Loss 0.119, Train_accy 96.58
2026-04-19 22:33:18,636 [trainer.py] => Training time: 0h 1m 25s
2026-04-19 22:33:39,340 [trainer.py] => Evaluation time: 0h 0m 20s
2026-04-19 22:33:42,665 [trainer.py] => Accuracy: {'total': 63.2, '00-19': 71.57, '20-39': 73.71, '40-59': 55.78, '60-79': 75.5, '80-99': 39.22, '100-119': 22.06, 'old': 65.82, 'new': 22.06}
2026-04-19 22:33:42,666 [trainer.py] => (curve) top1 Acc: [84.98, 77.3, 70.43, 69.25, 66.29, 63.2]
2026-04-19 22:33:42,666 [trainer.py] => (curve) top1 Acc with task: [84.98, 84.93, 81.6, 82.3, 79.87, 78.08]
2026-04-19 22:33:42,666 [trainer.py] => (curve) top1 Acc task: [100.0, 87.94, 80.98, 77.85, 74.53, 71.39]
2026-04-19 22:33:42,666 [trainer.py] => ================================================================================
2026-04-19 22:33:42,666 [trainer.py] => ================================================================================
2026-04-19 22:33:42,667 [base.py] => Task 6 learning on class 120-140
2026-04-19 22:33:42,671 [toolkit.py] => Total params:     103,487,003
2026-04-19 22:33:42,671 [toolkit.py] => Trainable params: 384,020
2026-04-19 22:33:42,671 [toolkit.py] => Trainable ratio:  0.3711%
2026-04-19 22:35:23,381 [actmat_c.py] => Task 6, Epoch 20/20 => Loss 0.141, Train_accy 96.58
2026-04-19 22:35:23,382 [trainer.py] => Training time: 0h 1m 40s
2026-04-19 22:35:29,779 [trainer.py] => Evaluation time: 0h 0m 6s
2026-04-19 22:35:33,055 [trainer.py] => Accuracy: {'total': 61.55, '00-19': 72.2, '20-39': 73.31, '40-59': 56.57, '60-79': 74.17, '80-99': 36.27, '100-119': 19.12, '120-139': 44.94, 'old': 62.85, 'new': 44.94}
2026-04-19 22:35:33,055 [trainer.py] => (curve) top1 Acc: [84.98, 77.3, 70.43, 69.25, 66.29, 63.2, 61.55]
2026-04-19 22:35:33,055 [trainer.py] => (curve) top1 Acc with task: [84.98, 84.93, 81.6, 82.3, 79.87, 78.08, 77.22]
2026-04-19 22:35:33,056 [trainer.py] => (curve) top1 Acc task: [100.0, 87.94, 80.98, 77.85, 74.53, 71.39, 69.63]
2026-04-19 22:35:33,056 [trainer.py] => ================================================================================
2026-04-19 22:35:33,056 [trainer.py] => ================================================================================
2026-04-19 22:35:33,057 [base.py] => Task 7 learning on class 140-160
2026-04-19 22:35:33,060 [toolkit.py] => Total params:     103,487,003
2026-04-19 22:35:33,060 [toolkit.py] => Trainable params: 384,020
2026-04-19 22:35:33,061 [toolkit.py] => Trainable ratio:  0.3711%
2026-04-19 22:37:05,845 [actmat_c.py] => Task 7, Epoch 20/20 => Loss 0.098, Train_accy 96.88
2026-04-19 22:37:05,847 [trainer.py] => Training time: 0h 1m 32s
2026-04-19 22:37:12,658 [trainer.py] => Evaluation time: 0h 0m 6s
2026-04-19 22:37:15,793 [trainer.py] => Accuracy: {'total': 59.8, '00-19': 73.16, '20-39': 73.31, '40-59': 55.38, '60-79': 74.17, '80-99': 36.27, '100-119': 20.59, '120-139': 39.33, '140-159': 38.27, 'old': 61.22, 'new': 38.27}
2026-04-19 22:37:15,793 [trainer.py] => (curve) top1 Acc: [84.98, 77.3, 70.43, 69.25, 66.29, 63.2, 61.55, 59.8]
2026-04-19 22:37:15,793 [trainer.py] => (curve) top1 Acc with task: [84.98, 84.93, 81.6, 82.3, 79.87, 78.08, 77.22, 76.49]
2026-04-19 22:37:15,794 [trainer.py] => (curve) top1 Acc task: [100.0, 87.94, 80.98, 77.85, 74.53, 71.39, 69.63, 67.46]
2026-04-19 22:37:15,794 [trainer.py] => ================================================================================
2026-04-19 22:37:15,794 [trainer.py] => ================================================================================
2026-04-19 22:37:15,795 [base.py] => Task 8 learning on class 160-180
2026-04-19 22:37:15,798 [toolkit.py] => Total params:     103,487,003
2026-04-19 22:37:15,798 [toolkit.py] => Trainable params: 384,020
2026-04-19 22:37:15,798 [toolkit.py] => Trainable ratio:  0.3711%
2026-04-19 22:39:07,397 [actmat_c.py] => Task 8, Epoch 20/20 => Loss 0.083, Train_accy 98.21
2026-04-19 22:39:07,399 [trainer.py] => Training time: 0h 1m 51s
2026-04-19 22:39:19,205 [trainer.py] => Evaluation time: 0h 0m 11s
2026-04-19 22:39:22,968 [trainer.py] => Accuracy: {'total': 57.16, '00-19': 72.52, '20-39': 73.31, '40-59': 55.38, '60-79': 74.17, '80-99': 34.31, '100-119': 19.12, '120-139': 37.08, '140-159': 35.8, '160-179': 30.93, 'old': 59.11, 'new': 30.93}
2026-04-19 22:39:22,969 [trainer.py] => (curve) top1 Acc: [84.98, 77.3, 70.43, 69.25, 66.29, 63.2, 61.55, 59.8, 57.16]
2026-04-19 22:39:22,969 [trainer.py] => (curve) top1 Acc with task: [84.98, 84.93, 81.6, 82.3, 79.87, 78.08, 77.22, 76.49, 75.27]
2026-04-19 22:39:22,969 [trainer.py] => (curve) top1 Acc task: [100.0, 87.94, 80.98, 77.85, 74.53, 71.39, 69.63, 67.46, 64.29]
2026-04-19 22:39:22,969 [trainer.py] => ================================================================================
2026-04-19 22:39:22,969 [trainer.py] => ================================================================================
2026-04-19 22:39:22,970 [base.py] => Task 9 learning on class 180-200
2026-04-19 22:39:22,974 [toolkit.py] => Total params:     103,487,003
2026-04-19 22:39:22,974 [toolkit.py] => Trainable params: 384,020
2026-04-19 22:39:22,974 [toolkit.py] => Trainable ratio:  0.3711%
2026-04-19 22:41:05,162 [actmat_c.py] => Task 9, Epoch 20/20 => Loss 0.063, Train_accy 97.92
2026-04-19 22:41:05,163 [trainer.py] => Training time: 0h 1m 42s
2026-04-19 22:41:12,490 [trainer.py] => Evaluation time: 0h 0m 7s
2026-04-19 22:41:15,908 [trainer.py] => Accuracy: {'total': 56.27, '00-19': 73.16, '20-39': 71.71, '40-59': 54.98, '60-79': 74.17, '80-99': 34.31, '100-119': 17.65, '120-139': 38.2, '140-159': 34.57, '160-179': 30.93, '180-199': 47.42, 'old': 56.88, 'new': 47.42}
2026-04-19 22:41:15,908 [trainer.py] => (curve) top1 Acc: [84.98, 77.3, 70.43, 69.25, 66.29, 63.2, 61.55, 59.8, 57.16, 56.27]
2026-04-19 22:41:15,909 [trainer.py] => (curve) top1 Acc with task: [84.98, 84.93, 81.6, 82.3, 79.87, 78.08, 77.22, 76.49, 75.27, 74.53]
2026-04-19 22:41:15,909 [trainer.py] => (curve) top1 Acc task: [100.0, 87.94, 80.98, 77.85, 74.53, 71.39, 69.63, 67.46, 64.29, 62.87]
2026-04-19 22:41:15,909 [trainer.py] => ================================================================================
