2026-04-20 12:50:12,857 [toolkit.py] => config: configs/actmat-c-l1000.0/imagenet-a.json
2026-04-20 12:50:12,858 [toolkit.py] => device: [device(type='cuda', index=0)]
2026-04-20 12:50:12,858 [toolkit.py] => debug: False
2026-04-20 12:50:12,858 [toolkit.py] => save_ckp: False
2026-04-20 12:50:12,859 [toolkit.py] => seed: 0
2026-04-20 12:50:12,859 [toolkit.py] => dataset: imagenet-a
2026-04-20 12:50:12,859 [toolkit.py] => data_path: data/imagenet-a
2026-04-20 12:50:12,859 [toolkit.py] => load: vit_base_patch16_224_in21k
2026-04-20 12:50:12,859 [toolkit.py] => init_cls: 20
2026-04-20 12:50:12,859 [toolkit.py] => increment: 20
2026-04-20 12:50:12,859 [toolkit.py] => sessions: 10
2026-04-20 12:50:12,859 [toolkit.py] => shuffle: False
2026-04-20 12:50:12,860 [toolkit.py] => method: actmat-c
2026-04-20 12:50:12,860 [toolkit.py] => optimizer: adam
2026-04-20 12:50:12,860 [toolkit.py] => scheduler: cosine
2026-04-20 12:50:12,860 [toolkit.py] => epochs: 20
2026-04-20 12:50:12,860 [toolkit.py] => lrate: 0.0005
2026-04-20 12:50:12,860 [toolkit.py] => fc_lrate: 0.005
2026-04-20 12:50:12,860 [toolkit.py] => weight_decay: 0.0
2026-04-20 12:50:12,860 [toolkit.py] => batch_size: 128
2026-04-20 12:50:12,860 [toolkit.py] => rank: 10
2026-04-20 12:50:12,860 [toolkit.py] => num_workers: 16
2026-04-20 12:50:12,861 [toolkit.py] => lambda: 1000.0
2026-04-20 12:50:12,861 [toolkit.py] => gamma: 0.0
2026-04-20 12:50:12,861 [toolkit.py] => logdir: logs/actmat-c-l1000.0-g0.0/imagenet-a/t10
2026-04-20 12:50:12,861 [toolkit.py] => logfilename: logs/actmat-c-l1000.0-g0.0/imagenet-a/t10/seed0
2026-04-20 12:50:13,324 [data_manager.py] => Class index order: 0, 1, 2, 3, 4, ..., 195, 196, 197, 198, 199
2026-04-20 12:50:16,748 [trainer.py] => ================================================================================
2026-04-20 12:50:16,751 [base.py] => Task 0 learning on class 0-20
2026-04-20 12:50:17,937 [toolkit.py] => Total params:     103,487,003
2026-04-20 12:50:17,937 [toolkit.py] => Trainable params: 384,020
2026-04-20 12:50:17,938 [toolkit.py] => Trainable ratio:  0.3711%
2026-04-20 12:54:22,300 [actmat_c.py] => Task 0, Epoch 20/20 => Loss 0.238, Train_accy 93.62
2026-04-20 12:54:22,301 [trainer.py] => Training time: 0h 4m 5s
2026-04-20 12:54:25,915 [trainer.py] => Evaluation time: 0h 0m 3s
2026-04-20 12:54:31,623 [trainer.py] => Accuracy: {'total': 84.98, '00-19': 84.98, 'old': 0, 'new': 84.98}
2026-04-20 12:54:31,623 [trainer.py] => (curve) top1 Acc: [84.98]
2026-04-20 12:54:31,623 [trainer.py] => (curve) top1 Acc with task: [84.98]
2026-04-20 12:54:31,624 [trainer.py] => (curve) top1 Acc task: [100.0]
2026-04-20 12:54:31,624 [trainer.py] => ================================================================================
2026-04-20 12:54:31,624 [trainer.py] => ================================================================================
2026-04-20 12:54:31,625 [base.py] => Task 1 learning on class 20-40
2026-04-20 12:54:31,629 [toolkit.py] => Total params:     103,487,003
2026-04-20 12:54:31,629 [toolkit.py] => Trainable params: 384,020
2026-04-20 12:54:31,629 [toolkit.py] => Trainable ratio:  0.3711%
2026-04-20 12:57:42,666 [actmat_c.py] => Task 1, Epoch 20/20 => Loss 0.138, Train_accy 95.30
2026-04-20 12:57:42,667 [trainer.py] => Training time: 0h 3m 11s
2026-04-20 12:57:46,868 [trainer.py] => Evaluation time: 0h 0m 4s
2026-04-20 12:57:52,190 [trainer.py] => Accuracy: {'total': 77.3, '00-19': 78.27, '20-39': 76.1, 'old': 78.27, 'new': 76.1}
2026-04-20 12:57:52,190 [trainer.py] => (curve) top1 Acc: [84.98, 77.3]
2026-04-20 12:57:52,190 [trainer.py] => (curve) top1 Acc with task: [84.98, 84.93]
2026-04-20 12:57:52,190 [trainer.py] => (curve) top1 Acc task: [100.0, 87.94]
2026-04-20 12:57:52,190 [trainer.py] => ================================================================================
2026-04-20 12:57:52,190 [trainer.py] => ================================================================================
2026-04-20 12:57:52,192 [base.py] => Task 2 learning on class 40-60
2026-04-20 12:57:52,195 [toolkit.py] => Total params:     103,487,003
2026-04-20 12:57:52,195 [toolkit.py] => Trainable params: 384,020
2026-04-20 12:57:52,196 [toolkit.py] => Trainable ratio:  0.3711%
2026-04-20 13:00:56,391 [actmat_c.py] => Task 2, Epoch 20/20 => Loss 0.201, Train_accy 94.10
2026-04-20 13:00:56,392 [trainer.py] => Training time: 0h 3m 4s
2026-04-20 13:01:01,343 [trainer.py] => Evaluation time: 0h 0m 4s
2026-04-20 13:01:06,397 [trainer.py] => Accuracy: {'total': 70.43, '00-19': 75.4, '20-39': 74.9, '40-59': 59.76, 'old': 75.18, 'new': 59.76}
2026-04-20 13:01:06,398 [trainer.py] => (curve) top1 Acc: [84.98, 77.3, 70.43]
2026-04-20 13:01:06,398 [trainer.py] => (curve) top1 Acc with task: [84.98, 84.93, 81.6]
2026-04-20 13:01:06,398 [trainer.py] => (curve) top1 Acc task: [100.0, 87.94, 80.98]
2026-04-20 13:01:06,398 [trainer.py] => ================================================================================
2026-04-20 13:01:06,398 [trainer.py] => ================================================================================
2026-04-20 13:01:06,399 [base.py] => Task 3 learning on class 60-80
2026-04-20 13:01:06,403 [toolkit.py] => Total params:     103,487,003
2026-04-20 13:01:06,403 [toolkit.py] => Trainable params: 384,020
2026-04-20 13:01:06,403 [toolkit.py] => Trainable ratio:  0.3711%
2026-04-20 13:03:24,245 [actmat_c.py] => Task 3, Epoch 20/20 => Loss 0.153, Train_accy 94.43
2026-04-20 13:03:24,247 [trainer.py] => Training time: 0h 2m 17s
2026-04-20 13:03:30,204 [trainer.py] => Evaluation time: 0h 0m 5s
2026-04-20 13:03:34,196 [trainer.py] => Accuracy: {'total': 69.36, '00-19': 73.16, '20-39': 73.71, '40-59': 56.18, '60-79': 76.16, 'old': 68.1, 'new': 76.16}
2026-04-20 13:03:34,196 [trainer.py] => (curve) top1 Acc: [84.98, 77.3, 70.43, 69.36]
2026-04-20 13:03:34,196 [trainer.py] => (curve) top1 Acc with task: [84.98, 84.93, 81.6, 82.4]
2026-04-20 13:03:34,196 [trainer.py] => (curve) top1 Acc task: [100.0, 87.94, 80.98, 77.95]
2026-04-20 13:03:34,196 [trainer.py] => ================================================================================
2026-04-20 13:03:34,196 [trainer.py] => ================================================================================
2026-04-20 13:03:34,197 [base.py] => Task 4 learning on class 80-100
2026-04-20 13:03:34,201 [toolkit.py] => Total params:     103,487,003
2026-04-20 13:03:34,201 [toolkit.py] => Trainable params: 384,020
2026-04-20 13:03:34,201 [toolkit.py] => Trainable ratio:  0.3711%
2026-04-20 13:05:19,738 [actmat_c.py] => Task 4, Epoch 20/20 => Loss 0.086, Train_accy 96.95
2026-04-20 13:05:19,740 [trainer.py] => Training time: 0h 1m 45s
2026-04-20 13:05:26,023 [trainer.py] => Evaluation time: 0h 0m 6s
2026-04-20 13:05:29,674 [trainer.py] => Accuracy: {'total': 66.29, '00-19': 72.2, '20-39': 73.71, '40-59': 56.57, '60-79': 76.16, '80-99': 39.22, 'old': 69.15, 'new': 39.22}
2026-04-20 13:05:29,674 [trainer.py] => (curve) top1 Acc: [84.98, 77.3, 70.43, 69.36, 66.29]
2026-04-20 13:05:29,674 [trainer.py] => (curve) top1 Acc with task: [84.98, 84.93, 81.6, 82.4, 79.78]
2026-04-20 13:05:29,675 [trainer.py] => (curve) top1 Acc task: [100.0, 87.94, 80.98, 77.95, 74.53]
2026-04-20 13:05:29,675 [trainer.py] => ================================================================================
2026-04-20 13:05:29,675 [trainer.py] => ================================================================================
2026-04-20 13:05:29,676 [base.py] => Task 5 learning on class 100-120
2026-04-20 13:05:29,679 [toolkit.py] => Total params:     103,487,003
2026-04-20 13:05:29,679 [toolkit.py] => Trainable params: 384,020
2026-04-20 13:05:29,679 [toolkit.py] => Trainable ratio:  0.3711%
2026-04-20 13:06:55,197 [actmat_c.py] => Task 5, Epoch 20/20 => Loss 0.103, Train_accy 96.58
2026-04-20 13:06:55,199 [trainer.py] => Training time: 0h 1m 25s
2026-04-20 13:07:01,438 [trainer.py] => Evaluation time: 0h 0m 6s
2026-04-20 13:07:04,621 [trainer.py] => Accuracy: {'total': 63.29, '00-19': 71.88, '20-39': 73.71, '40-59': 55.78, '60-79': 75.5, '80-99': 39.22, '100-119': 22.06, 'old': 65.92, 'new': 22.06}
2026-04-20 13:07:04,622 [trainer.py] => (curve) top1 Acc: [84.98, 77.3, 70.43, 69.36, 66.29, 63.29]
2026-04-20 13:07:04,622 [trainer.py] => (curve) top1 Acc with task: [84.98, 84.93, 81.6, 82.4, 79.78, 77.99]
2026-04-20 13:07:04,622 [trainer.py] => (curve) top1 Acc task: [100.0, 87.94, 80.98, 77.95, 74.53, 71.48]
2026-04-20 13:07:04,622 [trainer.py] => ================================================================================
2026-04-20 13:07:04,622 [trainer.py] => ================================================================================
2026-04-20 13:07:04,623 [base.py] => Task 6 learning on class 120-140
2026-04-20 13:07:04,627 [toolkit.py] => Total params:     103,487,003
2026-04-20 13:07:04,627 [toolkit.py] => Trainable params: 384,020
2026-04-20 13:07:04,627 [toolkit.py] => Trainable ratio:  0.3711%
2026-04-20 13:08:37,407 [actmat_c.py] => Task 6, Epoch 20/20 => Loss 0.121, Train_accy 96.58
2026-04-20 13:08:37,408 [trainer.py] => Training time: 0h 1m 32s
2026-04-20 13:08:43,863 [trainer.py] => Evaluation time: 0h 0m 6s
2026-04-20 13:08:47,084 [trainer.py] => Accuracy: {'total': 61.63, '00-19': 72.52, '20-39': 73.71, '40-59': 56.18, '60-79': 74.17, '80-99': 36.27, '100-119': 19.12, '120-139': 44.94, 'old': 62.94, 'new': 44.94}
2026-04-20 13:08:47,084 [trainer.py] => (curve) top1 Acc: [84.98, 77.3, 70.43, 69.36, 66.29, 63.29, 61.63]
2026-04-20 13:08:47,085 [trainer.py] => (curve) top1 Acc with task: [84.98, 84.93, 81.6, 82.4, 79.78, 77.99, 77.22]
2026-04-20 13:08:47,085 [trainer.py] => (curve) top1 Acc task: [100.0, 87.94, 80.98, 77.95, 74.53, 71.48, 69.71]
2026-04-20 13:08:47,085 [trainer.py] => ================================================================================
2026-04-20 13:08:47,085 [trainer.py] => ================================================================================
2026-04-20 13:08:47,086 [base.py] => Task 7 learning on class 140-160
2026-04-20 13:08:47,089 [toolkit.py] => Total params:     103,487,003
2026-04-20 13:08:47,090 [toolkit.py] => Trainable params: 384,020
2026-04-20 13:08:47,090 [toolkit.py] => Trainable ratio:  0.3711%
2026-04-20 13:10:18,197 [actmat_c.py] => Task 7, Epoch 20/20 => Loss 0.075, Train_accy 96.88
2026-04-20 13:10:18,199 [trainer.py] => Training time: 0h 1m 31s
2026-04-20 13:10:25,157 [trainer.py] => Evaluation time: 0h 0m 6s
2026-04-20 13:10:28,348 [trainer.py] => Accuracy: {'total': 59.57, '00-19': 72.52, '20-39': 72.91, '40-59': 55.38, '60-79': 74.17, '80-99': 36.27, '100-119': 20.59, '120-139': 39.33, '140-159': 38.27, 'old': 60.98, 'new': 38.27}
2026-04-20 13:10:28,348 [trainer.py] => (curve) top1 Acc: [84.98, 77.3, 70.43, 69.36, 66.29, 63.29, 61.63, 59.57]
2026-04-20 13:10:28,348 [trainer.py] => (curve) top1 Acc with task: [84.98, 84.93, 81.6, 82.4, 79.78, 77.99, 77.22, 76.65]
2026-04-20 13:10:28,349 [trainer.py] => (curve) top1 Acc task: [100.0, 87.94, 80.98, 77.95, 74.53, 71.48, 69.71, 67.23]
2026-04-20 13:10:28,349 [trainer.py] => ================================================================================
2026-04-20 13:10:28,349 [trainer.py] => ================================================================================
2026-04-20 13:10:28,350 [base.py] => Task 8 learning on class 160-180
2026-04-20 13:10:28,353 [toolkit.py] => Total params:     103,487,003
2026-04-20 13:10:28,353 [toolkit.py] => Trainable params: 384,020
2026-04-20 13:10:28,354 [toolkit.py] => Trainable ratio:  0.3711%
2026-04-20 13:12:08,995 [actmat_c.py] => Task 8, Epoch 20/20 => Loss 0.079, Train_accy 98.21
2026-04-20 13:12:08,996 [trainer.py] => Training time: 0h 1m 40s
2026-04-20 13:12:25,602 [trainer.py] => Evaluation time: 0h 0m 16s
2026-04-20 13:12:29,292 [trainer.py] => Accuracy: {'total': 57.02, '00-19': 72.2, '20-39': 72.51, '40-59': 54.98, '60-79': 74.17, '80-99': 34.31, '100-119': 19.12, '120-139': 38.2, '140-159': 35.8, '160-179': 31.96, 'old': 58.88, 'new': 31.96}
2026-04-20 13:12:29,292 [trainer.py] => (curve) top1 Acc: [84.98, 77.3, 70.43, 69.36, 66.29, 63.29, 61.63, 59.57, 57.02]
2026-04-20 13:12:29,292 [trainer.py] => (curve) top1 Acc with task: [84.98, 84.93, 81.6, 82.4, 79.78, 77.99, 77.22, 76.65, 75.34]
2026-04-20 13:12:29,293 [trainer.py] => (curve) top1 Acc task: [100.0, 87.94, 80.98, 77.95, 74.53, 71.48, 69.71, 67.23, 64.22]
2026-04-20 13:12:29,293 [trainer.py] => ================================================================================
2026-04-20 13:12:29,293 [trainer.py] => ================================================================================
2026-04-20 13:12:29,294 [base.py] => Task 9 learning on class 180-200
2026-04-20 13:12:29,297 [toolkit.py] => Total params:     103,487,003
2026-04-20 13:12:29,297 [toolkit.py] => Trainable params: 384,020
2026-04-20 13:12:29,298 [toolkit.py] => Trainable ratio:  0.3711%
2026-04-20 13:14:09,137 [actmat_c.py] => Task 9, Epoch 20/20 => Loss 0.059, Train_accy 97.92
2026-04-20 13:14:09,138 [trainer.py] => Training time: 0h 1m 39s
2026-04-20 13:14:16,507 [trainer.py] => Evaluation time: 0h 0m 7s
2026-04-20 13:14:19,868 [trainer.py] => Accuracy: {'total': 56.2, '00-19': 72.2, '20-39': 71.31, '40-59': 54.98, '60-79': 74.17, '80-99': 34.31, '100-119': 17.65, '120-139': 38.2, '140-159': 35.8, '160-179': 31.96, '180-199': 48.45, 'old': 56.74, 'new': 48.45}
2026-04-20 13:14:19,868 [trainer.py] => (curve) top1 Acc: [84.98, 77.3, 70.43, 69.36, 66.29, 63.29, 61.63, 59.57, 57.02, 56.2]
2026-04-20 13:14:19,869 [trainer.py] => (curve) top1 Acc with task: [84.98, 84.93, 81.6, 82.4, 79.78, 77.99, 77.22, 76.65, 75.34, 74.53]
2026-04-20 13:14:19,869 [trainer.py] => (curve) top1 Acc task: [100.0, 87.94, 80.98, 77.95, 74.53, 71.48, 69.71, 67.23, 64.22, 62.93]
2026-04-20 13:14:19,869 [trainer.py] => ================================================================================
