2026-04-19 18:34:47,710 [toolkit.py] => config: configs/actmat-c-l100.0/imagenet-r.json
2026-04-19 18:34:47,711 [toolkit.py] => device: [device(type='cuda', index=0)]
2026-04-19 18:34:47,714 [toolkit.py] => debug: False
2026-04-19 18:34:47,718 [toolkit.py] => save_ckp: False
2026-04-19 18:34:47,723 [toolkit.py] => seed: 0
2026-04-19 18:34:47,728 [toolkit.py] => dataset: imagenet-r
2026-04-19 18:34:47,733 [toolkit.py] => data_path: data/imagenet-r
2026-04-19 18:34:47,738 [toolkit.py] => load: vit_base_patch16_224_in21k
2026-04-19 18:34:47,744 [toolkit.py] => init_cls: 20
2026-04-19 18:34:47,747 [toolkit.py] => increment: 20
2026-04-19 18:34:47,748 [toolkit.py] => sessions: 10
2026-04-19 18:34:47,754 [toolkit.py] => shuffle: False
2026-04-19 18:34:47,757 [toolkit.py] => method: actmat-c
2026-04-19 18:34:47,762 [toolkit.py] => optimizer: adam
2026-04-19 18:34:47,767 [toolkit.py] => scheduler: cosine
2026-04-19 18:34:47,769 [toolkit.py] => epochs: 50
2026-04-19 18:34:47,773 [toolkit.py] => lrate: 0.0005
2026-04-19 18:34:47,777 [toolkit.py] => fc_lrate: 0.0005
2026-04-19 18:34:47,779 [toolkit.py] => weight_decay: 0.005
2026-04-19 18:34:47,783 [toolkit.py] => batch_size: 128
2026-04-19 18:34:47,787 [toolkit.py] => rank: 10
2026-04-19 18:34:47,792 [toolkit.py] => num_workers: 16
2026-04-19 18:34:47,793 [toolkit.py] => lambda: 100.0
2026-04-19 18:34:47,794 [toolkit.py] => gamma: 1.0
2026-04-19 18:34:47,797 [toolkit.py] => logdir: logs/actmat-c-l100.0-g1.0/imagenet-r/t10
2026-04-19 18:34:47,802 [toolkit.py] => logfilename: logs/actmat-c-l100.0-g1.0/imagenet-r/t10/seed0
2026-04-19 18:34:48,555 [data_manager.py] => Class index order: 0, 1, 2, 3, 4, ..., 195, 196, 197, 198, 199
2026-04-19 18:34:52,263 [trainer.py] => ================================================================================
2026-04-19 18:34:52,268 [base.py] => Task 0 learning on class 0-20
2026-04-19 18:34:53,469 [toolkit.py] => Total params:     103,487,003
2026-04-19 18:34:53,470 [toolkit.py] => Trainable params: 384,020
2026-04-19 18:34:53,471 [toolkit.py] => Trainable ratio:  0.3711%
2026-04-19 18:55:34,076 [actmat_c.py] => Task 0, Epoch 50/50 => Loss 0.183, Train_accy 95.01
2026-04-19 18:55:34,086 [trainer.py] => Training time: 0h 20m 41s
2026-04-19 18:55:38,846 [trainer.py] => Evaluation time: 0h 0m 4s
2026-04-19 18:55:48,851 [trainer.py] => Accuracy: {'total': 89.32, '00-19': 89.32, 'old': 0, 'new': 89.32}
2026-04-19 18:55:48,857 [trainer.py] => (curve) top1 Acc: [89.32]
2026-04-19 18:55:48,861 [trainer.py] => (curve) top1 Acc with task: [89.32]
2026-04-19 18:55:48,865 [trainer.py] => (curve) top1 Acc task: [100.0]
2026-04-19 18:55:48,873 [trainer.py] => ================================================================================
2026-04-19 18:55:48,879 [trainer.py] => ================================================================================
2026-04-19 18:55:48,887 [base.py] => Task 1 learning on class 20-40
2026-04-19 18:55:48,894 [toolkit.py] => Total params:     103,487,003
2026-04-19 18:55:48,897 [toolkit.py] => Trainable params: 384,020
2026-04-19 18:55:48,901 [toolkit.py] => Trainable ratio:  0.3711%
2026-04-19 19:20:46,918 [actmat_c.py] => Task 1, Epoch 50/50 => Loss 0.243, Train_accy 92.93
2026-04-19 19:20:46,923 [trainer.py] => Training time: 0h 24m 58s
2026-04-19 19:20:53,537 [trainer.py] => Evaluation time: 0h 0m 6s
2026-04-19 19:21:14,378 [trainer.py] => Accuracy: {'total': 84.55, '00-19': 87.77, '20-39': 81.67, 'old': 87.77, 'new': 81.67}
2026-04-19 19:21:14,379 [trainer.py] => (curve) top1 Acc: [89.32, 84.55]
2026-04-19 19:21:14,383 [trainer.py] => (curve) top1 Acc with task: [89.32, 89.75]
2026-04-19 19:21:14,385 [trainer.py] => (curve) top1 Acc task: [100.0, 90.41]
2026-04-19 19:21:14,391 [trainer.py] => ================================================================================
2026-04-19 19:21:14,395 [trainer.py] => ================================================================================
2026-04-19 19:21:14,397 [base.py] => Task 2 learning on class 40-60
2026-04-19 19:21:14,400 [toolkit.py] => Total params:     103,487,003
2026-04-19 19:21:14,401 [toolkit.py] => Trainable params: 384,020
2026-04-19 19:21:14,401 [toolkit.py] => Trainable ratio:  0.3711%
2026-04-19 19:35:18,824 [actmat_c.py] => Task 2, Epoch 50/50 => Loss 0.326, Train_accy 90.91
2026-04-19 19:35:18,830 [trainer.py] => Training time: 0h 14m 4s
2026-04-19 19:35:27,376 [trainer.py] => Evaluation time: 0h 0m 8s
2026-04-19 19:35:35,013 [trainer.py] => Accuracy: {'total': 80.91, '00-19': 87.15, '20-39': 80.42, '40-59': 72.48, 'old': 83.6, 'new': 72.48}
2026-04-19 19:35:35,019 [trainer.py] => (curve) top1 Acc: [89.32, 84.55, 80.91]
2026-04-19 19:35:35,025 [trainer.py] => (curve) top1 Acc with task: [89.32, 89.75, 87.85]
2026-04-19 19:35:35,030 [trainer.py] => (curve) top1 Acc task: [100.0, 90.41, 87.57]
2026-04-19 19:35:35,036 [trainer.py] => ================================================================================
2026-04-19 19:35:35,041 [trainer.py] => ================================================================================
2026-04-19 19:35:35,048 [base.py] => Task 3 learning on class 60-80
2026-04-19 19:35:35,055 [toolkit.py] => Total params:     103,487,003
2026-04-19 19:35:35,056 [toolkit.py] => Trainable params: 384,020
2026-04-19 19:35:35,057 [toolkit.py] => Trainable ratio:  0.3711%
2026-04-19 19:58:05,572 [actmat_c.py] => Task 3, Epoch 50/50 => Loss 0.262, Train_accy 92.53
2026-04-19 19:58:05,574 [trainer.py] => Training time: 0h 22m 30s
2026-04-19 19:58:15,514 [trainer.py] => Evaluation time: 0h 0m 9s
2026-04-19 19:58:48,737 [trainer.py] => Accuracy: {'total': 77.62, '00-19': 86.22, '20-39': 78.47, '40-59': 68.58, '60-79': 73.85, 'old': 78.86, 'new': 73.85}
2026-04-19 19:58:48,741 [trainer.py] => (curve) top1 Acc: [89.32, 84.55, 80.91, 77.62]
2026-04-19 19:58:48,746 [trainer.py] => (curve) top1 Acc with task: [89.32, 89.75, 87.85, 87.2]
2026-04-19 19:58:48,751 [trainer.py] => (curve) top1 Acc task: [100.0, 90.41, 87.57, 83.19]
2026-04-19 19:58:48,756 [trainer.py] => ================================================================================
2026-04-19 19:58:48,758 [trainer.py] => ================================================================================
2026-04-19 19:58:48,762 [base.py] => Task 4 learning on class 80-100
2026-04-19 19:58:48,769 [toolkit.py] => Total params:     103,487,003
2026-04-19 19:58:48,774 [toolkit.py] => Trainable params: 384,020
2026-04-19 19:58:48,778 [toolkit.py] => Trainable ratio:  0.3711%
2026-04-19 20:21:21,258 [actmat_c.py] => Task 4, Epoch 50/50 => Loss 0.249, Train_accy 92.58
2026-04-19 20:21:21,263 [trainer.py] => Training time: 0h 22m 32s
2026-04-19 20:21:32,795 [trainer.py] => Evaluation time: 0h 0m 11s
2026-04-19 20:21:42,806 [trainer.py] => Accuracy: {'total': 76.44, '00-19': 85.76, '20-39': 77.78, '40-59': 67.2, '60-79': 72.67, '80-99': 75.39, 'old': 76.75, 'new': 75.39}
2026-04-19 20:21:42,809 [trainer.py] => (curve) top1 Acc: [89.32, 84.55, 80.91, 77.62, 76.44]
2026-04-19 20:21:42,814 [trainer.py] => (curve) top1 Acc with task: [89.32, 89.75, 87.85, 87.2, 86.97]
2026-04-19 20:21:42,818 [trainer.py] => (curve) top1 Acc task: [100.0, 90.41, 87.57, 83.19, 81.54]
2026-04-19 20:21:42,821 [trainer.py] => ================================================================================
2026-04-19 20:21:42,822 [trainer.py] => ================================================================================
2026-04-19 20:21:42,825 [base.py] => Task 5 learning on class 100-120
2026-04-19 20:21:42,830 [toolkit.py] => Total params:     103,487,003
2026-04-19 20:21:42,832 [toolkit.py] => Trainable params: 384,020
2026-04-19 20:21:42,833 [toolkit.py] => Trainable ratio:  0.3711%
2026-04-19 20:44:06,657 [actmat_c.py] => Task 5, Epoch 50/50 => Loss 0.262, Train_accy 93.27
2026-04-19 20:44:06,662 [trainer.py] => Training time: 0h 22m 23s
2026-04-19 20:44:40,869 [trainer.py] => Evaluation time: 0h 0m 34s
2026-04-19 20:44:50,035 [trainer.py] => Accuracy: {'total': 74.79, '00-19': 84.52, '20-39': 76.67, '40-59': 66.74, '60-79': 71.82, '80-99': 74.82, '100-119': 70.45, 'old': 75.57, 'new': 70.45}
2026-04-19 20:44:50,037 [trainer.py] => (curve) top1 Acc: [89.32, 84.55, 80.91, 77.62, 76.44, 74.79]
2026-04-19 20:44:50,039 [trainer.py] => (curve) top1 Acc with task: [89.32, 89.75, 87.85, 87.2, 86.97, 86.46]
2026-04-19 20:44:50,042 [trainer.py] => (curve) top1 Acc task: [100.0, 90.41, 87.57, 83.19, 81.54, 79.61]
2026-04-19 20:44:50,046 [trainer.py] => ================================================================================
2026-04-19 20:44:50,050 [trainer.py] => ================================================================================
2026-04-19 20:44:50,054 [base.py] => Task 6 learning on class 120-140
2026-04-19 20:44:50,062 [toolkit.py] => Total params:     103,487,003
2026-04-19 20:44:50,066 [toolkit.py] => Trainable params: 384,020
2026-04-19 20:44:50,072 [toolkit.py] => Trainable ratio:  0.3711%
2026-04-19 21:04:16,418 [actmat_c.py] => Task 6, Epoch 50/50 => Loss 0.345, Train_accy 90.46
2026-04-19 21:04:16,421 [trainer.py] => Training time: 0h 19m 26s
2026-04-19 21:04:46,479 [trainer.py] => Evaluation time: 0h 0m 30s
2026-04-19 21:04:55,827 [trainer.py] => Accuracy: {'total': 73.16, '00-19': 83.75, '20-39': 75.42, '40-59': 65.6, '60-79': 71.82, '80-99': 74.54, '100-119': 69.37, '120-139': 67.43, 'old': 74.05, 'new': 67.43}
2026-04-19 21:04:55,829 [trainer.py] => (curve) top1 Acc: [89.32, 84.55, 80.91, 77.62, 76.44, 74.79, 73.16]
2026-04-19 21:04:55,832 [trainer.py] => (curve) top1 Acc with task: [89.32, 89.75, 87.85, 87.2, 86.97, 86.46, 85.99]
2026-04-19 21:04:55,833 [trainer.py] => (curve) top1 Acc task: [100.0, 90.41, 87.57, 83.19, 81.54, 79.61, 77.61]
2026-04-19 21:04:55,838 [trainer.py] => ================================================================================
2026-04-19 21:04:55,838 [trainer.py] => ================================================================================
2026-04-19 21:04:55,841 [base.py] => Task 7 learning on class 140-160
2026-04-19 21:04:55,847 [toolkit.py] => Total params:     103,487,003
2026-04-19 21:04:55,851 [toolkit.py] => Trainable params: 384,020
2026-04-19 21:04:55,855 [toolkit.py] => Trainable ratio:  0.3711%
2026-04-19 21:22:09,434 [actmat_c.py] => Task 7, Epoch 50/50 => Loss 0.292, Train_accy 92.15
2026-04-19 21:22:09,441 [trainer.py] => Training time: 0h 17m 13s
2026-04-19 21:22:24,721 [trainer.py] => Evaluation time: 0h 0m 15s
2026-04-19 21:22:34,919 [trainer.py] => Accuracy: {'total': 72.29, '00-19': 83.59, '20-39': 75.28, '40-59': 66.74, '60-79': 71.14, '80-99': 74.11, '100-119': 69.37, '120-139': 66.37, '140-159': 66.45, 'old': 72.92, 'new': 66.45}
2026-04-19 21:22:34,924 [trainer.py] => (curve) top1 Acc: [89.32, 84.55, 80.91, 77.62, 76.44, 74.79, 73.16, 72.29]
2026-04-19 21:22:34,928 [trainer.py] => (curve) top1 Acc with task: [89.32, 89.75, 87.85, 87.2, 86.97, 86.46, 85.99, 85.47]
2026-04-19 21:22:34,933 [trainer.py] => (curve) top1 Acc task: [100.0, 90.41, 87.57, 83.19, 81.54, 79.61, 77.61, 76.76]
2026-04-19 21:22:34,938 [trainer.py] => ================================================================================
2026-04-19 21:22:34,940 [trainer.py] => ================================================================================
2026-04-19 21:22:34,949 [base.py] => Task 8 learning on class 160-180
2026-04-19 21:22:34,959 [toolkit.py] => Total params:     103,487,003
2026-04-19 21:22:34,965 [toolkit.py] => Trainable params: 384,020
2026-04-19 21:22:34,970 [toolkit.py] => Trainable ratio:  0.3711%
2026-04-19 21:43:27,844 [actmat_c.py] => Task 8, Epoch 50/50 => Loss 0.173, Train_accy 95.38
2026-04-19 21:43:27,849 [trainer.py] => Training time: 0h 20m 52s
2026-04-19 21:43:44,307 [trainer.py] => Evaluation time: 0h 0m 16s
2026-04-19 21:44:15,521 [trainer.py] => Accuracy: {'total': 72.82, '00-19': 83.59, '20-39': 74.72, '40-59': 66.06, '60-79': 70.63, '80-99': 73.26, '100-119': 68.65, '120-139': 65.67, '140-159': 65.57, '160-179': 81.32, 'old': 71.69, 'new': 81.32}
2026-04-19 21:44:15,527 [trainer.py] => (curve) top1 Acc: [89.32, 84.55, 80.91, 77.62, 76.44, 74.79, 73.16, 72.29, 72.82]
2026-04-19 21:44:15,532 [trainer.py] => (curve) top1 Acc with task: [89.32, 89.75, 87.85, 87.2, 86.97, 86.46, 85.99, 85.47, 86.19]
2026-04-19 21:44:15,534 [trainer.py] => (curve) top1 Acc task: [100.0, 90.41, 87.57, 83.19, 81.54, 79.61, 77.61, 76.76, 76.88]
2026-04-19 21:44:15,538 [trainer.py] => ================================================================================
2026-04-19 21:44:15,541 [trainer.py] => ================================================================================
2026-04-19 21:44:15,544 [base.py] => Task 9 learning on class 180-200
2026-04-19 21:44:15,554 [toolkit.py] => Total params:     103,487,003
2026-04-19 21:44:15,557 [toolkit.py] => Trainable params: 384,020
2026-04-19 21:44:15,563 [toolkit.py] => Trainable ratio:  0.3711%
2026-04-19 22:05:05,592 [actmat_c.py] => Task 9, Epoch 50/50 => Loss 0.255, Train_accy 93.29
2026-04-19 22:05:05,598 [trainer.py] => Training time: 0h 20m 50s
2026-04-19 22:05:24,915 [trainer.py] => Evaluation time: 0h 0m 19s
2026-04-19 22:05:43,583 [trainer.py] => Accuracy: {'total': 72.28, '00-19': 83.44, '20-39': 74.31, '40-59': 66.06, '60-79': 70.46, '80-99': 72.55, '100-119': 67.75, '120-139': 63.73, '140-159': 64.69, '160-179': 80.35, '180-199': 73.37, 'old': 72.14, 'new': 73.37}
2026-04-19 22:05:43,589 [trainer.py] => (curve) top1 Acc: [89.32, 84.55, 80.91, 77.62, 76.44, 74.79, 73.16, 72.29, 72.82, 72.28]
2026-04-19 22:05:43,592 [trainer.py] => (curve) top1 Acc with task: [89.32, 89.75, 87.85, 87.2, 86.97, 86.46, 85.99, 85.47, 86.19, 86.55]
2026-04-19 22:05:43,593 [trainer.py] => (curve) top1 Acc task: [100.0, 90.41, 87.57, 83.19, 81.54, 79.61, 77.61, 76.76, 76.88, 75.87]
2026-04-19 22:05:43,594 [trainer.py] => ================================================================================
