2026-04-19 02:34:26,355 [toolkit.py] => config: configs/l2lora-l100.0/imagenet-a.json
2026-04-19 02:34:26,355 [toolkit.py] => device: [device(type='cuda', index=0)]
2026-04-19 02:34:26,355 [toolkit.py] => debug: False
2026-04-19 02:34:26,355 [toolkit.py] => save_ckp: False
2026-04-19 02:34:26,356 [toolkit.py] => seed: 0
2026-04-19 02:34:26,356 [toolkit.py] => dataset: imagenet-a
2026-04-19 02:34:26,356 [toolkit.py] => data_path: data/imagenet-a
2026-04-19 02:34:26,356 [toolkit.py] => load: vit_base_patch16_224_in21k
2026-04-19 02:34:26,356 [toolkit.py] => init_cls: 20
2026-04-19 02:34:26,356 [toolkit.py] => increment: 20
2026-04-19 02:34:26,356 [toolkit.py] => sessions: 10
2026-04-19 02:34:26,356 [toolkit.py] => shuffle: False
2026-04-19 02:34:26,356 [toolkit.py] => method: l2lora
2026-04-19 02:34:26,357 [toolkit.py] => optimizer: adam
2026-04-19 02:34:26,357 [toolkit.py] => scheduler: cosine
2026-04-19 02:34:26,357 [toolkit.py] => epochs: 20
2026-04-19 02:34:26,357 [toolkit.py] => lrate: 0.0005
2026-04-19 02:34:26,357 [toolkit.py] => fc_lrate: 0.005
2026-04-19 02:34:26,357 [toolkit.py] => weight_decay: 0.0
2026-04-19 02:34:26,357 [toolkit.py] => batch_size: 128
2026-04-19 02:34:26,357 [toolkit.py] => rank: 10
2026-04-19 02:34:26,357 [toolkit.py] => num_workers: 16
2026-04-19 02:34:26,357 [toolkit.py] => lambda: 100.0
2026-04-19 02:34:26,358 [toolkit.py] => logdir: logs/l2lora-l100.0/imagenet-a/t10
2026-04-19 02:34:26,358 [toolkit.py] => logfilename: logs/l2lora-l100.0/imagenet-a/t10/seed0
2026-04-19 02:34:26,990 [data_manager.py] => Class index order: 0, 1, 2, 3, 4, ..., 195, 196, 197, 198, 199
2026-04-19 02:34:30,517 [trainer.py] => ================================================================================
2026-04-19 02:34:30,522 [base.py] => Task 0 learning on class 0-20
2026-04-19 02:34:31,652 [toolkit.py] => Total params:     103,487,003
2026-04-19 02:34:31,652 [toolkit.py] => Trainable params: 384,020
2026-04-19 02:34:31,653 [toolkit.py] => Trainable ratio:  0.3711%
2026-04-19 02:38:22,482 [l2lora.py] => Task 0, Epoch 20/20 => Loss 0.238, Train_accy 93.62
2026-04-19 02:38:22,483 [trainer.py] => Training time: 0h 3m 51s
2026-04-19 02:38:26,395 [trainer.py] => Evaluation time: 0h 0m 3s
2026-04-19 02:38:26,397 [trainer.py] => Accuracy: {'total': 84.98, '00-19': 84.98, 'old': 0, 'new': 84.98}
2026-04-19 02:38:26,398 [trainer.py] => (curve) top1 Acc: [84.98]
2026-04-19 02:38:26,398 [trainer.py] => (curve) top1 Acc with task: [84.98]
2026-04-19 02:38:26,398 [trainer.py] => (curve) top1 Acc task: [100.0]
2026-04-19 02:38:26,398 [trainer.py] => ================================================================================
2026-04-19 02:38:26,398 [trainer.py] => ================================================================================
2026-04-19 02:38:26,399 [base.py] => Task 1 learning on class 20-40
2026-04-19 02:38:26,403 [toolkit.py] => Total params:     103,487,003
2026-04-19 02:38:26,403 [toolkit.py] => Trainable params: 384,020
2026-04-19 02:38:26,403 [toolkit.py] => Trainable ratio:  0.3711%
2026-04-19 02:41:48,097 [l2lora.py] => Task 1, Epoch 20/20 => Loss 0.146, Train_accy 95.10
2026-04-19 02:41:48,099 [trainer.py] => Training time: 0h 3m 21s
2026-04-19 02:41:52,342 [trainer.py] => Evaluation time: 0h 0m 4s
2026-04-19 02:41:52,344 [trainer.py] => Accuracy: {'total': 78.72, '00-19': 78.27, '20-39': 79.28, 'old': 78.27, 'new': 79.28}
2026-04-19 02:41:52,344 [trainer.py] => (curve) top1 Acc: [84.98, 78.72]
2026-04-19 02:41:52,344 [trainer.py] => (curve) top1 Acc with task: [84.98, 86.17]
2026-04-19 02:41:52,344 [trainer.py] => (curve) top1 Acc task: [100.0, 87.94]
2026-04-19 02:41:52,344 [trainer.py] => ================================================================================
2026-04-19 02:41:52,344 [trainer.py] => ================================================================================
2026-04-19 02:41:52,346 [base.py] => Task 2 learning on class 40-60
2026-04-19 02:41:52,349 [toolkit.py] => Total params:     103,487,003
2026-04-19 02:41:52,349 [toolkit.py] => Trainable params: 384,020
2026-04-19 02:41:52,349 [toolkit.py] => Trainable ratio:  0.3711%
2026-04-19 02:45:02,643 [l2lora.py] => Task 2, Epoch 20/20 => Loss 0.180, Train_accy 95.00
2026-04-19 02:45:02,644 [trainer.py] => Training time: 0h 3m 10s
2026-04-19 02:45:07,735 [trainer.py] => Evaluation time: 0h 0m 5s
2026-04-19 02:45:07,737 [trainer.py] => Accuracy: {'total': 70.8, '00-19': 76.04, '20-39': 77.69, '40-59': 57.37, 'old': 76.77, 'new': 57.37}
2026-04-19 02:45:07,737 [trainer.py] => (curve) top1 Acc: [84.98, 78.72, 70.8]
2026-04-19 02:45:07,737 [trainer.py] => (curve) top1 Acc with task: [84.98, 86.17, 82.33]
2026-04-19 02:45:07,737 [trainer.py] => (curve) top1 Acc task: [100.0, 87.94, 80.12]
2026-04-19 02:45:07,737 [trainer.py] => ================================================================================
2026-04-19 02:45:07,737 [trainer.py] => ================================================================================
2026-04-19 02:45:07,738 [base.py] => Task 3 learning on class 60-80
2026-04-19 02:45:07,742 [toolkit.py] => Total params:     103,487,003
2026-04-19 02:45:07,742 [toolkit.py] => Trainable params: 384,020
2026-04-19 02:45:07,742 [toolkit.py] => Trainable ratio:  0.3711%
2026-04-19 02:47:23,152 [l2lora.py] => Task 3, Epoch 20/20 => Loss 0.134, Train_accy 95.25
2026-04-19 02:47:23,153 [trainer.py] => Training time: 0h 2m 15s
2026-04-19 02:47:33,682 [trainer.py] => Evaluation time: 0h 0m 10s
2026-04-19 02:47:33,684 [trainer.py] => Accuracy: {'total': 67.81, '00-19': 72.52, '20-39': 72.91, '40-59': 53.78, '60-79': 72.85, 'old': 66.87, 'new': 72.85}
2026-04-19 02:47:33,684 [trainer.py] => (curve) top1 Acc: [84.98, 78.72, 70.8, 67.81]
2026-04-19 02:47:33,684 [trainer.py] => (curve) top1 Acc with task: [84.98, 86.17, 82.33, 83.02]
2026-04-19 02:47:33,684 [trainer.py] => (curve) top1 Acc task: [100.0, 87.94, 80.12, 75.26]
2026-04-19 02:47:33,684 [trainer.py] => ================================================================================
2026-04-19 02:47:33,684 [trainer.py] => ================================================================================
2026-04-19 02:47:33,685 [base.py] => Task 4 learning on class 80-100
2026-04-19 02:47:33,689 [toolkit.py] => Total params:     103,487,003
2026-04-19 02:47:33,689 [toolkit.py] => Trainable params: 384,020
2026-04-19 02:47:33,689 [toolkit.py] => Trainable ratio:  0.3711%
2026-04-19 02:49:17,852 [l2lora.py] => Task 4, Epoch 20/20 => Loss 0.142, Train_accy 95.54
2026-04-19 02:49:17,853 [trainer.py] => Training time: 0h 1m 44s
2026-04-19 02:49:23,821 [trainer.py] => Evaluation time: 0h 0m 5s
2026-04-19 02:49:23,822 [trainer.py] => Accuracy: {'total': 65.17, '00-19': 70.93, '20-39': 72.91, '40-59': 53.78, '60-79': 73.51, '80-99': 44.12, 'old': 67.39, 'new': 44.12}
2026-04-19 02:49:23,822 [trainer.py] => (curve) top1 Acc: [84.98, 78.72, 70.8, 67.81, 65.17]
2026-04-19 02:49:23,823 [trainer.py] => (curve) top1 Acc with task: [84.98, 86.17, 82.33, 83.02, 80.15]
2026-04-19 02:49:23,823 [trainer.py] => (curve) top1 Acc task: [100.0, 87.94, 80.12, 75.26, 72.57]
2026-04-19 02:49:23,823 [trainer.py] => ================================================================================
2026-04-19 02:49:23,823 [trainer.py] => ================================================================================
2026-04-19 02:49:23,824 [base.py] => Task 5 learning on class 100-120
2026-04-19 02:49:23,827 [toolkit.py] => Total params:     103,487,003
2026-04-19 02:49:23,827 [toolkit.py] => Trainable params: 384,020
2026-04-19 02:49:23,827 [toolkit.py] => Trainable ratio:  0.3711%
2026-04-19 02:50:49,002 [l2lora.py] => Task 5, Epoch 20/20 => Loss 0.088, Train_accy 96.58
2026-04-19 02:50:49,004 [trainer.py] => Training time: 0h 1m 25s
2026-04-19 02:50:55,373 [trainer.py] => Evaluation time: 0h 0m 6s
2026-04-19 02:50:55,375 [trainer.py] => Accuracy: {'total': 62.5, '00-19': 71.25, '20-39': 73.31, '40-59': 54.18, '60-79': 72.19, '80-99': 42.16, '100-119': 22.06, 'old': 65.07, 'new': 22.06}
2026-04-19 02:50:55,375 [trainer.py] => (curve) top1 Acc: [84.98, 78.72, 70.8, 67.81, 65.17, 62.5]
2026-04-19 02:50:55,375 [trainer.py] => (curve) top1 Acc with task: [84.98, 86.17, 82.33, 83.02, 80.15, 78.52]
2026-04-19 02:50:55,375 [trainer.py] => (curve) top1 Acc task: [100.0, 87.94, 80.12, 75.26, 72.57, 70.33]
2026-04-19 02:50:55,376 [trainer.py] => ================================================================================
2026-04-19 02:50:55,376 [trainer.py] => ================================================================================
2026-04-19 02:50:55,377 [base.py] => Task 6 learning on class 120-140
2026-04-19 02:50:55,380 [toolkit.py] => Total params:     103,487,003
2026-04-19 02:50:55,380 [toolkit.py] => Trainable params: 384,020
2026-04-19 02:50:55,381 [toolkit.py] => Trainable ratio:  0.3711%
2026-04-19 02:52:29,964 [l2lora.py] => Task 6, Epoch 20/20 => Loss 0.080, Train_accy 98.58
2026-04-19 02:52:29,965 [trainer.py] => Training time: 0h 1m 34s
2026-04-19 02:52:36,362 [trainer.py] => Evaluation time: 0h 0m 6s
2026-04-19 02:52:36,364 [trainer.py] => Accuracy: {'total': 60.41, '00-19': 71.25, '20-39': 72.11, '40-59': 53.78, '60-79': 70.86, '80-99': 39.22, '100-119': 22.06, '120-139': 43.82, 'old': 61.71, 'new': 43.82}
2026-04-19 02:52:36,364 [trainer.py] => (curve) top1 Acc: [84.98, 78.72, 70.8, 67.81, 65.17, 62.5, 60.41]
2026-04-19 02:52:36,364 [trainer.py] => (curve) top1 Acc with task: [84.98, 86.17, 82.33, 83.02, 80.15, 78.52, 76.9]
2026-04-19 02:52:36,364 [trainer.py] => (curve) top1 Acc task: [100.0, 87.94, 80.12, 75.26, 72.57, 70.33, 68.08]
2026-04-19 02:52:36,364 [trainer.py] => ================================================================================
2026-04-19 02:52:36,364 [trainer.py] => ================================================================================
2026-04-19 02:52:36,365 [base.py] => Task 7 learning on class 140-160
2026-04-19 02:52:36,369 [toolkit.py] => Total params:     103,487,003
2026-04-19 02:52:36,369 [toolkit.py] => Trainable params: 384,020
2026-04-19 02:52:36,369 [toolkit.py] => Trainable ratio:  0.3711%
2026-04-19 02:54:07,944 [l2lora.py] => Task 7, Epoch 20/20 => Loss 0.105, Train_accy 96.57
2026-04-19 02:54:07,945 [trainer.py] => Training time: 0h 1m 31s
2026-04-19 02:54:14,755 [trainer.py] => Evaluation time: 0h 0m 6s
2026-04-19 02:54:14,756 [trainer.py] => Accuracy: {'total': 58.58, '00-19': 70.93, '20-39': 71.71, '40-59': 54.98, '60-79': 70.2, '80-99': 39.22, '100-119': 23.53, '120-139': 40.45, '140-159': 33.33, 'old': 60.24, 'new': 33.33}
2026-04-19 02:54:14,757 [trainer.py] => (curve) top1 Acc: [84.98, 78.72, 70.8, 67.81, 65.17, 62.5, 60.41, 58.58]
2026-04-19 02:54:14,757 [trainer.py] => (curve) top1 Acc with task: [84.98, 86.17, 82.33, 83.02, 80.15, 78.52, 76.9, 75.8]
2026-04-19 02:54:14,757 [trainer.py] => (curve) top1 Acc task: [100.0, 87.94, 80.12, 75.26, 72.57, 70.33, 68.08, 65.24]
2026-04-19 02:54:14,757 [trainer.py] => ================================================================================
2026-04-19 02:54:14,757 [trainer.py] => ================================================================================
2026-04-19 02:54:14,758 [base.py] => Task 8 learning on class 160-180
2026-04-19 02:54:14,761 [toolkit.py] => Total params:     103,487,003
2026-04-19 02:54:14,761 [toolkit.py] => Trainable params: 384,020
2026-04-19 02:54:14,762 [toolkit.py] => Trainable ratio:  0.3711%
2026-04-19 02:55:54,860 [l2lora.py] => Task 8, Epoch 20/20 => Loss 0.132, Train_accy 96.16
2026-04-19 02:55:54,862 [trainer.py] => Training time: 0h 1m 40s
2026-04-19 02:56:02,227 [trainer.py] => Evaluation time: 0h 0m 7s
2026-04-19 02:56:02,229 [trainer.py] => Accuracy: {'total': 55.88, '00-19': 71.57, '20-39': 70.92, '40-59': 53.78, '60-79': 69.54, '80-99': 38.24, '100-119': 22.06, '120-139': 37.08, '140-159': 33.33, '160-179': 28.87, 'old': 57.89, 'new': 28.87}
2026-04-19 02:56:02,229 [trainer.py] => (curve) top1 Acc: [84.98, 78.72, 70.8, 67.81, 65.17, 62.5, 60.41, 58.58, 55.88]
2026-04-19 02:56:02,229 [trainer.py] => (curve) top1 Acc with task: [84.98, 86.17, 82.33, 83.02, 80.15, 78.52, 76.9, 75.8, 75.34]
2026-04-19 02:56:02,229 [trainer.py] => (curve) top1 Acc task: [100.0, 87.94, 80.12, 75.26, 72.57, 70.33, 68.08, 65.24, 62.08]
2026-04-19 02:56:02,229 [trainer.py] => ================================================================================
2026-04-19 02:56:02,229 [trainer.py] => ================================================================================
2026-04-19 02:56:02,230 [base.py] => Task 9 learning on class 180-200
2026-04-19 02:56:02,234 [toolkit.py] => Total params:     103,487,003
2026-04-19 02:56:02,234 [toolkit.py] => Trainable params: 384,020
2026-04-19 02:56:02,234 [toolkit.py] => Trainable ratio:  0.3711%
2026-04-19 02:57:43,101 [l2lora.py] => Task 9, Epoch 20/20 => Loss 0.077, Train_accy 97.66
2026-04-19 02:57:43,103 [trainer.py] => Training time: 0h 1m 40s
2026-04-19 02:57:51,003 [trainer.py] => Evaluation time: 0h 0m 7s
2026-04-19 02:57:51,005 [trainer.py] => Accuracy: {'total': 54.6, '00-19': 71.25, '20-39': 66.53, '40-59': 53.39, '60-79': 69.54, '80-99': 36.27, '100-119': 22.06, '120-139': 38.2, '140-159': 33.33, '160-179': 27.84, '180-199': 51.55, 'old': 54.81, 'new': 51.55}
2026-04-19 02:57:51,005 [trainer.py] => (curve) top1 Acc: [84.98, 78.72, 70.8, 67.81, 65.17, 62.5, 60.41, 58.58, 55.88, 54.6]
2026-04-19 02:57:51,005 [trainer.py] => (curve) top1 Acc with task: [84.98, 86.17, 82.33, 83.02, 80.15, 78.52, 76.9, 75.8, 75.34, 74.47]
2026-04-19 02:57:51,005 [trainer.py] => (curve) top1 Acc task: [100.0, 87.94, 80.12, 75.26, 72.57, 70.33, 68.08, 65.24, 62.08, 60.47]
2026-04-19 02:57:51,005 [trainer.py] => ================================================================================
