2026-04-20 07:36:49,014 [toolkit.py] => config: configs/ewcdlora/cifar100.json
2026-04-20 07:36:49,015 [toolkit.py] => device: [device(type='cuda', index=0)]
2026-04-20 07:36:49,015 [toolkit.py] => debug: False
2026-04-20 07:36:49,015 [toolkit.py] => save_ckp: False
2026-04-20 07:36:49,015 [toolkit.py] => seed: 0
2026-04-20 07:36:49,016 [toolkit.py] => dataset: cifar100
2026-04-20 07:36:49,016 [toolkit.py] => data_path: data/cifar100
2026-04-20 07:36:49,016 [toolkit.py] => load: vit_base_patch16_224_in21k
2026-04-20 07:36:49,016 [toolkit.py] => init_cls: 10
2026-04-20 07:36:49,016 [toolkit.py] => increment: 10
2026-04-20 07:36:49,016 [toolkit.py] => sessions: 10
2026-04-20 07:36:49,016 [toolkit.py] => shuffle: False
2026-04-20 07:36:49,017 [toolkit.py] => method: ewcdlora
2026-04-20 07:36:49,017 [toolkit.py] => optimizer: adam
2026-04-20 07:36:49,017 [toolkit.py] => scheduler: cosine
2026-04-20 07:36:49,017 [toolkit.py] => epochs: 20
2026-04-20 07:36:49,017 [toolkit.py] => lrate: 0.0005
2026-04-20 07:36:49,017 [toolkit.py] => fc_lrate: 0.005
2026-04-20 07:36:49,018 [toolkit.py] => weight_decay: 0.0
2026-04-20 07:36:49,018 [toolkit.py] => batch_size: 128
2026-04-20 07:36:49,018 [toolkit.py] => rank: 10
2026-04-20 07:36:49,018 [toolkit.py] => num_workers: 4
2026-04-20 07:36:49,018 [toolkit.py] => gamma: 1.0
2026-04-20 07:36:49,018 [toolkit.py] => lambda: 10000000.0
2026-04-20 07:36:49,018 [toolkit.py] => logdir: logs/ewcdlora-l10000000.0-g1.0/cifar100/t10
2026-04-20 07:36:49,019 [toolkit.py] => logfilename: logs/ewcdlora-l10000000.0-g1.0/cifar100/t10/seed0
2026-04-20 07:36:51,770 [data_manager.py] => Class index order: 0, 1, 2, 3, 4, ..., 95, 96, 97, 98, 99
2026-04-20 07:36:56,250 [trainer.py] => ================================================================================
2026-04-20 07:36:56,258 [base.py] => Task 0 learning on class 0-10
2026-04-20 07:36:57,481 [toolkit.py] => Total params:     103,410,103
2026-04-20 07:36:57,482 [toolkit.py] => Trainable params: 376,330
2026-04-20 07:36:57,482 [toolkit.py] => Trainable ratio:  0.3639%
2026-04-20 07:47:14,351 [ewcdlora.py] => Task 0, Epoch 20/20 => Loss 0.088, Train_accy 96.86
2026-04-20 07:47:14,352 [trainer.py] => Training time: 0h 10m 18s
2026-04-20 07:47:17,368 [trainer.py] => Evaluation time: 0h 0m 3s
2026-04-20 07:47:47,591 [trainer.py] => Accuracy: {'total': 99.1, '00-09': 99.1, 'old': 0, 'new': 99.1}
2026-04-20 07:47:47,591 [trainer.py] => (curve) top1 Acc: [99.1]
2026-04-20 07:47:47,592 [trainer.py] => (curve) top1 Acc with task: [99.1]
2026-04-20 07:47:47,592 [trainer.py] => (curve) top1 Acc task: [100.0]
2026-04-20 07:47:47,592 [trainer.py] => ================================================================================
2026-04-20 07:47:47,592 [trainer.py] => ================================================================================
2026-04-20 07:47:47,606 [base.py] => Task 1 learning on class 10-20
2026-04-20 07:47:47,610 [toolkit.py] => Total params:     103,410,103
2026-04-20 07:47:47,610 [toolkit.py] => Trainable params: 376,330
2026-04-20 07:47:47,610 [toolkit.py] => Trainable ratio:  0.3639%
2026-04-20 07:58:04,735 [ewcdlora.py] => Task 1, Epoch 20/20 => Loss 0.134, Train_accy 95.86
2026-04-20 07:58:04,737 [trainer.py] => Training time: 0h 10m 17s
2026-04-20 07:58:09,974 [trainer.py] => Evaluation time: 0h 0m 5s
2026-04-20 07:58:40,496 [trainer.py] => Accuracy: {'total': 96.65, '00-09': 97.4, '10-19': 95.9, 'old': 97.4, 'new': 95.9}
2026-04-20 07:58:40,496 [trainer.py] => (curve) top1 Acc: [99.1, 96.65]
2026-04-20 07:58:40,497 [trainer.py] => (curve) top1 Acc with task: [99.1, 98.85]
2026-04-20 07:58:40,497 [trainer.py] => (curve) top1 Acc task: [100.0, 97.55]
2026-04-20 07:58:40,497 [trainer.py] => ================================================================================
2026-04-20 07:58:40,497 [trainer.py] => ================================================================================
2026-04-20 07:58:40,511 [base.py] => Task 2 learning on class 20-30
2026-04-20 07:58:40,514 [toolkit.py] => Total params:     103,410,103
2026-04-20 07:58:40,515 [toolkit.py] => Trainable params: 376,330
2026-04-20 07:58:40,515 [toolkit.py] => Trainable ratio:  0.3639%
2026-04-20 08:08:57,939 [ewcdlora.py] => Task 2, Epoch 20/20 => Loss 0.124, Train_accy 96.06
2026-04-20 08:08:57,940 [trainer.py] => Training time: 0h 10m 17s
2026-04-20 08:09:05,471 [trainer.py] => Evaluation time: 0h 0m 7s
2026-04-20 08:09:35,898 [trainer.py] => Accuracy: {'total': 95.0, '00-09': 96.1, '10-19': 94.2, '20-29': 94.7, 'old': 95.15, 'new': 94.7}
2026-04-20 08:09:35,899 [trainer.py] => (curve) top1 Acc: [99.1, 96.65, 95.0]
2026-04-20 08:09:35,899 [trainer.py] => (curve) top1 Acc with task: [99.1, 98.85, 98.63]
2026-04-20 08:09:35,899 [trainer.py] => (curve) top1 Acc task: [100.0, 97.55, 95.9]
2026-04-20 08:09:35,899 [trainer.py] => ================================================================================
2026-04-20 08:09:35,899 [trainer.py] => ================================================================================
2026-04-20 08:09:35,910 [base.py] => Task 3 learning on class 30-40
2026-04-20 08:09:35,914 [toolkit.py] => Total params:     103,410,103
2026-04-20 08:09:35,914 [toolkit.py] => Trainable params: 376,330
2026-04-20 08:09:35,914 [toolkit.py] => Trainable ratio:  0.3639%
2026-04-20 08:19:52,840 [ewcdlora.py] => Task 3, Epoch 20/20 => Loss 0.129, Train_accy 95.72
2026-04-20 08:19:52,842 [trainer.py] => Training time: 0h 10m 16s
2026-04-20 08:20:02,626 [trainer.py] => Evaluation time: 0h 0m 9s
2026-04-20 08:20:33,067 [trainer.py] => Accuracy: {'total': 93.02, '00-09': 95.6, '10-19': 91.6, '20-29': 94.4, '30-39': 90.5, 'old': 93.87, 'new': 90.5}
2026-04-20 08:20:33,068 [trainer.py] => (curve) top1 Acc: [99.1, 96.65, 95.0, 93.02]
2026-04-20 08:20:33,068 [trainer.py] => (curve) top1 Acc with task: [99.1, 98.85, 98.63, 98.52]
2026-04-20 08:20:33,068 [trainer.py] => (curve) top1 Acc task: [100.0, 97.55, 95.9, 93.8]
2026-04-20 08:20:33,068 [trainer.py] => ================================================================================
2026-04-20 08:20:33,068 [trainer.py] => ================================================================================
2026-04-20 08:20:33,080 [base.py] => Task 4 learning on class 40-50
2026-04-20 08:20:33,083 [toolkit.py] => Total params:     103,410,103
2026-04-20 08:20:33,084 [toolkit.py] => Trainable params: 376,330
2026-04-20 08:20:33,084 [toolkit.py] => Trainable ratio:  0.3639%
2026-04-20 08:30:51,090 [ewcdlora.py] => Task 4, Epoch 20/20 => Loss 0.121, Train_accy 95.80
2026-04-20 08:30:51,091 [trainer.py] => Training time: 0h 10m 18s
2026-04-20 08:31:03,160 [trainer.py] => Evaluation time: 0h 0m 12s
2026-04-20 08:31:33,633 [trainer.py] => Accuracy: {'total': 91.96, '00-09': 95.0, '10-19': 89.2, '20-29': 92.9, '30-39': 88.8, '40-49': 93.9, 'old': 91.48, 'new': 93.9}
2026-04-20 08:31:33,633 [trainer.py] => (curve) top1 Acc: [99.1, 96.65, 95.0, 93.02, 91.96]
2026-04-20 08:31:33,633 [trainer.py] => (curve) top1 Acc with task: [99.1, 98.85, 98.63, 98.52, 98.6]
2026-04-20 08:31:33,633 [trainer.py] => (curve) top1 Acc task: [100.0, 97.55, 95.9, 93.8, 92.64]
2026-04-20 08:31:33,633 [trainer.py] => ================================================================================
2026-04-20 08:31:33,634 [trainer.py] => ================================================================================
2026-04-20 08:31:33,644 [base.py] => Task 5 learning on class 50-60
2026-04-20 08:31:33,648 [toolkit.py] => Total params:     103,410,103
2026-04-20 08:31:33,648 [toolkit.py] => Trainable params: 376,330
2026-04-20 08:31:33,648 [toolkit.py] => Trainable ratio:  0.3639%
2026-04-20 08:41:51,093 [ewcdlora.py] => Task 5, Epoch 20/20 => Loss 0.136, Train_accy 95.02
2026-04-20 08:41:51,094 [trainer.py] => Training time: 0h 10m 17s
2026-04-20 08:42:05,497 [trainer.py] => Evaluation time: 0h 0m 14s
2026-04-20 08:42:35,927 [trainer.py] => Accuracy: {'total': 89.75, '00-09': 93.2, '10-19': 88.3, '20-29': 92.4, '30-39': 87.6, '40-49': 93.7, '50-59': 83.3, 'old': 91.04, 'new': 83.3}
2026-04-20 08:42:35,927 [trainer.py] => (curve) top1 Acc: [99.1, 96.65, 95.0, 93.02, 91.96, 89.75]
2026-04-20 08:42:35,928 [trainer.py] => (curve) top1 Acc with task: [99.1, 98.85, 98.63, 98.52, 98.6, 98.42]
2026-04-20 08:42:35,928 [trainer.py] => (curve) top1 Acc task: [100.0, 97.55, 95.9, 93.8, 92.64, 90.37]
2026-04-20 08:42:35,928 [trainer.py] => ================================================================================
2026-04-20 08:42:35,928 [trainer.py] => ================================================================================
2026-04-20 08:42:35,942 [base.py] => Task 6 learning on class 60-70
2026-04-20 08:42:35,946 [toolkit.py] => Total params:     103,410,103
2026-04-20 08:42:35,946 [toolkit.py] => Trainable params: 376,330
2026-04-20 08:42:35,946 [toolkit.py] => Trainable ratio:  0.3639%
2026-04-20 08:52:53,223 [ewcdlora.py] => Task 6, Epoch 20/20 => Loss 0.139, Train_accy 95.34
2026-04-20 08:52:53,224 [trainer.py] => Training time: 0h 10m 17s
2026-04-20 08:53:09,743 [trainer.py] => Evaluation time: 0h 0m 16s
2026-04-20 08:53:40,193 [trainer.py] => Accuracy: {'total': 89.13, '00-09': 93.3, '10-19': 86.9, '20-29': 91.3, '30-39': 86.9, '40-49': 93.4, '50-59': 82.8, '60-69': 89.3, 'old': 89.1, 'new': 89.3}
2026-04-20 08:53:40,193 [trainer.py] => (curve) top1 Acc: [99.1, 96.65, 95.0, 93.02, 91.96, 89.75, 89.13]
2026-04-20 08:53:40,193 [trainer.py] => (curve) top1 Acc with task: [99.1, 98.85, 98.63, 98.52, 98.6, 98.42, 98.36]
2026-04-20 08:53:40,193 [trainer.py] => (curve) top1 Acc task: [100.0, 97.55, 95.9, 93.8, 92.64, 90.37, 89.76]
2026-04-20 08:53:40,194 [trainer.py] => ================================================================================
2026-04-20 08:53:40,194 [trainer.py] => ================================================================================
2026-04-20 08:53:40,206 [base.py] => Task 7 learning on class 70-80
2026-04-20 08:53:40,210 [toolkit.py] => Total params:     103,410,103
2026-04-20 08:53:40,210 [toolkit.py] => Trainable params: 376,330
2026-04-20 08:53:40,210 [toolkit.py] => Trainable ratio:  0.3639%
2026-04-20 09:03:57,752 [ewcdlora.py] => Task 7, Epoch 20/20 => Loss 0.138, Train_accy 95.50
2026-04-20 09:03:57,754 [trainer.py] => Training time: 0h 10m 17s
2026-04-20 09:04:16,644 [trainer.py] => Evaluation time: 0h 0m 18s
2026-04-20 09:04:47,057 [trainer.py] => Accuracy: {'total': 88.55, '00-09': 93.2, '10-19': 86.4, '20-29': 89.9, '30-39': 86.9, '40-49': 93.1, '50-59': 81.4, '60-69': 88.4, '70-79': 89.1, 'old': 88.47, 'new': 89.1}
2026-04-20 09:04:47,057 [trainer.py] => (curve) top1 Acc: [99.1, 96.65, 95.0, 93.02, 91.96, 89.75, 89.13, 88.55]
2026-04-20 09:04:47,057 [trainer.py] => (curve) top1 Acc with task: [99.1, 98.85, 98.63, 98.52, 98.6, 98.42, 98.36, 98.4]
2026-04-20 09:04:47,058 [trainer.py] => (curve) top1 Acc task: [100.0, 97.55, 95.9, 93.8, 92.64, 90.37, 89.76, 89.05]
2026-04-20 09:04:47,058 [trainer.py] => ================================================================================
2026-04-20 09:04:47,058 [trainer.py] => ================================================================================
2026-04-20 09:04:47,072 [base.py] => Task 8 learning on class 80-90
2026-04-20 09:04:47,077 [toolkit.py] => Total params:     103,410,103
2026-04-20 09:04:47,077 [toolkit.py] => Trainable params: 376,330
2026-04-20 09:04:47,077 [toolkit.py] => Trainable ratio:  0.3639%
