2026-04-18 10:46:41,201 [toolkit.py] => config: configs/l2lora/cifar100.json
2026-04-18 10:46:41,202 [toolkit.py] => device: [device(type='cuda', index=0)]
2026-04-18 10:46:41,202 [toolkit.py] => debug: False
2026-04-18 10:46:41,202 [toolkit.py] => save_ckp: False
2026-04-18 10:46:41,202 [toolkit.py] => seed: 0
2026-04-18 10:46:41,202 [toolkit.py] => dataset: cifar100
2026-04-18 10:46:41,202 [toolkit.py] => data_path: data/cifar100
2026-04-18 10:46:41,202 [toolkit.py] => load: vit_base_patch16_224_in21k
2026-04-18 10:46:41,202 [toolkit.py] => init_cls: 10
2026-04-18 10:46:41,203 [toolkit.py] => increment: 10
2026-04-18 10:46:41,203 [toolkit.py] => sessions: 10
2026-04-18 10:46:41,203 [toolkit.py] => shuffle: False
2026-04-18 10:46:41,203 [toolkit.py] => method: l2lora
2026-04-18 10:46:41,203 [toolkit.py] => optimizer: adam
2026-04-18 10:46:41,203 [toolkit.py] => scheduler: cosine
2026-04-18 10:46:41,203 [toolkit.py] => epochs: 20
2026-04-18 10:46:41,203 [toolkit.py] => lrate: 0.0005
2026-04-18 10:46:41,203 [toolkit.py] => fc_lrate: 0.005
2026-04-18 10:46:41,203 [toolkit.py] => weight_decay: 0.0
2026-04-18 10:46:41,204 [toolkit.py] => batch_size: 128
2026-04-18 10:46:41,204 [toolkit.py] => rank: 10
2026-04-18 10:46:41,204 [toolkit.py] => num_workers: 16
2026-04-18 10:46:41,204 [toolkit.py] => lambda: 1.0
2026-04-18 10:46:41,204 [toolkit.py] => logdir: logs/l2lora/cifar100/t10
2026-04-18 10:46:41,204 [toolkit.py] => logfilename: logs/l2lora/cifar100/t10/seed0
2026-04-18 10:46:43,419 [data_manager.py] => Class index order: 0, 1, 2, 3, 4, ..., 95, 96, 97, 98, 99
2026-04-18 10:46:46,761 [trainer.py] => ================================================================================
2026-04-18 10:46:46,771 [base.py] => Task 0 learning on class 0-10
2026-04-18 10:46:47,824 [toolkit.py] => Total params:     103,410,103
2026-04-18 10:46:47,824 [toolkit.py] => Trainable params: 376,330
2026-04-18 10:46:47,824 [toolkit.py] => Trainable ratio:  0.3639%
2026-04-18 10:57:42,900 [l2lora.py] => Task 0, Epoch 20/20 => Loss 0.094, Train_accy 96.82
2026-04-18 10:57:42,901 [trainer.py] => Training time: 0h 10m 56s
2026-04-18 10:57:47,533 [trainer.py] => Evaluation time: 0h 0m 4s
2026-04-18 10:57:47,535 [trainer.py] => Accuracy: {'total': 99.5, '00-09': 99.5, 'old': 0, 'new': 99.5}
2026-04-18 10:57:47,535 [trainer.py] => (curve) top1 Acc: [99.5]
2026-04-18 10:57:47,535 [trainer.py] => (curve) top1 Acc with task: [99.5]
2026-04-18 10:57:47,535 [trainer.py] => (curve) top1 Acc task: [100.0]
2026-04-18 10:57:47,536 [trainer.py] => ================================================================================
2026-04-18 10:57:47,536 [trainer.py] => ================================================================================
2026-04-18 10:57:47,549 [base.py] => Task 1 learning on class 10-20
2026-04-18 10:57:47,553 [toolkit.py] => Total params:     103,410,103
2026-04-18 10:57:47,553 [toolkit.py] => Trainable params: 376,330
2026-04-18 10:57:47,553 [toolkit.py] => Trainable ratio:  0.3639%
2026-04-18 11:08:44,395 [l2lora.py] => Task 1, Epoch 20/20 => Loss 0.132, Train_accy 95.72
2026-04-18 11:08:44,396 [trainer.py] => Training time: 0h 10m 56s
2026-04-18 11:08:51,682 [trainer.py] => Evaluation time: 0h 0m 7s
2026-04-18 11:08:51,684 [trainer.py] => Accuracy: {'total': 96.65, '00-09': 96.5, '10-19': 96.8, 'old': 96.5, 'new': 96.8}
2026-04-18 11:08:51,684 [trainer.py] => (curve) top1 Acc: [99.5, 96.65]
2026-04-18 11:08:51,684 [trainer.py] => (curve) top1 Acc with task: [99.5, 98.95]
2026-04-18 11:08:51,684 [trainer.py] => (curve) top1 Acc task: [100.0, 97.4]
2026-04-18 11:08:51,684 [trainer.py] => ================================================================================
2026-04-18 11:08:51,684 [trainer.py] => ================================================================================
2026-04-18 11:08:51,698 [base.py] => Task 2 learning on class 20-30
2026-04-18 11:08:51,702 [toolkit.py] => Total params:     103,410,103
2026-04-18 11:08:51,702 [toolkit.py] => Trainable params: 376,330
2026-04-18 11:08:51,702 [toolkit.py] => Trainable ratio:  0.3639%
2026-04-18 11:19:48,307 [l2lora.py] => Task 2, Epoch 20/20 => Loss 0.119, Train_accy 95.88
2026-04-18 11:19:48,308 [trainer.py] => Training time: 0h 10m 56s
2026-04-18 11:19:58,249 [trainer.py] => Evaluation time: 0h 0m 9s
2026-04-18 11:19:58,250 [trainer.py] => Accuracy: {'total': 95.13, '00-09': 95.2, '10-19': 95.8, '20-29': 94.4, 'old': 95.5, 'new': 94.4}
2026-04-18 11:19:58,250 [trainer.py] => (curve) top1 Acc: [99.5, 96.65, 95.13]
2026-04-18 11:19:58,251 [trainer.py] => (curve) top1 Acc with task: [99.5, 98.95, 98.57]
2026-04-18 11:19:58,251 [trainer.py] => (curve) top1 Acc task: [100.0, 97.4, 95.93]
2026-04-18 11:19:58,251 [trainer.py] => ================================================================================
2026-04-18 11:19:58,251 [trainer.py] => ================================================================================
2026-04-18 11:19:58,261 [base.py] => Task 3 learning on class 30-40
2026-04-18 11:19:58,265 [toolkit.py] => Total params:     103,410,103
2026-04-18 11:19:58,265 [toolkit.py] => Trainable params: 376,330
2026-04-18 11:19:58,265 [toolkit.py] => Trainable ratio:  0.3639%
2026-04-18 11:30:56,716 [l2lora.py] => Task 3, Epoch 20/20 => Loss 0.135, Train_accy 95.76
2026-04-18 11:30:56,717 [trainer.py] => Training time: 0h 10m 58s
2026-04-18 11:31:08,981 [trainer.py] => Evaluation time: 0h 0m 12s
2026-04-18 11:31:08,983 [trainer.py] => Accuracy: {'total': 93.32, '00-09': 95.0, '10-19': 93.9, '20-29': 94.3, '30-39': 90.1, 'old': 94.4, 'new': 90.1}
2026-04-18 11:31:08,983 [trainer.py] => (curve) top1 Acc: [99.5, 96.65, 95.13, 93.32]
2026-04-18 11:31:08,983 [trainer.py] => (curve) top1 Acc with task: [99.5, 98.95, 98.57, 98.68]
2026-04-18 11:31:08,983 [trainer.py] => (curve) top1 Acc task: [100.0, 97.4, 95.93, 93.92]
2026-04-18 11:31:08,983 [trainer.py] => ================================================================================
2026-04-18 11:31:08,983 [trainer.py] => ================================================================================
2026-04-18 11:31:08,996 [base.py] => Task 4 learning on class 40-50
2026-04-18 11:31:08,999 [toolkit.py] => Total params:     103,410,103
2026-04-18 11:31:08,999 [toolkit.py] => Trainable params: 376,330
2026-04-18 11:31:08,999 [toolkit.py] => Trainable ratio:  0.3639%
2026-04-18 11:42:04,953 [l2lora.py] => Task 4, Epoch 20/20 => Loss 0.126, Train_accy 96.00
2026-04-18 11:42:04,954 [trainer.py] => Training time: 0h 10m 55s
2026-04-18 11:42:18,959 [trainer.py] => Evaluation time: 0h 0m 14s
2026-04-18 11:42:18,961 [trainer.py] => Accuracy: {'total': 92.44, '00-09': 94.2, '10-19': 92.7, '20-29': 92.9, '30-39': 89.1, '40-49': 93.3, 'old': 92.22, 'new': 93.3}
2026-04-18 11:42:18,961 [trainer.py] => (curve) top1 Acc: [99.5, 96.65, 95.13, 93.32, 92.44]
2026-04-18 11:42:18,961 [trainer.py] => (curve) top1 Acc with task: [99.5, 98.95, 98.57, 98.68, 98.7]
2026-04-18 11:42:18,961 [trainer.py] => (curve) top1 Acc task: [100.0, 97.4, 95.93, 93.92, 92.98]
2026-04-18 11:42:18,961 [trainer.py] => ================================================================================
2026-04-18 11:42:18,962 [trainer.py] => ================================================================================
2026-04-18 11:42:18,971 [base.py] => Task 5 learning on class 50-60
2026-04-18 11:42:18,975 [toolkit.py] => Total params:     103,410,103
2026-04-18 11:42:18,975 [toolkit.py] => Trainable params: 376,330
2026-04-18 11:42:18,975 [toolkit.py] => Trainable ratio:  0.3639%
2026-04-18 11:53:17,876 [l2lora.py] => Task 5, Epoch 20/20 => Loss 0.144, Train_accy 94.98
2026-04-18 11:53:17,879 [trainer.py] => Training time: 0h 10m 58s
2026-04-18 11:53:34,191 [trainer.py] => Evaluation time: 0h 0m 16s
2026-04-18 11:53:34,194 [trainer.py] => Accuracy: {'total': 90.35, '00-09': 92.7, '10-19': 91.8, '20-29': 92.8, '30-39': 87.5, '40-49': 92.8, '50-59': 84.5, 'old': 91.52, 'new': 84.5}
2026-04-18 11:53:34,194 [trainer.py] => (curve) top1 Acc: [99.5, 96.65, 95.13, 93.32, 92.44, 90.35]
2026-04-18 11:53:34,195 [trainer.py] => (curve) top1 Acc with task: [99.5, 98.95, 98.57, 98.68, 98.7, 98.63]
2026-04-18 11:53:34,195 [trainer.py] => (curve) top1 Acc task: [100.0, 97.4, 95.93, 93.92, 92.98, 90.8]
2026-04-18 11:53:34,195 [trainer.py] => ================================================================================
2026-04-18 11:53:34,195 [trainer.py] => ================================================================================
2026-04-18 11:53:34,206 [base.py] => Task 6 learning on class 60-70
2026-04-18 11:53:34,211 [toolkit.py] => Total params:     103,410,103
2026-04-18 11:53:34,211 [toolkit.py] => Trainable params: 376,330
2026-04-18 11:53:34,211 [toolkit.py] => Trainable ratio:  0.3639%
2026-04-18 12:04:30,450 [l2lora.py] => Task 6, Epoch 20/20 => Loss 0.141, Train_accy 94.98
2026-04-18 12:04:30,452 [trainer.py] => Training time: 0h 10m 56s
2026-04-18 12:04:49,370 [trainer.py] => Evaluation time: 0h 0m 18s
2026-04-18 12:04:49,371 [trainer.py] => Accuracy: {'total': 89.64, '00-09': 92.6, '10-19': 90.8, '20-29': 92.2, '30-39': 87.2, '40-49': 92.3, '50-59': 83.9, '60-69': 88.5, 'old': 89.83, 'new': 88.5}
2026-04-18 12:04:49,372 [trainer.py] => (curve) top1 Acc: [99.5, 96.65, 95.13, 93.32, 92.44, 90.35, 89.64]
2026-04-18 12:04:49,372 [trainer.py] => (curve) top1 Acc with task: [99.5, 98.95, 98.57, 98.68, 98.7, 98.63, 98.44]
2026-04-18 12:04:49,372 [trainer.py] => (curve) top1 Acc task: [100.0, 97.4, 95.93, 93.92, 92.98, 90.8, 90.16]
2026-04-18 12:04:49,372 [trainer.py] => ================================================================================
2026-04-18 12:04:49,372 [trainer.py] => ================================================================================
2026-04-18 12:04:49,385 [base.py] => Task 7 learning on class 70-80
2026-04-18 12:04:49,388 [toolkit.py] => Total params:     103,410,103
2026-04-18 12:04:49,389 [toolkit.py] => Trainable params: 376,330
2026-04-18 12:04:49,389 [toolkit.py] => Trainable ratio:  0.3639%
2026-04-18 12:15:45,262 [l2lora.py] => Task 7, Epoch 20/20 => Loss 0.122, Train_accy 95.86
2026-04-18 12:15:45,263 [trainer.py] => Training time: 0h 10m 55s
2026-04-18 12:16:06,311 [trainer.py] => Evaluation time: 0h 0m 21s
2026-04-18 12:16:06,313 [trainer.py] => Accuracy: {'total': 89.26, '00-09': 92.5, '10-19': 90.6, '20-29': 90.9, '30-39': 86.9, '40-49': 92.6, '50-59': 83.2, '60-69': 87.5, '70-79': 89.9, 'old': 89.17, 'new': 89.9}
2026-04-18 12:16:06,314 [trainer.py] => (curve) top1 Acc: [99.5, 96.65, 95.13, 93.32, 92.44, 90.35, 89.64, 89.26]
2026-04-18 12:16:06,314 [trainer.py] => (curve) top1 Acc with task: [99.5, 98.95, 98.57, 98.68, 98.7, 98.63, 98.44, 98.4]
2026-04-18 12:16:06,314 [trainer.py] => (curve) top1 Acc task: [100.0, 97.4, 95.93, 93.92, 92.98, 90.8, 90.16, 89.71]
2026-04-18 12:16:06,314 [trainer.py] => ================================================================================
2026-04-18 12:16:06,314 [trainer.py] => ================================================================================
2026-04-18 12:16:06,328 [base.py] => Task 8 learning on class 80-90
2026-04-18 12:16:06,332 [toolkit.py] => Total params:     103,410,103
2026-04-18 12:16:06,332 [toolkit.py] => Trainable params: 376,330
2026-04-18 12:16:06,332 [toolkit.py] => Trainable ratio:  0.3639%
2026-04-18 12:27:05,374 [l2lora.py] => Task 8, Epoch 20/20 => Loss 0.100, Train_accy 96.86
2026-04-18 12:27:05,376 [trainer.py] => Training time: 0h 10m 59s
2026-04-18 12:27:28,437 [trainer.py] => Evaluation time: 0h 0m 23s
2026-04-18 12:27:28,439 [trainer.py] => Accuracy: {'total': 89.16, '00-09': 92.1, '10-19': 90.2, '20-29': 90.9, '30-39': 86.2, '40-49': 91.7, '50-59': 83.5, '60-69': 86.3, '70-79': 88.1, '80-89': 93.4, 'old': 88.62, 'new': 93.4}
2026-04-18 12:27:28,439 [trainer.py] => (curve) top1 Acc: [99.5, 96.65, 95.13, 93.32, 92.44, 90.35, 89.64, 89.26, 89.16]
2026-04-18 12:27:28,439 [trainer.py] => (curve) top1 Acc with task: [99.5, 98.95, 98.57, 98.68, 98.7, 98.63, 98.44, 98.4, 98.52]
2026-04-18 12:27:28,439 [trainer.py] => (curve) top1 Acc task: [100.0, 97.4, 95.93, 93.92, 92.98, 90.8, 90.16, 89.71, 89.54]
2026-04-18 12:27:28,439 [trainer.py] => ================================================================================
2026-04-18 12:27:28,439 [trainer.py] => ================================================================================
2026-04-18 12:27:28,449 [base.py] => Task 9 learning on class 90-100
2026-04-18 12:27:28,453 [toolkit.py] => Total params:     103,410,103
2026-04-18 12:27:28,453 [toolkit.py] => Trainable params: 376,330
2026-04-18 12:27:28,453 [toolkit.py] => Trainable ratio:  0.3639%
2026-04-18 12:38:23,870 [l2lora.py] => Task 9, Epoch 20/20 => Loss 0.097, Train_accy 96.94
2026-04-18 12:38:23,871 [trainer.py] => Training time: 0h 10m 55s
2026-04-18 12:38:49,110 [trainer.py] => Evaluation time: 0h 0m 25s
2026-04-18 12:38:49,111 [trainer.py] => Accuracy: {'total': 88.16, '00-09': 91.3, '10-19': 88.9, '20-29': 90.3, '30-39': 84.4, '40-49': 90.4, '50-59': 82.0, '60-69': 85.2, '70-79': 85.8, '80-89': 91.9, '90-99': 91.4, 'old': 87.8, 'new': 91.4}
2026-04-18 12:38:49,112 [trainer.py] => (curve) top1 Acc: [99.5, 96.65, 95.13, 93.32, 92.44, 90.35, 89.64, 89.26, 89.16, 88.16]
2026-04-18 12:38:49,112 [trainer.py] => (curve) top1 Acc with task: [99.5, 98.95, 98.57, 98.68, 98.7, 98.63, 98.44, 98.4, 98.52, 98.63]
2026-04-18 12:38:49,112 [trainer.py] => (curve) top1 Acc task: [100.0, 97.4, 95.93, 93.92, 92.98, 90.8, 90.16, 89.71, 89.54, 88.51]
2026-04-18 12:38:49,112 [trainer.py] => ================================================================================
