2026-04-20 11:42:02,795 [toolkit.py] => config: configs/ewcdlora/imagenet-a.json
2026-04-20 11:42:02,796 [toolkit.py] => device: [device(type='cuda', index=0)]
2026-04-20 11:42:02,797 [toolkit.py] => debug: False
2026-04-20 11:42:02,797 [toolkit.py] => save_ckp: False
2026-04-20 11:42:02,797 [toolkit.py] => seed: 0
2026-04-20 11:42:02,797 [toolkit.py] => dataset: imagenet-a
2026-04-20 11:42:02,797 [toolkit.py] => data_path: data/imagenet-a
2026-04-20 11:42:02,797 [toolkit.py] => load: vit_base_patch16_224_in21k
2026-04-20 11:42:02,797 [toolkit.py] => init_cls: 20
2026-04-20 11:42:02,797 [toolkit.py] => increment: 20
2026-04-20 11:42:02,798 [toolkit.py] => sessions: 10
2026-04-20 11:42:02,798 [toolkit.py] => shuffle: False
2026-04-20 11:42:02,798 [toolkit.py] => method: ewcdlora
2026-04-20 11:42:02,798 [toolkit.py] => optimizer: adam
2026-04-20 11:42:02,798 [toolkit.py] => scheduler: cosine
2026-04-20 11:42:02,798 [toolkit.py] => epochs: 20
2026-04-20 11:42:02,798 [toolkit.py] => lrate: 0.0005
2026-04-20 11:42:02,799 [toolkit.py] => fc_lrate: 0.005
2026-04-20 11:42:02,799 [toolkit.py] => weight_decay: 0.0
2026-04-20 11:42:02,799 [toolkit.py] => batch_size: 128
2026-04-20 11:42:02,799 [toolkit.py] => rank: 10
2026-04-20 11:42:02,799 [toolkit.py] => num_workers: 4
2026-04-20 11:42:02,799 [toolkit.py] => gamma: 1.0
2026-04-20 11:42:02,799 [toolkit.py] => lambda: 10000000.0
2026-04-20 11:42:02,799 [toolkit.py] => logdir: logs/ewcdlora-l10000000.0-g1.0/imagenet-a/t10
2026-04-20 11:42:02,800 [toolkit.py] => logfilename: logs/ewcdlora-l10000000.0-g1.0/imagenet-a/t10/seed0
2026-04-20 11:42:03,342 [data_manager.py] => Class index order: 0, 1, 2, 3, 4, ..., 195, 196, 197, 198, 199
2026-04-20 11:42:06,956 [trainer.py] => ================================================================================
2026-04-20 11:42:06,957 [base.py] => Task 0 learning on class 0-20
2026-04-20 11:42:08,184 [toolkit.py] => Total params:     103,487,003
2026-04-20 11:42:08,184 [toolkit.py] => Trainable params: 384,020
2026-04-20 11:42:08,185 [toolkit.py] => Trainable ratio:  0.3711%
2026-04-20 11:45:02,766 [ewcdlora.py] => Task 0, Epoch 20/20 => Loss 0.174, Train_accy 94.65
2026-04-20 11:45:02,767 [trainer.py] => Training time: 0h 2m 55s
2026-04-20 11:45:04,800 [trainer.py] => Evaluation time: 0h 0m 2s
2026-04-20 11:45:13,073 [trainer.py] => Accuracy: {'total': 86.26, '00-19': 86.26, 'old': 0, 'new': 86.26}
2026-04-20 11:45:13,074 [trainer.py] => (curve) top1 Acc: [86.26]
2026-04-20 11:45:13,074 [trainer.py] => (curve) top1 Acc with task: [86.26]
2026-04-20 11:45:13,074 [trainer.py] => (curve) top1 Acc task: [100.0]
2026-04-20 11:45:13,074 [trainer.py] => ================================================================================
2026-04-20 11:45:13,074 [trainer.py] => ================================================================================
2026-04-20 11:45:13,075 [base.py] => Task 1 learning on class 20-40
2026-04-20 11:45:13,079 [toolkit.py] => Total params:     103,487,003
2026-04-20 11:45:13,079 [toolkit.py] => Trainable params: 384,020
2026-04-20 11:45:13,079 [toolkit.py] => Trainable ratio:  0.3711%
2026-04-20 11:47:38,463 [ewcdlora.py] => Task 1, Epoch 20/20 => Loss 0.138, Train_accy 96.40
2026-04-20 11:47:38,464 [trainer.py] => Training time: 0h 2m 25s
2026-04-20 11:47:41,009 [trainer.py] => Evaluation time: 0h 0m 2s
2026-04-20 11:47:47,797 [trainer.py] => Accuracy: {'total': 79.08, '00-19': 80.19, '20-39': 77.69, 'old': 80.19, 'new': 77.69}
2026-04-20 11:47:47,797 [trainer.py] => (curve) top1 Acc: [86.26, 79.08]
2026-04-20 11:47:47,797 [trainer.py] => (curve) top1 Acc with task: [86.26, 85.99]
2026-04-20 11:47:47,797 [trainer.py] => (curve) top1 Acc task: [100.0, 89.01]
2026-04-20 11:47:47,798 [trainer.py] => ================================================================================
2026-04-20 11:47:47,798 [trainer.py] => ================================================================================
2026-04-20 11:47:47,800 [base.py] => Task 2 learning on class 40-60
2026-04-20 11:47:47,803 [toolkit.py] => Total params:     103,487,003
2026-04-20 11:47:47,803 [toolkit.py] => Trainable params: 384,020
2026-04-20 11:47:47,803 [toolkit.py] => Trainable ratio:  0.3711%
2026-04-20 11:50:09,736 [ewcdlora.py] => Task 2, Epoch 20/20 => Loss 0.187, Train_accy 94.20
2026-04-20 11:50:09,737 [trainer.py] => Training time: 0h 2m 21s
2026-04-20 11:50:12,760 [trainer.py] => Evaluation time: 0h 0m 3s
2026-04-20 11:50:19,419 [trainer.py] => Accuracy: {'total': 71.53, '00-19': 77.64, '20-39': 76.1, '40-59': 59.36, 'old': 76.95, 'new': 59.36}
2026-04-20 11:50:19,420 [trainer.py] => (curve) top1 Acc: [86.26, 79.08, 71.53]
2026-04-20 11:50:19,420 [trainer.py] => (curve) top1 Acc with task: [86.26, 85.99, 82.7]
2026-04-20 11:50:19,420 [trainer.py] => (curve) top1 Acc task: [100.0, 89.01, 80.25]
2026-04-20 11:50:19,420 [trainer.py] => ================================================================================
2026-04-20 11:50:19,420 [trainer.py] => ================================================================================
2026-04-20 11:50:19,421 [base.py] => Task 3 learning on class 60-80
2026-04-20 11:50:19,425 [toolkit.py] => Total params:     103,487,003
2026-04-20 11:50:19,425 [toolkit.py] => Trainable params: 384,020
2026-04-20 11:50:19,425 [toolkit.py] => Trainable ratio:  0.3711%
2026-04-20 11:51:55,173 [ewcdlora.py] => Task 3, Epoch 20/20 => Loss 0.147, Train_accy 95.74
2026-04-20 11:51:55,174 [trainer.py] => Training time: 0h 1m 35s
2026-04-20 11:51:58,607 [trainer.py] => Evaluation time: 0h 0m 3s
2026-04-20 11:52:03,188 [trainer.py] => Accuracy: {'total': 69.05, '00-19': 73.8, '20-39': 73.71, '40-59': 55.38, '60-79': 74.17, 'old': 68.1, 'new': 74.17}
2026-04-20 11:52:03,189 [trainer.py] => (curve) top1 Acc: [86.26, 79.08, 71.53, 69.05]
2026-04-20 11:52:03,189 [trainer.py] => (curve) top1 Acc with task: [86.26, 85.99, 82.7, 83.02]
2026-04-20 11:52:03,189 [trainer.py] => (curve) top1 Acc task: [100.0, 89.01, 80.25, 75.78]
2026-04-20 11:52:03,189 [trainer.py] => ================================================================================
2026-04-20 11:52:03,189 [trainer.py] => ================================================================================
2026-04-20 11:52:03,190 [base.py] => Task 4 learning on class 80-100
2026-04-20 11:52:03,193 [toolkit.py] => Total params:     103,487,003
2026-04-20 11:52:03,193 [toolkit.py] => Trainable params: 384,020
2026-04-20 11:52:03,194 [toolkit.py] => Trainable ratio:  0.3711%
2026-04-20 11:53:14,484 [ewcdlora.py] => Task 4, Epoch 20/20 => Loss 0.083, Train_accy 97.65
2026-04-20 11:53:14,486 [trainer.py] => Training time: 0h 1m 11s
2026-04-20 11:53:18,105 [trainer.py] => Evaluation time: 0h 0m 3s
2026-04-20 11:53:21,567 [trainer.py] => Accuracy: {'total': 65.54, '00-19': 72.84, '20-39': 72.91, '40-59': 54.98, '60-79': 73.51, '80-99': 39.22, 'old': 68.32, 'new': 39.22}
2026-04-20 11:53:21,568 [trainer.py] => (curve) top1 Acc: [86.26, 79.08, 71.53, 69.05, 65.54]
2026-04-20 11:53:21,568 [trainer.py] => (curve) top1 Acc with task: [86.26, 85.99, 82.7, 83.02, 80.62]
2026-04-20 11:53:21,568 [trainer.py] => (curve) top1 Acc task: [100.0, 89.01, 80.25, 75.78, 72.66]
2026-04-20 11:53:21,568 [trainer.py] => ================================================================================
2026-04-20 11:53:21,568 [trainer.py] => ================================================================================
2026-04-20 11:53:21,569 [base.py] => Task 5 learning on class 100-120
2026-04-20 11:53:21,572 [toolkit.py] => Total params:     103,487,003
2026-04-20 11:53:21,572 [toolkit.py] => Trainable params: 384,020
2026-04-20 11:53:21,573 [toolkit.py] => Trainable ratio:  0.3711%
2026-04-20 11:54:13,332 [ewcdlora.py] => Task 5, Epoch 20/20 => Loss 0.105, Train_accy 95.82
2026-04-20 11:54:13,333 [trainer.py] => Training time: 0h 0m 51s
2026-04-20 11:54:17,240 [trainer.py] => Evaluation time: 0h 0m 3s
2026-04-20 11:54:19,786 [trainer.py] => Accuracy: {'total': 63.2, '00-19': 72.2, '20-39': 73.31, '40-59': 55.78, '60-79': 72.85, '80-99': 39.22, '100-119': 26.47, 'old': 65.54, 'new': 26.47}
2026-04-20 11:54:19,786 [trainer.py] => (curve) top1 Acc: [86.26, 79.08, 71.53, 69.05, 65.54, 63.2]
2026-04-20 11:54:19,786 [trainer.py] => (curve) top1 Acc with task: [86.26, 85.99, 82.7, 83.02, 80.62, 78.7]
2026-04-20 11:54:19,786 [trainer.py] => (curve) top1 Acc task: [100.0, 89.01, 80.25, 75.78, 72.66, 70.07]
2026-04-20 11:54:19,786 [trainer.py] => ================================================================================
2026-04-20 11:54:19,787 [trainer.py] => ================================================================================
2026-04-20 11:54:19,787 [base.py] => Task 6 learning on class 120-140
2026-04-20 11:54:19,791 [toolkit.py] => Total params:     103,487,003
2026-04-20 11:54:19,791 [toolkit.py] => Trainable params: 384,020
2026-04-20 11:54:19,791 [toolkit.py] => Trainable ratio:  0.3711%
2026-04-20 11:55:22,219 [ewcdlora.py] => Task 6, Epoch 20/20 => Loss 0.111, Train_accy 96.87
2026-04-20 11:55:22,220 [trainer.py] => Training time: 0h 1m 2s
2026-04-20 11:55:26,219 [trainer.py] => Evaluation time: 0h 0m 3s
2026-04-20 11:55:28,994 [trainer.py] => Accuracy: {'total': 61.31, '00-19': 71.88, '20-39': 72.51, '40-59': 54.98, '60-79': 71.52, '80-99': 37.25, '100-119': 25.0, '120-139': 48.31, 'old': 62.32, 'new': 48.31}
2026-04-20 11:55:28,994 [trainer.py] => (curve) top1 Acc: [86.26, 79.08, 71.53, 69.05, 65.54, 63.2, 61.31]
2026-04-20 11:55:28,994 [trainer.py] => (curve) top1 Acc with task: [86.26, 85.99, 82.7, 83.02, 80.62, 78.7, 77.55]
2026-04-20 11:55:28,994 [trainer.py] => (curve) top1 Acc task: [100.0, 89.01, 80.25, 75.78, 72.66, 70.07, 68.33]
2026-04-20 11:55:28,994 [trainer.py] => ================================================================================
2026-04-20 11:55:28,994 [trainer.py] => ================================================================================
2026-04-20 11:55:28,995 [base.py] => Task 7 learning on class 140-160
2026-04-20 11:55:28,999 [toolkit.py] => Total params:     103,487,003
2026-04-20 11:55:28,999 [toolkit.py] => Trainable params: 384,020
2026-04-20 11:55:28,999 [toolkit.py] => Trainable ratio:  0.3711%
2026-04-20 11:56:27,759 [ewcdlora.py] => Task 7, Epoch 20/20 => Loss 0.070, Train_accy 96.88
2026-04-20 11:56:27,760 [trainer.py] => Training time: 0h 0m 58s
2026-04-20 11:56:31,924 [trainer.py] => Evaluation time: 0h 0m 4s
2026-04-20 11:56:34,705 [trainer.py] => Accuracy: {'total': 59.11, '00-19': 71.25, '20-39': 71.71, '40-59': 55.78, '60-79': 70.86, '80-99': 37.25, '100-119': 23.53, '120-139': 42.7, '140-159': 37.04, 'old': 60.57, 'new': 37.04}
2026-04-20 11:56:34,705 [trainer.py] => (curve) top1 Acc: [86.26, 79.08, 71.53, 69.05, 65.54, 63.2, 61.31, 59.11]
2026-04-20 11:56:34,705 [trainer.py] => (curve) top1 Acc with task: [86.26, 85.99, 82.7, 83.02, 80.62, 78.7, 77.55, 76.95]
2026-04-20 11:56:34,705 [trainer.py] => (curve) top1 Acc task: [100.0, 89.01, 80.25, 75.78, 72.66, 70.07, 68.33, 65.31]
2026-04-20 11:56:34,705 [trainer.py] => ================================================================================
2026-04-20 11:56:34,705 [trainer.py] => ================================================================================
2026-04-20 11:56:34,706 [base.py] => Task 8 learning on class 160-180
2026-04-20 11:56:34,710 [toolkit.py] => Total params:     103,487,003
2026-04-20 11:56:34,710 [toolkit.py] => Trainable params: 384,020
2026-04-20 11:56:34,710 [toolkit.py] => Trainable ratio:  0.3711%
2026-04-20 11:57:46,230 [ewcdlora.py] => Task 8, Epoch 20/20 => Loss 0.095, Train_accy 97.70
2026-04-20 11:57:46,231 [trainer.py] => Training time: 0h 1m 11s
2026-04-20 11:57:50,886 [trainer.py] => Evaluation time: 0h 0m 4s
2026-04-20 11:57:54,312 [trainer.py] => Accuracy: {'total': 56.38, '00-19': 71.57, '20-39': 72.11, '40-59': 53.78, '60-79': 70.2, '80-99': 35.29, '100-119': 22.06, '120-139': 39.33, '140-159': 37.04, '160-179': 29.9, 'old': 58.35, 'new': 29.9}
2026-04-20 11:57:54,312 [trainer.py] => (curve) top1 Acc: [86.26, 79.08, 71.53, 69.05, 65.54, 63.2, 61.31, 59.11, 56.38]
2026-04-20 11:57:54,312 [trainer.py] => (curve) top1 Acc with task: [86.26, 85.99, 82.7, 83.02, 80.62, 78.7, 77.55, 76.95, 75.91]
2026-04-20 11:57:54,312 [trainer.py] => (curve) top1 Acc task: [100.0, 89.01, 80.25, 75.78, 72.66, 70.07, 68.33, 65.31, 62.15]
2026-04-20 11:57:54,312 [trainer.py] => ================================================================================
2026-04-20 11:57:54,312 [trainer.py] => ================================================================================
2026-04-20 11:57:54,313 [base.py] => Task 9 learning on class 180-200
2026-04-20 11:57:54,317 [toolkit.py] => Total params:     103,487,003
2026-04-20 11:57:54,317 [toolkit.py] => Trainable params: 384,020
2026-04-20 11:57:54,317 [toolkit.py] => Trainable ratio:  0.3711%
2026-04-20 11:59:03,052 [ewcdlora.py] => Task 9, Epoch 20/20 => Loss 0.057, Train_accy 97.66
2026-04-20 11:59:03,053 [trainer.py] => Training time: 0h 1m 8s
2026-04-20 11:59:07,711 [trainer.py] => Evaluation time: 0h 0m 4s
2026-04-20 11:59:11,067 [trainer.py] => Accuracy: {'total': 55.33, '00-19': 71.57, '20-39': 70.52, '40-59': 54.18, '60-79': 69.54, '80-99': 35.29, '100-119': 22.06, '120-139': 39.33, '140-159': 35.8, '160-179': 27.84, '180-199': 47.42, 'old': 55.88, 'new': 47.42}
2026-04-20 11:59:11,067 [trainer.py] => (curve) top1 Acc: [86.26, 79.08, 71.53, 69.05, 65.54, 63.2, 61.31, 59.11, 56.38, 55.33]
2026-04-20 11:59:11,067 [trainer.py] => (curve) top1 Acc with task: [86.26, 85.99, 82.7, 83.02, 80.62, 78.7, 77.55, 76.95, 75.91, 74.8]
2026-04-20 11:59:11,067 [trainer.py] => (curve) top1 Acc task: [100.0, 89.01, 80.25, 75.78, 72.66, 70.07, 68.33, 65.31, 62.15, 61.07]
2026-04-20 11:59:11,067 [trainer.py] => ================================================================================
