2026-04-19 16:41:04,345 [toolkit.py] => config: configs/actmat-c-l1000.0/cifar100.json
2026-04-19 16:41:04,345 [toolkit.py] => device: [device(type='cuda', index=0)]
2026-04-19 16:41:04,345 [toolkit.py] => debug: False
2026-04-19 16:41:04,346 [toolkit.py] => save_ckp: False
2026-04-19 16:41:04,346 [toolkit.py] => seed: 0
2026-04-19 16:41:04,346 [toolkit.py] => dataset: cifar100
2026-04-19 16:41:04,346 [toolkit.py] => data_path: data/cifar100
2026-04-19 16:41:04,346 [toolkit.py] => load: vit_base_patch16_224_in21k
2026-04-19 16:41:04,346 [toolkit.py] => init_cls: 10
2026-04-19 16:41:04,346 [toolkit.py] => increment: 10
2026-04-19 16:41:04,346 [toolkit.py] => sessions: 10
2026-04-19 16:41:04,346 [toolkit.py] => shuffle: False
2026-04-19 16:41:04,347 [toolkit.py] => method: actmat-c
2026-04-19 16:41:04,347 [toolkit.py] => optimizer: adam
2026-04-19 16:41:04,347 [toolkit.py] => scheduler: cosine
2026-04-19 16:41:04,347 [toolkit.py] => epochs: 20
2026-04-19 16:41:04,347 [toolkit.py] => lrate: 0.0005
2026-04-19 16:41:04,347 [toolkit.py] => fc_lrate: 0.005
2026-04-19 16:41:04,347 [toolkit.py] => weight_decay: 0.0
2026-04-19 16:41:04,347 [toolkit.py] => batch_size: 128
2026-04-19 16:41:04,347 [toolkit.py] => rank: 10
2026-04-19 16:41:04,348 [toolkit.py] => num_workers: 16
2026-04-19 16:41:04,348 [toolkit.py] => lambda: 1000.0
2026-04-19 16:41:04,348 [toolkit.py] => gamma: 1.0
2026-04-19 16:41:04,348 [toolkit.py] => logdir: logs/actmat-c-l1000.0-g1.0/cifar100/t10
2026-04-19 16:41:04,348 [toolkit.py] => logfilename: logs/actmat-c-l1000.0-g1.0/cifar100/t10/seed0
2026-04-19 16:41:06,696 [data_manager.py] => Class index order: 0, 1, 2, 3, 4, ..., 95, 96, 97, 98, 99
2026-04-19 16:41:09,890 [trainer.py] => ================================================================================
2026-04-19 16:41:09,904 [base.py] => Task 0 learning on class 0-10
2026-04-19 16:41:11,066 [toolkit.py] => Total params:     103,410,103
2026-04-19 16:41:11,066 [toolkit.py] => Trainable params: 376,330
2026-04-19 16:41:11,066 [toolkit.py] => Trainable ratio:  0.3639%
2026-04-19 16:52:13,749 [actmat_c.py] => Task 0, Epoch 20/20 => Loss 0.094, Train_accy 96.82
2026-04-19 16:52:13,750 [trainer.py] => Training time: 0h 11m 3s
2026-04-19 16:52:18,651 [trainer.py] => Evaluation time: 0h 0m 4s
2026-04-19 16:52:32,709 [trainer.py] => Accuracy: {'total': 99.5, '00-09': 99.5, 'old': 0, 'new': 99.5}
2026-04-19 16:52:32,709 [trainer.py] => (curve) top1 Acc: [99.5]
2026-04-19 16:52:32,709 [trainer.py] => (curve) top1 Acc with task: [99.5]
2026-04-19 16:52:32,709 [trainer.py] => (curve) top1 Acc task: [100.0]
2026-04-19 16:52:32,709 [trainer.py] => ================================================================================
2026-04-19 16:52:32,709 [trainer.py] => ================================================================================
2026-04-19 16:52:32,723 [base.py] => Task 1 learning on class 10-20
2026-04-19 16:52:32,727 [toolkit.py] => Total params:     103,410,103
2026-04-19 16:52:32,727 [toolkit.py] => Trainable params: 376,330
2026-04-19 16:52:32,727 [toolkit.py] => Trainable ratio:  0.3639%
2026-04-19 17:03:40,549 [actmat_c.py] => Task 1, Epoch 20/20 => Loss 0.142, Train_accy 95.56
2026-04-19 17:03:40,550 [trainer.py] => Training time: 0h 11m 7s
2026-04-19 17:03:47,927 [trainer.py] => Evaluation time: 0h 0m 7s
2026-04-19 17:04:02,563 [trainer.py] => Accuracy: {'total': 96.75, '00-09': 96.9, '10-19': 96.6, 'old': 96.9, 'new': 96.6}
2026-04-19 17:04:02,564 [trainer.py] => (curve) top1 Acc: [99.5, 96.75]
2026-04-19 17:04:02,564 [trainer.py] => (curve) top1 Acc with task: [99.5, 99.05]
2026-04-19 17:04:02,564 [trainer.py] => (curve) top1 Acc task: [100.0, 97.35]
2026-04-19 17:04:02,564 [trainer.py] => ================================================================================
2026-04-19 17:04:02,564 [trainer.py] => ================================================================================
2026-04-19 17:04:02,578 [base.py] => Task 2 learning on class 20-30
2026-04-19 17:04:02,581 [toolkit.py] => Total params:     103,410,103
2026-04-19 17:04:02,582 [toolkit.py] => Trainable params: 376,330
2026-04-19 17:04:02,582 [toolkit.py] => Trainable ratio:  0.3639%
2026-04-19 17:15:07,645 [actmat_c.py] => Task 2, Epoch 20/20 => Loss 0.128, Train_accy 96.00
2026-04-19 17:15:07,646 [trainer.py] => Training time: 0h 11m 5s
2026-04-19 17:15:17,179 [trainer.py] => Evaluation time: 0h 0m 9s
2026-04-19 17:15:31,424 [trainer.py] => Accuracy: {'total': 95.5, '00-09': 95.5, '10-19': 95.8, '20-29': 95.2, 'old': 95.65, 'new': 95.2}
2026-04-19 17:15:31,425 [trainer.py] => (curve) top1 Acc: [99.5, 96.75, 95.5]
2026-04-19 17:15:31,425 [trainer.py] => (curve) top1 Acc with task: [99.5, 99.05, 98.57]
2026-04-19 17:15:31,425 [trainer.py] => (curve) top1 Acc task: [100.0, 97.35, 96.3]
2026-04-19 17:15:31,425 [trainer.py] => ================================================================================
2026-04-19 17:15:31,425 [trainer.py] => ================================================================================
2026-04-19 17:15:31,438 [base.py] => Task 3 learning on class 30-40
2026-04-19 17:15:31,442 [toolkit.py] => Total params:     103,410,103
2026-04-19 17:15:31,442 [toolkit.py] => Trainable params: 376,330
2026-04-19 17:15:31,442 [toolkit.py] => Trainable ratio:  0.3639%
2026-04-19 17:26:34,312 [actmat_c.py] => Task 3, Epoch 20/20 => Loss 0.117, Train_accy 95.96
2026-04-19 17:26:34,313 [trainer.py] => Training time: 0h 11m 2s
2026-04-19 17:26:46,495 [trainer.py] => Evaluation time: 0h 0m 12s
2026-04-19 17:27:01,053 [trainer.py] => Accuracy: {'total': 93.48, '00-09': 94.9, '10-19': 93.7, '20-29': 95.0, '30-39': 90.3, 'old': 94.53, 'new': 90.3}
2026-04-19 17:27:01,053 [trainer.py] => (curve) top1 Acc: [99.5, 96.75, 95.5, 93.48]
2026-04-19 17:27:01,053 [trainer.py] => (curve) top1 Acc with task: [99.5, 99.05, 98.57, 98.62]
2026-04-19 17:27:01,053 [trainer.py] => (curve) top1 Acc task: [100.0, 97.35, 96.3, 94.15]
2026-04-19 17:27:01,054 [trainer.py] => ================================================================================
2026-04-19 17:27:01,054 [trainer.py] => ================================================================================
2026-04-19 17:27:01,065 [base.py] => Task 4 learning on class 40-50
2026-04-19 17:27:01,069 [toolkit.py] => Total params:     103,410,103
2026-04-19 17:27:01,069 [toolkit.py] => Trainable params: 376,330
2026-04-19 17:27:01,069 [toolkit.py] => Trainable ratio:  0.3639%
2026-04-19 17:38:03,434 [actmat_c.py] => Task 4, Epoch 20/20 => Loss 0.117, Train_accy 96.08
2026-04-19 17:38:03,436 [trainer.py] => Training time: 0h 11m 2s
2026-04-19 17:38:17,725 [trainer.py] => Evaluation time: 0h 0m 14s
2026-04-19 17:38:31,926 [trainer.py] => Accuracy: {'total': 92.3, '00-09': 94.5, '10-19': 92.4, '20-29': 92.8, '30-39': 88.1, '40-49': 93.7, 'old': 91.95, 'new': 93.7}
2026-04-19 17:38:31,927 [trainer.py] => (curve) top1 Acc: [99.5, 96.75, 95.5, 93.48, 92.3]
2026-04-19 17:38:31,927 [trainer.py] => (curve) top1 Acc with task: [99.5, 99.05, 98.57, 98.62, 98.6]
2026-04-19 17:38:31,927 [trainer.py] => (curve) top1 Acc task: [100.0, 97.35, 96.3, 94.15, 92.92]
2026-04-19 17:38:31,927 [trainer.py] => ================================================================================
2026-04-19 17:38:31,927 [trainer.py] => ================================================================================
2026-04-19 17:38:31,937 [base.py] => Task 5 learning on class 50-60
2026-04-19 17:38:31,940 [toolkit.py] => Total params:     103,410,103
2026-04-19 17:38:31,940 [toolkit.py] => Trainable params: 376,330
2026-04-19 17:38:31,941 [toolkit.py] => Trainable ratio:  0.3639%
2026-04-19 17:49:34,457 [actmat_c.py] => Task 5, Epoch 20/20 => Loss 0.143, Train_accy 94.64
2026-04-19 17:49:34,458 [trainer.py] => Training time: 0h 11m 2s
2026-04-19 17:49:50,963 [trainer.py] => Evaluation time: 0h 0m 16s
2026-04-19 17:50:05,353 [trainer.py] => Accuracy: {'total': 90.05, '00-09': 93.4, '10-19': 91.3, '20-29': 92.1, '30-39': 86.7, '40-49': 92.5, '50-59': 84.3, 'old': 91.2, 'new': 84.3}
2026-04-19 17:50:05,353 [trainer.py] => (curve) top1 Acc: [99.5, 96.75, 95.5, 93.48, 92.3, 90.05]
2026-04-19 17:50:05,354 [trainer.py] => (curve) top1 Acc with task: [99.5, 99.05, 98.57, 98.62, 98.6, 98.5]
2026-04-19 17:50:05,354 [trainer.py] => (curve) top1 Acc task: [100.0, 97.35, 96.3, 94.15, 92.92, 90.63]
2026-04-19 17:50:05,354 [trainer.py] => ================================================================================
2026-04-19 17:50:05,354 [trainer.py] => ================================================================================
2026-04-19 17:50:05,365 [base.py] => Task 6 learning on class 60-70
2026-04-19 17:50:05,369 [toolkit.py] => Total params:     103,410,103
2026-04-19 17:50:05,369 [toolkit.py] => Trainable params: 376,330
2026-04-19 17:50:05,369 [toolkit.py] => Trainable ratio:  0.3639%
2026-04-19 18:01:06,665 [actmat_c.py] => Task 6, Epoch 20/20 => Loss 0.145, Train_accy 94.94
2026-04-19 18:01:06,666 [trainer.py] => Training time: 0h 11m 1s
2026-04-19 18:01:25,728 [trainer.py] => Evaluation time: 0h 0m 19s
2026-04-19 18:01:40,157 [trainer.py] => Accuracy: {'total': 89.31, '00-09': 93.3, '10-19': 90.6, '20-29': 91.1, '30-39': 85.7, '40-49': 92.2, '50-59': 83.5, '60-69': 88.8, 'old': 89.4, 'new': 88.8}
2026-04-19 18:01:40,157 [trainer.py] => (curve) top1 Acc: [99.5, 96.75, 95.5, 93.48, 92.3, 90.05, 89.31]
2026-04-19 18:01:40,158 [trainer.py] => (curve) top1 Acc with task: [99.5, 99.05, 98.57, 98.62, 98.6, 98.5, 98.34]
2026-04-19 18:01:40,158 [trainer.py] => (curve) top1 Acc task: [100.0, 97.35, 96.3, 94.15, 92.92, 90.63, 89.91]
2026-04-19 18:01:40,158 [trainer.py] => ================================================================================
2026-04-19 18:01:40,158 [trainer.py] => ================================================================================
2026-04-19 18:01:40,168 [base.py] => Task 7 learning on class 70-80
2026-04-19 18:01:40,172 [toolkit.py] => Total params:     103,410,103
2026-04-19 18:01:40,172 [toolkit.py] => Trainable params: 376,330
2026-04-19 18:01:40,172 [toolkit.py] => Trainable ratio:  0.3639%
2026-04-19 18:12:39,996 [actmat_c.py] => Task 7, Epoch 20/20 => Loss 0.145, Train_accy 95.00
2026-04-19 18:12:39,997 [trainer.py] => Training time: 0h 10m 59s
2026-04-19 18:13:00,865 [trainer.py] => Evaluation time: 0h 0m 20s
2026-04-19 18:13:15,367 [trainer.py] => Accuracy: {'total': 88.84, '00-09': 92.6, '10-19': 90.6, '20-29': 90.1, '30-39': 85.7, '40-49': 91.9, '50-59': 82.4, '60-69': 87.3, '70-79': 90.1, 'old': 88.66, 'new': 90.1}
2026-04-19 18:13:15,368 [trainer.py] => (curve) top1 Acc: [99.5, 96.75, 95.5, 93.48, 92.3, 90.05, 89.31, 88.84]
2026-04-19 18:13:15,368 [trainer.py] => (curve) top1 Acc with task: [99.5, 99.05, 98.57, 98.62, 98.6, 98.5, 98.34, 98.35]
2026-04-19 18:13:15,368 [trainer.py] => (curve) top1 Acc task: [100.0, 97.35, 96.3, 94.15, 92.92, 90.63, 89.91, 89.34]
2026-04-19 18:13:15,368 [trainer.py] => ================================================================================
2026-04-19 18:13:15,368 [trainer.py] => ================================================================================
2026-04-19 18:13:15,382 [base.py] => Task 8 learning on class 80-90
2026-04-19 18:13:15,386 [toolkit.py] => Total params:     103,410,103
2026-04-19 18:13:15,386 [toolkit.py] => Trainable params: 376,330
2026-04-19 18:13:15,386 [toolkit.py] => Trainable ratio:  0.3639%
2026-04-19 18:24:18,185 [actmat_c.py] => Task 8, Epoch 20/20 => Loss 0.122, Train_accy 95.88
2026-04-19 18:24:18,187 [trainer.py] => Training time: 0h 11m 2s
2026-04-19 18:24:41,794 [trainer.py] => Evaluation time: 0h 0m 23s
2026-04-19 18:24:56,211 [trainer.py] => Accuracy: {'total': 88.66, '00-09': 92.1, '10-19': 89.9, '20-29': 89.9, '30-39': 85.2, '40-49': 91.5, '50-59': 81.7, '60-69': 86.3, '70-79': 89.3, '80-89': 92.0, 'old': 88.24, 'new': 92.0}
2026-04-19 18:24:56,212 [trainer.py] => (curve) top1 Acc: [99.5, 96.75, 95.5, 93.48, 92.3, 90.05, 89.31, 88.84, 88.66]
2026-04-19 18:24:56,212 [trainer.py] => (curve) top1 Acc with task: [99.5, 99.05, 98.57, 98.62, 98.6, 98.5, 98.34, 98.35, 98.48]
2026-04-19 18:24:56,212 [trainer.py] => (curve) top1 Acc task: [100.0, 97.35, 96.3, 94.15, 92.92, 90.63, 89.91, 89.34, 89.09]
2026-04-19 18:24:56,212 [trainer.py] => ================================================================================
2026-04-19 18:24:56,212 [trainer.py] => ================================================================================
2026-04-19 18:24:56,221 [base.py] => Task 9 learning on class 90-100
2026-04-19 18:24:56,224 [toolkit.py] => Total params:     103,410,103
2026-04-19 18:24:56,225 [toolkit.py] => Trainable params: 376,330
2026-04-19 18:24:56,225 [toolkit.py] => Trainable ratio:  0.3639%
2026-04-19 18:35:59,133 [actmat_c.py] => Task 9, Epoch 20/20 => Loss 0.090, Train_accy 96.96
2026-04-19 18:35:59,134 [trainer.py] => Training time: 0h 11m 2s
2026-04-19 18:36:24,484 [trainer.py] => Evaluation time: 0h 0m 25s
2026-04-19 18:36:39,007 [trainer.py] => Accuracy: {'total': 87.56, '00-09': 91.8, '10-19': 89.3, '20-29': 89.7, '30-39': 83.1, '40-49': 89.6, '50-59': 79.9, '60-69': 84.7, '70-79': 85.8, '80-89': 90.1, '90-99': 91.6, 'old': 87.11, 'new': 91.6}
2026-04-19 18:36:39,008 [trainer.py] => (curve) top1 Acc: [99.5, 96.75, 95.5, 93.48, 92.3, 90.05, 89.31, 88.84, 88.66, 87.56]
2026-04-19 18:36:39,008 [trainer.py] => (curve) top1 Acc with task: [99.5, 99.05, 98.57, 98.62, 98.6, 98.5, 98.34, 98.35, 98.48, 98.55]
2026-04-19 18:36:39,008 [trainer.py] => (curve) top1 Acc task: [100.0, 97.35, 96.3, 94.15, 92.92, 90.63, 89.91, 89.34, 89.09, 87.98]
2026-04-19 18:36:39,008 [trainer.py] => ================================================================================
