2026-04-19 16:05:55,828 [toolkit.py] => config: configs/actmat-c-l10.0/imagenet-a.json
2026-04-19 16:05:55,831 [toolkit.py] => device: [device(type='cuda', index=0)]
2026-04-19 16:05:55,835 [toolkit.py] => debug: False
2026-04-19 16:05:55,838 [toolkit.py] => save_ckp: False
2026-04-19 16:05:55,843 [toolkit.py] => seed: 0
2026-04-19 16:05:55,846 [toolkit.py] => dataset: imagenet-a
2026-04-19 16:05:55,850 [toolkit.py] => data_path: data/imagenet-a
2026-04-19 16:05:55,854 [toolkit.py] => load: vit_base_patch16_224_in21k
2026-04-19 16:05:55,855 [toolkit.py] => init_cls: 20
2026-04-19 16:05:55,859 [toolkit.py] => increment: 20
2026-04-19 16:05:55,861 [toolkit.py] => sessions: 10
2026-04-19 16:05:55,864 [toolkit.py] => shuffle: False
2026-04-19 16:05:55,866 [toolkit.py] => method: actmat-c
2026-04-19 16:05:55,869 [toolkit.py] => optimizer: adam
2026-04-19 16:05:55,870 [toolkit.py] => scheduler: cosine
2026-04-19 16:05:55,873 [toolkit.py] => epochs: 20
2026-04-19 16:05:55,875 [toolkit.py] => lrate: 0.0005
2026-04-19 16:05:55,877 [toolkit.py] => fc_lrate: 0.005
2026-04-19 16:05:55,879 [toolkit.py] => weight_decay: 0.0
2026-04-19 16:05:55,881 [toolkit.py] => batch_size: 128
2026-04-19 16:05:55,883 [toolkit.py] => rank: 10
2026-04-19 16:05:55,887 [toolkit.py] => num_workers: 16
2026-04-19 16:05:55,889 [toolkit.py] => lambda: 10.0
2026-04-19 16:05:55,891 [toolkit.py] => gamma: 1.0
2026-04-19 16:05:55,893 [toolkit.py] => logdir: logs/actmat-c-l10.0-g1.0/imagenet-a/t10
2026-04-19 16:05:55,895 [toolkit.py] => logfilename: logs/actmat-c-l10.0-g1.0/imagenet-a/t10/seed0
2026-04-19 16:05:56,489 [data_manager.py] => Class index order: 0, 1, 2, 3, 4, ..., 195, 196, 197, 198, 199
2026-04-19 16:06:00,451 [trainer.py] => ================================================================================
2026-04-19 16:06:00,462 [base.py] => Task 0 learning on class 0-20
2026-04-19 16:06:01,605 [toolkit.py] => Total params:     103,487,003
2026-04-19 16:06:01,609 [toolkit.py] => Trainable params: 384,020
2026-04-19 16:06:01,612 [toolkit.py] => Trainable ratio:  0.3711%
2026-04-19 16:10:39,656 [actmat_c.py] => Task 0, Epoch 20/20 => Loss 0.238, Train_accy 93.62
2026-04-19 16:10:39,660 [trainer.py] => Training time: 0h 4m 39s
2026-04-19 16:10:43,336 [trainer.py] => Evaluation time: 0h 0m 3s
2026-04-19 16:10:49,214 [trainer.py] => Accuracy: {'total': 84.98, '00-19': 84.98, 'old': 0, 'new': 84.98}
2026-04-19 16:10:49,219 [trainer.py] => (curve) top1 Acc: [84.98]
2026-04-19 16:10:49,223 [trainer.py] => (curve) top1 Acc with task: [84.98]
2026-04-19 16:10:49,226 [trainer.py] => (curve) top1 Acc task: [100.0]
2026-04-19 16:10:49,226 [trainer.py] => ================================================================================
2026-04-19 16:10:49,228 [trainer.py] => ================================================================================
2026-04-19 16:10:49,230 [base.py] => Task 1 learning on class 20-40
2026-04-19 16:10:49,236 [toolkit.py] => Total params:     103,487,003
2026-04-19 16:10:49,239 [toolkit.py] => Trainable params: 384,020
2026-04-19 16:10:49,241 [toolkit.py] => Trainable ratio:  0.3711%
2026-04-19 16:14:26,463 [actmat_c.py] => Task 1, Epoch 20/20 => Loss 0.139, Train_accy 95.40
2026-04-19 16:14:26,469 [trainer.py] => Training time: 0h 3m 37s
2026-04-19 16:14:30,752 [trainer.py] => Evaluation time: 0h 0m 4s
2026-04-19 16:14:35,973 [trainer.py] => Accuracy: {'total': 77.13, '00-19': 77.64, '20-39': 76.49, 'old': 77.64, 'new': 76.49}
2026-04-19 16:14:35,976 [trainer.py] => (curve) top1 Acc: [84.98, 77.13]
2026-04-19 16:14:35,978 [trainer.py] => (curve) top1 Acc with task: [84.98, 84.75]
2026-04-19 16:14:35,982 [trainer.py] => (curve) top1 Acc task: [100.0, 87.94]
2026-04-19 16:14:35,985 [trainer.py] => ================================================================================
2026-04-19 16:14:35,990 [trainer.py] => ================================================================================
2026-04-19 16:14:35,996 [base.py] => Task 2 learning on class 40-60
2026-04-19 16:14:36,002 [toolkit.py] => Total params:     103,487,003
2026-04-19 16:14:36,008 [toolkit.py] => Trainable params: 384,020
2026-04-19 16:14:36,012 [toolkit.py] => Trainable ratio:  0.3711%
2026-04-19 16:17:40,193 [actmat_c.py] => Task 2, Epoch 20/20 => Loss 0.199, Train_accy 94.10
2026-04-19 16:17:40,195 [trainer.py] => Training time: 0h 3m 4s
2026-04-19 16:17:45,267 [trainer.py] => Evaluation time: 0h 0m 5s
2026-04-19 16:17:50,608 [trainer.py] => Accuracy: {'total': 69.94, '00-19': 75.08, '20-39': 74.9, '40-59': 58.57, 'old': 75.0, 'new': 58.57}
2026-04-19 16:17:50,610 [trainer.py] => (curve) top1 Acc: [84.98, 77.13, 69.94]
2026-04-19 16:17:50,614 [trainer.py] => (curve) top1 Acc with task: [84.98, 84.75, 81.84]
2026-04-19 16:17:50,619 [trainer.py] => (curve) top1 Acc task: [100.0, 87.94, 80.37]
2026-04-19 16:17:50,624 [trainer.py] => ================================================================================
2026-04-19 16:17:50,627 [trainer.py] => ================================================================================
2026-04-19 16:17:50,633 [base.py] => Task 3 learning on class 60-80
2026-04-19 16:17:50,641 [toolkit.py] => Total params:     103,487,003
2026-04-19 16:17:50,642 [toolkit.py] => Trainable params: 384,020
2026-04-19 16:17:50,648 [toolkit.py] => Trainable ratio:  0.3711%
2026-04-19 16:20:00,649 [actmat_c.py] => Task 3, Epoch 20/20 => Loss 0.151, Train_accy 94.26
2026-04-19 16:20:00,652 [trainer.py] => Training time: 0h 2m 10s
2026-04-19 16:20:11,277 [trainer.py] => Evaluation time: 0h 0m 10s
2026-04-19 16:20:15,357 [trainer.py] => Accuracy: {'total': 69.05, '00-19': 72.52, '20-39': 73.71, '40-59': 55.38, '60-79': 76.82, 'old': 67.61, 'new': 76.82}
2026-04-19 16:20:15,361 [trainer.py] => (curve) top1 Acc: [84.98, 77.13, 69.94, 69.05]
2026-04-19 16:20:15,366 [trainer.py] => (curve) top1 Acc with task: [84.98, 84.75, 81.84, 82.61]
2026-04-19 16:20:15,369 [trainer.py] => (curve) top1 Acc task: [100.0, 87.94, 80.37, 77.43]
2026-04-19 16:20:15,374 [trainer.py] => ================================================================================
2026-04-19 16:20:15,377 [trainer.py] => ================================================================================
2026-04-19 16:20:15,378 [base.py] => Task 4 learning on class 80-100
2026-04-19 16:20:15,385 [toolkit.py] => Total params:     103,487,003
2026-04-19 16:20:15,387 [toolkit.py] => Trainable params: 384,020
2026-04-19 16:20:15,388 [toolkit.py] => Trainable ratio:  0.3711%
2026-04-19 16:22:00,523 [actmat_c.py] => Task 4, Epoch 20/20 => Loss 0.084, Train_accy 97.18
2026-04-19 16:22:00,528 [trainer.py] => Training time: 0h 1m 45s
2026-04-19 16:22:16,610 [trainer.py] => Evaluation time: 0h 0m 16s
2026-04-19 16:22:20,064 [trainer.py] => Accuracy: {'total': 66.29, '00-19': 72.52, '20-39': 74.1, '40-59': 55.78, '60-79': 76.82, '80-99': 38.24, 'old': 69.25, 'new': 38.24}
2026-04-19 16:22:20,065 [trainer.py] => (curve) top1 Acc: [84.98, 77.13, 69.94, 69.05, 66.29]
2026-04-19 16:22:20,068 [trainer.py] => (curve) top1 Acc with task: [84.98, 84.75, 81.84, 82.61, 80.52]
2026-04-19 16:22:20,072 [trainer.py] => (curve) top1 Acc task: [100.0, 87.94, 80.37, 77.43, 74.44]
2026-04-19 16:22:20,076 [trainer.py] => ================================================================================
2026-04-19 16:22:20,077 [trainer.py] => ================================================================================
2026-04-19 16:22:20,080 [base.py] => Task 5 learning on class 100-120
2026-04-19 16:22:20,089 [toolkit.py] => Total params:     103,487,003
2026-04-19 16:22:20,093 [toolkit.py] => Trainable params: 384,020
2026-04-19 16:22:20,097 [toolkit.py] => Trainable ratio:  0.3711%
2026-04-19 16:23:45,615 [actmat_c.py] => Task 5, Epoch 20/20 => Loss 0.103, Train_accy 96.96
2026-04-19 16:23:45,618 [trainer.py] => Training time: 0h 1m 25s
2026-04-19 16:23:51,881 [trainer.py] => Evaluation time: 0h 0m 6s
2026-04-19 16:23:55,088 [trainer.py] => Accuracy: {'total': 63.12, '00-19': 71.57, '20-39': 74.1, '40-59': 55.38, '60-79': 76.16, '80-99': 38.24, '100-119': 20.59, 'old': 65.82, 'new': 20.59}
2026-04-19 16:23:55,093 [trainer.py] => (curve) top1 Acc: [84.98, 77.13, 69.94, 69.05, 66.29, 63.12]
2026-04-19 16:23:55,097 [trainer.py] => (curve) top1 Acc with task: [84.98, 84.75, 81.84, 82.61, 80.52, 78.08]
2026-04-19 16:23:55,098 [trainer.py] => (curve) top1 Acc task: [100.0, 87.94, 80.37, 77.43, 74.44, 71.21]
2026-04-19 16:23:55,102 [trainer.py] => ================================================================================
2026-04-19 16:23:55,107 [trainer.py] => ================================================================================
2026-04-19 16:23:55,113 [base.py] => Task 6 learning on class 120-140
2026-04-19 16:23:55,120 [toolkit.py] => Total params:     103,487,003
2026-04-19 16:23:55,126 [toolkit.py] => Trainable params: 384,020
2026-04-19 16:23:55,129 [toolkit.py] => Trainable ratio:  0.3711%
2026-04-19 16:25:33,325 [actmat_c.py] => Task 6, Epoch 20/20 => Loss 0.116, Train_accy 96.58
2026-04-19 16:25:33,329 [trainer.py] => Training time: 0h 1m 38s
2026-04-19 16:25:39,688 [trainer.py] => Evaluation time: 0h 0m 6s
2026-04-19 16:25:43,098 [trainer.py] => Accuracy: {'total': 61.22, '00-19': 71.57, '20-39': 73.31, '40-59': 55.38, '60-79': 74.17, '80-99': 36.27, '100-119': 20.59, '120-139': 44.94, 'old': 62.5, 'new': 44.94}
2026-04-19 16:25:43,102 [trainer.py] => (curve) top1 Acc: [84.98, 77.13, 69.94, 69.05, 66.29, 63.12, 61.22]
2026-04-19 16:25:43,107 [trainer.py] => (curve) top1 Acc with task: [84.98, 84.75, 81.84, 82.61, 80.52, 78.08, 76.98]
2026-04-19 16:25:43,111 [trainer.py] => (curve) top1 Acc task: [100.0, 87.94, 80.37, 77.43, 74.44, 71.21, 69.31]
2026-04-19 16:25:43,116 [trainer.py] => ================================================================================
2026-04-19 16:25:43,121 [trainer.py] => ================================================================================
2026-04-19 16:25:43,124 [base.py] => Task 7 learning on class 140-160
2026-04-19 16:25:43,132 [toolkit.py] => Total params:     103,487,003
2026-04-19 16:25:43,138 [toolkit.py] => Trainable params: 384,020
2026-04-19 16:25:43,140 [toolkit.py] => Trainable ratio:  0.3711%
2026-04-19 16:27:27,175 [actmat_c.py] => Task 7, Epoch 20/20 => Loss 0.070, Train_accy 97.20
2026-04-19 16:27:27,181 [trainer.py] => Training time: 0h 1m 44s
2026-04-19 16:27:51,325 [trainer.py] => Evaluation time: 0h 0m 24s
2026-04-19 16:27:54,619 [trainer.py] => Accuracy: {'total': 59.26, '00-19': 71.25, '20-39': 73.31, '40-59': 55.78, '60-79': 74.83, '80-99': 34.31, '100-119': 20.59, '120-139': 37.08, '140-159': 39.51, 'old': 60.57, 'new': 39.51}
2026-04-19 16:27:54,624 [trainer.py] => (curve) top1 Acc: [84.98, 77.13, 69.94, 69.05, 66.29, 63.12, 61.22, 59.26]
2026-04-19 16:27:54,627 [trainer.py] => (curve) top1 Acc with task: [84.98, 84.75, 81.84, 82.61, 80.52, 78.08, 76.98, 76.72]
2026-04-19 16:27:54,630 [trainer.py] => (curve) top1 Acc task: [100.0, 87.94, 80.37, 77.43, 74.44, 71.21, 69.31, 66.69]
2026-04-19 16:27:54,633 [trainer.py] => ================================================================================
2026-04-19 16:27:54,636 [trainer.py] => ================================================================================
2026-04-19 16:27:54,641 [base.py] => Task 8 learning on class 160-180
2026-04-19 16:27:54,649 [toolkit.py] => Total params:     103,487,003
2026-04-19 16:27:54,654 [toolkit.py] => Trainable params: 384,020
2026-04-19 16:27:54,657 [toolkit.py] => Trainable ratio:  0.3711%
2026-04-19 16:29:40,647 [actmat_c.py] => Task 8, Epoch 20/20 => Loss 0.079, Train_accy 98.21
2026-04-19 16:29:40,653 [trainer.py] => Training time: 0h 1m 46s
2026-04-19 16:29:47,703 [trainer.py] => Evaluation time: 0h 0m 7s
2026-04-19 16:29:51,253 [trainer.py] => Accuracy: {'total': 56.52, '00-19': 71.25, '20-39': 72.91, '40-59': 53.78, '60-79': 73.51, '80-99': 33.33, '100-119': 19.12, '120-139': 35.96, '140-159': 39.51, '160-179': 30.93, 'old': 58.42, 'new': 30.93}
2026-04-19 16:29:51,256 [trainer.py] => (curve) top1 Acc: [84.98, 77.13, 69.94, 69.05, 66.29, 63.12, 61.22, 59.26, 56.52]
2026-04-19 16:29:51,259 [trainer.py] => (curve) top1 Acc with task: [84.98, 84.75, 81.84, 82.61, 80.52, 78.08, 76.98, 76.72, 75.41]
2026-04-19 16:29:51,265 [trainer.py] => (curve) top1 Acc task: [100.0, 87.94, 80.37, 77.43, 74.44, 71.21, 69.31, 66.69, 63.44]
2026-04-19 16:29:51,268 [trainer.py] => ================================================================================
2026-04-19 16:29:51,274 [trainer.py] => ================================================================================
2026-04-19 16:29:51,278 [base.py] => Task 9 learning on class 180-200
2026-04-19 16:29:51,288 [toolkit.py] => Total params:     103,487,003
2026-04-19 16:29:51,294 [toolkit.py] => Trainable params: 384,020
2026-04-19 16:29:51,299 [toolkit.py] => Trainable ratio:  0.3711%
2026-04-19 16:31:33,298 [actmat_c.py] => Task 9, Epoch 20/20 => Loss 0.057, Train_accy 97.66
2026-04-19 16:31:33,301 [trainer.py] => Training time: 0h 1m 42s
2026-04-19 16:31:40,357 [trainer.py] => Evaluation time: 0h 0m 7s
2026-04-19 16:31:43,851 [trainer.py] => Accuracy: {'total': 55.6, '00-19': 71.88, '20-39': 70.52, '40-59': 54.18, '60-79': 72.85, '80-99': 33.33, '100-119': 19.12, '120-139': 35.96, '140-159': 37.04, '160-179': 30.93, '180-199': 48.45, 'old': 56.09, 'new': 48.45}
2026-04-19 16:31:43,856 [trainer.py] => (curve) top1 Acc: [84.98, 77.13, 69.94, 69.05, 66.29, 63.12, 61.22, 59.26, 56.52, 55.6]
2026-04-19 16:31:43,857 [trainer.py] => (curve) top1 Acc with task: [84.98, 84.75, 81.84, 82.61, 80.52, 78.08, 76.98, 76.72, 75.41, 74.6]
2026-04-19 16:31:43,863 [trainer.py] => (curve) top1 Acc task: [100.0, 87.94, 80.37, 77.43, 74.44, 71.21, 69.31, 66.69, 63.44, 62.27]
2026-04-19 16:31:43,869 [trainer.py] => ================================================================================
