2026-04-20 22:58:34,349 [toolkit.py] => config: configs/ewcdlora/imagenet-a.json
2026-04-20 22:58:34,350 [toolkit.py] => device: [device(type='cuda', index=0)]
2026-04-20 22:58:34,350 [toolkit.py] => debug: False
2026-04-20 22:58:34,350 [toolkit.py] => save_ckp: False
2026-04-20 22:58:34,350 [toolkit.py] => seed: 0
2026-04-20 22:58:34,350 [toolkit.py] => dataset: imagenet-a
2026-04-20 22:58:34,351 [toolkit.py] => data_path: data/imagenet-a
2026-04-20 22:58:34,351 [toolkit.py] => load: vit_base_patch16_224_in21k
2026-04-20 22:58:34,351 [toolkit.py] => init_cls: 20
2026-04-20 22:58:34,351 [toolkit.py] => increment: 20
2026-04-20 22:58:34,351 [toolkit.py] => sessions: 10
2026-04-20 22:58:34,351 [toolkit.py] => shuffle: False
2026-04-20 22:58:34,351 [toolkit.py] => method: ewcdlora
2026-04-20 22:58:34,351 [toolkit.py] => optimizer: adam
2026-04-20 22:58:34,352 [toolkit.py] => scheduler: cosine
2026-04-20 22:58:34,352 [toolkit.py] => epochs: 20
2026-04-20 22:58:34,352 [toolkit.py] => lrate: 0.0005
2026-04-20 22:58:34,352 [toolkit.py] => fc_lrate: 0.005
2026-04-20 22:58:34,352 [toolkit.py] => weight_decay: 0.0
2026-04-20 22:58:34,352 [toolkit.py] => batch_size: 128
2026-04-20 22:58:34,352 [toolkit.py] => rank: 10
2026-04-20 22:58:34,352 [toolkit.py] => num_workers: 4
2026-04-20 22:58:34,353 [toolkit.py] => gamma: 1.0
2026-04-20 22:58:34,353 [toolkit.py] => lambda: 10000000.0
2026-04-20 22:58:34,353 [toolkit.py] => logdir: logs/ewcdlora-l10000000.0-g1.0/imagenet-a/t10
2026-04-20 22:58:34,353 [toolkit.py] => logfilename: logs/ewcdlora-l10000000.0-g1.0/imagenet-a/t10/seed0
2026-04-20 22:58:35,105 [data_manager.py] => Class index order: 0, 1, 2, 3, 4, ..., 195, 196, 197, 198, 199
2026-04-20 22:58:54,083 [trainer.py] => ================================================================================
2026-04-20 22:58:54,085 [base.py] => Task 0 learning on class 0-20
2026-04-20 22:58:55,291 [toolkit.py] => Total params:     103,487,003
2026-04-20 22:58:55,291 [toolkit.py] => Trainable params: 384,020
2026-04-20 22:58:55,291 [toolkit.py] => Trainable ratio:  0.3711%
2026-04-20 23:02:02,479 [ewcdlora.py] => Task 0, Epoch 20/20 => Loss 0.174, Train_accy 94.65
2026-04-20 23:02:02,480 [trainer.py] => Training time: 0h 3m 8s
2026-04-20 23:02:07,767 [trainer.py] => Evaluation time: 0h 0m 5s
2026-04-20 23:02:07,777 [trainer.py] => Accuracy: {'total': 86.26, '00-19': 86.26, 'old': 0, 'new': 86.26}
2026-04-20 23:02:07,777 [trainer.py] => (curve) top1 Acc: [86.26]
2026-04-20 23:02:07,777 [trainer.py] => (curve) top1 Acc with task: [86.26]
2026-04-20 23:02:07,777 [trainer.py] => (curve) top1 Acc task: [100.0]
2026-04-20 23:02:07,777 [trainer.py] => ================================================================================
2026-04-20 23:02:07,777 [trainer.py] => ================================================================================
2026-04-20 23:02:07,779 [base.py] => Task 1 learning on class 20-40
2026-04-20 23:02:07,782 [toolkit.py] => Total params:     103,487,003
2026-04-20 23:02:07,782 [toolkit.py] => Trainable params: 384,020
2026-04-20 23:02:07,782 [toolkit.py] => Trainable ratio:  0.3711%
2026-04-20 23:04:40,926 [ewcdlora.py] => Task 1, Epoch 20/20 => Loss 0.146, Train_accy 95.90
2026-04-20 23:04:40,927 [trainer.py] => Training time: 0h 2m 33s
2026-04-20 23:04:44,595 [trainer.py] => Evaluation time: 0h 0m 3s
2026-04-20 23:04:44,603 [trainer.py] => Accuracy: {'total': 80.14, '00-19': 80.83, '20-39': 79.28, 'old': 80.83, 'new': 79.28}
2026-04-20 23:04:44,603 [trainer.py] => (curve) top1 Acc: [86.26, 80.14]
2026-04-20 23:04:44,604 [trainer.py] => (curve) top1 Acc with task: [86.26, 87.59]
2026-04-20 23:04:44,604 [trainer.py] => (curve) top1 Acc task: [100.0, 89.18]
2026-04-20 23:04:44,604 [trainer.py] => ================================================================================
2026-04-20 23:04:44,604 [trainer.py] => ================================================================================
2026-04-20 23:04:44,605 [base.py] => Task 2 learning on class 40-60
2026-04-20 23:04:44,608 [toolkit.py] => Total params:     103,487,003
2026-04-20 23:04:44,609 [toolkit.py] => Trainable params: 384,020
2026-04-20 23:04:44,609 [toolkit.py] => Trainable ratio:  0.3711%
2026-04-20 23:07:26,490 [ewcdlora.py] => Task 2, Epoch 20/20 => Loss 0.214, Train_accy 94.20
2026-04-20 23:07:26,491 [trainer.py] => Training time: 0h 2m 41s
2026-04-20 23:07:30,737 [trainer.py] => Evaluation time: 0h 0m 4s
2026-04-20 23:07:30,746 [trainer.py] => Accuracy: {'total': 73.01, '00-19': 78.27, '20-39': 74.9, '40-59': 64.54, 'old': 76.77, 'new': 64.54}
2026-04-20 23:07:30,746 [trainer.py] => (curve) top1 Acc: [86.26, 80.14, 73.01]
2026-04-20 23:07:30,746 [trainer.py] => (curve) top1 Acc with task: [86.26, 87.59, 84.05]
2026-04-20 23:07:30,746 [trainer.py] => (curve) top1 Acc task: [100.0, 89.18, 80.98]
2026-04-20 23:07:30,747 [trainer.py] => ================================================================================
2026-04-20 23:07:30,747 [trainer.py] => ================================================================================
2026-04-20 23:07:30,748 [base.py] => Task 3 learning on class 60-80
2026-04-20 23:07:30,751 [toolkit.py] => Total params:     103,487,003
2026-04-20 23:07:30,751 [toolkit.py] => Trainable params: 384,020
2026-04-20 23:07:30,751 [toolkit.py] => Trainable ratio:  0.3711%
2026-04-20 23:09:17,932 [ewcdlora.py] => Task 3, Epoch 20/20 => Loss 0.135, Train_accy 96.56
2026-04-20 23:09:17,933 [trainer.py] => Training time: 0h 1m 47s
2026-04-20 23:09:22,549 [trainer.py] => Evaluation time: 0h 0m 4s
2026-04-20 23:09:22,558 [trainer.py] => Accuracy: {'total': 69.46, '00-19': 72.52, '20-39': 71.71, '40-59': 60.16, '60-79': 74.83, 'old': 68.47, 'new': 74.83}
2026-04-20 23:09:22,558 [trainer.py] => (curve) top1 Acc: [86.26, 80.14, 73.01, 69.46]
2026-04-20 23:09:22,558 [trainer.py] => (curve) top1 Acc with task: [86.26, 87.59, 84.05, 84.27]
2026-04-20 23:09:22,558 [trainer.py] => (curve) top1 Acc task: [100.0, 89.18, 80.98, 76.4]
2026-04-20 23:09:22,558 [trainer.py] => ================================================================================
2026-04-20 23:09:22,558 [trainer.py] => ================================================================================
2026-04-20 23:09:22,559 [base.py] => Task 4 learning on class 80-100
2026-04-20 23:09:22,563 [toolkit.py] => Total params:     103,487,003
2026-04-20 23:09:22,563 [toolkit.py] => Trainable params: 384,020
2026-04-20 23:09:22,563 [toolkit.py] => Trainable ratio:  0.3711%
2026-04-20 23:10:50,358 [ewcdlora.py] => Task 4, Epoch 20/20 => Loss 0.152, Train_accy 96.95
2026-04-20 23:10:50,359 [trainer.py] => Training time: 0h 1m 27s
2026-04-20 23:10:55,130 [trainer.py] => Evaluation time: 0h 0m 4s
2026-04-20 23:10:55,139 [trainer.py] => Accuracy: {'total': 65.17, '00-19': 69.97, '20-39': 70.92, '40-59': 57.77, '60-79': 74.17, '80-99': 41.18, 'old': 67.7, 'new': 41.18}
2026-04-20 23:10:55,139 [trainer.py] => (curve) top1 Acc: [86.26, 80.14, 73.01, 69.46, 65.17]
2026-04-20 23:10:55,139 [trainer.py] => (curve) top1 Acc with task: [86.26, 87.59, 84.05, 84.27, 81.18]
2026-04-20 23:10:55,139 [trainer.py] => (curve) top1 Acc task: [100.0, 89.18, 80.98, 76.4, 72.94]
2026-04-20 23:10:55,139 [trainer.py] => ================================================================================
2026-04-20 23:10:55,139 [trainer.py] => ================================================================================
2026-04-20 23:10:55,140 [base.py] => Task 5 learning on class 100-120
2026-04-20 23:10:55,143 [toolkit.py] => Total params:     103,487,003
2026-04-20 23:10:55,143 [toolkit.py] => Trainable params: 384,020
2026-04-20 23:10:55,143 [toolkit.py] => Trainable ratio:  0.3711%
2026-04-20 23:12:02,508 [ewcdlora.py] => Task 5, Epoch 20/20 => Loss 0.082, Train_accy 97.34
2026-04-20 23:12:02,509 [trainer.py] => Training time: 0h 1m 7s
2026-04-20 23:12:07,517 [trainer.py] => Evaluation time: 0h 0m 5s
2026-04-20 23:12:07,525 [trainer.py] => Accuracy: {'total': 61.0, '00-19': 69.97, '20-39': 69.72, '40-59': 56.57, '60-79': 71.52, '80-99': 35.29, '100-119': 19.12, 'old': 63.67, 'new': 19.12}
2026-04-20 23:12:07,525 [trainer.py] => (curve) top1 Acc: [86.26, 80.14, 73.01, 69.46, 65.17, 61.0]
2026-04-20 23:12:07,526 [trainer.py] => (curve) top1 Acc with task: [86.26, 87.59, 84.05, 84.27, 81.18, 78.08]
2026-04-20 23:12:07,526 [trainer.py] => (curve) top1 Acc task: [100.0, 89.18, 80.98, 76.4, 72.94, 68.75]
2026-04-20 23:12:07,526 [trainer.py] => ================================================================================
2026-04-20 23:12:07,526 [trainer.py] => ================================================================================
2026-04-20 23:12:07,527 [base.py] => Task 6 learning on class 120-140
2026-04-20 23:12:07,530 [toolkit.py] => Total params:     103,487,003
2026-04-20 23:12:07,530 [toolkit.py] => Trainable params: 384,020
2026-04-20 23:12:07,530 [toolkit.py] => Trainable ratio:  0.3711%
2026-04-20 23:13:26,545 [ewcdlora.py] => Task 6, Epoch 20/20 => Loss 0.067, Train_accy 98.58
2026-04-20 23:13:26,546 [trainer.py] => Training time: 0h 1m 19s
2026-04-20 23:13:31,759 [trainer.py] => Evaluation time: 0h 0m 5s
2026-04-20 23:13:31,768 [trainer.py] => Accuracy: {'total': 57.8, '00-19': 67.73, '20-39': 68.13, '40-59': 53.39, '60-79': 70.2, '80-99': 33.33, '100-119': 19.12, '120-139': 42.7, 'old': 58.98, 'new': 42.7}
2026-04-20 23:13:31,768 [trainer.py] => (curve) top1 Acc: [86.26, 80.14, 73.01, 69.46, 65.17, 61.0, 57.8]
2026-04-20 23:13:31,768 [trainer.py] => (curve) top1 Acc with task: [86.26, 87.59, 84.05, 84.27, 81.18, 78.08, 75.92]
2026-04-20 23:13:31,769 [trainer.py] => (curve) top1 Acc task: [100.0, 89.18, 80.98, 76.4, 72.94, 68.75, 66.12]
2026-04-20 23:13:31,769 [trainer.py] => ================================================================================
2026-04-20 23:13:31,769 [trainer.py] => ================================================================================
2026-04-20 23:13:31,770 [base.py] => Task 7 learning on class 140-160
2026-04-20 23:13:31,773 [toolkit.py] => Total params:     103,487,003
2026-04-20 23:13:31,773 [toolkit.py] => Trainable params: 384,020
2026-04-20 23:13:31,773 [toolkit.py] => Trainable ratio:  0.3711%
2026-04-20 23:14:44,348 [ewcdlora.py] => Task 7, Epoch 20/20 => Loss 0.108, Train_accy 96.57
2026-04-20 23:14:44,350 [trainer.py] => Training time: 0h 1m 12s
2026-04-20 23:14:49,858 [trainer.py] => Evaluation time: 0h 0m 5s
2026-04-20 23:14:49,866 [trainer.py] => Accuracy: {'total': 55.21, '00-19': 66.13, '20-39': 66.93, '40-59': 51.39, '60-79': 70.2, '80-99': 33.33, '100-119': 17.65, '120-139': 41.57, '140-159': 34.57, 'old': 56.57, 'new': 34.57}
2026-04-20 23:14:49,866 [trainer.py] => (curve) top1 Acc: [86.26, 80.14, 73.01, 69.46, 65.17, 61.0, 57.8, 55.21]
2026-04-20 23:14:49,866 [trainer.py] => (curve) top1 Acc with task: [86.26, 87.59, 84.05, 84.27, 81.18, 78.08, 75.92, 75.42]
2026-04-20 23:14:49,867 [trainer.py] => (curve) top1 Acc task: [100.0, 89.18, 80.98, 76.4, 72.94, 68.75, 66.12, 63.02]
2026-04-20 23:14:49,867 [trainer.py] => ================================================================================
2026-04-20 23:14:49,867 [trainer.py] => ================================================================================
2026-04-20 23:14:49,868 [base.py] => Task 8 learning on class 160-180
2026-04-20 23:14:49,871 [toolkit.py] => Total params:     103,487,003
2026-04-20 23:14:49,871 [toolkit.py] => Trainable params: 384,020
2026-04-20 23:14:49,871 [toolkit.py] => Trainable ratio:  0.3711%
2026-04-20 23:16:11,116 [ewcdlora.py] => Task 8, Epoch 20/20 => Loss 0.150, Train_accy 95.65
2026-04-20 23:16:11,117 [trainer.py] => Training time: 0h 1m 21s
2026-04-20 23:16:16,672 [trainer.py] => Evaluation time: 0h 0m 5s
2026-04-20 23:16:16,681 [trainer.py] => Accuracy: {'total': 52.46, '00-19': 64.54, '20-39': 65.74, '40-59': 50.6, '60-79': 70.86, '80-99': 32.35, '100-119': 19.12, '120-139': 39.33, '140-159': 30.86, '160-179': 29.9, 'old': 54.13, 'new': 29.9}
2026-04-20 23:16:16,681 [trainer.py] => (curve) top1 Acc: [86.26, 80.14, 73.01, 69.46, 65.17, 61.0, 57.8, 55.21, 52.46]
2026-04-20 23:16:16,681 [trainer.py] => (curve) top1 Acc with task: [86.26, 87.59, 84.05, 84.27, 81.18, 78.08, 75.92, 75.42, 73.77]
2026-04-20 23:16:16,681 [trainer.py] => (curve) top1 Acc task: [100.0, 89.18, 80.98, 76.4, 72.94, 68.75, 66.12, 63.02, 59.44]
2026-04-20 23:16:16,682 [trainer.py] => ================================================================================
2026-04-20 23:16:16,682 [trainer.py] => ================================================================================
2026-04-20 23:16:16,682 [base.py] => Task 9 learning on class 180-200
2026-04-20 23:16:16,686 [toolkit.py] => Total params:     103,487,003
2026-04-20 23:16:16,686 [toolkit.py] => Trainable params: 384,020
2026-04-20 23:16:16,686 [toolkit.py] => Trainable ratio:  0.3711%
2026-04-20 23:17:47,971 [ewcdlora.py] => Task 9, Epoch 20/20 => Loss 0.063, Train_accy 97.66
2026-04-20 23:17:47,972 [trainer.py] => Training time: 0h 1m 31s
2026-04-20 23:17:53,639 [trainer.py] => Evaluation time: 0h 0m 5s
2026-04-20 23:17:53,647 [trainer.py] => Accuracy: {'total': 51.33, '00-19': 62.94, '20-39': 65.34, '40-59': 50.2, '60-79': 70.86, '80-99': 30.39, '100-119': 16.18, '120-139': 39.33, '140-159': 32.1, '160-179': 27.84, '180-199': 47.42, 'old': 51.6, 'new': 47.42}
2026-04-20 23:17:53,648 [trainer.py] => (curve) top1 Acc: [86.26, 80.14, 73.01, 69.46, 65.17, 61.0, 57.8, 55.21, 52.46, 51.33]
2026-04-20 23:17:53,648 [trainer.py] => (curve) top1 Acc with task: [86.26, 87.59, 84.05, 84.27, 81.18, 78.08, 75.92, 75.42, 73.77, 73.13]
2026-04-20 23:17:53,648 [trainer.py] => (curve) top1 Acc task: [100.0, 89.18, 80.98, 76.4, 72.94, 68.75, 66.12, 63.02, 59.44, 57.8]
2026-04-20 23:17:53,648 [trainer.py] => ================================================================================
