2026-04-20 07:22:04,450 [toolkit.py] => config: configs/actmat-c-l1000.0/cifar100.json
2026-04-20 07:22:04,451 [toolkit.py] => device: [device(type='cuda', index=0)]
2026-04-20 07:22:04,452 [toolkit.py] => debug: False
2026-04-20 07:22:04,452 [toolkit.py] => save_ckp: False
2026-04-20 07:22:04,452 [toolkit.py] => seed: 0
2026-04-20 07:22:04,452 [toolkit.py] => dataset: cifar100
2026-04-20 07:22:04,452 [toolkit.py] => data_path: data/cifar100
2026-04-20 07:22:04,452 [toolkit.py] => load: vit_base_patch16_224_in21k
2026-04-20 07:22:04,452 [toolkit.py] => init_cls: 10
2026-04-20 07:22:04,452 [toolkit.py] => increment: 10
2026-04-20 07:22:04,453 [toolkit.py] => sessions: 10
2026-04-20 07:22:04,453 [toolkit.py] => shuffle: False
2026-04-20 07:22:04,453 [toolkit.py] => method: actmat-c
2026-04-20 07:22:04,453 [toolkit.py] => optimizer: adam
2026-04-20 07:22:04,453 [toolkit.py] => scheduler: cosine
2026-04-20 07:22:04,454 [toolkit.py] => epochs: 20
2026-04-20 07:22:04,454 [toolkit.py] => lrate: 0.0005
2026-04-20 07:22:04,454 [toolkit.py] => fc_lrate: 0.005
2026-04-20 07:22:04,454 [toolkit.py] => weight_decay: 0.0
2026-04-20 07:22:04,454 [toolkit.py] => batch_size: 128
2026-04-20 07:22:04,454 [toolkit.py] => rank: 10
2026-04-20 07:22:04,455 [toolkit.py] => num_workers: 16
2026-04-20 07:22:04,455 [toolkit.py] => lambda: 1000.0
2026-04-20 07:22:04,455 [toolkit.py] => gamma: 0.0
2026-04-20 07:22:04,455 [toolkit.py] => logdir: logs/actmat-c-l1000.0-g0.0/cifar100/t10
2026-04-20 07:22:04,455 [toolkit.py] => logfilename: logs/actmat-c-l1000.0-g0.0/cifar100/t10/seed0
2026-04-20 07:22:07,104 [data_manager.py] => Class index order: 0, 1, 2, 3, 4, ..., 95, 96, 97, 98, 99
2026-04-20 07:22:10,967 [trainer.py] => ================================================================================
2026-04-20 07:22:10,978 [base.py] => Task 0 learning on class 0-10
2026-04-20 07:22:12,554 [toolkit.py] => Total params:     103,410,103
2026-04-20 07:22:12,554 [toolkit.py] => Trainable params: 376,330
2026-04-20 07:22:12,554 [toolkit.py] => Trainable ratio:  0.3639%
2026-04-20 07:33:08,631 [actmat_c.py] => Task 0, Epoch 20/20 => Loss 0.094, Train_accy 96.82
2026-04-20 07:33:08,632 [trainer.py] => Training time: 0h 10m 57s
2026-04-20 07:33:13,156 [trainer.py] => Evaluation time: 0h 0m 4s
2026-04-20 07:33:27,175 [trainer.py] => Accuracy: {'total': 99.5, '00-09': 99.5, 'old': 0, 'new': 99.5}
2026-04-20 07:33:27,176 [trainer.py] => (curve) top1 Acc: [99.5]
2026-04-20 07:33:27,176 [trainer.py] => (curve) top1 Acc with task: [99.5]
2026-04-20 07:33:27,176 [trainer.py] => (curve) top1 Acc task: [100.0]
2026-04-20 07:33:27,176 [trainer.py] => ================================================================================
2026-04-20 07:33:27,176 [trainer.py] => ================================================================================
2026-04-20 07:33:27,189 [base.py] => Task 1 learning on class 10-20
2026-04-20 07:33:27,193 [toolkit.py] => Total params:     103,410,103
2026-04-20 07:33:27,193 [toolkit.py] => Trainable params: 376,330
2026-04-20 07:33:27,194 [toolkit.py] => Trainable ratio:  0.3639%
2026-04-20 07:44:26,980 [actmat_c.py] => Task 1, Epoch 20/20 => Loss 0.142, Train_accy 95.56
2026-04-20 07:44:26,983 [trainer.py] => Training time: 0h 10m 59s
2026-04-20 07:44:34,250 [trainer.py] => Evaluation time: 0h 0m 7s
2026-04-20 07:44:48,469 [trainer.py] => Accuracy: {'total': 96.75, '00-09': 96.9, '10-19': 96.6, 'old': 96.9, 'new': 96.6}
2026-04-20 07:44:48,469 [trainer.py] => (curve) top1 Acc: [99.5, 96.75]
2026-04-20 07:44:48,469 [trainer.py] => (curve) top1 Acc with task: [99.5, 99.05]
2026-04-20 07:44:48,470 [trainer.py] => (curve) top1 Acc task: [100.0, 97.35]
2026-04-20 07:44:48,470 [trainer.py] => ================================================================================
2026-04-20 07:44:48,470 [trainer.py] => ================================================================================
2026-04-20 07:44:48,483 [base.py] => Task 2 learning on class 20-30
2026-04-20 07:44:48,488 [toolkit.py] => Total params:     103,410,103
2026-04-20 07:44:48,488 [toolkit.py] => Trainable params: 376,330
2026-04-20 07:44:48,488 [toolkit.py] => Trainable ratio:  0.3639%
2026-04-20 07:55:47,674 [actmat_c.py] => Task 2, Epoch 20/20 => Loss 0.128, Train_accy 96.00
2026-04-20 07:55:47,675 [trainer.py] => Training time: 0h 10m 59s
2026-04-20 07:55:57,267 [trainer.py] => Evaluation time: 0h 0m 9s
2026-04-20 07:56:11,711 [trainer.py] => Accuracy: {'total': 95.5, '00-09': 95.5, '10-19': 95.8, '20-29': 95.2, 'old': 95.65, 'new': 95.2}
2026-04-20 07:56:11,711 [trainer.py] => (curve) top1 Acc: [99.5, 96.75, 95.5]
2026-04-20 07:56:11,712 [trainer.py] => (curve) top1 Acc with task: [99.5, 99.05, 98.57]
2026-04-20 07:56:11,712 [trainer.py] => (curve) top1 Acc task: [100.0, 97.35, 96.3]
2026-04-20 07:56:11,712 [trainer.py] => ================================================================================
2026-04-20 07:56:11,712 [trainer.py] => ================================================================================
2026-04-20 07:56:11,723 [base.py] => Task 3 learning on class 30-40
2026-04-20 07:56:11,727 [toolkit.py] => Total params:     103,410,103
2026-04-20 07:56:11,727 [toolkit.py] => Trainable params: 376,330
2026-04-20 07:56:11,727 [toolkit.py] => Trainable ratio:  0.3639%
2026-04-20 08:07:10,202 [actmat_c.py] => Task 3, Epoch 20/20 => Loss 0.117, Train_accy 96.00
2026-04-20 08:07:10,204 [trainer.py] => Training time: 0h 10m 58s
2026-04-20 08:07:22,405 [trainer.py] => Evaluation time: 0h 0m 12s
2026-04-20 08:07:36,409 [trainer.py] => Accuracy: {'total': 93.42, '00-09': 95.0, '10-19': 93.8, '20-29': 94.9, '30-39': 90.0, 'old': 94.57, 'new': 90.0}
2026-04-20 08:07:36,409 [trainer.py] => (curve) top1 Acc: [99.5, 96.75, 95.5, 93.42]
2026-04-20 08:07:36,409 [trainer.py] => (curve) top1 Acc with task: [99.5, 99.05, 98.57, 98.62]
2026-04-20 08:07:36,409 [trainer.py] => (curve) top1 Acc task: [100.0, 97.35, 96.3, 94.1]
2026-04-20 08:07:36,409 [trainer.py] => ================================================================================
2026-04-20 08:07:36,410 [trainer.py] => ================================================================================
2026-04-20 08:07:36,422 [base.py] => Task 4 learning on class 40-50
2026-04-20 08:07:36,426 [toolkit.py] => Total params:     103,410,103
2026-04-20 08:07:36,426 [toolkit.py] => Trainable params: 376,330
2026-04-20 08:07:36,427 [toolkit.py] => Trainable ratio:  0.3639%
2026-04-20 08:18:34,213 [actmat_c.py] => Task 4, Epoch 20/20 => Loss 0.117, Train_accy 96.06
2026-04-20 08:18:34,214 [trainer.py] => Training time: 0h 10m 57s
2026-04-20 08:18:47,947 [trainer.py] => Evaluation time: 0h 0m 13s
2026-04-20 08:19:02,180 [trainer.py] => Accuracy: {'total': 92.3, '00-09': 94.5, '10-19': 92.5, '20-29': 92.6, '30-39': 88.3, '40-49': 93.6, 'old': 91.98, 'new': 93.6}
2026-04-20 08:19:02,180 [trainer.py] => (curve) top1 Acc: [99.5, 96.75, 95.5, 93.42, 92.3]
2026-04-20 08:19:02,180 [trainer.py] => (curve) top1 Acc with task: [99.5, 99.05, 98.57, 98.62, 98.52]
2026-04-20 08:19:02,180 [trainer.py] => (curve) top1 Acc task: [100.0, 97.35, 96.3, 94.1, 92.94]
2026-04-20 08:19:02,180 [trainer.py] => ================================================================================
2026-04-20 08:19:02,181 [trainer.py] => ================================================================================
2026-04-20 08:19:02,192 [base.py] => Task 5 learning on class 50-60
2026-04-20 08:19:02,195 [toolkit.py] => Total params:     103,410,103
2026-04-20 08:19:02,196 [toolkit.py] => Trainable params: 376,330
2026-04-20 08:19:02,196 [toolkit.py] => Trainable ratio:  0.3639%
2026-04-20 08:30:04,059 [actmat_c.py] => Task 5, Epoch 20/20 => Loss 0.143, Train_accy 94.74
2026-04-20 08:30:04,061 [trainer.py] => Training time: 0h 11m 1s
2026-04-20 08:30:20,586 [trainer.py] => Evaluation time: 0h 0m 16s
2026-04-20 08:30:34,940 [trainer.py] => Accuracy: {'total': 90.12, '00-09': 93.6, '10-19': 91.6, '20-29': 92.1, '30-39': 86.8, '40-49': 92.5, '50-59': 84.1, 'old': 91.32, 'new': 84.1}
2026-04-20 08:30:34,940 [trainer.py] => (curve) top1 Acc: [99.5, 96.75, 95.5, 93.42, 92.3, 90.12]
2026-04-20 08:30:34,941 [trainer.py] => (curve) top1 Acc with task: [99.5, 99.05, 98.57, 98.62, 98.52, 98.5]
2026-04-20 08:30:34,941 [trainer.py] => (curve) top1 Acc task: [100.0, 97.35, 96.3, 94.1, 92.94, 90.68]
2026-04-20 08:30:34,941 [trainer.py] => ================================================================================
2026-04-20 08:30:34,941 [trainer.py] => ================================================================================
2026-04-20 08:30:34,952 [base.py] => Task 6 learning on class 60-70
2026-04-20 08:30:34,958 [toolkit.py] => Total params:     103,410,103
2026-04-20 08:30:34,958 [toolkit.py] => Trainable params: 376,330
2026-04-20 08:30:34,958 [toolkit.py] => Trainable ratio:  0.3639%
2026-04-20 08:41:35,298 [actmat_c.py] => Task 6, Epoch 20/20 => Loss 0.145, Train_accy 94.88
2026-04-20 08:41:35,300 [trainer.py] => Training time: 0h 11m 0s
2026-04-20 08:41:54,147 [trainer.py] => Evaluation time: 0h 0m 18s
2026-04-20 08:42:08,312 [trainer.py] => Accuracy: {'total': 89.34, '00-09': 93.0, '10-19': 90.7, '20-29': 91.1, '30-39': 86.1, '40-49': 92.1, '50-59': 83.5, '60-69': 88.9, 'old': 89.42, 'new': 88.9}
2026-04-20 08:42:08,312 [trainer.py] => (curve) top1 Acc: [99.5, 96.75, 95.5, 93.42, 92.3, 90.12, 89.34]
2026-04-20 08:42:08,312 [trainer.py] => (curve) top1 Acc with task: [99.5, 99.05, 98.57, 98.62, 98.52, 98.5, 98.36]
2026-04-20 08:42:08,312 [trainer.py] => (curve) top1 Acc task: [100.0, 97.35, 96.3, 94.1, 92.94, 90.68, 89.91]
2026-04-20 08:42:08,313 [trainer.py] => ================================================================================
2026-04-20 08:42:08,313 [trainer.py] => ================================================================================
2026-04-20 08:42:08,324 [base.py] => Task 7 learning on class 70-80
2026-04-20 08:42:08,328 [toolkit.py] => Total params:     103,410,103
2026-04-20 08:42:08,329 [toolkit.py] => Trainable params: 376,330
2026-04-20 08:42:08,329 [toolkit.py] => Trainable ratio:  0.3639%
2026-04-20 08:53:11,052 [actmat_c.py] => Task 7, Epoch 20/20 => Loss 0.144, Train_accy 95.08
2026-04-20 08:53:11,053 [trainer.py] => Training time: 0h 11m 2s
2026-04-20 08:53:32,250 [trainer.py] => Evaluation time: 0h 0m 21s
2026-04-20 08:53:46,400 [trainer.py] => Accuracy: {'total': 88.86, '00-09': 92.7, '10-19': 90.6, '20-29': 90.6, '30-39': 85.7, '40-49': 91.8, '50-59': 82.6, '60-69': 87.2, '70-79': 89.7, 'old': 88.74, 'new': 89.7}
2026-04-20 08:53:46,401 [trainer.py] => (curve) top1 Acc: [99.5, 96.75, 95.5, 93.42, 92.3, 90.12, 89.34, 88.86]
2026-04-20 08:53:46,401 [trainer.py] => (curve) top1 Acc with task: [99.5, 99.05, 98.57, 98.62, 98.52, 98.5, 98.36, 98.38]
2026-04-20 08:53:46,401 [trainer.py] => (curve) top1 Acc task: [100.0, 97.35, 96.3, 94.1, 92.94, 90.68, 89.91, 89.31]
2026-04-20 08:53:46,401 [trainer.py] => ================================================================================
2026-04-20 08:53:46,401 [trainer.py] => ================================================================================
2026-04-20 08:53:46,416 [base.py] => Task 8 learning on class 80-90
2026-04-20 08:53:46,420 [toolkit.py] => Total params:     103,410,103
2026-04-20 08:53:46,420 [toolkit.py] => Trainable params: 376,330
2026-04-20 08:53:46,420 [toolkit.py] => Trainable ratio:  0.3639%
2026-04-20 09:04:44,335 [actmat_c.py] => Task 8, Epoch 20/20 => Loss 0.121, Train_accy 95.92
2026-04-20 09:04:44,336 [trainer.py] => Training time: 0h 10m 57s
2026-04-20 09:05:07,466 [trainer.py] => Evaluation time: 0h 0m 23s
2026-04-20 09:05:21,459 [trainer.py] => Accuracy: {'total': 88.64, '00-09': 92.5, '10-19': 90.0, '20-29': 90.0, '30-39': 85.2, '40-49': 91.2, '50-59': 81.9, '60-69': 86.5, '70-79': 88.9, '80-89': 91.6, 'old': 88.28, 'new': 91.6}
2026-04-20 09:05:21,460 [trainer.py] => (curve) top1 Acc: [99.5, 96.75, 95.5, 93.42, 92.3, 90.12, 89.34, 88.86, 88.64]
2026-04-20 09:05:21,460 [trainer.py] => (curve) top1 Acc with task: [99.5, 99.05, 98.57, 98.62, 98.52, 98.5, 98.36, 98.38, 98.42]
2026-04-20 09:05:21,460 [trainer.py] => (curve) top1 Acc task: [100.0, 97.35, 96.3, 94.1, 92.94, 90.68, 89.91, 89.31, 89.06]
2026-04-20 09:05:21,460 [trainer.py] => ================================================================================
2026-04-20 09:05:21,460 [trainer.py] => ================================================================================
2026-04-20 09:05:21,472 [base.py] => Task 9 learning on class 90-100
2026-04-20 09:05:21,476 [toolkit.py] => Total params:     103,410,103
2026-04-20 09:05:21,476 [toolkit.py] => Trainable params: 376,330
2026-04-20 09:05:21,476 [toolkit.py] => Trainable ratio:  0.3639%
2026-04-20 09:16:21,691 [actmat_c.py] => Task 9, Epoch 20/20 => Loss 0.089, Train_accy 97.04
2026-04-20 09:16:21,693 [trainer.py] => Training time: 0h 11m 0s
2026-04-20 09:16:47,102 [trainer.py] => Evaluation time: 0h 0m 25s
2026-04-20 09:17:01,338 [trainer.py] => Accuracy: {'total': 87.69, '00-09': 92.1, '10-19': 89.5, '20-29': 90.1, '30-39': 83.4, '40-49': 89.9, '50-59': 79.9, '60-69': 85.1, '70-79': 85.7, '80-89': 89.8, '90-99': 91.4, 'old': 87.28, 'new': 91.4}
2026-04-20 09:17:01,338 [trainer.py] => (curve) top1 Acc: [99.5, 96.75, 95.5, 93.42, 92.3, 90.12, 89.34, 88.86, 88.64, 87.69]
2026-04-20 09:17:01,338 [trainer.py] => (curve) top1 Acc with task: [99.5, 99.05, 98.57, 98.62, 98.52, 98.5, 98.36, 98.38, 98.42, 98.56]
2026-04-20 09:17:01,338 [trainer.py] => (curve) top1 Acc task: [100.0, 97.35, 96.3, 94.1, 92.94, 90.68, 89.91, 89.31, 89.06, 88.05]
2026-04-20 09:17:01,339 [trainer.py] => ================================================================================
