2026-04-18 23:16:55,579 [toolkit.py] => config: configs/l2lora-l100.0/imagenet-r.json
2026-04-18 23:16:55,580 [toolkit.py] => device: [device(type='cuda', index=0)]
2026-04-18 23:16:55,580 [toolkit.py] => debug: False
2026-04-18 23:16:55,580 [toolkit.py] => save_ckp: False
2026-04-18 23:16:55,580 [toolkit.py] => seed: 0
2026-04-18 23:16:55,580 [toolkit.py] => dataset: imagenet-r
2026-04-18 23:16:55,580 [toolkit.py] => data_path: data/imagenet-r
2026-04-18 23:16:55,580 [toolkit.py] => load: vit_base_patch16_224_in21k
2026-04-18 23:16:55,580 [toolkit.py] => init_cls: 20
2026-04-18 23:16:55,581 [toolkit.py] => increment: 20
2026-04-18 23:16:55,581 [toolkit.py] => sessions: 10
2026-04-18 23:16:55,581 [toolkit.py] => shuffle: False
2026-04-18 23:16:55,581 [toolkit.py] => method: l2lora
2026-04-18 23:16:55,581 [toolkit.py] => optimizer: adam
2026-04-18 23:16:55,581 [toolkit.py] => scheduler: cosine
2026-04-18 23:16:55,581 [toolkit.py] => epochs: 50
2026-04-18 23:16:55,581 [toolkit.py] => lrate: 0.0005
2026-04-18 23:16:55,581 [toolkit.py] => fc_lrate: 0.0005
2026-04-18 23:16:55,581 [toolkit.py] => weight_decay: 0.005
2026-04-18 23:16:55,582 [toolkit.py] => batch_size: 128
2026-04-18 23:16:55,582 [toolkit.py] => rank: 10
2026-04-18 23:16:55,582 [toolkit.py] => num_workers: 16
2026-04-18 23:16:55,582 [toolkit.py] => lambda: 100.0
2026-04-18 23:16:55,582 [toolkit.py] => logdir: logs/l2lora-l100.0/imagenet-r/t10
2026-04-18 23:16:55,582 [toolkit.py] => logfilename: logs/l2lora-l100.0/imagenet-r/t10/seed0
2026-04-18 23:16:56,252 [data_manager.py] => Class index order: 0, 1, 2, 3, 4, ..., 195, 196, 197, 198, 199
2026-04-18 23:16:59,681 [trainer.py] => ================================================================================
2026-04-18 23:16:59,686 [base.py] => Task 0 learning on class 0-20
2026-04-18 23:17:01,482 [toolkit.py] => Total params:     103,487,003
2026-04-18 23:17:01,482 [toolkit.py] => Trainable params: 384,020
2026-04-18 23:17:01,482 [toolkit.py] => Trainable ratio:  0.3711%
2026-04-18 23:37:23,136 [l2lora.py] => Task 0, Epoch 50/50 => Loss 0.183, Train_accy 95.01
2026-04-18 23:37:23,137 [trainer.py] => Training time: 0h 20m 23s
2026-04-18 23:37:27,547 [trainer.py] => Evaluation time: 0h 0m 4s
2026-04-18 23:37:27,550 [trainer.py] => Accuracy: {'total': 89.32, '00-19': 89.32, 'old': 0, 'new': 89.32}
2026-04-18 23:37:27,550 [trainer.py] => (curve) top1 Acc: [89.32]
2026-04-18 23:37:27,550 [trainer.py] => (curve) top1 Acc with task: [89.32]
2026-04-18 23:37:27,550 [trainer.py] => (curve) top1 Acc task: [100.0]
2026-04-18 23:37:27,550 [trainer.py] => ================================================================================
2026-04-18 23:37:27,550 [trainer.py] => ================================================================================
2026-04-18 23:37:27,552 [base.py] => Task 1 learning on class 20-40
2026-04-18 23:37:27,556 [toolkit.py] => Total params:     103,487,003
2026-04-18 23:37:27,556 [toolkit.py] => Trainable params: 384,020
2026-04-18 23:37:27,556 [toolkit.py] => Trainable ratio:  0.3711%
2026-04-18 23:59:14,527 [l2lora.py] => Task 1, Epoch 50/50 => Loss 0.261, Train_accy 92.27
2026-04-18 23:59:14,528 [trainer.py] => Training time: 0h 21m 46s
2026-04-18 23:59:21,472 [trainer.py] => Evaluation time: 0h 0m 6s
2026-04-18 23:59:21,473 [trainer.py] => Accuracy: {'total': 84.63, '00-19': 87.77, '20-39': 81.81, 'old': 87.77, 'new': 81.81}
2026-04-18 23:59:21,474 [trainer.py] => (curve) top1 Acc: [89.32, 84.63]
2026-04-18 23:59:21,474 [trainer.py] => (curve) top1 Acc with task: [89.32, 89.9]
2026-04-18 23:59:21,474 [trainer.py] => (curve) top1 Acc task: [100.0, 90.34]
2026-04-18 23:59:21,474 [trainer.py] => ================================================================================
2026-04-18 23:59:21,474 [trainer.py] => ================================================================================
2026-04-18 23:59:21,476 [base.py] => Task 2 learning on class 40-60
2026-04-18 23:59:21,479 [toolkit.py] => Total params:     103,487,003
2026-04-18 23:59:21,479 [toolkit.py] => Trainable params: 384,020
2026-04-18 23:59:21,480 [toolkit.py] => Trainable ratio:  0.3711%
2026-04-19 00:13:06,451 [l2lora.py] => Task 2, Epoch 50/50 => Loss 0.282, Train_accy 92.52
2026-04-19 00:13:06,452 [trainer.py] => Training time: 0h 13m 44s
2026-04-19 00:13:17,617 [trainer.py] => Evaluation time: 0h 0m 11s
2026-04-19 00:13:17,619 [trainer.py] => Accuracy: {'total': 81.02, '00-19': 87.15, '20-39': 80.97, '40-59': 72.02, 'old': 83.89, 'new': 72.02}
2026-04-19 00:13:17,619 [trainer.py] => (curve) top1 Acc: [89.32, 84.63, 81.02]
2026-04-19 00:13:17,619 [trainer.py] => (curve) top1 Acc with task: [89.32, 89.9, 87.96]
2026-04-19 00:13:17,620 [trainer.py] => (curve) top1 Acc task: [100.0, 90.34, 87.57]
2026-04-19 00:13:17,620 [trainer.py] => ================================================================================
2026-04-19 00:13:17,620 [trainer.py] => ================================================================================
2026-04-19 00:13:17,621 [base.py] => Task 3 learning on class 60-80
2026-04-19 00:13:17,625 [toolkit.py] => Total params:     103,487,003
2026-04-19 00:13:17,625 [toolkit.py] => Trainable params: 384,020
2026-04-19 00:13:17,625 [toolkit.py] => Trainable ratio:  0.3711%
2026-04-19 00:32:40,387 [l2lora.py] => Task 3, Epoch 50/50 => Loss 0.250, Train_accy 93.05
2026-04-19 00:32:40,389 [trainer.py] => Training time: 0h 19m 22s
2026-04-19 00:32:59,477 [trainer.py] => Evaluation time: 0h 0m 19s
2026-04-19 00:32:59,479 [trainer.py] => Accuracy: {'total': 77.83, '00-19': 86.07, '20-39': 79.31, '40-59': 68.58, '60-79': 73.85, 'old': 79.13, 'new': 73.85}
2026-04-19 00:32:59,479 [trainer.py] => (curve) top1 Acc: [89.32, 84.63, 81.02, 77.83]
2026-04-19 00:32:59,479 [trainer.py] => (curve) top1 Acc with task: [89.32, 89.9, 87.96, 87.45]
2026-04-19 00:32:59,479 [trainer.py] => (curve) top1 Acc task: [100.0, 90.34, 87.57, 83.48]
2026-04-19 00:32:59,479 [trainer.py] => ================================================================================
2026-04-19 00:32:59,480 [trainer.py] => ================================================================================
2026-04-19 00:32:59,481 [base.py] => Task 4 learning on class 80-100
2026-04-19 00:32:59,485 [toolkit.py] => Total params:     103,487,003
2026-04-19 00:32:59,485 [toolkit.py] => Trainable params: 384,020
2026-04-19 00:32:59,485 [toolkit.py] => Trainable ratio:  0.3711%
2026-04-19 00:55:22,357 [l2lora.py] => Task 4, Epoch 50/50 => Loss 0.260, Train_accy 92.47
2026-04-19 00:55:22,358 [trainer.py] => Training time: 0h 22m 22s
2026-04-19 00:55:33,923 [trainer.py] => Evaluation time: 0h 0m 11s
2026-04-19 00:55:33,925 [trainer.py] => Accuracy: {'total': 76.24, '00-19': 85.45, '20-39': 77.78, '40-59': 66.74, '60-79': 72.16, '80-99': 75.53, 'old': 76.45, 'new': 75.53}
2026-04-19 00:55:33,925 [trainer.py] => (curve) top1 Acc: [89.32, 84.63, 81.02, 77.83, 76.24]
2026-04-19 00:55:33,925 [trainer.py] => (curve) top1 Acc with task: [89.32, 89.9, 87.96, 87.45, 87.07]
2026-04-19 00:55:33,925 [trainer.py] => (curve) top1 Acc task: [100.0, 90.34, 87.57, 83.48, 81.42]
2026-04-19 00:55:33,925 [trainer.py] => ================================================================================
2026-04-19 00:55:33,925 [trainer.py] => ================================================================================
2026-04-19 00:55:33,927 [base.py] => Task 5 learning on class 100-120
2026-04-19 00:55:33,930 [toolkit.py] => Total params:     103,487,003
2026-04-19 00:55:33,931 [toolkit.py] => Trainable params: 384,020
2026-04-19 00:55:33,931 [toolkit.py] => Trainable ratio:  0.3711%
2026-04-19 01:15:27,609 [l2lora.py] => Task 5, Epoch 50/50 => Loss 0.245, Train_accy 93.14
2026-04-19 01:15:27,610 [trainer.py] => Training time: 0h 19m 53s
2026-04-19 01:16:15,522 [trainer.py] => Evaluation time: 0h 0m 47s
2026-04-19 01:16:15,524 [trainer.py] => Accuracy: {'total': 74.84, '00-19': 84.83, '20-39': 77.08, '40-59': 66.97, '60-79': 71.48, '80-99': 74.68, '100-119': 70.27, 'old': 75.66, 'new': 70.27}
2026-04-19 01:16:15,525 [trainer.py] => (curve) top1 Acc: [89.32, 84.63, 81.02, 77.83, 76.24, 74.84]
2026-04-19 01:16:15,525 [trainer.py] => (curve) top1 Acc with task: [89.32, 89.9, 87.96, 87.45, 87.07, 86.74]
2026-04-19 01:16:15,525 [trainer.py] => (curve) top1 Acc task: [100.0, 90.34, 87.57, 83.48, 81.42, 79.56]
2026-04-19 01:16:15,525 [trainer.py] => ================================================================================
2026-04-19 01:16:15,525 [trainer.py] => ================================================================================
2026-04-19 01:16:15,527 [base.py] => Task 6 learning on class 120-140
2026-04-19 01:16:15,530 [toolkit.py] => Total params:     103,487,003
2026-04-19 01:16:15,530 [toolkit.py] => Trainable params: 384,020
2026-04-19 01:16:15,531 [toolkit.py] => Trainable ratio:  0.3711%
2026-04-19 01:35:46,424 [l2lora.py] => Task 6, Epoch 50/50 => Loss 0.366, Train_accy 89.84
2026-04-19 01:35:46,425 [trainer.py] => Training time: 0h 19m 30s
2026-04-19 01:36:00,759 [trainer.py] => Evaluation time: 0h 0m 14s
2026-04-19 01:36:00,760 [trainer.py] => Accuracy: {'total': 73.37, '00-19': 84.21, '20-39': 75.83, '40-59': 66.51, '60-79': 70.97, '80-99': 74.54, '100-119': 69.19, '120-139': 68.31, 'old': 74.16, 'new': 68.31}
2026-04-19 01:36:00,761 [trainer.py] => (curve) top1 Acc: [89.32, 84.63, 81.02, 77.83, 76.24, 74.84, 73.37]
2026-04-19 01:36:00,761 [trainer.py] => (curve) top1 Acc with task: [89.32, 89.9, 87.96, 87.45, 87.07, 86.74, 85.94]
2026-04-19 01:36:00,761 [trainer.py] => (curve) top1 Acc task: [100.0, 90.34, 87.57, 83.48, 81.42, 79.56, 78.14]
2026-04-19 01:36:00,761 [trainer.py] => ================================================================================
2026-04-19 01:36:00,761 [trainer.py] => ================================================================================
2026-04-19 01:36:00,763 [base.py] => Task 7 learning on class 140-160
2026-04-19 01:36:00,766 [toolkit.py] => Total params:     103,487,003
2026-04-19 01:36:00,766 [toolkit.py] => Trainable params: 384,020
2026-04-19 01:36:00,766 [toolkit.py] => Trainable ratio:  0.3711%
2026-04-19 01:51:03,366 [l2lora.py] => Task 7, Epoch 50/50 => Loss 0.311, Train_accy 90.88
2026-04-19 01:51:03,368 [trainer.py] => Training time: 0h 15m 2s
2026-04-19 01:51:22,293 [trainer.py] => Evaluation time: 0h 0m 18s
2026-04-19 01:51:22,295 [trainer.py] => Accuracy: {'total': 72.48, '00-19': 83.75, '20-39': 76.11, '40-59': 66.06, '60-79': 70.46, '80-99': 74.54, '100-119': 69.19, '120-139': 67.08, '140-159': 67.11, 'old': 73.06, 'new': 67.11}
2026-04-19 01:51:22,295 [trainer.py] => (curve) top1 Acc: [89.32, 84.63, 81.02, 77.83, 76.24, 74.84, 73.37, 72.48]
2026-04-19 01:51:22,296 [trainer.py] => (curve) top1 Acc with task: [89.32, 89.9, 87.96, 87.45, 87.07, 86.74, 85.94, 85.56]
2026-04-19 01:51:22,296 [trainer.py] => (curve) top1 Acc task: [100.0, 90.34, 87.57, 83.48, 81.42, 79.56, 78.14, 76.95]
2026-04-19 01:51:22,296 [trainer.py] => ================================================================================
2026-04-19 01:51:22,296 [trainer.py] => ================================================================================
2026-04-19 01:51:22,298 [base.py] => Task 8 learning on class 160-180
2026-04-19 01:51:22,301 [toolkit.py] => Total params:     103,487,003
2026-04-19 01:51:22,301 [toolkit.py] => Trainable params: 384,020
2026-04-19 01:51:22,301 [toolkit.py] => Trainable ratio:  0.3711%
2026-04-19 02:11:29,397 [l2lora.py] => Task 8, Epoch 50/50 => Loss 0.175, Train_accy 95.50
2026-04-19 02:11:29,399 [trainer.py] => Training time: 0h 20m 7s
2026-04-19 02:11:45,901 [trainer.py] => Evaluation time: 0h 0m 16s
2026-04-19 02:11:45,903 [trainer.py] => Accuracy: {'total': 72.87, '00-19': 83.44, '20-39': 75.83, '40-59': 65.14, '60-79': 70.29, '80-99': 73.83, '100-119': 68.29, '120-139': 65.67, '140-159': 65.57, '160-179': 81.32, 'old': 71.75, 'new': 81.32}
2026-04-19 02:11:45,903 [trainer.py] => (curve) top1 Acc: [89.32, 84.63, 81.02, 77.83, 76.24, 74.84, 73.37, 72.48, 72.87]
2026-04-19 02:11:45,903 [trainer.py] => (curve) top1 Acc with task: [89.32, 89.9, 87.96, 87.45, 87.07, 86.74, 85.94, 85.56, 86.23]
2026-04-19 02:11:45,903 [trainer.py] => (curve) top1 Acc task: [100.0, 90.34, 87.57, 83.48, 81.42, 79.56, 78.14, 76.95, 76.84]
2026-04-19 02:11:45,903 [trainer.py] => ================================================================================
2026-04-19 02:11:45,903 [trainer.py] => ================================================================================
2026-04-19 02:11:45,905 [base.py] => Task 9 learning on class 180-200
2026-04-19 02:11:45,909 [toolkit.py] => Total params:     103,487,003
2026-04-19 02:11:45,909 [toolkit.py] => Trainable params: 384,020
2026-04-19 02:11:45,909 [toolkit.py] => Trainable ratio:  0.3711%
2026-04-19 02:33:53,434 [l2lora.py] => Task 9, Epoch 50/50 => Loss 0.246, Train_accy 93.61
2026-04-19 02:33:53,435 [trainer.py] => Training time: 0h 22m 7s
2026-04-19 02:34:17,153 [trainer.py] => Evaluation time: 0h 0m 23s
2026-04-19 02:34:17,155 [trainer.py] => Accuracy: {'total': 72.63, '00-19': 83.44, '20-39': 75.69, '40-59': 66.06, '60-79': 69.95, '80-99': 73.26, '100-119': 68.29, '120-139': 64.44, '140-159': 65.13, '160-179': 80.68, '180-199': 73.09, 'old': 72.57, 'new': 73.09}
2026-04-19 02:34:17,155 [trainer.py] => (curve) top1 Acc: [89.32, 84.63, 81.02, 77.83, 76.24, 74.84, 73.37, 72.48, 72.87, 72.63]
2026-04-19 02:34:17,155 [trainer.py] => (curve) top1 Acc with task: [89.32, 89.9, 87.96, 87.45, 87.07, 86.74, 85.94, 85.56, 86.23, 86.6]
2026-04-19 02:34:17,155 [trainer.py] => (curve) top1 Acc task: [100.0, 90.34, 87.57, 83.48, 81.42, 79.56, 78.14, 76.95, 76.84, 76.15]
2026-04-19 02:34:17,155 [trainer.py] => ================================================================================
